/nfs/neltharion/oper_users/verif/verif-post-process/weights/ensemble/src/funcs_pwa.py:329: ParserWarning: Falling back to the 'python' engine because the 'c' engine does not support regex separators (separators > 1 char and different from '\s+' are interpreted as regex); you can avoid this warning by specifying engine='python'.
  weight_file = pd.read_csv(f, sep = "\s+|,", usecols=[model_df_name])
Performing Yearly calculation for 211001 to 221001
    Now on station 3510
Reading observational dataframe for SFCTC_KF.. 
Now on.. MM5_g2 for SFCTC_KF
Now on.. MM5_g3 for SFCTC_KF
Now on.. MM5_g4 for SFCTC_KF
Now on.. MM5G_g2 for SFCTC_KF
Now on.. MM5G_g3 for SFCTC_KF
Now on.. MM5G_g4 for SFCTC_KF
Now on.. MM5G_g5 for SFCTC_KF
Now on.. WRF3GEM_g2 for SFCTC_KF
Now on.. WRF3GEM_g3 for SFCTC_KF
Now on.. WRF3GEM_g4 for SFCTC_KF
Now on.. WRF3NAM_g2 for SFCTC_KF
Now on.. WRF3NAM_g3 for SFCTC_KF
Now on.. WRF3NAM_g4 for SFCTC_KF
Now on.. WRF3GFS_g2 for SFCTC_KF
Now on.. WRF3GFS_g3 for SFCTC_KF
Now on.. WRF3GFS_g4 for SFCTC_KF
Now on.. WRF3GFS_g5 for SFCTC_KF
Now on.. WRF3NAVGEM_g2 for SFCTC_KF
Now on.. WRF3NAVGEM_g3 for SFCTC_KF
Now on.. WRF3NAVGEM_g4 for SFCTC_KF
Now on.. WRF3GFSgc01_g2 for SFCTC_KF
Now on.. WRF3GFSgc01_g3 for SFCTC_KF
Now on.. WRF3ARPEGE_g2 for SFCTC_KF
Now on.. WRF3ARPEGE_g3 for SFCTC_KF
Now on.. WRF4ICON_g2 for SFCTC_KF
Now on.. WRF4ICON_g3 for SFCTC_KF
Now on.. WRF4NAM_g2 for SFCTC_KF
Now on.. WRF4NAM_g3 for SFCTC_KF
Now on.. WRF4NAM_g4 for SFCTC_KF
Now on.. NMM3NAM_g2 for SFCTC_KF
Now on.. NMM3NAM_g3 for SFCTC_KF
Now on.. NMM3NAM_g4 for SFCTC_KF
Now on.. NMM3GFS_g2 for SFCTC_KF
Now on.. NMM3GFS_g3 for SFCTC_KF
Now on.. WRF2NAM_g1 for SFCTC_KF
Now on.. WRF2NAM_g2 for SFCTC_KF
Now on.. WRF2NAM_g3 for SFCTC_KF
Now on.. WRF2NAM81_g1 for SFCTC_KF
Now on.. WRF2NAM81_g2 for SFCTC_KF
Now on.. WRF2NAM81_g3 for SFCTC_KF
Now on.. WRF2GFS_g1 for SFCTC_KF
Now on.. WRF2GFS_g2 for SFCTC_KF
Now on.. WRF2GFS_g3 for SFCTC_KF
Now on.. WRF2GFS81_g1 for SFCTC_KF
Now on.. WRF2GFS81_g2 for SFCTC_KF
Now on.. WRF2GFS81_g3 for SFCTC_KF
Now on.. WRF4RDPS_g3 for SFCTC_KF
Now on.. WRF4RDPS_g4 for SFCTC_KF
Now on.. WRF4RDPS_g5 for SFCTC_KF
Now on.. MPAS25_g1 for SFCTC_KF
Now on.. MPAS25_g2 for SFCTC_KF
                     MM5_g2  MM5_g3  MM5_g4  ...  WRF4RDPS_g5  MPAS25_g1  MPAS25_g2
datetime                                     ...                                   
2021-10-01 00:00:00    13.8    14.1    14.4  ...          6.2       13.4       14.1
2021-10-01 01:00:00    13.5    13.9    14.2  ...          5.5       13.2       13.4
2021-10-01 02:00:00    12.7    13.5    13.9  ...          5.3       13.0       12.6
2021-10-01 03:00:00    12.2    12.7    12.8  ...          5.2       12.8       12.2
2021-10-01 04:00:00    11.9    12.1    11.9  ...          5.4       12.6       12.0
...                     ...     ...     ...  ...          ...        ...        ...
2022-10-08 19:00:00     6.4     5.4     4.8  ...         18.1        3.3        2.5
2022-10-08 20:00:00     6.2     5.2     4.5  ...         18.3        3.4        2.6
2022-10-08 21:00:00     6.0     4.9     4.2  ...         19.0        3.8        2.9
2022-10-08 22:00:00     9.0     8.7     8.6  ...         19.3        4.1        3.0
2022-10-08 23:00:00     8.8     8.3     7.9  ...         20.3        4.7        3.3

[8952 rows x 51 columns]
2521.6345567703247
It took 42 minutes to run
