./run-all-wens-seasonal.sh: line 21: syntax error near unexpected token `do'
./run-all-wens-seasonal.sh: line 21: `    do'
./run-all-wens-seasonal.sh: line 30: syntax error near unexpected token `do'
./run-all-wens-seasonal.sh: line 30: `    do'
./run-all-wens-seasonal.sh: line 30: syntax error near unexpected token `do'
./run-all-wens-seasonal.sh: line 30: `    do'
./run-all-wens-seasonal.sh: line 20: [x: command not found
/nfs/neltharion/oper_users/verif/verif-post-process/weights/ensemble/src/funcs.py:327: ParserWarning: Falling back to the 'python' engine because the 'c' engine does not support regex separators (separators > 1 char and different from '\s+' are interpreted as regex); you can avoid this warning by specifying engine='python'.
  weight_file = pd.read_csv(f, sep = "\s+|,", usecols=[model_df_name])
Performing Yearly calculation for 211001 to 221001
    Now on station 3510
Reading observational dataframe for PCPTOT.. 
Now on.. MM5_g2 for PCPTOT
Now on.. MM5_g3 for PCPTOT
Now on.. MM5_g4 for PCPTOT
Now on.. MM5G_g2 for PCPTOT
Now on.. MM5G_g3 for PCPTOT
Now on.. MM5G_g4 for PCPTOT
Now on.. MM5G_g5 for PCPTOT
Now on.. WRF3GEM_g2 for PCPTOT
Now on.. WRF3GEM_g3 for PCPTOT
Now on.. WRF3GEM_g4 for PCPTOT
Now on.. WRF3NAM_g2 for PCPTOT
Now on.. WRF3NAM_g3 for PCPTOT
Now on.. WRF3NAM_g4 for PCPTOT
Now on.. WRF3GFS_g2 for PCPTOT
Now on.. WRF3GFS_g3 for PCPTOT
Now on.. WRF3GFS_g4 for PCPTOT
Now on.. WRF3GFS_g5 for PCPTOT
Now on.. WRF3NAVGEM_g2 for PCPTOT
Now on.. WRF3NAVGEM_g3 for PCPTOT
Now on.. WRF3NAVGEM_g4 for PCPTOT
Now on.. WRF3GFSgc01_g2 for PCPTOT
Now on.. WRF3GFSgc01_g3 for PCPTOT
Now on.. WRF3ARPEGE_g2 for PCPTOT
Now on.. WRF3ARPEGE_g3 for PCPTOT
Now on.. WRF4ICON_g2 for PCPTOT
Now on.. WRF4ICON_g3 for PCPTOT
Now on.. WRF4NAM_g2 for PCPTOT
Now on.. WRF4NAM_g3 for PCPTOT
Now on.. WRF4NAM_g4 for PCPTOT
Now on.. NMM3NAM_g2 for PCPTOT
Now on.. NMM3NAM_g3 for PCPTOT
Now on.. NMM3NAM_g4 for PCPTOT
Now on.. NMM3GFS_g2 for PCPTOT
Now on.. NMM3GFS_g3 for PCPTOT
Now on.. WRF2NAM_g1 for PCPTOT
Now on.. WRF2NAM_g2 for PCPTOT
Now on.. WRF2NAM_g3 for PCPTOT
Now on.. WRF2NAM81_g1 for PCPTOT
Now on.. WRF2NAM81_g2 for PCPTOT
Now on.. WRF2NAM81_g3 for PCPTOT
Now on.. WRF2GFS_g1 for PCPTOT
Now on.. WRF2GFS_g2 for PCPTOT
Now on.. WRF2GFS_g3 for PCPTOT
Now on.. WRF2GFS81_g1 for PCPTOT
Now on.. WRF2GFS81_g2 for PCPTOT
Now on.. WRF2GFS81_g3 for PCPTOT
Now on.. WRF4RDPS_g3 for PCPTOT
Now on.. WRF4RDPS_g4 for PCPTOT
Now on.. WRF4RDPS_g5 for PCPTOT
Now on.. MPAS25_g1 for PCPTOT
Now on.. MPAS25_g2 for PCPTOT
                     MM5_g2  MM5_g3  MM5_g4  ...  WRF4RDPS_g5  MPAS25_g1  MPAS25_g2
datetime                                     ...                                   
2021-10-01 00:00:00    0.51    0.03    0.00  ...          0.0       0.36       0.23
2021-10-01 01:00:00    0.91    0.24    0.28  ...          0.0       0.53       0.41
2021-10-01 02:00:00    0.45    0.05    0.03  ...          0.0       0.75       0.69
2021-10-01 03:00:00    0.12    0.04    0.00  ...          0.0       0.48       0.32
2021-10-01 04:00:00    0.01    0.00    0.02  ...          0.0       0.18       0.05
...                     ...     ...     ...  ...          ...        ...        ...
2022-10-08 19:00:00    0.00    0.01    0.00  ...          0.0       0.18       0.00
2022-10-08 20:00:00    0.00    0.01    0.00  ...          0.0       0.19       0.01
2022-10-08 21:00:00    0.00    0.00    0.00  ...          0.0       0.28       0.02
2022-10-08 22:00:00    0.00    0.00    0.00  ...          0.0       0.21       0.03
2022-10-08 23:00:00    0.00    0.00    0.00  ...          0.0       0.13       0.00

[8952 rows x 51 columns]
2672.3952810764313
It took 45 minutes to run
/nfs/neltharion/oper_users/verif/verif-post-process/weights/ensemble/src/funcs.py:327: ParserWarning: Falling back to the 'python' engine because the 'c' engine does not support regex separators (separators > 1 char and different from '\s+' are interpreted as regex); you can avoid this warning by specifying engine='python'.
  weight_file = pd.read_csv(f, sep = "\s+|,", usecols=[model_df_name])
Performing Yearly calculation for 211001 to 221001
    Now on station 3510
Reading observational dataframe for SFCTC.. 
Now on.. MM5_g2 for SFCTC
Now on.. MM5_g3 for SFCTC
Now on.. MM5_g4 for SFCTC
Now on.. MM5G_g2 for SFCTC
Now on.. MM5G_g3 for SFCTC
Now on.. MM5G_g4 for SFCTC
Now on.. MM5G_g5 for SFCTC
Now on.. WRF3GEM_g2 for SFCTC
Now on.. WRF3GEM_g3 for SFCTC
Now on.. WRF3GEM_g4 for SFCTC
Now on.. WRF3NAM_g2 for SFCTC
Now on.. WRF3NAM_g3 for SFCTC
Now on.. WRF3NAM_g4 for SFCTC
Now on.. WRF3GFS_g2 for SFCTC
Now on.. WRF3GFS_g3 for SFCTC
Now on.. WRF3GFS_g4 for SFCTC
Now on.. WRF3GFS_g5 for SFCTC
Now on.. WRF3NAVGEM_g2 for SFCTC
Now on.. WRF3NAVGEM_g3 for SFCTC
Now on.. WRF3NAVGEM_g4 for SFCTC
Now on.. WRF3GFSgc01_g2 for SFCTC
Now on.. WRF3GFSgc01_g3 for SFCTC
Now on.. WRF3ARPEGE_g2 for SFCTC
Now on.. WRF3ARPEGE_g3 for SFCTC
Now on.. WRF4ICON_g2 for SFCTC
Now on.. WRF4ICON_g3 for SFCTC
Now on.. WRF4NAM_g2 for SFCTC
Now on.. WRF4NAM_g3 for SFCTC
Now on.. WRF4NAM_g4 for SFCTC
Now on.. NMM3NAM_g2 for SFCTC
Now on.. NMM3NAM_g3 for SFCTC
Now on.. NMM3NAM_g4 for SFCTC
Now on.. NMM3GFS_g2 for SFCTC
Now on.. NMM3GFS_g3 for SFCTC
Now on.. WRF2NAM_g1 for SFCTC
Now on.. WRF2NAM_g2 for SFCTC
Now on.. WRF2NAM_g3 for SFCTC
Now on.. WRF2NAM81_g1 for SFCTC
Now on.. WRF2NAM81_g2 for SFCTC
Now on.. WRF2NAM81_g3 for SFCTC
Now on.. WRF2GFS_g1 for SFCTC
Now on.. WRF2GFS_g2 for SFCTC
Now on.. WRF2GFS_g3 for SFCTC
Now on.. WRF2GFS81_g1 for SFCTC
Now on.. WRF2GFS81_g2 for SFCTC
Now on.. WRF2GFS81_g3 for SFCTC
Now on.. WRF4RDPS_g3 for SFCTC
Now on.. WRF4RDPS_g4 for SFCTC
Now on.. WRF4RDPS_g5 for SFCTC
Now on.. MPAS25_g1 for SFCTC
Now on.. MPAS25_g2 for SFCTC
                     MM5_g2  MM5_g3  MM5_g4  ...  WRF4RDPS_g5  MPAS25_g1  MPAS25_g2
datetime                                     ...                                   
2021-10-01 00:00:00    12.6    13.7    13.9  ...          6.4       11.4       12.8
2021-10-01 01:00:00    12.8    13.9    14.0  ...          5.9       11.0       12.5
2021-10-01 02:00:00    12.5    13.9    14.2  ...          5.6       11.0       12.3
2021-10-01 03:00:00    12.3    13.4    13.4  ...          5.6       11.0       12.2
2021-10-01 04:00:00    12.2    12.9    12.7  ...          5.8       10.9       12.1
...                     ...     ...     ...  ...          ...        ...        ...
2022-10-08 19:00:00     7.3     6.8     6.1  ...         19.9        0.5        3.0
2022-10-08 20:00:00     7.3     6.6     5.9  ...         19.3        0.0        2.6
2022-10-08 21:00:00     7.1     6.5     5.7  ...         18.8       -0.6        2.4
2022-10-08 22:00:00     7.1     6.4     5.8  ...         18.0       -1.6        2.0
2022-10-08 23:00:00     7.2     6.4     5.6  ...         17.8       -2.0        1.9

[8952 rows x 51 columns]
2673.116466999054
It took 45 minutes to run
./run-all-wens-seasonal.sh: line 30: 3431586 Killed                  python3 mk_weighted_ensemble.py $start_date $end_date $v $domain $weight_type $x $k $time_domain $stat_cat
./run-all-wens-seasonal.sh: line 30: 3439134 Killed                  python3 mk_weighted_ensemble.py $start_date $end_date $v $domain $weight_type $x $k $time_domain $stat_cat
./run-all-wens-seasonal.sh: line 30: 3439167 Killed                  python3 mk_weighted_ensemble.py $start_date $end_date $v $domain $weight_type $x $k $time_domain $stat_cat
Performing Yearly calculation for 211001 to 221001
    Now on station 3510
Reading observational dataframe for PCPTOT.. 
Traceback (most recent call last):
  File "mk_weighted_ensemble.py", line 297, in <module>
    main(sys.argv)
  File "mk_weighted_ensemble.py", line 192, in main
    obs_df = PCPT_obs_df_6(date_list_obs, delta, input_variable, station, start_date, end_date, all_stations)
  File "/nfs/neltharion/oper_users/verif/verif-post-process/weights/ensemble/src/funcs.py", line 434, in PCPT_obs_df_6
    obs_df_1 = obs_df_1.append(obs_df_1.iloc[60],ignore_index=True)
  File "/home/verif/.conda/envs/verification/lib/python3.8/site-packages/pandas/core/indexing.py", line 1768, in __getitem__
    return self._getitem_axis(maybe_callable, axis=axis)
  File "/home/verif/.conda/envs/verification/lib/python3.8/site-packages/pandas/core/indexing.py", line 2138, in _getitem_axis
    self._validate_integer(key, axis)
  File "/home/verif/.conda/envs/verification/lib/python3.8/site-packages/pandas/core/indexing.py", line 2063, in _validate_integer
    raise IndexError("single positional indexer is out-of-bounds")
IndexError: single positional indexer is out-of-bounds
./run-all-wens-seasonal.sh: line 20: [x: command not found
./run-all-wens-seasonal.sh: line 30: 3439276 Killed                  python3 mk_weighted_ensemble.py $start_date $end_date $v $domain $weight_type $x $k $time_domain $stat_cat
./run-all-wens.sh: line 19: [x: command not found
/nfs/neltharion/oper_users/verif/verif-post-process/weights/ensemble/src/funcs.py:376: ParserWarning: Falling back to the 'python' engine because the 'c' engine does not support regex separators (separators > 1 char and different from '\s+' are interpreted as regex); you can avoid this warning by specifying engine='python'.
  weight_file = pd.read_csv(f, sep = "\s+|,", usecols=[model_df_name])
Performing Yearly calculation for 211001 to 221001
    Now on station 3510
Reading observational dataframe for PCPTOT.. 
Now on.. MM5_g2 for PCPTOT
Now on.. MM5_g3 for PCPTOT
Now on.. MM5_g4 for PCPTOT
Now on.. MM5G_g2 for PCPTOT
Now on.. MM5G_g3 for PCPTOT
Now on.. MM5G_g4 for PCPTOT
Now on.. MM5G_g5 for PCPTOT
Now on.. WRF3GEM_g2 for PCPTOT
Now on.. WRF3GEM_g3 for PCPTOT
Now on.. WRF3GEM_g4 for PCPTOT
Now on.. WRF3NAM_g2 for PCPTOT
Now on.. WRF3NAM_g3 for PCPTOT
Now on.. WRF3NAM_g4 for PCPTOT
Now on.. WRF3GFS_g2 for PCPTOT
Now on.. WRF3GFS_g3 for PCPTOT
Now on.. WRF3GFS_g4 for PCPTOT
Now on.. WRF3GFS_g5 for PCPTOT
Now on.. WRF3NAVGEM_g2 for PCPTOT
Now on.. WRF3NAVGEM_g3 for PCPTOT
Now on.. WRF3NAVGEM_g4 for PCPTOT
Now on.. WRF3GFSgc01_g2 for PCPTOT
Now on.. WRF3GFSgc01_g3 for PCPTOT
Now on.. WRF3ARPEGE_g2 for PCPTOT
Now on.. WRF3ARPEGE_g3 for PCPTOT
Now on.. WRF4ICON_g2 for PCPTOT
Now on.. WRF4ICON_g3 for PCPTOT
Now on.. WRF4NAM_g2 for PCPTOT
Now on.. WRF4NAM_g3 for PCPTOT
Now on.. WRF4NAM_g4 for PCPTOT
Now on.. NMM3NAM_g2 for PCPTOT
Now on.. NMM3NAM_g3 for PCPTOT
Now on.. NMM3NAM_g4 for PCPTOT
Now on.. NMM3GFS_g2 for PCPTOT
Now on.. NMM3GFS_g3 for PCPTOT
Now on.. WRF2NAM_g1 for PCPTOT
Now on.. WRF2NAM_g2 for PCPTOT
Now on.. WRF2NAM_g3 for PCPTOT
Now on.. WRF2NAM81_g1 for PCPTOT
Now on.. WRF2NAM81_g2 for PCPTOT
Now on.. WRF2NAM81_g3 for PCPTOT
Now on.. WRF2GFS_g1 for PCPTOT
Now on.. WRF2GFS_g2 for PCPTOT
Now on.. WRF2GFS_g3 for PCPTOT
Now on.. WRF2GFS81_g1 for PCPTOT
Now on.. WRF2GFS81_g2 for PCPTOT
Now on.. WRF2GFS81_g3 for PCPTOT
Now on.. WRF4RDPS_g3 for PCPTOT
Now on.. WRF4RDPS_g4 for PCPTOT
Now on.. WRF4RDPS_g5 for PCPTOT
Now on.. MPAS25_g1 for PCPTOT
Now on.. MPAS25_g2 for PCPTOT
                     MM5_g2  MM5_g3  MM5_g4  ...  WRF4RDPS_g5  MPAS25_g1  MPAS25_g2
datetime                                     ...                                   
2021-10-01 00:00:00    0.51    0.03    0.00  ...          0.0       0.36       0.23
2021-10-01 01:00:00    0.91    0.24    0.28  ...          0.0       0.53       0.41
2021-10-01 02:00:00    0.45    0.05    0.03  ...          0.0       0.75       0.69
2021-10-01 03:00:00    0.12    0.04    0.00  ...          0.0       0.48       0.32
2021-10-01 04:00:00    0.01    0.00    0.02  ...          0.0       0.18       0.05
...                     ...     ...     ...  ...          ...        ...        ...
2022-10-08 19:00:00    0.00    0.01    0.00  ...          0.0       0.18       0.00
2022-10-08 20:00:00    0.00    0.01    0.00  ...          0.0       0.19       0.01
2022-10-08 21:00:00    0.00    0.00    0.00  ...          0.0       0.28       0.02
2022-10-08 22:00:00    0.00    0.00    0.00  ...          0.0       0.21       0.03
2022-10-08 23:00:00    0.00    0.00    0.00  ...          0.0       0.13       0.00

[8952 rows x 51 columns]
0.7655740596408678
2680.0530791282654
It took 45 minutes to run
/nfs/neltharion/oper_users/verif/verif-post-process/weights/ensemble/src/funcs.py:376: ParserWarning: Falling back to the 'python' engine because the 'c' engine does not support regex separators (separators > 1 char and different from '\s+' are interpreted as regex); you can avoid this warning by specifying engine='python'.
  weight_file = pd.read_csv(f, sep = "\s+|,", usecols=[model_df_name])
Performing Yearly calculation for 211001 to 221001
    Now on station 3510
Reading observational dataframe for SFCTC.. 
Now on.. MM5_g2 for SFCTC
Now on.. MM5_g3 for SFCTC
Now on.. MM5_g4 for SFCTC
Now on.. MM5G_g2 for SFCTC
Now on.. MM5G_g3 for SFCTC
Now on.. MM5G_g4 for SFCTC
Now on.. MM5G_g5 for SFCTC
Now on.. WRF3GEM_g2 for SFCTC
Now on.. WRF3GEM_g3 for SFCTC
Now on.. WRF3GEM_g4 for SFCTC
Now on.. WRF3NAM_g2 for SFCTC
Now on.. WRF3NAM_g3 for SFCTC
Now on.. WRF3NAM_g4 for SFCTC
Now on.. WRF3GFS_g2 for SFCTC
Now on.. WRF3GFS_g3 for SFCTC
Now on.. WRF3GFS_g4 for SFCTC
Now on.. WRF3GFS_g5 for SFCTC
Now on.. WRF3NAVGEM_g2 for SFCTC
Now on.. WRF3NAVGEM_g3 for SFCTC
Now on.. WRF3NAVGEM_g4 for SFCTC
Now on.. WRF3GFSgc01_g2 for SFCTC
Now on.. WRF3GFSgc01_g3 for SFCTC
Now on.. WRF3ARPEGE_g2 for SFCTC
Now on.. WRF3ARPEGE_g3 for SFCTC
Now on.. WRF4ICON_g2 for SFCTC
Now on.. WRF4ICON_g3 for SFCTC
Now on.. WRF4NAM_g2 for SFCTC
Now on.. WRF4NAM_g3 for SFCTC
Now on.. WRF4NAM_g4 for SFCTC
Now on.. NMM3NAM_g2 for SFCTC
Now on.. NMM3NAM_g3 for SFCTC
Now on.. NMM3NAM_g4 for SFCTC
Now on.. NMM3GFS_g2 for SFCTC
Now on.. NMM3GFS_g3 for SFCTC
Now on.. WRF2NAM_g1 for SFCTC
Now on.. WRF2NAM_g2 for SFCTC
Now on.. WRF2NAM_g3 for SFCTC
Now on.. WRF2NAM81_g1 for SFCTC
Now on.. WRF2NAM81_g2 for SFCTC
Now on.. WRF2NAM81_g3 for SFCTC
Now on.. WRF2GFS_g1 for SFCTC
Now on.. WRF2GFS_g2 for SFCTC
Now on.. WRF2GFS_g3 for SFCTC
Now on.. WRF2GFS81_g1 for SFCTC
Now on.. WRF2GFS81_g2 for SFCTC
Now on.. WRF2GFS81_g3 for SFCTC
Now on.. WRF4RDPS_g3 for SFCTC
Now on.. WRF4RDPS_g4 for SFCTC
Now on.. WRF4RDPS_g5 for SFCTC
Now on.. MPAS25_g1 for SFCTC
Now on.. MPAS25_g2 for SFCTC
                     MM5_g2  MM5_g3  MM5_g4  ...  WRF4RDPS_g5  MPAS25_g1  MPAS25_g2
datetime                                     ...                                   
2021-10-01 00:00:00    12.6    13.7    13.9  ...          6.4       11.4       12.8
2021-10-01 01:00:00    12.8    13.9    14.0  ...          5.9       11.0       12.5
2021-10-01 02:00:00    12.5    13.9    14.2  ...          5.6       11.0       12.3
2021-10-01 03:00:00    12.3    13.4    13.4  ...          5.6       11.0       12.2
2021-10-01 04:00:00    12.2    12.9    12.7  ...          5.8       10.9       12.1
...                     ...     ...     ...  ...          ...        ...        ...
2022-10-08 19:00:00     7.3     6.8     6.1  ...         19.9        0.5        3.0
2022-10-08 20:00:00     7.3     6.6     5.9  ...         19.3        0.0        2.6
2022-10-08 21:00:00     7.1     6.5     5.7  ...         18.8       -0.6        2.4
2022-10-08 22:00:00     7.1     6.4     5.8  ...         18.0       -1.6        2.0
2022-10-08 23:00:00     7.2     6.4     5.6  ...         17.8       -2.0        1.9

[8952 rows x 51 columns]
0.4917021026597734
2683.556955575943
It took 45 minutes to run
/nfs/neltharion/oper_users/verif/verif-post-process/weights/ensemble/src/funcs.py:376: ParserWarning: Falling back to the 'python' engine because the 'c' engine does not support regex separators (separators > 1 char and different from '\s+' are interpreted as regex); you can avoid this warning by specifying engine='python'.
  weight_file = pd.read_csv(f, sep = "\s+|,", usecols=[model_df_name])
Performing Yearly calculation for 211001 to 221001
    Now on station 3510
Reading observational dataframe for SFCTC_KF.. 
Now on.. MM5_g2 for SFCTC_KF
Now on.. MM5_g3 for SFCTC_KF
Now on.. MM5_g4 for SFCTC_KF
Now on.. MM5G_g2 for SFCTC_KF
Now on.. MM5G_g3 for SFCTC_KF
Now on.. MM5G_g4 for SFCTC_KF
Now on.. MM5G_g5 for SFCTC_KF
Now on.. WRF3GEM_g2 for SFCTC_KF
Now on.. WRF3GEM_g3 for SFCTC_KF
Now on.. WRF3GEM_g4 for SFCTC_KF
Now on.. WRF3NAM_g2 for SFCTC_KF
Now on.. WRF3NAM_g3 for SFCTC_KF
Now on.. WRF3NAM_g4 for SFCTC_KF
Now on.. WRF3GFS_g2 for SFCTC_KF
Now on.. WRF3GFS_g3 for SFCTC_KF
Now on.. WRF3GFS_g4 for SFCTC_KF
Now on.. WRF3GFS_g5 for SFCTC_KF
Now on.. WRF3NAVGEM_g2 for SFCTC_KF
Now on.. WRF3NAVGEM_g3 for SFCTC_KF
Now on.. WRF3NAVGEM_g4 for SFCTC_KF
Now on.. WRF3GFSgc01_g2 for SFCTC_KF
Now on.. WRF3GFSgc01_g3 for SFCTC_KF
Now on.. WRF3ARPEGE_g2 for SFCTC_KF
Now on.. WRF3ARPEGE_g3 for SFCTC_KF
Now on.. WRF4ICON_g2 for SFCTC_KF
Now on.. WRF4ICON_g3 for SFCTC_KF
Now on.. WRF4NAM_g2 for SFCTC_KF
Now on.. WRF4NAM_g3 for SFCTC_KF
Now on.. WRF4NAM_g4 for SFCTC_KF
Now on.. NMM3NAM_g2 for SFCTC_KF
Now on.. NMM3NAM_g3 for SFCTC_KF
Now on.. NMM3NAM_g4 for SFCTC_KF
Now on.. NMM3GFS_g2 for SFCTC_KF
Now on.. NMM3GFS_g3 for SFCTC_KF
Now on.. WRF2NAM_g1 for SFCTC_KF
Now on.. WRF2NAM_g2 for SFCTC_KF
Now on.. WRF2NAM_g3 for SFCTC_KF
Now on.. WRF2NAM81_g1 for SFCTC_KF
Now on.. WRF2NAM81_g2 for SFCTC_KF
Now on.. WRF2NAM81_g3 for SFCTC_KF
Now on.. WRF2GFS_g1 for SFCTC_KF
Now on.. WRF2GFS_g2 for SFCTC_KF
Now on.. WRF2GFS_g3 for SFCTC_KF
Now on.. WRF2GFS81_g1 for SFCTC_KF
Now on.. WRF2GFS81_g2 for SFCTC_KF
Now on.. WRF2GFS81_g3 for SFCTC_KF
Now on.. WRF4RDPS_g3 for SFCTC_KF
Now on.. WRF4RDPS_g4 for SFCTC_KF
Now on.. WRF4RDPS_g5 for SFCTC_KF
Now on.. MPAS25_g1 for SFCTC_KF
Now on.. MPAS25_g2 for SFCTC_KF
                     MM5_g2  MM5_g3  MM5_g4  ...  WRF4RDPS_g5  MPAS25_g1  MPAS25_g2
datetime                                     ...                                   
2021-10-01 00:00:00    13.8    14.1    14.4  ...          6.2       13.4       14.1
2021-10-01 01:00:00    13.5    13.9    14.2  ...          5.5       13.2       13.4
2021-10-01 02:00:00    12.7    13.5    13.9  ...          5.3       13.0       12.6
2021-10-01 03:00:00    12.2    12.7    12.8  ...          5.2       12.8       12.2
2021-10-01 04:00:00    11.9    12.1    11.9  ...          5.4       12.6       12.0
...                     ...     ...     ...  ...          ...        ...        ...
2022-10-08 19:00:00     6.4     5.4     4.8  ...         18.1        3.3        2.5
2022-10-08 20:00:00     6.2     5.2     4.5  ...         18.3        3.4        2.6
2022-10-08 21:00:00     6.0     4.9     4.2  ...         19.0        3.8        2.9
2022-10-08 22:00:00     9.0     8.7     8.6  ...         19.3        4.1        3.0
2022-10-08 23:00:00     8.8     8.3     7.9  ...         20.3        4.7        3.3

[8952 rows x 51 columns]
2.165210831666889e-06
2530.284415960312
It took 42 minutes to run
