./run-all-wens-seasonal-pwa.sh: line 18: [x: command not found
Performing Yearly calculation for 211001 to 221001
    Now on station 3510
Reading observational dataframe for PCPTOT.. 
Now on.. MM5_g2 for PCPTOT
Now on.. MM5_g3 for PCPTOT
Now on.. MM5_g4 for PCPTOT
Now on.. MM5G_g2 for PCPTOT
Now on.. MM5G_g3 for PCPTOT
Now on.. MM5G_g4 for PCPTOT
Now on.. MM5G_g5 for PCPTOT
Now on.. WRF3GEM_g2 for PCPTOT
Now on.. WRF3GEM_g3 for PCPTOT
Now on.. WRF3GEM_g4 for PCPTOT
Now on.. WRF3NAM_g2 for PCPTOT
Now on.. WRF3NAM_g3 for PCPTOT
Now on.. WRF3NAM_g4 for PCPTOT
Now on.. WRF3GFS_g2 for PCPTOT
Now on.. WRF3GFS_g3 for PCPTOT
Now on.. WRF3GFS_g4 for PCPTOT
Now on.. WRF3GFS_g5 for PCPTOT
Now on.. WRF3NAVGEM_g2 for PCPTOT
Now on.. WRF3NAVGEM_g3 for PCPTOT
Now on.. WRF3NAVGEM_g4 for PCPTOT
Now on.. WRF3GFSgc01_g2 for PCPTOT
Now on.. WRF3GFSgc01_g3 for PCPTOT
Now on.. WRF3ARPEGE_g2 for PCPTOT
Now on.. WRF3ARPEGE_g3 for PCPTOT
Now on.. WRF4ICON_g2 for PCPTOT
Now on.. WRF4ICON_g3 for PCPTOT
Now on.. WRF4NAM_g2 for PCPTOT
Now on.. WRF4NAM_g3 for PCPTOT
Now on.. WRF4NAM_g4 for PCPTOT
Now on.. NMM3NAM_g2 for PCPTOT
Now on.. NMM3NAM_g3 for PCPTOT
Now on.. NMM3NAM_g4 for PCPTOT
Now on.. NMM3GFS_g2 for PCPTOT
Now on.. NMM3GFS_g3 for PCPTOT
Now on.. WRF2NAM_g1 for PCPTOT
Now on.. WRF2NAM_g2 for PCPTOT
Now on.. WRF2NAM_g3 for PCPTOT
Now on.. WRF2NAM81_g1 for PCPTOT
Now on.. WRF2NAM81_g2 for PCPTOT
Now on.. WRF2NAM81_g3 for PCPTOT
Now on.. WRF2GFS_g1 for PCPTOT
Now on.. WRF2GFS_g2 for PCPTOT
Now on.. WRF2GFS_g3 for PCPTOT
Now on.. WRF2GFS81_g1 for PCPTOT
Now on.. WRF2GFS81_g2 for PCPTOT
Now on.. WRF2GFS81_g3 for PCPTOT
Now on.. WRF4RDPS_g3 for PCPTOT
Now on.. WRF4RDPS_g4 for PCPTOT
Now on.. WRF4RDPS_g5 for PCPTOT
Now on.. MPAS25_g1 for PCPTOT
Now on.. MPAS25_g2 for PCPTOT
                     MM5_g2  MM5_g3  MM5_g4  ...  WRF4RDPS_g5  MPAS25_g1  MPAS25_g2
datetime                                     ...                                   
2021-10-01 00:00:00    0.51    0.03    0.00  ...          0.0       0.36       0.23
2021-10-01 01:00:00    0.91    0.24    0.28  ...          0.0       0.53       0.41
2021-10-01 02:00:00    0.45    0.05    0.03  ...          0.0       0.75       0.69
2021-10-01 03:00:00    0.12    0.04    0.00  ...          0.0       0.48       0.32
2021-10-01 04:00:00    0.01    0.00    0.02  ...          0.0       0.18       0.05
...                     ...     ...     ...  ...          ...        ...        ...
2022-10-08 19:00:00    0.00    0.01    0.00  ...          0.0       0.18       0.00
2022-10-08 20:00:00    0.00    0.01    0.00  ...          0.0       0.19       0.01
2022-10-08 21:00:00    0.00    0.00    0.00  ...          0.0       0.28       0.02
2022-10-08 22:00:00    0.00    0.00    0.00  ...          0.0       0.21       0.03
2022-10-08 23:00:00    0.00    0.00    0.00  ...          0.0       0.13       0.00

[8952 rows x 51 columns]
Traceback (most recent call last):
  File "mk_weighted_ensemble_pwa.py", line 293, in <module>
    main(sys.argv)
  File "mk_weighted_ensemble_pwa.py", line 258, in main
    ENS_W = mk_ensemble(stat_cat, weight_type, stat_type, model_df_name, start_date, end_date, fcst_all, input_variable)
TypeError: mk_ensemble() missing 1 required positional argument: 'k'
Performing Yearly calculation for 211001 to 221001
    Now on station 3510
Reading observational dataframe for SFCTC.. 
Now on.. MM5_g2 for SFCTC
Now on.. MM5_g3 for SFCTC
Now on.. MM5_g4 for SFCTC
Now on.. MM5G_g2 for SFCTC
Now on.. MM5G_g3 for SFCTC
Now on.. MM5G_g4 for SFCTC
Now on.. MM5G_g5 for SFCTC
Now on.. WRF3GEM_g2 for SFCTC
Now on.. WRF3GEM_g3 for SFCTC
Now on.. WRF3GEM_g4 for SFCTC
Now on.. WRF3NAM_g2 for SFCTC
Now on.. WRF3NAM_g3 for SFCTC
Now on.. WRF3NAM_g4 for SFCTC
Now on.. WRF3GFS_g2 for SFCTC
Now on.. WRF3GFS_g3 for SFCTC
Now on.. WRF3GFS_g4 for SFCTC
Now on.. WRF3GFS_g5 for SFCTC
Now on.. WRF3NAVGEM_g2 for SFCTC
Now on.. WRF3NAVGEM_g3 for SFCTC
Now on.. WRF3NAVGEM_g4 for SFCTC
Now on.. WRF3GFSgc01_g2 for SFCTC
Now on.. WRF3GFSgc01_g3 for SFCTC
Now on.. WRF3ARPEGE_g2 for SFCTC
Now on.. WRF3ARPEGE_g3 for SFCTC
Now on.. WRF4ICON_g2 for SFCTC
Now on.. WRF4ICON_g3 for SFCTC
Now on.. WRF4NAM_g2 for SFCTC
Now on.. WRF4NAM_g3 for SFCTC
Now on.. WRF4NAM_g4 for SFCTC
Now on.. NMM3NAM_g2 for SFCTC
Now on.. NMM3NAM_g3 for SFCTC
Now on.. NMM3NAM_g4 for SFCTC
Now on.. NMM3GFS_g2 for SFCTC
Now on.. NMM3GFS_g3 for SFCTC
Now on.. WRF2NAM_g1 for SFCTC
Now on.. WRF2NAM_g2 for SFCTC
Now on.. WRF2NAM_g3 for SFCTC
Now on.. WRF2NAM81_g1 for SFCTC
Now on.. WRF2NAM81_g2 for SFCTC
Now on.. WRF2NAM81_g3 for SFCTC
Now on.. WRF2GFS_g1 for SFCTC
Now on.. WRF2GFS_g2 for SFCTC
Now on.. WRF2GFS_g3 for SFCTC
Now on.. WRF2GFS81_g1 for SFCTC
Now on.. WRF2GFS81_g2 for SFCTC
Now on.. WRF2GFS81_g3 for SFCTC
Now on.. WRF4RDPS_g3 for SFCTC
Now on.. WRF4RDPS_g4 for SFCTC
Now on.. WRF4RDPS_g5 for SFCTC
Now on.. MPAS25_g1 for SFCTC
Now on.. MPAS25_g2 for SFCTC
                     MM5_g2  MM5_g3  MM5_g4  ...  WRF4RDPS_g5  MPAS25_g1  MPAS25_g2
datetime                                     ...                                   
2021-10-01 00:00:00    12.6    13.7    13.9  ...          6.4       11.4       12.8
2021-10-01 01:00:00    12.8    13.9    14.0  ...          5.9       11.0       12.5
2021-10-01 02:00:00    12.5    13.9    14.2  ...          5.6       11.0       12.3
2021-10-01 03:00:00    12.3    13.4    13.4  ...          5.6       11.0       12.2
2021-10-01 04:00:00    12.2    12.9    12.7  ...          5.8       10.9       12.1
...                     ...     ...     ...  ...          ...        ...        ...
2022-10-08 19:00:00     7.3     6.8     6.1  ...         19.9        0.5        3.0
2022-10-08 20:00:00     7.3     6.6     5.9  ...         19.3        0.0        2.6
2022-10-08 21:00:00     7.1     6.5     5.7  ...         18.8       -0.6        2.4
2022-10-08 22:00:00     7.1     6.4     5.8  ...         18.0       -1.6        2.0
2022-10-08 23:00:00     7.2     6.4     5.6  ...         17.8       -2.0        1.9

[8952 rows x 51 columns]
Traceback (most recent call last):
  File "mk_weighted_ensemble_pwa.py", line 293, in <module>
    main(sys.argv)
  File "mk_weighted_ensemble_pwa.py", line 258, in main
    ENS_W = mk_ensemble(stat_cat, weight_type, stat_type, model_df_name, start_date, end_date, fcst_all, input_variable)
TypeError: mk_ensemble() missing 1 required positional argument: 'k'
