/verification/Statistics/MM5/g2/small/SFCTC_KF/MAE_monthly_SFCTC_KF_60hr_small.txt
/verification/Statistics/MM5/g3/small/SFCTC_KF/MAE_monthly_SFCTC_KF_60hr_small.txt
/verification/Statistics/MM5/g4/small/SFCTC_KF/MAE_monthly_SFCTC_KF_60hr_small.txt
/verification/Statistics/MM5G/g2/small/SFCTC_KF/MAE_monthly_SFCTC_KF_60hr_small.txt
/verification/Statistics/MM5G/g3/small/SFCTC_KF/MAE_monthly_SFCTC_KF_60hr_small.txt
/verification/Statistics/MM5G/g4/small/SFCTC_KF/MAE_monthly_SFCTC_KF_60hr_small.txt
/verification/Statistics/MM5G/g5/small/SFCTC_KF/MAE_monthly_SFCTC_KF_60hr_small.txt
/verification/Statistics/WRF3GEM/g2/small/SFCTC_KF/MAE_monthly_SFCTC_KF_60hr_small.txt
/verification/Statistics/WRF3GEM/g3/small/SFCTC_KF/MAE_monthly_SFCTC_KF_60hr_small.txt
/verification/Statistics/WRF3GEM/g4/small/SFCTC_KF/MAE_monthly_SFCTC_KF_60hr_small.txt
/verification/Statistics/WRF3NAM/g2/small/SFCTC_KF/MAE_monthly_SFCTC_KF_60hr_small.txt
/verification/Statistics/WRF3NAM/g3/small/SFCTC_KF/MAE_monthly_SFCTC_KF_60hr_small.txt
/verification/Statistics/WRF3NAM/g4/small/SFCTC_KF/MAE_monthly_SFCTC_KF_60hr_small.txt
/verification/Statistics/WRF3GFS/g2/small/SFCTC_KF/MAE_monthly_SFCTC_KF_60hr_small.txt
/verification/Statistics/WRF3GFS/g3/small/SFCTC_KF/MAE_monthly_SFCTC_KF_60hr_small.txt
/verification/Statistics/WRF3GFS/g4/small/SFCTC_KF/MAE_monthly_SFCTC_KF_60hr_small.txt
/verification/Statistics/WRF3GFS/g5/small/SFCTC_KF/MAE_monthly_SFCTC_KF_60hr_small.txt
/verification/Statistics/WRF3NAVGEM/g2/small/SFCTC_KF/MAE_monthly_SFCTC_KF_60hr_small.txt
/verification/Statistics/WRF3NAVGEM/g3/small/SFCTC_KF/MAE_monthly_SFCTC_KF_60hr_small.txt
/verification/Statistics/WRF3NAVGEM/g4/small/SFCTC_KF/MAE_monthly_SFCTC_KF_60hr_small.txt
/verification/Statistics/WRF3GFSgc01/g2/small/SFCTC_KF/MAE_monthly_SFCTC_KF_60hr_small.txt
/verification/Statistics/WRF3GFSgc01/g3/small/SFCTC_KF/MAE_monthly_SFCTC_KF_60hr_small.txt
/verification/Statistics/WRF3ARPEGE/g2/small/SFCTC_KF/MAE_monthly_SFCTC_KF_60hr_small.txt
/verification/Statistics/WRF3ARPEGE/g3/small/SFCTC_KF/MAE_monthly_SFCTC_KF_60hr_small.txt
/verification/Statistics/WRF4ICON/g2/small/SFCTC_KF/MAE_monthly_SFCTC_KF_60hr_small.txt
/verification/Statistics/WRF4ICON/g3/small/SFCTC_KF/MAE_monthly_SFCTC_KF_60hr_small.txt
/verification/Statistics/WRF4NAM/g2/small/SFCTC_KF/MAE_monthly_SFCTC_KF_60hr_small.txt
/verification/Statistics/WRF4NAM/g3/small/SFCTC_KF/MAE_monthly_SFCTC_KF_60hr_small.txt
/verification/Statistics/WRF4NAM/g4/small/SFCTC_KF/MAE_monthly_SFCTC_KF_60hr_small.txt
/verification/Statistics/NMM3NAM/g2/small/SFCTC_KF/MAE_monthly_SFCTC_KF_60hr_small.txt
/verification/Statistics/NMM3NAM/g3/small/SFCTC_KF/MAE_monthly_SFCTC_KF_60hr_small.txt
/verification/Statistics/NMM3NAM/g4/small/SFCTC_KF/MAE_monthly_SFCTC_KF_60hr_small.txt
/verification/Statistics/NMM3GFS/g2/small/SFCTC_KF/MAE_monthly_SFCTC_KF_60hr_small.txt
/verification/Statistics/NMM3GFS/g3/small/SFCTC_KF/MAE_monthly_SFCTC_KF_60hr_small.txt
/verification/Statistics/WRF2NAM/g1/small/SFCTC_KF/MAE_monthly_SFCTC_KF_60hr_small.txt
/verification/Statistics/WRF2NAM/g2/small/SFCTC_KF/MAE_monthly_SFCTC_KF_60hr_small.txt
/verification/Statistics/WRF2NAM/g3/small/SFCTC_KF/MAE_monthly_SFCTC_KF_60hr_small.txt
/verification/Statistics/WRF2NAM81/g1/small/SFCTC_KF/MAE_monthly_SFCTC_KF_60hr_small.txt
/verification/Statistics/WRF2NAM81/g2/small/SFCTC_KF/MAE_monthly_SFCTC_KF_60hr_small.txt
/verification/Statistics/WRF2NAM81/g3/small/SFCTC_KF/MAE_monthly_SFCTC_KF_60hr_small.txt
/verification/Statistics/WRF2GFS/g1/small/SFCTC_KF/MAE_monthly_SFCTC_KF_60hr_small.txt
/verification/Statistics/WRF2GFS/g2/small/SFCTC_KF/MAE_monthly_SFCTC_KF_60hr_small.txt
/verification/Statistics/WRF2GFS/g3/small/SFCTC_KF/MAE_monthly_SFCTC_KF_60hr_small.txt
/verification/Statistics/WRF2GFS81/g1/small/SFCTC_KF/MAE_monthly_SFCTC_KF_60hr_small.txt
/verification/Statistics/WRF2GFS81/g2/small/SFCTC_KF/MAE_monthly_SFCTC_KF_60hr_small.txt
/verification/Statistics/WRF2GFS81/g3/small/SFCTC_KF/MAE_monthly_SFCTC_KF_60hr_small.txt
/verification/Statistics/WRF4RDPS/g3/small/SFCTC_KF/MAE_monthly_SFCTC_KF_60hr_small.txt
/verification/Statistics/WRF4RDPS/g4/small/SFCTC_KF/MAE_monthly_SFCTC_KF_60hr_small.txt
/verification/Statistics/WRF4RDPS/g5/small/SFCTC_KF/MAE_monthly_SFCTC_KF_60hr_small.txt
/verification/Statistics/MPAS25/g1/small/SFCTC_KF/MAE_monthly_SFCTC_KF_60hr_small.txt
/verification/Statistics/MPAS25/g2/small/SFCTC_KF/MAE_monthly_SFCTC_KF_60hr_small.txt
/verification/Statistics/ENS/small/SFCTC_KF/MAE_monthly_SFCTC_KF_60hr_small.txt
