/verification/Statistics/MM5/g2/small/SFCTC_KF/MAE_weekly_SFCTC_KF_60hr_small.txt
/verification/Statistics/MM5/g3/small/SFCTC_KF/MAE_weekly_SFCTC_KF_60hr_small.txt
/verification/Statistics/MM5/g4/small/SFCTC_KF/MAE_weekly_SFCTC_KF_60hr_small.txt
/verification/Statistics/MM5G/g2/small/SFCTC_KF/MAE_weekly_SFCTC_KF_60hr_small.txt
/verification/Statistics/MM5G/g3/small/SFCTC_KF/MAE_weekly_SFCTC_KF_60hr_small.txt
/verification/Statistics/MM5G/g4/small/SFCTC_KF/MAE_weekly_SFCTC_KF_60hr_small.txt
/verification/Statistics/MM5G/g5/small/SFCTC_KF/MAE_weekly_SFCTC_KF_60hr_small.txt
/verification/Statistics/WRF3GEM/g2/small/SFCTC_KF/MAE_weekly_SFCTC_KF_60hr_small.txt
/verification/Statistics/WRF3GEM/g3/small/SFCTC_KF/MAE_weekly_SFCTC_KF_60hr_small.txt
/verification/Statistics/WRF3GEM/g4/small/SFCTC_KF/MAE_weekly_SFCTC_KF_60hr_small.txt
/verification/Statistics/WRF3NAM/g2/small/SFCTC_KF/MAE_weekly_SFCTC_KF_60hr_small.txt
/verification/Statistics/WRF3NAM/g3/small/SFCTC_KF/MAE_weekly_SFCTC_KF_60hr_small.txt
/verification/Statistics/WRF3NAM/g4/small/SFCTC_KF/MAE_weekly_SFCTC_KF_60hr_small.txt
/verification/Statistics/WRF3GFS/g2/small/SFCTC_KF/MAE_weekly_SFCTC_KF_60hr_small.txt
/verification/Statistics/WRF3GFS/g3/small/SFCTC_KF/MAE_weekly_SFCTC_KF_60hr_small.txt
/verification/Statistics/WRF3GFS/g4/small/SFCTC_KF/MAE_weekly_SFCTC_KF_60hr_small.txt
/verification/Statistics/WRF3GFS/g5/small/SFCTC_KF/MAE_weekly_SFCTC_KF_60hr_small.txt
/verification/Statistics/WRF3NAVGEM/g2/small/SFCTC_KF/MAE_weekly_SFCTC_KF_60hr_small.txt
/verification/Statistics/WRF3NAVGEM/g3/small/SFCTC_KF/MAE_weekly_SFCTC_KF_60hr_small.txt
/verification/Statistics/WRF3NAVGEM/g4/small/SFCTC_KF/MAE_weekly_SFCTC_KF_60hr_small.txt
/verification/Statistics/WRF3GFSgc01/g2/small/SFCTC_KF/MAE_weekly_SFCTC_KF_60hr_small.txt
/verification/Statistics/WRF3GFSgc01/g3/small/SFCTC_KF/MAE_weekly_SFCTC_KF_60hr_small.txt
/verification/Statistics/WRF3ARPEGE/g2/small/SFCTC_KF/MAE_weekly_SFCTC_KF_60hr_small.txt
/verification/Statistics/WRF3ARPEGE/g3/small/SFCTC_KF/MAE_weekly_SFCTC_KF_60hr_small.txt
/verification/Statistics/WRF4ICON/g2/small/SFCTC_KF/MAE_weekly_SFCTC_KF_60hr_small.txt
/verification/Statistics/WRF4ICON/g3/small/SFCTC_KF/MAE_weekly_SFCTC_KF_60hr_small.txt
/verification/Statistics/WRF4NAM/g2/small/SFCTC_KF/MAE_weekly_SFCTC_KF_60hr_small.txt
/verification/Statistics/WRF4NAM/g3/small/SFCTC_KF/MAE_weekly_SFCTC_KF_60hr_small.txt
/verification/Statistics/WRF4NAM/g4/small/SFCTC_KF/MAE_weekly_SFCTC_KF_60hr_small.txt
/verification/Statistics/NMM3NAM/g2/small/SFCTC_KF/MAE_weekly_SFCTC_KF_60hr_small.txt
/verification/Statistics/NMM3NAM/g3/small/SFCTC_KF/MAE_weekly_SFCTC_KF_60hr_small.txt
/verification/Statistics/NMM3NAM/g4/small/SFCTC_KF/MAE_weekly_SFCTC_KF_60hr_small.txt
/verification/Statistics/NMM3GFS/g2/small/SFCTC_KF/MAE_weekly_SFCTC_KF_60hr_small.txt
/verification/Statistics/NMM3GFS/g3/small/SFCTC_KF/MAE_weekly_SFCTC_KF_60hr_small.txt
/verification/Statistics/WRF2NAM/g1/small/SFCTC_KF/MAE_weekly_SFCTC_KF_60hr_small.txt
/verification/Statistics/WRF2NAM/g2/small/SFCTC_KF/MAE_weekly_SFCTC_KF_60hr_small.txt
/verification/Statistics/WRF2NAM/g3/small/SFCTC_KF/MAE_weekly_SFCTC_KF_60hr_small.txt
/verification/Statistics/WRF2NAM81/g1/small/SFCTC_KF/MAE_weekly_SFCTC_KF_60hr_small.txt
/verification/Statistics/WRF2NAM81/g2/small/SFCTC_KF/MAE_weekly_SFCTC_KF_60hr_small.txt
/verification/Statistics/WRF2NAM81/g3/small/SFCTC_KF/MAE_weekly_SFCTC_KF_60hr_small.txt
/verification/Statistics/WRF2GFS/g1/small/SFCTC_KF/MAE_weekly_SFCTC_KF_60hr_small.txt
/verification/Statistics/WRF2GFS/g2/small/SFCTC_KF/MAE_weekly_SFCTC_KF_60hr_small.txt
/verification/Statistics/WRF2GFS/g3/small/SFCTC_KF/MAE_weekly_SFCTC_KF_60hr_small.txt
/verification/Statistics/WRF2GFS81/g1/small/SFCTC_KF/MAE_weekly_SFCTC_KF_60hr_small.txt
/verification/Statistics/WRF2GFS81/g2/small/SFCTC_KF/MAE_weekly_SFCTC_KF_60hr_small.txt
/verification/Statistics/WRF2GFS81/g3/small/SFCTC_KF/MAE_weekly_SFCTC_KF_60hr_small.txt
/verification/Statistics/WRF4RDPS/g3/small/SFCTC_KF/MAE_weekly_SFCTC_KF_60hr_small.txt
/verification/Statistics/WRF4RDPS/g4/small/SFCTC_KF/MAE_weekly_SFCTC_KF_60hr_small.txt
/verification/Statistics/WRF4RDPS/g5/small/SFCTC_KF/MAE_weekly_SFCTC_KF_60hr_small.txt
/verification/Statistics/MPAS25/g1/small/SFCTC_KF/MAE_weekly_SFCTC_KF_60hr_small.txt
/verification/Statistics/MPAS25/g2/small/SFCTC_KF/MAE_weekly_SFCTC_KF_60hr_small.txt
/verification/Statistics/ENS/small/SFCTC_KF/MAE_weekly_SFCTC_KF_60hr_small.txt
/verification/Statistics/ENS_lr/small/SFCTC_KF/MAE_weekly_SFCTC_KF_60hr_small.txt
/verification/Statistics/ENS_hr/small/SFCTC_KF/MAE_weekly_SFCTC_KF_60hr_small.txt
/verification/Statistics/ENS_LR/small/SFCTC_KF/MAE_weekly_SFCTC_KF_60hr_small.txt
                           0    1   colors        edited_names
MM5NAM36           25.969697   99       C0           MM5NAM36*
MM5NAM12           26.676768   99       C0           MM5NAM12*
MM5NAM4            27.020202   99       C0            MM5NAM4*
MM5GFS36           26.727273   99       C1           MM5GFS36*
MM5GFS12           25.949495   99       C1           MM5GFS12*
MM5GFS4            26.090909   99       C1            MM5GFS4*
MM5GFS1.3          26.686869   99       C1          MM5GFS1.3*
WRF3GEM36          23.850000  100       C2           WRF3GEM36
WRF3GEM12          35.090000  100       C2           WRF3GEM12
WRF3GEM4           43.010101   99       C2           WRF3GEM4*
WRF3NAM36          21.565657   99       C3          WRF3NAM36*
WRF3NAM12          21.333333   99       C3          WRF3NAM12*
WRF3NAM4           22.292929   99       C3           WRF3NAM4*
WRF3GFS36          21.686869   99       C4          WRF3GFS36*
WRF3GFS12          37.333333   99       C4          WRF3GFS12*
WRF3GFS4           43.060606   99       C4           WRF3GFS4*
WRF3GFS1.3         45.636364   99       C4         WRF3GFS1.3*
WRF3NAVGEM36       25.460674   89       C5       WRF3NAVGEM36*
WRF3NAVGEM12       25.769231   91       C5       WRF3NAVGEM12*
WRF3NAVGEM4        29.565217   92       C5        WRF3NAVGEM4*
WRF3GFSgc27        22.282828   99       C6        WRF3GFSgc27*
WRF3GFSgc9         39.727273   99       C6         WRF3GFSgc9*
WRF3ARPEGE27       25.489796   98       C7       WRF3ARPEGE27*
WRF3ARPEGE9        26.163265   98       C7        WRF3ARPEGE9*
WRF4ICON27         29.818182   99       C8         WRF4ICON27*
WRF4ICON9          41.434343   99       C8          WRF4ICON9*
WRF4NAM36          24.826087   92       C9          WRF4NAM36*
WRF4NAM12          24.652174   92       C9          WRF4NAM12*
WRF4NAM4           25.536842   95       C9           WRF4NAM4*
NMM3NAM36          28.878788   99  #ffc219          NMM3NAM36*
NMM3NAM12          28.636364   99  #ffc219          NMM3NAM12*
NMM3NAM4           21.363636   99  #ffc219           NMM3NAM4*
NMM3GFS36          28.515152   99  #CDB7F6          NMM3GFS36*
NMM3GFS12          28.727273   99  #CDB7F6          NMM3GFS12*
WRF2NAM108         30.000000   99  #65fe08         WRF2NAM108*
WRF2NAM36          25.171717   99  #65fe08          WRF2NAM36*
WRF2NAM12          25.606061   99  #65fe08          WRF2NAM12*
WRF2NAM81          24.797980   99  #fc3232          WRF2NAM81*
WRF2NAM27          21.303030   99  #fc3232          WRF2NAM27*
WRF2NAM9           23.151515   99  #fc3232           WRF2NAM9*
WRF2GFS108         31.070707   99  #754200         WRF2GFS108*
WRF2GFS36          27.404040   99  #754200          WRF2GFS36*
WRF2GFS12          27.373737   99  #754200          WRF2GFS12*
WRF2GFS81          25.383838   99  #00FFFF          WRF2GFS81*
WRF2GFS27          22.818182   99  #00FFFF          WRF2GFS27*
WRF2GFS9           24.888889   99  #00FFFF           WRF2GFS9*
WRF4RDPS9          25.525641   78  #fc23ba          WRF4RDPS9*
WRF4RDPS3          38.038462   78  #fc23ba          WRF4RDPS3*
WRF4RDPS1          43.346154   78  #fc23ba          WRF4RDPS1*
MPAS25g1           21.606061   99  #a1a1a1           MPAS25g1*
MPAS25g2           20.696970   99  #a1a1a1           MPAS25g2*
ENS (short range)  18.545455   99  #000000  ENS (short range)*
ENS (low-res)      19.414141   99  #000000      ENS (low-res)*
ENS (high-res)     18.191919   99  #000000     ENS (high-res)*
ENS (long range)   20.252525   99  #000000   ENS (long range)*
                      0    1   colors        edited_names
MM5NAM36           27.0   99       C0           MM5NAM36*
MM5NAM12           27.0   99       C0           MM5NAM12*
MM5NAM4            28.0   99       C0            MM5NAM4*
MM5GFS36           27.0   99       C1           MM5GFS36*
MM5GFS12           28.0   99       C1           MM5GFS12*
MM5GFS4            27.0   99       C1            MM5GFS4*
MM5GFS1.3          28.0   99       C1          MM5GFS1.3*
WRF3GEM36          24.5  100       C2           WRF3GEM36
WRF3GEM12          43.5  100       C2           WRF3GEM12
WRF3GEM4           48.0   99       C2           WRF3GEM4*
WRF3NAM36          19.0   99       C3          WRF3NAM36*
WRF3NAM12          18.0   99       C3          WRF3NAM12*
WRF3NAM4           20.0   99       C3           WRF3NAM4*
WRF3GFS36          21.0   99       C4          WRF3GFS36*
WRF3GFS12          44.0   99       C4          WRF3GFS12*
WRF3GFS4           49.0   99       C4           WRF3GFS4*
WRF3GFS1.3         51.0   99       C4         WRF3GFS1.3*
WRF3NAVGEM36       26.0   89       C5       WRF3NAVGEM36*
WRF3NAVGEM12       25.0   91       C5       WRF3NAVGEM12*
WRF3NAVGEM4        37.5   92       C5        WRF3NAVGEM4*
WRF3GFSgc27        20.0   99       C6        WRF3GFSgc27*
WRF3GFSgc9         44.0   99       C6         WRF3GFSgc9*
WRF3ARPEGE27       26.5   98       C7       WRF3ARPEGE27*
WRF3ARPEGE9        26.5   98       C7        WRF3ARPEGE9*
WRF4ICON27         33.0   99       C8         WRF4ICON27*
WRF4ICON9          47.0   99       C8          WRF4ICON9*
WRF4NAM36          18.0   92       C9          WRF4NAM36*
WRF4NAM12          17.5   92       C9          WRF4NAM12*
WRF4NAM4           20.0   95       C9           WRF4NAM4*
NMM3NAM36          30.0   99  #ffc219          NMM3NAM36*
NMM3NAM12          30.0   99  #ffc219          NMM3NAM12*
NMM3NAM4           22.0   99  #ffc219           NMM3NAM4*
NMM3GFS36          28.0   99  #CDB7F6          NMM3GFS36*
NMM3GFS12          30.0   99  #CDB7F6          NMM3GFS12*
WRF2NAM108         33.0   99  #65fe08         WRF2NAM108*
WRF2NAM36          26.0   99  #65fe08          WRF2NAM36*
WRF2NAM12          27.0   99  #65fe08          WRF2NAM12*
WRF2NAM81          25.0   99  #fc3232          WRF2NAM81*
WRF2NAM27          21.0   99  #fc3232          WRF2NAM27*
WRF2NAM9           21.0   99  #fc3232           WRF2NAM9*
WRF2GFS108         32.0   99  #754200         WRF2GFS108*
WRF2GFS36          29.0   99  #754200          WRF2GFS36*
WRF2GFS12          28.0   99  #754200          WRF2GFS12*
WRF2GFS81          26.0   99  #00FFFF          WRF2GFS81*
WRF2GFS27          24.0   99  #00FFFF          WRF2GFS27*
WRF2GFS9           24.0   99  #00FFFF           WRF2GFS9*
WRF4RDPS9          27.0   78  #fc23ba          WRF4RDPS9*
WRF4RDPS3          47.0   78  #fc23ba          WRF4RDPS3*
WRF4RDPS1          51.0   78  #fc23ba          WRF4RDPS1*
MPAS25g1           21.0   99  #a1a1a1           MPAS25g1*
MPAS25g2           18.0   99  #a1a1a1           MPAS25g2*
ENS (short range)  20.0   99  #000000  ENS (short range)*
ENS (low-res)      20.0   99  #000000      ENS (low-res)*
ENS (high-res)     18.0   99  #000000     ENS (high-res)*
ENS (long range)   21.0   99  #000000   ENS (long range)*
/verification/Statistics/MM5/g2/small/SFCTC_KF/MAE_weekly_SFCTC_KF_84hr_small.txt
/verification/Statistics/MM5/g3/small/SFCTC_KF/MAE_weekly_SFCTC_KF_84hr_small.txt
/verification/Statistics/MM5/g4/small/SFCTC_KF/MAE_weekly_SFCTC_KF_84hr_small.txt
/verification/Statistics/MM5G/g2/small/SFCTC_KF/MAE_weekly_SFCTC_KF_84hr_small.txt
/verification/Statistics/MM5G/g3/small/SFCTC_KF/MAE_weekly_SFCTC_KF_84hr_small.txt
/verification/Statistics/MM5G/g4/small/SFCTC_KF/MAE_weekly_SFCTC_KF_84hr_small.txt
/verification/Statistics/MM5G/g5/small/SFCTC_KF/MAE_weekly_SFCTC_KF_84hr_small.txt
/verification/Statistics/WRF3GEM/g2/small/SFCTC_KF/MAE_weekly_SFCTC_KF_84hr_small.txt
/verification/Statistics/WRF3GEM/g3/small/SFCTC_KF/MAE_weekly_SFCTC_KF_84hr_small.txt
/verification/Statistics/WRF3GEM/g4/small/SFCTC_KF/MAE_weekly_SFCTC_KF_84hr_small.txt
/verification/Statistics/WRF3NAM/g2/small/SFCTC_KF/MAE_weekly_SFCTC_KF_84hr_small.txt
/verification/Statistics/WRF3NAM/g3/small/SFCTC_KF/MAE_weekly_SFCTC_KF_84hr_small.txt
/verification/Statistics/WRF3NAM/g4/small/SFCTC_KF/MAE_weekly_SFCTC_KF_84hr_small.txt
/verification/Statistics/WRF3GFS/g2/small/SFCTC_KF/MAE_weekly_SFCTC_KF_84hr_small.txt
/verification/Statistics/WRF3GFS/g3/small/SFCTC_KF/MAE_weekly_SFCTC_KF_84hr_small.txt
/verification/Statistics/WRF3GFS/g4/small/SFCTC_KF/MAE_weekly_SFCTC_KF_84hr_small.txt
/verification/Statistics/WRF3GFS/g5/small/SFCTC_KF/MAE_weekly_SFCTC_KF_84hr_small.txt
/verification/Statistics/WRF3NAVGEM/g2/small/SFCTC_KF/MAE_weekly_SFCTC_KF_84hr_small.txt
/verification/Statistics/WRF3NAVGEM/g3/small/SFCTC_KF/MAE_weekly_SFCTC_KF_84hr_small.txt
/verification/Statistics/WRF3NAVGEM/g4/small/SFCTC_KF/MAE_weekly_SFCTC_KF_84hr_small.txt
/verification/Statistics/WRF3GFSgc01/g2/small/SFCTC_KF/MAE_weekly_SFCTC_KF_84hr_small.txt
/verification/Statistics/WRF3GFSgc01/g3/small/SFCTC_KF/MAE_weekly_SFCTC_KF_84hr_small.txt
/verification/Statistics/WRF3ARPEGE/g2/small/SFCTC_KF/MAE_weekly_SFCTC_KF_84hr_small.txt
/verification/Statistics/WRF3ARPEGE/g3/small/SFCTC_KF/MAE_weekly_SFCTC_KF_84hr_small.txt
/verification/Statistics/WRF4ICON/g2/small/SFCTC_KF/MAE_weekly_SFCTC_KF_84hr_small.txt
/verification/Statistics/WRF4ICON/g3/small/SFCTC_KF/MAE_weekly_SFCTC_KF_84hr_small.txt
/verification/Statistics/WRF4NAM/g2/small/SFCTC_KF/MAE_weekly_SFCTC_KF_84hr_small.txt
/verification/Statistics/WRF4NAM/g3/small/SFCTC_KF/MAE_weekly_SFCTC_KF_84hr_small.txt
/verification/Statistics/WRF4NAM/g4/small/SFCTC_KF/MAE_weekly_SFCTC_KF_84hr_small.txt
/verification/Statistics/NMM3NAM/g2/small/SFCTC_KF/MAE_weekly_SFCTC_KF_84hr_small.txt
/verification/Statistics/NMM3NAM/g3/small/SFCTC_KF/MAE_weekly_SFCTC_KF_84hr_small.txt
/verification/Statistics/NMM3NAM/g4/small/SFCTC_KF/MAE_weekly_SFCTC_KF_84hr_small.txt
/verification/Statistics/NMM3GFS/g2/small/SFCTC_KF/MAE_weekly_SFCTC_KF_84hr_small.txt
/verification/Statistics/NMM3GFS/g3/small/SFCTC_KF/MAE_weekly_SFCTC_KF_84hr_small.txt
/verification/Statistics/WRF2NAM/g1/small/SFCTC_KF/MAE_weekly_SFCTC_KF_84hr_small.txt
/verification/Statistics/WRF2NAM/g2/small/SFCTC_KF/MAE_weekly_SFCTC_KF_84hr_small.txt
/verification/Statistics/WRF2NAM/g3/small/SFCTC_KF/MAE_weekly_SFCTC_KF_84hr_small.txt
/verification/Statistics/WRF2NAM81/g1/small/SFCTC_KF/MAE_weekly_SFCTC_KF_84hr_small.txt
/verification/Statistics/WRF2NAM81/g2/small/SFCTC_KF/MAE_weekly_SFCTC_KF_84hr_small.txt
/verification/Statistics/WRF2NAM81/g3/small/SFCTC_KF/MAE_weekly_SFCTC_KF_84hr_small.txt
/verification/Statistics/WRF2GFS/g1/small/SFCTC_KF/MAE_weekly_SFCTC_KF_84hr_small.txt
/verification/Statistics/WRF2GFS/g2/small/SFCTC_KF/MAE_weekly_SFCTC_KF_84hr_small.txt
/verification/Statistics/WRF2GFS/g3/small/SFCTC_KF/MAE_weekly_SFCTC_KF_84hr_small.txt
/verification/Statistics/WRF2GFS81/g1/small/SFCTC_KF/MAE_weekly_SFCTC_KF_84hr_small.txt
/verification/Statistics/WRF2GFS81/g2/small/SFCTC_KF/MAE_weekly_SFCTC_KF_84hr_small.txt
/verification/Statistics/WRF2GFS81/g3/small/SFCTC_KF/MAE_weekly_SFCTC_KF_84hr_small.txt
/verification/Statistics/WRF4RDPS/g3/small/SFCTC_KF/MAE_weekly_SFCTC_KF_84hr_small.txt
/verification/Statistics/WRF4RDPS/g4/small/SFCTC_KF/MAE_weekly_SFCTC_KF_84hr_small.txt
/verification/Statistics/WRF4RDPS/g5/small/SFCTC_KF/MAE_weekly_SFCTC_KF_84hr_small.txt
/verification/Statistics/MPAS25/g1/small/SFCTC_KF/MAE_weekly_SFCTC_KF_84hr_small.txt
/verification/Statistics/MPAS25/g2/small/SFCTC_KF/MAE_weekly_SFCTC_KF_84hr_small.txt
/verification/Statistics/ENS/small/SFCTC_KF/MAE_weekly_SFCTC_KF_84hr_small.txt
/verification/Statistics/ENS_lr/small/SFCTC_KF/MAE_weekly_SFCTC_KF_84hr_small.txt
/verification/Statistics/ENS_hr/small/SFCTC_KF/MAE_weekly_SFCTC_KF_84hr_small.txt
/verification/Statistics/ENS_LR/small/SFCTC_KF/MAE_weekly_SFCTC_KF_84hr_small.txt
                           0    1   colors        edited_names
MM5GFS36           24.111111   99       C1           MM5GFS36*
MM5GFS12           23.585859   99       C1           MM5GFS12*
MM5GFS4            23.808081   99       C1            MM5GFS4*
MM5GFS1.3          24.464646   99       C1          MM5GFS1.3*
WRF3GEM36          22.460000  100       C2           WRF3GEM36
WRF3GEM12          30.710000  100       C2           WRF3GEM12
WRF3GEM4           37.979798   99       C2           WRF3GEM4*
WRF3NAM36          18.909091   99       C3          WRF3NAM36*
WRF3NAM12          18.696970   99       C3          WRF3NAM12*
WRF3GFS36          18.616162   99       C4          WRF3GFS36*
WRF3GFS12          32.727273   99       C4          WRF3GFS12*
WRF3GFS4           38.030303   99       C4           WRF3GFS4*
WRF3GFS1.3         39.868687   99       C4         WRF3GFS1.3*
WRF3NAVGEM36       23.696629   89       C5       WRF3NAVGEM36*
WRF3NAVGEM12       24.142857   91       C5       WRF3NAVGEM12*
WRF3NAVGEM4        27.510870   92       C5        WRF3NAVGEM4*
WRF3GFSgc27        20.858586   99       C6        WRF3GFSgc27*
WRF3GFSgc9         35.464646   99       C6         WRF3GFSgc9*
WRF3ARPEGE27       23.836735   98       C7       WRF3ARPEGE27*
WRF3ARPEGE9        24.265306   98       C7        WRF3ARPEGE9*
WRF4ICON27         26.434343   99       C8         WRF4ICON27*
WRF4ICON9          36.474747   99       C8          WRF4ICON9*
WRF4NAM36          24.043478   92       C9          WRF4NAM36*
WRF4NAM12          24.413043   92       C9          WRF4NAM12*
NMM3NAM36          26.444444   99  #ffc219          NMM3NAM36*
NMM3NAM12          26.424242   99  #ffc219          NMM3NAM12*
NMM3NAM4           20.969697   99  #ffc219           NMM3NAM4*
NMM3GFS36          25.161616   99  #CDB7F6          NMM3GFS36*
NMM3GFS12          25.686869   99  #CDB7F6          NMM3GFS12*
WRF2NAM108         26.808081   99  #65fe08         WRF2NAM108*
WRF2NAM36          22.717172   99  #65fe08          WRF2NAM36*
WRF2NAM12          22.858586   99  #65fe08          WRF2NAM12*
WRF2NAM81          20.555556   99  #fc3232          WRF2NAM81*
WRF2NAM27          18.171717   99  #fc3232          WRF2NAM27*
WRF2NAM9           19.858586   99  #fc3232           WRF2NAM9*
WRF2GFS108         26.717172   99  #754200         WRF2GFS108*
WRF2GFS36          23.858586   99  #754200          WRF2GFS36*
WRF2GFS12          24.010101   99  #754200          WRF2GFS12*
WRF2GFS81          21.535354   99  #00FFFF          WRF2GFS81*
WRF2GFS27          19.393939   99  #00FFFF          WRF2GFS27*
WRF2GFS9           21.585859   99  #00FFFF           WRF2GFS9*
WRF4RDPS9          24.782051   78  #fc23ba          WRF4RDPS9*
WRF4RDPS3          33.397436   78  #fc23ba          WRF4RDPS3*
MPAS25g1           19.757576   99  #a1a1a1           MPAS25g1*
MPAS25g2           19.434343   99  #a1a1a1           MPAS25g2*
ENS (short range)  16.747475   99  #000000  ENS (short range)*
ENS (low-res)      17.242424   99  #000000      ENS (low-res)*
ENS (high-res)     16.898990   99  #000000     ENS (high-res)*
ENS (long range)   17.909091   99  #000000   ENS (long range)*
                      0    1   colors        edited_names
MM5GFS36           25.0   99       C1           MM5GFS36*
MM5GFS12           23.0   99       C1           MM5GFS12*
MM5GFS4            24.0   99       C1            MM5GFS4*
MM5GFS1.3          24.0   99       C1          MM5GFS1.3*
WRF3GEM36          21.5  100       C2           WRF3GEM36
WRF3GEM12          39.0  100       C2           WRF3GEM12
WRF3GEM4           42.0   99       C2           WRF3GEM4*
WRF3NAM36          16.0   99       C3          WRF3NAM36*
WRF3NAM12          16.0   99       C3          WRF3NAM12*
WRF3GFS36          17.0   99       C4          WRF3GFS36*
WRF3GFS12          37.0   99       C4          WRF3GFS12*
WRF3GFS4           43.0   99       C4           WRF3GFS4*
WRF3GFS1.3         45.0   99       C4         WRF3GFS1.3*
WRF3NAVGEM36       27.0   89       C5       WRF3NAVGEM36*
WRF3NAVGEM12       28.0   91       C5       WRF3NAVGEM12*
WRF3NAVGEM4        37.0   92       C5        WRF3NAVGEM4*
WRF3GFSgc27        22.0   99       C6        WRF3GFSgc27*
WRF3GFSgc9         38.0   99       C6         WRF3GFSgc9*
WRF3ARPEGE27       26.0   98       C7       WRF3ARPEGE27*
WRF3ARPEGE9        27.0   98       C7        WRF3ARPEGE9*
WRF4ICON27         31.0   99       C8         WRF4ICON27*
WRF4ICON9          41.0   99       C8          WRF4ICON9*
WRF4NAM36          28.5   92       C9          WRF4NAM36*
WRF4NAM12          30.0   92       C9          WRF4NAM12*
NMM3NAM36          30.0   99  #ffc219          NMM3NAM36*
NMM3NAM12          28.0   99  #ffc219          NMM3NAM12*
NMM3NAM4           20.0   99  #ffc219           NMM3NAM4*
NMM3GFS36          26.0   99  #CDB7F6          NMM3GFS36*
NMM3GFS12          27.0   99  #CDB7F6          NMM3GFS12*
WRF2NAM108         29.0   99  #65fe08         WRF2NAM108*
WRF2NAM36          24.0   99  #65fe08          WRF2NAM36*
WRF2NAM12          23.0   99  #65fe08          WRF2NAM12*
WRF2NAM81          20.0   99  #fc3232          WRF2NAM81*
WRF2NAM27          18.0   99  #fc3232          WRF2NAM27*
WRF2NAM9           17.0   99  #fc3232           WRF2NAM9*
WRF2GFS108         28.0   99  #754200         WRF2GFS108*
WRF2GFS36          24.0   99  #754200          WRF2GFS36*
WRF2GFS12          24.0   99  #754200          WRF2GFS12*
WRF2GFS81          21.0   99  #00FFFF          WRF2GFS81*
WRF2GFS27          19.0   99  #00FFFF          WRF2GFS27*
WRF2GFS9           22.0   99  #00FFFF           WRF2GFS9*
WRF4RDPS9          27.5   78  #fc23ba          WRF4RDPS9*
WRF4RDPS3          42.0   78  #fc23ba          WRF4RDPS3*
MPAS25g1           20.0   99  #a1a1a1           MPAS25g1*
MPAS25g2           18.0   99  #a1a1a1           MPAS25g2*
ENS (short range)  18.0   99  #000000  ENS (short range)*
ENS (low-res)      18.0   99  #000000      ENS (low-res)*
ENS (high-res)     16.0   99  #000000     ENS (high-res)*
ENS (long range)   19.0   99  #000000   ENS (long range)*
/verification/Statistics/MM5/g2/small/SFCTC_KF/MAE_weekly_SFCTC_KF_120hr_small.txt
/verification/Statistics/MM5/g3/small/SFCTC_KF/MAE_weekly_SFCTC_KF_120hr_small.txt
/verification/Statistics/MM5/g4/small/SFCTC_KF/MAE_weekly_SFCTC_KF_120hr_small.txt
/verification/Statistics/MM5G/g2/small/SFCTC_KF/MAE_weekly_SFCTC_KF_120hr_small.txt
/verification/Statistics/MM5G/g3/small/SFCTC_KF/MAE_weekly_SFCTC_KF_120hr_small.txt
/verification/Statistics/MM5G/g4/small/SFCTC_KF/MAE_weekly_SFCTC_KF_120hr_small.txt
/verification/Statistics/MM5G/g5/small/SFCTC_KF/MAE_weekly_SFCTC_KF_120hr_small.txt
/verification/Statistics/WRF3GEM/g2/small/SFCTC_KF/MAE_weekly_SFCTC_KF_120hr_small.txt
/verification/Statistics/WRF3GEM/g3/small/SFCTC_KF/MAE_weekly_SFCTC_KF_120hr_small.txt
/verification/Statistics/WRF3GEM/g4/small/SFCTC_KF/MAE_weekly_SFCTC_KF_120hr_small.txt
/verification/Statistics/WRF3NAM/g2/small/SFCTC_KF/MAE_weekly_SFCTC_KF_120hr_small.txt
/verification/Statistics/WRF3NAM/g3/small/SFCTC_KF/MAE_weekly_SFCTC_KF_120hr_small.txt
/verification/Statistics/WRF3NAM/g4/small/SFCTC_KF/MAE_weekly_SFCTC_KF_120hr_small.txt
/verification/Statistics/WRF3GFS/g2/small/SFCTC_KF/MAE_weekly_SFCTC_KF_120hr_small.txt
/verification/Statistics/WRF3GFS/g3/small/SFCTC_KF/MAE_weekly_SFCTC_KF_120hr_small.txt
/verification/Statistics/WRF3GFS/g4/small/SFCTC_KF/MAE_weekly_SFCTC_KF_120hr_small.txt
/verification/Statistics/WRF3GFS/g5/small/SFCTC_KF/MAE_weekly_SFCTC_KF_120hr_small.txt
/verification/Statistics/WRF3NAVGEM/g2/small/SFCTC_KF/MAE_weekly_SFCTC_KF_120hr_small.txt
/verification/Statistics/WRF3NAVGEM/g3/small/SFCTC_KF/MAE_weekly_SFCTC_KF_120hr_small.txt
/verification/Statistics/WRF3NAVGEM/g4/small/SFCTC_KF/MAE_weekly_SFCTC_KF_120hr_small.txt
/verification/Statistics/WRF3GFSgc01/g2/small/SFCTC_KF/MAE_weekly_SFCTC_KF_120hr_small.txt
/verification/Statistics/WRF3GFSgc01/g3/small/SFCTC_KF/MAE_weekly_SFCTC_KF_120hr_small.txt
/verification/Statistics/WRF3ARPEGE/g2/small/SFCTC_KF/MAE_weekly_SFCTC_KF_120hr_small.txt
/verification/Statistics/WRF3ARPEGE/g3/small/SFCTC_KF/MAE_weekly_SFCTC_KF_120hr_small.txt
/verification/Statistics/WRF4ICON/g2/small/SFCTC_KF/MAE_weekly_SFCTC_KF_120hr_small.txt
/verification/Statistics/WRF4ICON/g3/small/SFCTC_KF/MAE_weekly_SFCTC_KF_120hr_small.txt
/verification/Statistics/WRF4NAM/g2/small/SFCTC_KF/MAE_weekly_SFCTC_KF_120hr_small.txt
/verification/Statistics/WRF4NAM/g3/small/SFCTC_KF/MAE_weekly_SFCTC_KF_120hr_small.txt
/verification/Statistics/WRF4NAM/g4/small/SFCTC_KF/MAE_weekly_SFCTC_KF_120hr_small.txt
/verification/Statistics/NMM3NAM/g2/small/SFCTC_KF/MAE_weekly_SFCTC_KF_120hr_small.txt
/verification/Statistics/NMM3NAM/g3/small/SFCTC_KF/MAE_weekly_SFCTC_KF_120hr_small.txt
/verification/Statistics/NMM3NAM/g4/small/SFCTC_KF/MAE_weekly_SFCTC_KF_120hr_small.txt
/verification/Statistics/NMM3GFS/g2/small/SFCTC_KF/MAE_weekly_SFCTC_KF_120hr_small.txt
/verification/Statistics/NMM3GFS/g3/small/SFCTC_KF/MAE_weekly_SFCTC_KF_120hr_small.txt
/verification/Statistics/WRF2NAM/g1/small/SFCTC_KF/MAE_weekly_SFCTC_KF_120hr_small.txt
/verification/Statistics/WRF2NAM/g2/small/SFCTC_KF/MAE_weekly_SFCTC_KF_120hr_small.txt
/verification/Statistics/WRF2NAM/g3/small/SFCTC_KF/MAE_weekly_SFCTC_KF_120hr_small.txt
/verification/Statistics/WRF2NAM81/g1/small/SFCTC_KF/MAE_weekly_SFCTC_KF_120hr_small.txt
/verification/Statistics/WRF2NAM81/g2/small/SFCTC_KF/MAE_weekly_SFCTC_KF_120hr_small.txt
/verification/Statistics/WRF2NAM81/g3/small/SFCTC_KF/MAE_weekly_SFCTC_KF_120hr_small.txt
/verification/Statistics/WRF2GFS/g1/small/SFCTC_KF/MAE_weekly_SFCTC_KF_120hr_small.txt
/verification/Statistics/WRF2GFS/g2/small/SFCTC_KF/MAE_weekly_SFCTC_KF_120hr_small.txt
/verification/Statistics/WRF2GFS/g3/small/SFCTC_KF/MAE_weekly_SFCTC_KF_120hr_small.txt
/verification/Statistics/WRF2GFS81/g1/small/SFCTC_KF/MAE_weekly_SFCTC_KF_120hr_small.txt
/verification/Statistics/WRF2GFS81/g2/small/SFCTC_KF/MAE_weekly_SFCTC_KF_120hr_small.txt
/verification/Statistics/WRF2GFS81/g3/small/SFCTC_KF/MAE_weekly_SFCTC_KF_120hr_small.txt
/verification/Statistics/WRF4RDPS/g3/small/SFCTC_KF/MAE_weekly_SFCTC_KF_120hr_small.txt
/verification/Statistics/WRF4RDPS/g4/small/SFCTC_KF/MAE_weekly_SFCTC_KF_120hr_small.txt
/verification/Statistics/WRF4RDPS/g5/small/SFCTC_KF/MAE_weekly_SFCTC_KF_120hr_small.txt
/verification/Statistics/MPAS25/g1/small/SFCTC_KF/MAE_weekly_SFCTC_KF_120hr_small.txt
/verification/Statistics/MPAS25/g2/small/SFCTC_KF/MAE_weekly_SFCTC_KF_120hr_small.txt
/verification/Statistics/ENS/small/SFCTC_KF/MAE_weekly_SFCTC_KF_120hr_small.txt
/verification/Statistics/ENS_lr/small/SFCTC_KF/MAE_weekly_SFCTC_KF_120hr_small.txt
/verification/Statistics/ENS_hr/small/SFCTC_KF/MAE_weekly_SFCTC_KF_120hr_small.txt
/verification/Statistics/ENS_LR/small/SFCTC_KF/MAE_weekly_SFCTC_KF_120hr_small.txt
                           0    1   colors        edited_names
WRF3GEM36          11.310000  100       C2           WRF3GEM36
WRF3GEM12          15.390000  100       C2           WRF3GEM12
WRF3GFS36           9.282828   99       C4          WRF3GFS36*
WRF3GFS12          16.414141   99       C4          WRF3GFS12*
WRF3NAVGEM36       10.682353   85       C5       WRF3NAVGEM36*
WRF3NAVGEM12       11.080460   87       C5       WRF3NAVGEM12*
WRF3GFSgc27        10.535354   99       C6        WRF3GFSgc27*
WRF3GFSgc9         17.424242   99       C6         WRF3GFSgc9*
WRF4ICON27         12.545455   99       C8         WRF4ICON27*
WRF4ICON9          17.919192   99       C8          WRF4ICON9*
NMM3GFS36          12.333333   99  #CDB7F6          NMM3GFS36*
NMM3GFS12          12.919192   99  #CDB7F6          NMM3GFS12*
WRF2GFS108         13.959596   99  #754200         WRF2GFS108*
WRF2GFS36          11.929293   99  #754200          WRF2GFS36*
WRF2GFS12          12.303030   99  #754200          WRF2GFS12*
WRF2GFS81          10.989899   99  #00FFFF          WRF2GFS81*
WRF2GFS27           9.676768   99  #00FFFF          WRF2GFS27*
WRF2GFS9           11.191919   99  #00FFFF           WRF2GFS9*
MPAS25g1            9.565657   99  #a1a1a1           MPAS25g1*
MPAS25g2            9.414141   99  #a1a1a1           MPAS25g2*
ENS (short range)   8.121212   99  #000000  ENS (short range)*
ENS (low-res)       8.414141   99  #000000      ENS (low-res)*
ENS (long range)    8.595960   99  #000000   ENS (long range)*
                      0    1   colors        edited_names
WRF3GEM36          14.5  100       C2           WRF3GEM36
WRF3GEM12          20.0  100       C2           WRF3GEM12
WRF3GFS36           9.0   99       C4          WRF3GFS36*
WRF3GFS12          18.0   99       C4          WRF3GFS12*
WRF3NAVGEM36       12.0   85       C5       WRF3NAVGEM36*
WRF3NAVGEM12       11.0   87       C5       WRF3NAVGEM12*
WRF3GFSgc27        10.0   99       C6        WRF3GFSgc27*
WRF3GFSgc9         19.0   99       C6         WRF3GFSgc9*
WRF4ICON27         15.0   99       C8         WRF4ICON27*
WRF4ICON9          20.0   99       C8          WRF4ICON9*
NMM3GFS36          13.0   99  #CDB7F6          NMM3GFS36*
NMM3GFS12          14.0   99  #CDB7F6          NMM3GFS12*
WRF2GFS108         14.0   99  #754200         WRF2GFS108*
WRF2GFS36          12.0   99  #754200          WRF2GFS36*
WRF2GFS12          13.0   99  #754200          WRF2GFS12*
WRF2GFS81          11.0   99  #00FFFF          WRF2GFS81*
WRF2GFS27           9.0   99  #00FFFF          WRF2GFS27*
WRF2GFS9           11.0   99  #00FFFF           WRF2GFS9*
MPAS25g1           10.0   99  #a1a1a1           MPAS25g1*
MPAS25g2            9.0   99  #a1a1a1           MPAS25g2*
ENS (short range)   8.0   99  #000000  ENS (short range)*
ENS (low-res)       8.0   99  #000000      ENS (low-res)*
ENS (long range)    8.0   99  #000000   ENS (long range)*
/verification/Statistics/MM5/g2/small/SFCTC_KF/MAE_weekly_SFCTC_KF_180hr_small.txt
/verification/Statistics/MM5/g3/small/SFCTC_KF/MAE_weekly_SFCTC_KF_180hr_small.txt
/verification/Statistics/MM5/g4/small/SFCTC_KF/MAE_weekly_SFCTC_KF_180hr_small.txt
/verification/Statistics/MM5G/g2/small/SFCTC_KF/MAE_weekly_SFCTC_KF_180hr_small.txt
/verification/Statistics/MM5G/g3/small/SFCTC_KF/MAE_weekly_SFCTC_KF_180hr_small.txt
/verification/Statistics/MM5G/g4/small/SFCTC_KF/MAE_weekly_SFCTC_KF_180hr_small.txt
/verification/Statistics/MM5G/g5/small/SFCTC_KF/MAE_weekly_SFCTC_KF_180hr_small.txt
/verification/Statistics/WRF3GEM/g2/small/SFCTC_KF/MAE_weekly_SFCTC_KF_180hr_small.txt
/verification/Statistics/WRF3GEM/g3/small/SFCTC_KF/MAE_weekly_SFCTC_KF_180hr_small.txt
/verification/Statistics/WRF3GEM/g4/small/SFCTC_KF/MAE_weekly_SFCTC_KF_180hr_small.txt
/verification/Statistics/WRF3NAM/g2/small/SFCTC_KF/MAE_weekly_SFCTC_KF_180hr_small.txt
/verification/Statistics/WRF3NAM/g3/small/SFCTC_KF/MAE_weekly_SFCTC_KF_180hr_small.txt
/verification/Statistics/WRF3NAM/g4/small/SFCTC_KF/MAE_weekly_SFCTC_KF_180hr_small.txt
/verification/Statistics/WRF3GFS/g2/small/SFCTC_KF/MAE_weekly_SFCTC_KF_180hr_small.txt
/verification/Statistics/WRF3GFS/g3/small/SFCTC_KF/MAE_weekly_SFCTC_KF_180hr_small.txt
/verification/Statistics/WRF3GFS/g4/small/SFCTC_KF/MAE_weekly_SFCTC_KF_180hr_small.txt
/verification/Statistics/WRF3GFS/g5/small/SFCTC_KF/MAE_weekly_SFCTC_KF_180hr_small.txt
/verification/Statistics/WRF3NAVGEM/g2/small/SFCTC_KF/MAE_weekly_SFCTC_KF_180hr_small.txt
/verification/Statistics/WRF3NAVGEM/g3/small/SFCTC_KF/MAE_weekly_SFCTC_KF_180hr_small.txt
/verification/Statistics/WRF3NAVGEM/g4/small/SFCTC_KF/MAE_weekly_SFCTC_KF_180hr_small.txt
/verification/Statistics/WRF3GFSgc01/g2/small/SFCTC_KF/MAE_weekly_SFCTC_KF_180hr_small.txt
/verification/Statistics/WRF3GFSgc01/g3/small/SFCTC_KF/MAE_weekly_SFCTC_KF_180hr_small.txt
/verification/Statistics/WRF3ARPEGE/g2/small/SFCTC_KF/MAE_weekly_SFCTC_KF_180hr_small.txt
/verification/Statistics/WRF3ARPEGE/g3/small/SFCTC_KF/MAE_weekly_SFCTC_KF_180hr_small.txt
/verification/Statistics/WRF4ICON/g2/small/SFCTC_KF/MAE_weekly_SFCTC_KF_180hr_small.txt
/verification/Statistics/WRF4ICON/g3/small/SFCTC_KF/MAE_weekly_SFCTC_KF_180hr_small.txt
/verification/Statistics/WRF4NAM/g2/small/SFCTC_KF/MAE_weekly_SFCTC_KF_180hr_small.txt
/verification/Statistics/WRF4NAM/g3/small/SFCTC_KF/MAE_weekly_SFCTC_KF_180hr_small.txt
/verification/Statistics/WRF4NAM/g4/small/SFCTC_KF/MAE_weekly_SFCTC_KF_180hr_small.txt
/verification/Statistics/NMM3NAM/g2/small/SFCTC_KF/MAE_weekly_SFCTC_KF_180hr_small.txt
/verification/Statistics/NMM3NAM/g3/small/SFCTC_KF/MAE_weekly_SFCTC_KF_180hr_small.txt
/verification/Statistics/NMM3NAM/g4/small/SFCTC_KF/MAE_weekly_SFCTC_KF_180hr_small.txt
/verification/Statistics/NMM3GFS/g2/small/SFCTC_KF/MAE_weekly_SFCTC_KF_180hr_small.txt
/verification/Statistics/NMM3GFS/g3/small/SFCTC_KF/MAE_weekly_SFCTC_KF_180hr_small.txt
/verification/Statistics/WRF2NAM/g1/small/SFCTC_KF/MAE_weekly_SFCTC_KF_180hr_small.txt
/verification/Statistics/WRF2NAM/g2/small/SFCTC_KF/MAE_weekly_SFCTC_KF_180hr_small.txt
/verification/Statistics/WRF2NAM/g3/small/SFCTC_KF/MAE_weekly_SFCTC_KF_180hr_small.txt
/verification/Statistics/WRF2NAM81/g1/small/SFCTC_KF/MAE_weekly_SFCTC_KF_180hr_small.txt
/verification/Statistics/WRF2NAM81/g2/small/SFCTC_KF/MAE_weekly_SFCTC_KF_180hr_small.txt
/verification/Statistics/WRF2NAM81/g3/small/SFCTC_KF/MAE_weekly_SFCTC_KF_180hr_small.txt
/verification/Statistics/WRF2GFS/g1/small/SFCTC_KF/MAE_weekly_SFCTC_KF_180hr_small.txt
/verification/Statistics/WRF2GFS/g2/small/SFCTC_KF/MAE_weekly_SFCTC_KF_180hr_small.txt
/verification/Statistics/WRF2GFS/g3/small/SFCTC_KF/MAE_weekly_SFCTC_KF_180hr_small.txt
/verification/Statistics/WRF2GFS81/g1/small/SFCTC_KF/MAE_weekly_SFCTC_KF_180hr_small.txt
/verification/Statistics/WRF2GFS81/g2/small/SFCTC_KF/MAE_weekly_SFCTC_KF_180hr_small.txt
/verification/Statistics/WRF2GFS81/g3/small/SFCTC_KF/MAE_weekly_SFCTC_KF_180hr_small.txt
/verification/Statistics/WRF4RDPS/g3/small/SFCTC_KF/MAE_weekly_SFCTC_KF_180hr_small.txt
/verification/Statistics/WRF4RDPS/g4/small/SFCTC_KF/MAE_weekly_SFCTC_KF_180hr_small.txt
/verification/Statistics/WRF4RDPS/g5/small/SFCTC_KF/MAE_weekly_SFCTC_KF_180hr_small.txt
/verification/Statistics/MPAS25/g1/small/SFCTC_KF/MAE_weekly_SFCTC_KF_180hr_small.txt
/verification/Statistics/MPAS25/g2/small/SFCTC_KF/MAE_weekly_SFCTC_KF_180hr_small.txt
/verification/Statistics/ENS/small/SFCTC_KF/MAE_weekly_SFCTC_KF_180hr_small.txt
/verification/Statistics/ENS_lr/small/SFCTC_KF/MAE_weekly_SFCTC_KF_180hr_small.txt
/verification/Statistics/ENS_hr/small/SFCTC_KF/MAE_weekly_SFCTC_KF_180hr_small.txt
/verification/Statistics/ENS_LR/small/SFCTC_KF/MAE_weekly_SFCTC_KF_180hr_small.txt
                           0   1   colors       edited_names
WRF3GFS36           7.222222  99       C4          WRF3GFS36
WRF3GFS12          12.121212  99       C4          WRF3GFS12
WRF3GFSgc27         7.959596  99       C6        WRF3GFSgc27
WRF3GFSgc9         12.363636  99       C6         WRF3GFSgc9
WRF4ICON27          8.989899  99       C8         WRF4ICON27
WRF4ICON9          12.979798  99       C8          WRF4ICON9
NMM3GFS36           9.868687  99  #CDB7F6          NMM3GFS36
NMM3GFS12          10.040404  99  #CDB7F6          NMM3GFS12
WRF2GFS108         10.838384  99  #754200         WRF2GFS108
WRF2GFS36           9.131313  99  #754200          WRF2GFS36
WRF2GFS12           9.555556  99  #754200          WRF2GFS12
WRF2GFS81           8.262626  99  #00FFFF          WRF2GFS81
WRF2GFS27           6.959596  99  #00FFFF          WRF2GFS27
WRF2GFS9            8.343434  99  #00FFFF           WRF2GFS9
ENS (short range)   5.808081  99  #000000  ENS (short range)
ENS (low-res)       6.040404  99  #000000      ENS (low-res)
ENS (long range)    6.323232  99  #000000   ENS (long range)
                      0   1   colors       edited_names
WRF3GFS36           7.0  99       C4          WRF3GFS36
WRF3GFS12          14.0  99       C4          WRF3GFS12
WRF3GFSgc27         9.0  99       C6        WRF3GFSgc27
WRF3GFSgc9         14.0  99       C6         WRF3GFSgc9
WRF4ICON27         10.0  99       C8         WRF4ICON27
WRF4ICON9          15.0  99       C8          WRF4ICON9
NMM3GFS36          11.0  99  #CDB7F6          NMM3GFS36
NMM3GFS12          11.0  99  #CDB7F6          NMM3GFS12
WRF2GFS108         11.0  99  #754200         WRF2GFS108
WRF2GFS36          10.0  99  #754200          WRF2GFS36
WRF2GFS12          11.0  99  #754200          WRF2GFS12
WRF2GFS81           8.0  99  #00FFFF          WRF2GFS81
WRF2GFS27           7.0  99  #00FFFF          WRF2GFS27
WRF2GFS9            9.0  99  #00FFFF           WRF2GFS9
ENS (short range)   6.0  99  #000000  ENS (short range)
ENS (low-res)       6.0  99  #000000      ENS (low-res)
ENS (long range)    6.0  99  #000000   ENS (long range)
/verification/Statistics/MM5/g2/small/SFCTC_KF/MAE_weekly_SFCTC_KF_day1_small.txt
/verification/Statistics/MM5/g3/small/SFCTC_KF/MAE_weekly_SFCTC_KF_day1_small.txt
/verification/Statistics/MM5/g4/small/SFCTC_KF/MAE_weekly_SFCTC_KF_day1_small.txt
/verification/Statistics/MM5G/g2/small/SFCTC_KF/MAE_weekly_SFCTC_KF_day1_small.txt
/verification/Statistics/MM5G/g3/small/SFCTC_KF/MAE_weekly_SFCTC_KF_day1_small.txt
/verification/Statistics/MM5G/g4/small/SFCTC_KF/MAE_weekly_SFCTC_KF_day1_small.txt
/verification/Statistics/MM5G/g5/small/SFCTC_KF/MAE_weekly_SFCTC_KF_day1_small.txt
/verification/Statistics/WRF3GEM/g2/small/SFCTC_KF/MAE_weekly_SFCTC_KF_day1_small.txt
/verification/Statistics/WRF3GEM/g3/small/SFCTC_KF/MAE_weekly_SFCTC_KF_day1_small.txt
/verification/Statistics/WRF3GEM/g4/small/SFCTC_KF/MAE_weekly_SFCTC_KF_day1_small.txt
/verification/Statistics/WRF3NAM/g2/small/SFCTC_KF/MAE_weekly_SFCTC_KF_day1_small.txt
/verification/Statistics/WRF3NAM/g3/small/SFCTC_KF/MAE_weekly_SFCTC_KF_day1_small.txt
/verification/Statistics/WRF3NAM/g4/small/SFCTC_KF/MAE_weekly_SFCTC_KF_day1_small.txt
/verification/Statistics/WRF3GFS/g2/small/SFCTC_KF/MAE_weekly_SFCTC_KF_day1_small.txt
/verification/Statistics/WRF3GFS/g3/small/SFCTC_KF/MAE_weekly_SFCTC_KF_day1_small.txt
/verification/Statistics/WRF3GFS/g4/small/SFCTC_KF/MAE_weekly_SFCTC_KF_day1_small.txt
/verification/Statistics/WRF3GFS/g5/small/SFCTC_KF/MAE_weekly_SFCTC_KF_day1_small.txt
/verification/Statistics/WRF3NAVGEM/g2/small/SFCTC_KF/MAE_weekly_SFCTC_KF_day1_small.txt
/verification/Statistics/WRF3NAVGEM/g3/small/SFCTC_KF/MAE_weekly_SFCTC_KF_day1_small.txt
/verification/Statistics/WRF3NAVGEM/g4/small/SFCTC_KF/MAE_weekly_SFCTC_KF_day1_small.txt
/verification/Statistics/WRF3GFSgc01/g2/small/SFCTC_KF/MAE_weekly_SFCTC_KF_day1_small.txt
/verification/Statistics/WRF3GFSgc01/g3/small/SFCTC_KF/MAE_weekly_SFCTC_KF_day1_small.txt
/verification/Statistics/WRF3ARPEGE/g2/small/SFCTC_KF/MAE_weekly_SFCTC_KF_day1_small.txt
/verification/Statistics/WRF3ARPEGE/g3/small/SFCTC_KF/MAE_weekly_SFCTC_KF_day1_small.txt
/verification/Statistics/WRF4ICON/g2/small/SFCTC_KF/MAE_weekly_SFCTC_KF_day1_small.txt
/verification/Statistics/WRF4ICON/g3/small/SFCTC_KF/MAE_weekly_SFCTC_KF_day1_small.txt
/verification/Statistics/WRF4NAM/g2/small/SFCTC_KF/MAE_weekly_SFCTC_KF_day1_small.txt
/verification/Statistics/WRF4NAM/g3/small/SFCTC_KF/MAE_weekly_SFCTC_KF_day1_small.txt
/verification/Statistics/WRF4NAM/g4/small/SFCTC_KF/MAE_weekly_SFCTC_KF_day1_small.txt
/verification/Statistics/NMM3NAM/g2/small/SFCTC_KF/MAE_weekly_SFCTC_KF_day1_small.txt
/verification/Statistics/NMM3NAM/g3/small/SFCTC_KF/MAE_weekly_SFCTC_KF_day1_small.txt
/verification/Statistics/NMM3NAM/g4/small/SFCTC_KF/MAE_weekly_SFCTC_KF_day1_small.txt
/verification/Statistics/NMM3GFS/g2/small/SFCTC_KF/MAE_weekly_SFCTC_KF_day1_small.txt
/verification/Statistics/NMM3GFS/g3/small/SFCTC_KF/MAE_weekly_SFCTC_KF_day1_small.txt
/verification/Statistics/WRF2NAM/g1/small/SFCTC_KF/MAE_weekly_SFCTC_KF_day1_small.txt
/verification/Statistics/WRF2NAM/g2/small/SFCTC_KF/MAE_weekly_SFCTC_KF_day1_small.txt
/verification/Statistics/WRF2NAM/g3/small/SFCTC_KF/MAE_weekly_SFCTC_KF_day1_small.txt
/verification/Statistics/WRF2NAM81/g1/small/SFCTC_KF/MAE_weekly_SFCTC_KF_day1_small.txt
/verification/Statistics/WRF2NAM81/g2/small/SFCTC_KF/MAE_weekly_SFCTC_KF_day1_small.txt
/verification/Statistics/WRF2NAM81/g3/small/SFCTC_KF/MAE_weekly_SFCTC_KF_day1_small.txt
/verification/Statistics/WRF2GFS/g1/small/SFCTC_KF/MAE_weekly_SFCTC_KF_day1_small.txt
/verification/Statistics/WRF2GFS/g2/small/SFCTC_KF/MAE_weekly_SFCTC_KF_day1_small.txt
/verification/Statistics/WRF2GFS/g3/small/SFCTC_KF/MAE_weekly_SFCTC_KF_day1_small.txt
/verification/Statistics/WRF2GFS81/g1/small/SFCTC_KF/MAE_weekly_SFCTC_KF_day1_small.txt
/verification/Statistics/WRF2GFS81/g2/small/SFCTC_KF/MAE_weekly_SFCTC_KF_day1_small.txt
/verification/Statistics/WRF2GFS81/g3/small/SFCTC_KF/MAE_weekly_SFCTC_KF_day1_small.txt
/verification/Statistics/WRF4RDPS/g3/small/SFCTC_KF/MAE_weekly_SFCTC_KF_day1_small.txt
/verification/Statistics/WRF4RDPS/g4/small/SFCTC_KF/MAE_weekly_SFCTC_KF_day1_small.txt
/verification/Statistics/WRF4RDPS/g5/small/SFCTC_KF/MAE_weekly_SFCTC_KF_day1_small.txt
/verification/Statistics/MPAS25/g1/small/SFCTC_KF/MAE_weekly_SFCTC_KF_day1_small.txt
/verification/Statistics/MPAS25/g2/small/SFCTC_KF/MAE_weekly_SFCTC_KF_day1_small.txt
/verification/Statistics/ENS/small/SFCTC_KF/MAE_weekly_SFCTC_KF_day1_small.txt
/verification/Statistics/ENS_lr/small/SFCTC_KF/MAE_weekly_SFCTC_KF_day1_small.txt
/verification/Statistics/ENS_hr/small/SFCTC_KF/MAE_weekly_SFCTC_KF_day1_small.txt
/verification/Statistics/ENS_LR/small/SFCTC_KF/MAE_weekly_SFCTC_KF_day1_small.txt
                           0    1   colors        edited_names
MM5NAM36           22.979798   99       C0           MM5NAM36*
MM5NAM12           21.080808   99       C0           MM5NAM12*
MM5NAM4            20.595960   99       C0            MM5NAM4*
MM5GFS36           21.929293   99       C1           MM5GFS36*
MM5GFS12           19.414141   99       C1           MM5GFS12*
MM5GFS4            19.525253   99       C1            MM5GFS4*
MM5GFS1.3          19.505051   99       C1          MM5GFS1.3*
WRF3GEM36          22.410000  100       C2           WRF3GEM36
WRF3GEM12          39.180000  100       C2           WRF3GEM12
WRF3GEM4           45.777778   99       C2           WRF3GEM4*
WRF3NAM36          23.747475   99       C3          WRF3NAM36*
WRF3NAM12          22.585859   99       C3          WRF3NAM12*
WRF3NAM4           23.070707   99       C3           WRF3NAM4*
WRF3GFS36          23.626263   99       C4          WRF3GFS36*
WRF3GFS12          42.121212   99       C4          WRF3GFS12*
WRF3GFS4           46.848485   99       C4           WRF3GFS4*
WRF3GFS1.3         48.838384   99       C4         WRF3GFS1.3*
WRF3NAVGEM36       29.436170   94       C5       WRF3NAVGEM36*
WRF3NAVGEM12       29.200000   95       C5       WRF3NAVGEM12*
WRF3NAVGEM4        29.578947   95       C5        WRF3NAVGEM4*
WRF3GFSgc27        19.171717   99       C6        WRF3GFSgc27*
WRF3GFSgc9         41.373737   99       C6         WRF3GFSgc9*
WRF3ARPEGE27       17.744898   98       C7       WRF3ARPEGE27*
WRF3ARPEGE9        18.285714   98       C7        WRF3ARPEGE9*
WRF4ICON27         30.202020   99       C8         WRF4ICON27*
WRF4ICON9          43.929293   99       C8          WRF4ICON9*
WRF4NAM36          27.108696   92       C9          WRF4NAM36*
WRF4NAM12          26.456522   92       C9          WRF4NAM12*
WRF4NAM4           25.021053   95       C9           WRF4NAM4*
NMM3NAM36          28.707071   99  #ffc219          NMM3NAM36*
NMM3NAM12          28.000000   99  #ffc219          NMM3NAM12*
NMM3NAM4           21.181818   99  #ffc219           NMM3NAM4*
NMM3GFS36          29.575758   99  #CDB7F6          NMM3GFS36*
NMM3GFS12          29.484848   99  #CDB7F6          NMM3GFS12*
WRF2NAM108         31.656566   99  #65fe08         WRF2NAM108*
WRF2NAM36          26.989899   99  #65fe08          WRF2NAM36*
WRF2NAM12          27.565657   99  #65fe08          WRF2NAM12*
WRF2NAM81          28.585859   99  #fc3232          WRF2NAM81*
WRF2NAM27          25.565657   99  #fc3232          WRF2NAM27*
WRF2NAM9           25.929293   99  #fc3232           WRF2NAM9*
WRF2GFS108         31.737374   99  #754200         WRF2GFS108*
WRF2GFS36          27.171717   99  #754200          WRF2GFS36*
WRF2GFS12          26.878788   99  #754200          WRF2GFS12*
WRF2GFS81          28.777778   99  #00FFFF          WRF2GFS81*
WRF2GFS27          26.595960   99  #00FFFF          WRF2GFS27*
WRF2GFS9           27.565657   99  #00FFFF           WRF2GFS9*
WRF4RDPS9          23.705128   78  #fc23ba          WRF4RDPS9*
WRF4RDPS3          40.179487   78  #fc23ba          WRF4RDPS3*
WRF4RDPS1          46.243590   78  #fc23ba          WRF4RDPS1*
MPAS25g1           18.626263   99  #a1a1a1           MPAS25g1*
MPAS25g2           17.545455   99  #a1a1a1           MPAS25g2*
ENS (short range)  18.646465   99  #000000  ENS (short range)*
ENS (low-res)      19.949495   99  #000000      ENS (low-res)*
ENS (high-res)     15.949495   99  #000000     ENS (high-res)*
ENS (long range)   19.515152   99  #000000   ENS (long range)*
                      0    1   colors        edited_names
MM5NAM36           24.0   99       C0           MM5NAM36*
MM5NAM12           20.0   99       C0           MM5NAM12*
MM5NAM4            20.0   99       C0            MM5NAM4*
MM5GFS36           22.0   99       C1           MM5GFS36*
MM5GFS12           18.0   99       C1           MM5GFS12*
MM5GFS4            18.0   99       C1            MM5GFS4*
MM5GFS1.3          17.0   99       C1          MM5GFS1.3*
WRF3GEM36          17.5  100       C2           WRF3GEM36
WRF3GEM12          46.0  100       C2           WRF3GEM12
WRF3GEM4           50.0   99       C2           WRF3GEM4*
WRF3NAM36          23.0   99       C3          WRF3NAM36*
WRF3NAM12          21.0   99       C3          WRF3NAM12*
WRF3NAM4           22.0   99       C3           WRF3NAM4*
WRF3GFS36          24.0   99       C4          WRF3GFS36*
WRF3GFS12          46.0   99       C4          WRF3GFS12*
WRF3GFS4           50.0   99       C4           WRF3GFS4*
WRF3GFS1.3         52.0   99       C4         WRF3GFS1.3*
WRF3NAVGEM36       38.0   94       C5       WRF3NAVGEM36*
WRF3NAVGEM12       36.0   95       C5       WRF3NAVGEM12*
WRF3NAVGEM4        39.0   95       C5        WRF3NAVGEM4*
WRF3GFSgc27        18.0   99       C6        WRF3GFSgc27*
WRF3GFSgc9         46.0   99       C6         WRF3GFSgc9*
WRF3ARPEGE27       14.5   98       C7       WRF3ARPEGE27*
WRF3ARPEGE9        15.0   98       C7        WRF3ARPEGE9*
WRF4ICON27         33.0   99       C8         WRF4ICON27*
WRF4ICON9          47.0   99       C8          WRF4ICON9*
WRF4NAM36          30.0   92       C9          WRF4NAM36*
WRF4NAM12          30.0   92       C9          WRF4NAM12*
WRF4NAM4           26.0   95       C9           WRF4NAM4*
NMM3NAM36          29.0   99  #ffc219          NMM3NAM36*
NMM3NAM12          28.0   99  #ffc219          NMM3NAM12*
NMM3NAM4           20.0   99  #ffc219           NMM3NAM4*
NMM3GFS36          33.0   99  #CDB7F6          NMM3GFS36*
NMM3GFS12          32.0   99  #CDB7F6          NMM3GFS12*
WRF2NAM108         32.0   99  #65fe08         WRF2NAM108*
WRF2NAM36          28.0   99  #65fe08          WRF2NAM36*
WRF2NAM12          29.0   99  #65fe08          WRF2NAM12*
WRF2NAM81          33.0   99  #fc3232          WRF2NAM81*
WRF2NAM27          28.0   99  #fc3232          WRF2NAM27*
WRF2NAM9           28.0   99  #fc3232           WRF2NAM9*
WRF2GFS108         34.0   99  #754200         WRF2GFS108*
WRF2GFS36          28.0   99  #754200          WRF2GFS36*
WRF2GFS12          29.0   99  #754200          WRF2GFS12*
WRF2GFS81          31.0   99  #00FFFF          WRF2GFS81*
WRF2GFS27          29.0   99  #00FFFF          WRF2GFS27*
WRF2GFS9           30.0   99  #00FFFF           WRF2GFS9*
WRF4RDPS9          18.0   78  #fc23ba          WRF4RDPS9*
WRF4RDPS3          48.5   78  #fc23ba          WRF4RDPS3*
WRF4RDPS1          52.0   78  #fc23ba          WRF4RDPS1*
MPAS25g1           16.0   99  #a1a1a1           MPAS25g1*
MPAS25g2           15.0   99  #a1a1a1           MPAS25g2*
ENS (short range)  19.0   99  #000000  ENS (short range)*
ENS (low-res)      20.0   99  #000000      ENS (low-res)*
ENS (high-res)     16.0   99  #000000     ENS (high-res)*
ENS (long range)   20.0   99  #000000   ENS (long range)*
/verification/Statistics/MM5/g2/small/SFCTC_KF/MAE_weekly_SFCTC_KF_day2_small.txt
/verification/Statistics/MM5/g3/small/SFCTC_KF/MAE_weekly_SFCTC_KF_day2_small.txt
/verification/Statistics/MM5/g4/small/SFCTC_KF/MAE_weekly_SFCTC_KF_day2_small.txt
/verification/Statistics/MM5G/g2/small/SFCTC_KF/MAE_weekly_SFCTC_KF_day2_small.txt
/verification/Statistics/MM5G/g3/small/SFCTC_KF/MAE_weekly_SFCTC_KF_day2_small.txt
/verification/Statistics/MM5G/g4/small/SFCTC_KF/MAE_weekly_SFCTC_KF_day2_small.txt
/verification/Statistics/MM5G/g5/small/SFCTC_KF/MAE_weekly_SFCTC_KF_day2_small.txt
/verification/Statistics/WRF3GEM/g2/small/SFCTC_KF/MAE_weekly_SFCTC_KF_day2_small.txt
/verification/Statistics/WRF3GEM/g3/small/SFCTC_KF/MAE_weekly_SFCTC_KF_day2_small.txt
/verification/Statistics/WRF3GEM/g4/small/SFCTC_KF/MAE_weekly_SFCTC_KF_day2_small.txt
/verification/Statistics/WRF3NAM/g2/small/SFCTC_KF/MAE_weekly_SFCTC_KF_day2_small.txt
/verification/Statistics/WRF3NAM/g3/small/SFCTC_KF/MAE_weekly_SFCTC_KF_day2_small.txt
/verification/Statistics/WRF3NAM/g4/small/SFCTC_KF/MAE_weekly_SFCTC_KF_day2_small.txt
/verification/Statistics/WRF3GFS/g2/small/SFCTC_KF/MAE_weekly_SFCTC_KF_day2_small.txt
/verification/Statistics/WRF3GFS/g3/small/SFCTC_KF/MAE_weekly_SFCTC_KF_day2_small.txt
/verification/Statistics/WRF3GFS/g4/small/SFCTC_KF/MAE_weekly_SFCTC_KF_day2_small.txt
/verification/Statistics/WRF3GFS/g5/small/SFCTC_KF/MAE_weekly_SFCTC_KF_day2_small.txt
/verification/Statistics/WRF3NAVGEM/g2/small/SFCTC_KF/MAE_weekly_SFCTC_KF_day2_small.txt
/verification/Statistics/WRF3NAVGEM/g3/small/SFCTC_KF/MAE_weekly_SFCTC_KF_day2_small.txt
/verification/Statistics/WRF3NAVGEM/g4/small/SFCTC_KF/MAE_weekly_SFCTC_KF_day2_small.txt
/verification/Statistics/WRF3GFSgc01/g2/small/SFCTC_KF/MAE_weekly_SFCTC_KF_day2_small.txt
/verification/Statistics/WRF3GFSgc01/g3/small/SFCTC_KF/MAE_weekly_SFCTC_KF_day2_small.txt
/verification/Statistics/WRF3ARPEGE/g2/small/SFCTC_KF/MAE_weekly_SFCTC_KF_day2_small.txt
/verification/Statistics/WRF3ARPEGE/g3/small/SFCTC_KF/MAE_weekly_SFCTC_KF_day2_small.txt
/verification/Statistics/WRF4ICON/g2/small/SFCTC_KF/MAE_weekly_SFCTC_KF_day2_small.txt
/verification/Statistics/WRF4ICON/g3/small/SFCTC_KF/MAE_weekly_SFCTC_KF_day2_small.txt
/verification/Statistics/WRF4NAM/g2/small/SFCTC_KF/MAE_weekly_SFCTC_KF_day2_small.txt
/verification/Statistics/WRF4NAM/g3/small/SFCTC_KF/MAE_weekly_SFCTC_KF_day2_small.txt
/verification/Statistics/WRF4NAM/g4/small/SFCTC_KF/MAE_weekly_SFCTC_KF_day2_small.txt
/verification/Statistics/NMM3NAM/g2/small/SFCTC_KF/MAE_weekly_SFCTC_KF_day2_small.txt
/verification/Statistics/NMM3NAM/g3/small/SFCTC_KF/MAE_weekly_SFCTC_KF_day2_small.txt
/verification/Statistics/NMM3NAM/g4/small/SFCTC_KF/MAE_weekly_SFCTC_KF_day2_small.txt
/verification/Statistics/NMM3GFS/g2/small/SFCTC_KF/MAE_weekly_SFCTC_KF_day2_small.txt
/verification/Statistics/NMM3GFS/g3/small/SFCTC_KF/MAE_weekly_SFCTC_KF_day2_small.txt
/verification/Statistics/WRF2NAM/g1/small/SFCTC_KF/MAE_weekly_SFCTC_KF_day2_small.txt
/verification/Statistics/WRF2NAM/g2/small/SFCTC_KF/MAE_weekly_SFCTC_KF_day2_small.txt
/verification/Statistics/WRF2NAM/g3/small/SFCTC_KF/MAE_weekly_SFCTC_KF_day2_small.txt
/verification/Statistics/WRF2NAM81/g1/small/SFCTC_KF/MAE_weekly_SFCTC_KF_day2_small.txt
/verification/Statistics/WRF2NAM81/g2/small/SFCTC_KF/MAE_weekly_SFCTC_KF_day2_small.txt
/verification/Statistics/WRF2NAM81/g3/small/SFCTC_KF/MAE_weekly_SFCTC_KF_day2_small.txt
/verification/Statistics/WRF2GFS/g1/small/SFCTC_KF/MAE_weekly_SFCTC_KF_day2_small.txt
/verification/Statistics/WRF2GFS/g2/small/SFCTC_KF/MAE_weekly_SFCTC_KF_day2_small.txt
/verification/Statistics/WRF2GFS/g3/small/SFCTC_KF/MAE_weekly_SFCTC_KF_day2_small.txt
/verification/Statistics/WRF2GFS81/g1/small/SFCTC_KF/MAE_weekly_SFCTC_KF_day2_small.txt
/verification/Statistics/WRF2GFS81/g2/small/SFCTC_KF/MAE_weekly_SFCTC_KF_day2_small.txt
/verification/Statistics/WRF2GFS81/g3/small/SFCTC_KF/MAE_weekly_SFCTC_KF_day2_small.txt
/verification/Statistics/WRF4RDPS/g3/small/SFCTC_KF/MAE_weekly_SFCTC_KF_day2_small.txt
/verification/Statistics/WRF4RDPS/g4/small/SFCTC_KF/MAE_weekly_SFCTC_KF_day2_small.txt
/verification/Statistics/WRF4RDPS/g5/small/SFCTC_KF/MAE_weekly_SFCTC_KF_day2_small.txt
/verification/Statistics/MPAS25/g1/small/SFCTC_KF/MAE_weekly_SFCTC_KF_day2_small.txt
/verification/Statistics/MPAS25/g2/small/SFCTC_KF/MAE_weekly_SFCTC_KF_day2_small.txt
/verification/Statistics/ENS/small/SFCTC_KF/MAE_weekly_SFCTC_KF_day2_small.txt
/verification/Statistics/ENS_lr/small/SFCTC_KF/MAE_weekly_SFCTC_KF_day2_small.txt
/verification/Statistics/ENS_hr/small/SFCTC_KF/MAE_weekly_SFCTC_KF_day2_small.txt
/verification/Statistics/ENS_LR/small/SFCTC_KF/MAE_weekly_SFCTC_KF_day2_small.txt
                           0   1   colors        edited_names
MM5NAM36           25.091837  98       C0           MM5NAM36*
MM5NAM12           27.091837  98       C0           MM5NAM12*
MM5NAM4            27.244898  98       C0            MM5NAM4*
MM5GFS36           27.867347  98       C1           MM5GFS36*
MM5GFS12           27.836735  98       C1           MM5GFS12*
MM5GFS4            27.918367  98       C1            MM5GFS4*
MM5GFS1.3          28.428571  98       C1          MM5GFS1.3*
WRF3GEM36          23.717172  99       C2          WRF3GEM36*
WRF3GEM12          32.353535  99       C2          WRF3GEM12*
WRF3GEM4           41.265306  98       C2           WRF3GEM4*
WRF3NAM36          20.959184  98       C3          WRF3NAM36*
WRF3NAM12          20.979592  98       C3          WRF3NAM12*
WRF3NAM4           22.071429  98       C3           WRF3NAM4*
WRF3GFS36          22.622449  98       C4          WRF3GFS36*
WRF3GFS12          35.469388  98       C4          WRF3GFS12*
WRF3GFS4           41.642857  98       C4           WRF3GFS4*
WRF3GFS1.3         43.622449  98       C4         WRF3GFS1.3*
WRF3NAVGEM36       25.488636  88       C5       WRF3NAVGEM36*
WRF3NAVGEM12       25.633333  90       C5       WRF3NAVGEM12*
WRF3NAVGEM4        28.428571  91       C5        WRF3NAVGEM4*
WRF3GFSgc27        26.091837  98       C6        WRF3GFSgc27*
WRF3GFSgc9         38.928571  98       C6         WRF3GFSgc9*
WRF3ARPEGE27       27.608247  97       C7       WRF3ARPEGE27*
WRF3ARPEGE9        27.886598  97       C7        WRF3ARPEGE9*
WRF4ICON27         29.632653  98       C8         WRF4ICON27*
WRF4ICON9          39.265306  98       C8          WRF4ICON9*
WRF4NAM36          24.087912  91       C9          WRF4NAM36*
WRF4NAM12          24.219780  91       C9          WRF4NAM12*
WRF4NAM4           24.446809  94       C9           WRF4NAM4*
NMM3NAM36          27.714286  98  #ffc219          NMM3NAM36*
NMM3NAM12          28.224490  98  #ffc219          NMM3NAM12*
NMM3NAM4           21.969388  98  #ffc219           NMM3NAM4*
NMM3GFS36          27.193878  98  #CDB7F6          NMM3GFS36*
NMM3GFS12          28.244898  98  #CDB7F6          NMM3GFS12*
WRF2NAM108         27.479592  98  #65fe08         WRF2NAM108*
WRF2NAM36          24.428571  98  #65fe08          WRF2NAM36*
WRF2NAM12          24.693878  98  #65fe08          WRF2NAM12*
WRF2NAM81          22.785714  98  #fc3232          WRF2NAM81*
WRF2NAM27          20.571429  98  #fc3232          WRF2NAM27*
WRF2NAM9           22.397959  98  #fc3232           WRF2NAM9*
WRF2GFS108         29.377551  98  #754200         WRF2GFS108*
WRF2GFS36          26.826531  98  #754200          WRF2GFS36*
WRF2GFS12          26.683673  98  #754200          WRF2GFS12*
WRF2GFS81          24.989796  98  #00FFFF          WRF2GFS81*
WRF2GFS27          23.010204  98  #00FFFF          WRF2GFS27*
WRF2GFS9           24.867347  98  #00FFFF           WRF2GFS9*
WRF4RDPS9          26.324675  77  #fc23ba          WRF4RDPS9*
WRF4RDPS3          34.558442  77  #fc23ba          WRF4RDPS3*
WRF4RDPS1          40.103896  77  #fc23ba          WRF4RDPS1*
MPAS25g1           23.785714  98  #a1a1a1           MPAS25g1*
MPAS25g2           23.357143  98  #a1a1a1           MPAS25g2*
ENS (short range)  20.663265  98  #000000  ENS (short range)*
ENS (low-res)      21.693878  98  #000000      ENS (low-res)*
ENS (high-res)     20.122449  98  #000000     ENS (high-res)*
ENS (long range)   23.030612  98  #000000   ENS (long range)*
                      0   1   colors        edited_names
MM5NAM36           25.5  98       C0           MM5NAM36*
MM5NAM12           27.0  98       C0           MM5NAM12*
MM5NAM4            27.0  98       C0            MM5NAM4*
MM5GFS36           31.0  98       C1           MM5GFS36*
MM5GFS12           29.0  98       C1           MM5GFS12*
MM5GFS4            30.0  98       C1            MM5GFS4*
MM5GFS1.3          31.0  98       C1          MM5GFS1.3*
WRF3GEM36          21.0  99       C2          WRF3GEM36*
WRF3GEM12          40.0  99       C2          WRF3GEM12*
WRF3GEM4           47.0  98       C2           WRF3GEM4*
WRF3NAM36          19.0  98       C3          WRF3NAM36*
WRF3NAM12          19.5  98       C3          WRF3NAM12*
WRF3NAM4           20.5  98       C3           WRF3NAM4*
WRF3GFS36          22.5  98       C4          WRF3GFS36*
WRF3GFS12          41.0  98       C4          WRF3GFS12*
WRF3GFS4           47.0  98       C4           WRF3GFS4*
WRF3GFS1.3         49.0  98       C4         WRF3GFS1.3*
WRF3NAVGEM36       26.0  88       C5       WRF3NAVGEM36*
WRF3NAVGEM12       26.0  90       C5       WRF3NAVGEM12*
WRF3NAVGEM4        34.0  91       C5        WRF3NAVGEM4*
WRF3GFSgc27        26.5  98       C6        WRF3GFSgc27*
WRF3GFSgc9         43.0  98       C6         WRF3GFSgc9*
WRF3ARPEGE27       30.0  97       C7       WRF3ARPEGE27*
WRF3ARPEGE9        31.0  97       C7        WRF3ARPEGE9*
WRF4ICON27         33.0  98       C8         WRF4ICON27*
WRF4ICON9          45.5  98       C8          WRF4ICON9*
WRF4NAM36          18.0  91       C9          WRF4NAM36*
WRF4NAM12          21.0  91       C9          WRF4NAM12*
WRF4NAM4           17.0  94       C9           WRF4NAM4*
NMM3NAM36          27.0  98  #ffc219          NMM3NAM36*
NMM3NAM12          27.0  98  #ffc219          NMM3NAM12*
NMM3NAM4           18.5  98  #ffc219           NMM3NAM4*
NMM3GFS36          28.0  98  #CDB7F6          NMM3GFS36*
NMM3GFS12          30.5  98  #CDB7F6          NMM3GFS12*
WRF2NAM108         29.0  98  #65fe08         WRF2NAM108*
WRF2NAM36          25.5  98  #65fe08          WRF2NAM36*
WRF2NAM12          25.0  98  #65fe08          WRF2NAM12*
WRF2NAM81          23.0  98  #fc3232          WRF2NAM81*
WRF2NAM27          20.0  98  #fc3232          WRF2NAM27*
WRF2NAM9           20.0  98  #fc3232           WRF2NAM9*
WRF2GFS108         30.5  98  #754200         WRF2GFS108*
WRF2GFS36          25.0  98  #754200          WRF2GFS36*
WRF2GFS12          26.0  98  #754200          WRF2GFS12*
WRF2GFS81          25.5  98  #00FFFF          WRF2GFS81*
WRF2GFS27          23.5  98  #00FFFF          WRF2GFS27*
WRF2GFS9           24.5  98  #00FFFF           WRF2GFS9*
WRF4RDPS9          24.0  77  #fc23ba          WRF4RDPS9*
WRF4RDPS3          43.0  77  #fc23ba          WRF4RDPS3*
WRF4RDPS1          48.0  77  #fc23ba          WRF4RDPS1*
MPAS25g1           23.5  98  #a1a1a1           MPAS25g1*
MPAS25g2           21.0  98  #a1a1a1           MPAS25g2*
ENS (short range)  22.0  98  #000000  ENS (short range)*
ENS (low-res)      21.5  98  #000000      ENS (low-res)*
ENS (high-res)     20.0  98  #000000     ENS (high-res)*
ENS (long range)   23.0  98  #000000   ENS (long range)*
/verification/Statistics/MM5/g2/small/SFCTC_KF/MAE_weekly_SFCTC_KF_day3_small.txt
/verification/Statistics/MM5/g3/small/SFCTC_KF/MAE_weekly_SFCTC_KF_day3_small.txt
/verification/Statistics/MM5/g4/small/SFCTC_KF/MAE_weekly_SFCTC_KF_day3_small.txt
/verification/Statistics/MM5G/g2/small/SFCTC_KF/MAE_weekly_SFCTC_KF_day3_small.txt
/verification/Statistics/MM5G/g3/small/SFCTC_KF/MAE_weekly_SFCTC_KF_day3_small.txt
/verification/Statistics/MM5G/g4/small/SFCTC_KF/MAE_weekly_SFCTC_KF_day3_small.txt
/verification/Statistics/MM5G/g5/small/SFCTC_KF/MAE_weekly_SFCTC_KF_day3_small.txt
/verification/Statistics/WRF3GEM/g2/small/SFCTC_KF/MAE_weekly_SFCTC_KF_day3_small.txt
/verification/Statistics/WRF3GEM/g3/small/SFCTC_KF/MAE_weekly_SFCTC_KF_day3_small.txt
/verification/Statistics/WRF3GEM/g4/small/SFCTC_KF/MAE_weekly_SFCTC_KF_day3_small.txt
/verification/Statistics/WRF3NAM/g2/small/SFCTC_KF/MAE_weekly_SFCTC_KF_day3_small.txt
/verification/Statistics/WRF3NAM/g3/small/SFCTC_KF/MAE_weekly_SFCTC_KF_day3_small.txt
/verification/Statistics/WRF3NAM/g4/small/SFCTC_KF/MAE_weekly_SFCTC_KF_day3_small.txt
/verification/Statistics/WRF3GFS/g2/small/SFCTC_KF/MAE_weekly_SFCTC_KF_day3_small.txt
/verification/Statistics/WRF3GFS/g3/small/SFCTC_KF/MAE_weekly_SFCTC_KF_day3_small.txt
/verification/Statistics/WRF3GFS/g4/small/SFCTC_KF/MAE_weekly_SFCTC_KF_day3_small.txt
/verification/Statistics/WRF3GFS/g5/small/SFCTC_KF/MAE_weekly_SFCTC_KF_day3_small.txt
/verification/Statistics/WRF3NAVGEM/g2/small/SFCTC_KF/MAE_weekly_SFCTC_KF_day3_small.txt
/verification/Statistics/WRF3NAVGEM/g3/small/SFCTC_KF/MAE_weekly_SFCTC_KF_day3_small.txt
/verification/Statistics/WRF3NAVGEM/g4/small/SFCTC_KF/MAE_weekly_SFCTC_KF_day3_small.txt
/verification/Statistics/WRF3GFSgc01/g2/small/SFCTC_KF/MAE_weekly_SFCTC_KF_day3_small.txt
/verification/Statistics/WRF3GFSgc01/g3/small/SFCTC_KF/MAE_weekly_SFCTC_KF_day3_small.txt
/verification/Statistics/WRF3ARPEGE/g2/small/SFCTC_KF/MAE_weekly_SFCTC_KF_day3_small.txt
/verification/Statistics/WRF3ARPEGE/g3/small/SFCTC_KF/MAE_weekly_SFCTC_KF_day3_small.txt
/verification/Statistics/WRF4ICON/g2/small/SFCTC_KF/MAE_weekly_SFCTC_KF_day3_small.txt
/verification/Statistics/WRF4ICON/g3/small/SFCTC_KF/MAE_weekly_SFCTC_KF_day3_small.txt
/verification/Statistics/WRF4NAM/g2/small/SFCTC_KF/MAE_weekly_SFCTC_KF_day3_small.txt
/verification/Statistics/WRF4NAM/g3/small/SFCTC_KF/MAE_weekly_SFCTC_KF_day3_small.txt
/verification/Statistics/WRF4NAM/g4/small/SFCTC_KF/MAE_weekly_SFCTC_KF_day3_small.txt
/verification/Statistics/NMM3NAM/g2/small/SFCTC_KF/MAE_weekly_SFCTC_KF_day3_small.txt
/verification/Statistics/NMM3NAM/g3/small/SFCTC_KF/MAE_weekly_SFCTC_KF_day3_small.txt
/verification/Statistics/NMM3NAM/g4/small/SFCTC_KF/MAE_weekly_SFCTC_KF_day3_small.txt
/verification/Statistics/NMM3GFS/g2/small/SFCTC_KF/MAE_weekly_SFCTC_KF_day3_small.txt
/verification/Statistics/NMM3GFS/g3/small/SFCTC_KF/MAE_weekly_SFCTC_KF_day3_small.txt
/verification/Statistics/WRF2NAM/g1/small/SFCTC_KF/MAE_weekly_SFCTC_KF_day3_small.txt
/verification/Statistics/WRF2NAM/g2/small/SFCTC_KF/MAE_weekly_SFCTC_KF_day3_small.txt
/verification/Statistics/WRF2NAM/g3/small/SFCTC_KF/MAE_weekly_SFCTC_KF_day3_small.txt
/verification/Statistics/WRF2NAM81/g1/small/SFCTC_KF/MAE_weekly_SFCTC_KF_day3_small.txt
/verification/Statistics/WRF2NAM81/g2/small/SFCTC_KF/MAE_weekly_SFCTC_KF_day3_small.txt
/verification/Statistics/WRF2NAM81/g3/small/SFCTC_KF/MAE_weekly_SFCTC_KF_day3_small.txt
/verification/Statistics/WRF2GFS/g1/small/SFCTC_KF/MAE_weekly_SFCTC_KF_day3_small.txt
/verification/Statistics/WRF2GFS/g2/small/SFCTC_KF/MAE_weekly_SFCTC_KF_day3_small.txt
/verification/Statistics/WRF2GFS/g3/small/SFCTC_KF/MAE_weekly_SFCTC_KF_day3_small.txt
/verification/Statistics/WRF2GFS81/g1/small/SFCTC_KF/MAE_weekly_SFCTC_KF_day3_small.txt
/verification/Statistics/WRF2GFS81/g2/small/SFCTC_KF/MAE_weekly_SFCTC_KF_day3_small.txt
/verification/Statistics/WRF2GFS81/g3/small/SFCTC_KF/MAE_weekly_SFCTC_KF_day3_small.txt
/verification/Statistics/WRF4RDPS/g3/small/SFCTC_KF/MAE_weekly_SFCTC_KF_day3_small.txt
/verification/Statistics/WRF4RDPS/g4/small/SFCTC_KF/MAE_weekly_SFCTC_KF_day3_small.txt
/verification/Statistics/WRF4RDPS/g5/small/SFCTC_KF/MAE_weekly_SFCTC_KF_day3_small.txt
/verification/Statistics/MPAS25/g1/small/SFCTC_KF/MAE_weekly_SFCTC_KF_day3_small.txt
/verification/Statistics/MPAS25/g2/small/SFCTC_KF/MAE_weekly_SFCTC_KF_day3_small.txt
/verification/Statistics/ENS/small/SFCTC_KF/MAE_weekly_SFCTC_KF_day3_small.txt
/verification/Statistics/ENS_lr/small/SFCTC_KF/MAE_weekly_SFCTC_KF_day3_small.txt
/verification/Statistics/ENS_hr/small/SFCTC_KF/MAE_weekly_SFCTC_KF_day3_small.txt
/verification/Statistics/ENS_LR/small/SFCTC_KF/MAE_weekly_SFCTC_KF_day3_small.txt
                           0    1   colors        edited_names
MM5GFS36           26.313131   99       C1           MM5GFS36*
MM5GFS12           25.828283   99       C1           MM5GFS12*
MM5GFS4            25.757576   99       C1            MM5GFS4*
MM5GFS1.3          26.333333   99       C1          MM5GFS1.3*
WRF3GEM36          23.640000  100       C2           WRF3GEM36
WRF3GEM12          28.200000  100       C2           WRF3GEM12
WRF3GEM4           33.808081   99       C2           WRF3GEM4*
WRF3NAM36          19.191919   99       C3          WRF3NAM36*
WRF3NAM12          19.686869   99       C3          WRF3NAM12*
WRF3GFS36          18.989899   99       C4          WRF3GFS36*
WRF3GFS12          29.424242   99       C4          WRF3GFS12*
WRF3GFS4           34.737374   99       C4           WRF3GFS4*
WRF3GFS1.3         37.040404   99       C4         WRF3GFS1.3*
WRF3NAVGEM36       22.552941   85       C5       WRF3NAVGEM36*
WRF3NAVGEM12       22.459770   87       C5       WRF3NAVGEM12*
WRF3NAVGEM4        26.153846   91       C5        WRF3NAVGEM4*
WRF3GFSgc27        23.535354   99       C6        WRF3GFSgc27*
WRF3GFSgc9         32.848485   99       C6         WRF3GFSgc9*
WRF3ARPEGE27       25.346939   98       C7       WRF3ARPEGE27*
WRF3ARPEGE9        25.632653   98       C7        WRF3ARPEGE9*
WRF4ICON27         26.626263   99       C8         WRF4ICON27*
WRF4ICON9          34.010101   99       C8          WRF4ICON9*
WRF4NAM36          23.543478   92       C9          WRF4NAM36*
WRF4NAM12          24.000000   92       C9          WRF4NAM12*
NMM3NAM36          25.858586   99  #ffc219          NMM3NAM36*
NMM3NAM12          26.414141   99  #ffc219          NMM3NAM12*
NMM3NAM4           23.070707   99  #ffc219           NMM3NAM4*
NMM3GFS36          25.262626   99  #CDB7F6          NMM3GFS36*
NMM3GFS12          26.030303   99  #CDB7F6          NMM3GFS12*
WRF2NAM108         23.505051   99  #65fe08         WRF2NAM108*
WRF2NAM36          21.101010   99  #65fe08          WRF2NAM36*
WRF2NAM12          21.595960   99  #65fe08          WRF2NAM12*
WRF2NAM81          19.848485   99  #fc3232          WRF2NAM81*
WRF2NAM27          18.303030   99  #fc3232          WRF2NAM27*
WRF2NAM9           19.696970   99  #fc3232           WRF2NAM9*
WRF2GFS108         25.707071   99  #754200         WRF2GFS108*
WRF2GFS36          23.222222   99  #754200          WRF2GFS36*
WRF2GFS12          23.474747   99  #754200          WRF2GFS12*
WRF2GFS81          21.727273   99  #00FFFF          WRF2GFS81*
WRF2GFS27          20.555556   99  #00FFFF          WRF2GFS27*
WRF2GFS9           21.848485   99  #00FFFF           WRF2GFS9*
WRF4RDPS9          23.987179   78  #fc23ba          WRF4RDPS9*
WRF4RDPS3          29.974359   78  #fc23ba          WRF4RDPS3*
MPAS25g1           22.909091   99  #a1a1a1           MPAS25g1*
MPAS25g2           22.777778   99  #a1a1a1           MPAS25g2*
ENS (short range)  18.464646   99  #000000  ENS (short range)*
ENS (low-res)      18.828283   99  #000000      ENS (low-res)*
ENS (high-res)     19.484848   99  #000000     ENS (high-res)*
ENS (long range)   19.616162   99  #000000   ENS (long range)*
                      0    1   colors        edited_names
MM5GFS36           29.0   99       C1           MM5GFS36*
MM5GFS12           28.0   99       C1           MM5GFS12*
MM5GFS4            29.0   99       C1            MM5GFS4*
MM5GFS1.3          29.0   99       C1          MM5GFS1.3*
WRF3GEM36          22.5  100       C2           WRF3GEM36
WRF3GEM12          34.0  100       C2           WRF3GEM12
WRF3GEM4           40.0   99       C2           WRF3GEM4*
WRF3NAM36          17.0   99       C3          WRF3NAM36*
WRF3NAM12          18.0   99       C3          WRF3NAM12*
WRF3GFS36          16.0   99       C4          WRF3GFS36*
WRF3GFS12          35.0   99       C4          WRF3GFS12*
WRF3GFS4           41.0   99       C4           WRF3GFS4*
WRF3GFS1.3         43.0   99       C4         WRF3GFS1.3*
WRF3NAVGEM36       24.0   85       C5       WRF3NAVGEM36*
WRF3NAVGEM12       25.0   87       C5       WRF3NAVGEM12*
WRF3NAVGEM4        32.0   91       C5        WRF3NAVGEM4*
WRF3GFSgc27        24.0   99       C6        WRF3GFSgc27*
WRF3GFSgc9         37.0   99       C6         WRF3GFSgc9*
WRF3ARPEGE27       28.5   98       C7       WRF3ARPEGE27*
WRF3ARPEGE9        29.5   98       C7        WRF3ARPEGE9*
WRF4ICON27         30.0   99       C8         WRF4ICON27*
WRF4ICON9          39.0   99       C8          WRF4ICON9*
WRF4NAM36          26.0   92       C9          WRF4NAM36*
WRF4NAM12          27.0   92       C9          WRF4NAM12*
NMM3NAM36          26.0   99  #ffc219          NMM3NAM36*
NMM3NAM12          27.0   99  #ffc219          NMM3NAM12*
NMM3NAM4           23.0   99  #ffc219           NMM3NAM4*
NMM3GFS36          26.0   99  #CDB7F6          NMM3GFS36*
NMM3GFS12          27.0   99  #CDB7F6          NMM3GFS12*
WRF2NAM108         25.0   99  #65fe08         WRF2NAM108*
WRF2NAM36          20.0   99  #65fe08          WRF2NAM36*
WRF2NAM12          21.0   99  #65fe08          WRF2NAM12*
WRF2NAM81          18.0   99  #fc3232          WRF2NAM81*
WRF2NAM27          17.0   99  #fc3232          WRF2NAM27*
WRF2NAM9           18.0   99  #fc3232           WRF2NAM9*
WRF2GFS108         28.0   99  #754200         WRF2GFS108*
WRF2GFS36          24.0   99  #754200          WRF2GFS36*
WRF2GFS12          25.0   99  #754200          WRF2GFS12*
WRF2GFS81          21.0   99  #00FFFF          WRF2GFS81*
WRF2GFS27          20.0   99  #00FFFF          WRF2GFS27*
WRF2GFS9           21.0   99  #00FFFF           WRF2GFS9*
WRF4RDPS9          23.5   78  #fc23ba          WRF4RDPS9*
WRF4RDPS3          37.0   78  #fc23ba          WRF4RDPS3*
MPAS25g1           24.0   99  #a1a1a1           MPAS25g1*
MPAS25g2           23.0   99  #a1a1a1           MPAS25g2*
ENS (short range)  20.0   99  #000000  ENS (short range)*
ENS (low-res)      20.0   99  #000000      ENS (low-res)*
ENS (high-res)     18.0   99  #000000     ENS (high-res)*
ENS (long range)   21.0   99  #000000   ENS (long range)*
/verification/Statistics/MM5/g2/small/SFCTC_KF/MAE_weekly_SFCTC_KF_day4_small.txt
/verification/Statistics/MM5/g3/small/SFCTC_KF/MAE_weekly_SFCTC_KF_day4_small.txt
/verification/Statistics/MM5/g4/small/SFCTC_KF/MAE_weekly_SFCTC_KF_day4_small.txt
/verification/Statistics/MM5G/g2/small/SFCTC_KF/MAE_weekly_SFCTC_KF_day4_small.txt
/verification/Statistics/MM5G/g3/small/SFCTC_KF/MAE_weekly_SFCTC_KF_day4_small.txt
/verification/Statistics/MM5G/g4/small/SFCTC_KF/MAE_weekly_SFCTC_KF_day4_small.txt
/verification/Statistics/MM5G/g5/small/SFCTC_KF/MAE_weekly_SFCTC_KF_day4_small.txt
/verification/Statistics/WRF3GEM/g2/small/SFCTC_KF/MAE_weekly_SFCTC_KF_day4_small.txt
/verification/Statistics/WRF3GEM/g3/small/SFCTC_KF/MAE_weekly_SFCTC_KF_day4_small.txt
/verification/Statistics/WRF3GEM/g4/small/SFCTC_KF/MAE_weekly_SFCTC_KF_day4_small.txt
/verification/Statistics/WRF3NAM/g2/small/SFCTC_KF/MAE_weekly_SFCTC_KF_day4_small.txt
/verification/Statistics/WRF3NAM/g3/small/SFCTC_KF/MAE_weekly_SFCTC_KF_day4_small.txt
/verification/Statistics/WRF3NAM/g4/small/SFCTC_KF/MAE_weekly_SFCTC_KF_day4_small.txt
/verification/Statistics/WRF3GFS/g2/small/SFCTC_KF/MAE_weekly_SFCTC_KF_day4_small.txt
/verification/Statistics/WRF3GFS/g3/small/SFCTC_KF/MAE_weekly_SFCTC_KF_day4_small.txt
/verification/Statistics/WRF3GFS/g4/small/SFCTC_KF/MAE_weekly_SFCTC_KF_day4_small.txt
/verification/Statistics/WRF3GFS/g5/small/SFCTC_KF/MAE_weekly_SFCTC_KF_day4_small.txt
/verification/Statistics/WRF3NAVGEM/g2/small/SFCTC_KF/MAE_weekly_SFCTC_KF_day4_small.txt
/verification/Statistics/WRF3NAVGEM/g3/small/SFCTC_KF/MAE_weekly_SFCTC_KF_day4_small.txt
/verification/Statistics/WRF3NAVGEM/g4/small/SFCTC_KF/MAE_weekly_SFCTC_KF_day4_small.txt
/verification/Statistics/WRF3GFSgc01/g2/small/SFCTC_KF/MAE_weekly_SFCTC_KF_day4_small.txt
/verification/Statistics/WRF3GFSgc01/g3/small/SFCTC_KF/MAE_weekly_SFCTC_KF_day4_small.txt
/verification/Statistics/WRF3ARPEGE/g2/small/SFCTC_KF/MAE_weekly_SFCTC_KF_day4_small.txt
/verification/Statistics/WRF3ARPEGE/g3/small/SFCTC_KF/MAE_weekly_SFCTC_KF_day4_small.txt
/verification/Statistics/WRF4ICON/g2/small/SFCTC_KF/MAE_weekly_SFCTC_KF_day4_small.txt
/verification/Statistics/WRF4ICON/g3/small/SFCTC_KF/MAE_weekly_SFCTC_KF_day4_small.txt
/verification/Statistics/WRF4NAM/g2/small/SFCTC_KF/MAE_weekly_SFCTC_KF_day4_small.txt
/verification/Statistics/WRF4NAM/g3/small/SFCTC_KF/MAE_weekly_SFCTC_KF_day4_small.txt
/verification/Statistics/WRF4NAM/g4/small/SFCTC_KF/MAE_weekly_SFCTC_KF_day4_small.txt
/verification/Statistics/NMM3NAM/g2/small/SFCTC_KF/MAE_weekly_SFCTC_KF_day4_small.txt
/verification/Statistics/NMM3NAM/g3/small/SFCTC_KF/MAE_weekly_SFCTC_KF_day4_small.txt
/verification/Statistics/NMM3NAM/g4/small/SFCTC_KF/MAE_weekly_SFCTC_KF_day4_small.txt
/verification/Statistics/NMM3GFS/g2/small/SFCTC_KF/MAE_weekly_SFCTC_KF_day4_small.txt
/verification/Statistics/NMM3GFS/g3/small/SFCTC_KF/MAE_weekly_SFCTC_KF_day4_small.txt
/verification/Statistics/WRF2NAM/g1/small/SFCTC_KF/MAE_weekly_SFCTC_KF_day4_small.txt
/verification/Statistics/WRF2NAM/g2/small/SFCTC_KF/MAE_weekly_SFCTC_KF_day4_small.txt
/verification/Statistics/WRF2NAM/g3/small/SFCTC_KF/MAE_weekly_SFCTC_KF_day4_small.txt
/verification/Statistics/WRF2NAM81/g1/small/SFCTC_KF/MAE_weekly_SFCTC_KF_day4_small.txt
/verification/Statistics/WRF2NAM81/g2/small/SFCTC_KF/MAE_weekly_SFCTC_KF_day4_small.txt
/verification/Statistics/WRF2NAM81/g3/small/SFCTC_KF/MAE_weekly_SFCTC_KF_day4_small.txt
/verification/Statistics/WRF2GFS/g1/small/SFCTC_KF/MAE_weekly_SFCTC_KF_day4_small.txt
/verification/Statistics/WRF2GFS/g2/small/SFCTC_KF/MAE_weekly_SFCTC_KF_day4_small.txt
/verification/Statistics/WRF2GFS/g3/small/SFCTC_KF/MAE_weekly_SFCTC_KF_day4_small.txt
/verification/Statistics/WRF2GFS81/g1/small/SFCTC_KF/MAE_weekly_SFCTC_KF_day4_small.txt
/verification/Statistics/WRF2GFS81/g2/small/SFCTC_KF/MAE_weekly_SFCTC_KF_day4_small.txt
/verification/Statistics/WRF2GFS81/g3/small/SFCTC_KF/MAE_weekly_SFCTC_KF_day4_small.txt
/verification/Statistics/WRF4RDPS/g3/small/SFCTC_KF/MAE_weekly_SFCTC_KF_day4_small.txt
/verification/Statistics/WRF4RDPS/g4/small/SFCTC_KF/MAE_weekly_SFCTC_KF_day4_small.txt
/verification/Statistics/WRF4RDPS/g5/small/SFCTC_KF/MAE_weekly_SFCTC_KF_day4_small.txt
/verification/Statistics/MPAS25/g1/small/SFCTC_KF/MAE_weekly_SFCTC_KF_day4_small.txt
/verification/Statistics/MPAS25/g2/small/SFCTC_KF/MAE_weekly_SFCTC_KF_day4_small.txt
/verification/Statistics/ENS/small/SFCTC_KF/MAE_weekly_SFCTC_KF_day4_small.txt
/verification/Statistics/ENS_lr/small/SFCTC_KF/MAE_weekly_SFCTC_KF_day4_small.txt
/verification/Statistics/ENS_hr/small/SFCTC_KF/MAE_weekly_SFCTC_KF_day4_small.txt
/verification/Statistics/ENS_LR/small/SFCTC_KF/MAE_weekly_SFCTC_KF_day4_small.txt
                           0    1   colors        edited_names
WRF3GEM36          13.280000  100       C2           WRF3GEM36
WRF3GEM12          15.650000  100       C2           WRF3GEM12
WRF3GFS36          10.727273   99       C4          WRF3GFS36*
WRF3GFS12          15.242424   99       C4          WRF3GFS12*
WRF3NAVGEM36       10.780488   82       C5       WRF3NAVGEM36*
WRF3NAVGEM12       11.154762   84       C5       WRF3NAVGEM12*
WRF3GFSgc27        12.626263   99       C6        WRF3GFSgc27*
WRF3GFSgc9         16.787879   99       C6         WRF3GFSgc9*
WRF3ARPEGE27       12.897959   98       C7       WRF3ARPEGE27*
WRF3ARPEGE9        13.091837   98       C7        WRF3ARPEGE9*
WRF4ICON27         13.434343   99       C8         WRF4ICON27*
WRF4ICON9          17.090909   99       C8          WRF4ICON9*
NMM3GFS36          13.262626   99  #CDB7F6          NMM3GFS36*
NMM3GFS12          13.767677   99  #CDB7F6          NMM3GFS12*
WRF2GFS108         14.070707   99  #754200         WRF2GFS108*
WRF2GFS36          12.626263   99  #754200          WRF2GFS36*
WRF2GFS12          13.020202   99  #754200          WRF2GFS12*
WRF2GFS81          11.222222   99  #00FFFF          WRF2GFS81*
WRF2GFS27          10.494949   99  #00FFFF          WRF2GFS27*
WRF2GFS9           12.171717   99  #00FFFF           WRF2GFS9*
MPAS25g1           12.000000   99  #a1a1a1           MPAS25g1*
MPAS25g2           11.878788   99  #a1a1a1           MPAS25g2*
ENS (short range)  10.292929   99  #000000  ENS (short range)*
ENS (low-res)      10.616162   99  #000000      ENS (low-res)*
ENS (long range)   10.717172   99  #000000   ENS (long range)*
                      0    1   colors        edited_names
WRF3GEM36          16.0  100       C2           WRF3GEM36
WRF3GEM12          20.0  100       C2           WRF3GEM12
WRF3GFS36          10.0   99       C4          WRF3GFS36*
WRF3GFS12          17.0   99       C4          WRF3GFS12*
WRF3NAVGEM36        7.5   82       C5       WRF3NAVGEM36*
WRF3NAVGEM12        7.0   84       C5       WRF3NAVGEM12*
WRF3GFSgc27        13.0   99       C6        WRF3GFSgc27*
WRF3GFSgc9         18.0   99       C6         WRF3GFSgc9*
WRF3ARPEGE27       14.0   98       C7       WRF3ARPEGE27*
WRF3ARPEGE9        13.5   98       C7        WRF3ARPEGE9*
WRF4ICON27         15.0   99       C8         WRF4ICON27*
WRF4ICON9          20.0   99       C8          WRF4ICON9*
NMM3GFS36          14.0   99  #CDB7F6          NMM3GFS36*
NMM3GFS12          14.0   99  #CDB7F6          NMM3GFS12*
WRF2GFS108         15.0   99  #754200         WRF2GFS108*
WRF2GFS36          12.0   99  #754200          WRF2GFS36*
WRF2GFS12          12.0   99  #754200          WRF2GFS12*
WRF2GFS81          11.0   99  #00FFFF          WRF2GFS81*
WRF2GFS27           9.0   99  #00FFFF          WRF2GFS27*
WRF2GFS9           12.0   99  #00FFFF           WRF2GFS9*
MPAS25g1           13.0   99  #a1a1a1           MPAS25g1*
MPAS25g2           12.0   99  #a1a1a1           MPAS25g2*
ENS (short range)  10.0   99  #000000  ENS (short range)*
ENS (low-res)      11.0   99  #000000      ENS (low-res)*
ENS (long range)   11.0   99  #000000   ENS (long range)*
/verification/Statistics/MM5/g2/small/SFCTC_KF/MAE_weekly_SFCTC_KF_day5_small.txt
/verification/Statistics/MM5/g3/small/SFCTC_KF/MAE_weekly_SFCTC_KF_day5_small.txt
/verification/Statistics/MM5/g4/small/SFCTC_KF/MAE_weekly_SFCTC_KF_day5_small.txt
/verification/Statistics/MM5G/g2/small/SFCTC_KF/MAE_weekly_SFCTC_KF_day5_small.txt
/verification/Statistics/MM5G/g3/small/SFCTC_KF/MAE_weekly_SFCTC_KF_day5_small.txt
/verification/Statistics/MM5G/g4/small/SFCTC_KF/MAE_weekly_SFCTC_KF_day5_small.txt
/verification/Statistics/MM5G/g5/small/SFCTC_KF/MAE_weekly_SFCTC_KF_day5_small.txt
/verification/Statistics/WRF3GEM/g2/small/SFCTC_KF/MAE_weekly_SFCTC_KF_day5_small.txt
/verification/Statistics/WRF3GEM/g3/small/SFCTC_KF/MAE_weekly_SFCTC_KF_day5_small.txt
/verification/Statistics/WRF3GEM/g4/small/SFCTC_KF/MAE_weekly_SFCTC_KF_day5_small.txt
/verification/Statistics/WRF3NAM/g2/small/SFCTC_KF/MAE_weekly_SFCTC_KF_day5_small.txt
/verification/Statistics/WRF3NAM/g3/small/SFCTC_KF/MAE_weekly_SFCTC_KF_day5_small.txt
/verification/Statistics/WRF3NAM/g4/small/SFCTC_KF/MAE_weekly_SFCTC_KF_day5_small.txt
/verification/Statistics/WRF3GFS/g2/small/SFCTC_KF/MAE_weekly_SFCTC_KF_day5_small.txt
/verification/Statistics/WRF3GFS/g3/small/SFCTC_KF/MAE_weekly_SFCTC_KF_day5_small.txt
/verification/Statistics/WRF3GFS/g4/small/SFCTC_KF/MAE_weekly_SFCTC_KF_day5_small.txt
/verification/Statistics/WRF3GFS/g5/small/SFCTC_KF/MAE_weekly_SFCTC_KF_day5_small.txt
/verification/Statistics/WRF3NAVGEM/g2/small/SFCTC_KF/MAE_weekly_SFCTC_KF_day5_small.txt
/verification/Statistics/WRF3NAVGEM/g3/small/SFCTC_KF/MAE_weekly_SFCTC_KF_day5_small.txt
/verification/Statistics/WRF3NAVGEM/g4/small/SFCTC_KF/MAE_weekly_SFCTC_KF_day5_small.txt
/verification/Statistics/WRF3GFSgc01/g2/small/SFCTC_KF/MAE_weekly_SFCTC_KF_day5_small.txt
/verification/Statistics/WRF3GFSgc01/g3/small/SFCTC_KF/MAE_weekly_SFCTC_KF_day5_small.txt
/verification/Statistics/WRF3ARPEGE/g2/small/SFCTC_KF/MAE_weekly_SFCTC_KF_day5_small.txt
/verification/Statistics/WRF3ARPEGE/g3/small/SFCTC_KF/MAE_weekly_SFCTC_KF_day5_small.txt
/verification/Statistics/WRF4ICON/g2/small/SFCTC_KF/MAE_weekly_SFCTC_KF_day5_small.txt
/verification/Statistics/WRF4ICON/g3/small/SFCTC_KF/MAE_weekly_SFCTC_KF_day5_small.txt
/verification/Statistics/WRF4NAM/g2/small/SFCTC_KF/MAE_weekly_SFCTC_KF_day5_small.txt
/verification/Statistics/WRF4NAM/g3/small/SFCTC_KF/MAE_weekly_SFCTC_KF_day5_small.txt
/verification/Statistics/WRF4NAM/g4/small/SFCTC_KF/MAE_weekly_SFCTC_KF_day5_small.txt
/verification/Statistics/NMM3NAM/g2/small/SFCTC_KF/MAE_weekly_SFCTC_KF_day5_small.txt
/verification/Statistics/NMM3NAM/g3/small/SFCTC_KF/MAE_weekly_SFCTC_KF_day5_small.txt
/verification/Statistics/NMM3NAM/g4/small/SFCTC_KF/MAE_weekly_SFCTC_KF_day5_small.txt
/verification/Statistics/NMM3GFS/g2/small/SFCTC_KF/MAE_weekly_SFCTC_KF_day5_small.txt
/verification/Statistics/NMM3GFS/g3/small/SFCTC_KF/MAE_weekly_SFCTC_KF_day5_small.txt
/verification/Statistics/WRF2NAM/g1/small/SFCTC_KF/MAE_weekly_SFCTC_KF_day5_small.txt
/verification/Statistics/WRF2NAM/g2/small/SFCTC_KF/MAE_weekly_SFCTC_KF_day5_small.txt
/verification/Statistics/WRF2NAM/g3/small/SFCTC_KF/MAE_weekly_SFCTC_KF_day5_small.txt
/verification/Statistics/WRF2NAM81/g1/small/SFCTC_KF/MAE_weekly_SFCTC_KF_day5_small.txt
/verification/Statistics/WRF2NAM81/g2/small/SFCTC_KF/MAE_weekly_SFCTC_KF_day5_small.txt
/verification/Statistics/WRF2NAM81/g3/small/SFCTC_KF/MAE_weekly_SFCTC_KF_day5_small.txt
/verification/Statistics/WRF2GFS/g1/small/SFCTC_KF/MAE_weekly_SFCTC_KF_day5_small.txt
/verification/Statistics/WRF2GFS/g2/small/SFCTC_KF/MAE_weekly_SFCTC_KF_day5_small.txt
/verification/Statistics/WRF2GFS/g3/small/SFCTC_KF/MAE_weekly_SFCTC_KF_day5_small.txt
/verification/Statistics/WRF2GFS81/g1/small/SFCTC_KF/MAE_weekly_SFCTC_KF_day5_small.txt
/verification/Statistics/WRF2GFS81/g2/small/SFCTC_KF/MAE_weekly_SFCTC_KF_day5_small.txt
/verification/Statistics/WRF2GFS81/g3/small/SFCTC_KF/MAE_weekly_SFCTC_KF_day5_small.txt
/verification/Statistics/WRF4RDPS/g3/small/SFCTC_KF/MAE_weekly_SFCTC_KF_day5_small.txt
/verification/Statistics/WRF4RDPS/g4/small/SFCTC_KF/MAE_weekly_SFCTC_KF_day5_small.txt
/verification/Statistics/WRF4RDPS/g5/small/SFCTC_KF/MAE_weekly_SFCTC_KF_day5_small.txt
/verification/Statistics/MPAS25/g1/small/SFCTC_KF/MAE_weekly_SFCTC_KF_day5_small.txt
/verification/Statistics/MPAS25/g2/small/SFCTC_KF/MAE_weekly_SFCTC_KF_day5_small.txt
/verification/Statistics/ENS/small/SFCTC_KF/MAE_weekly_SFCTC_KF_day5_small.txt
/verification/Statistics/ENS_lr/small/SFCTC_KF/MAE_weekly_SFCTC_KF_day5_small.txt
/verification/Statistics/ENS_hr/small/SFCTC_KF/MAE_weekly_SFCTC_KF_day5_small.txt
/verification/Statistics/ENS_LR/small/SFCTC_KF/MAE_weekly_SFCTC_KF_day5_small.txt
                           0    1   colors        edited_names
WRF3GEM36          11.850000  100       C2           WRF3GEM36
WRF3GEM12          13.690000  100       C2           WRF3GEM12
WRF3GFS36          10.767677   99       C4          WRF3GFS36*
WRF3GFS12          14.515152   99       C4          WRF3GFS12*
WRF3NAVGEM36        9.312500   80       C5       WRF3NAVGEM36*
WRF3NAVGEM12        9.658537   82       C5       WRF3NAVGEM12*
WRF3GFSgc27        11.373737   99       C6        WRF3GFSgc27*
WRF3GFSgc9         14.575758   99       C6         WRF3GFSgc9*
WRF4ICON27         11.868687   99       C8         WRF4ICON27*
WRF4ICON9          15.151515   99       C8          WRF4ICON9*
NMM3GFS36          12.464646   99  #CDB7F6          NMM3GFS36*
NMM3GFS12          12.707071   99  #CDB7F6          NMM3GFS12*
WRF2GFS108         13.737374   99  #754200         WRF2GFS108*
WRF2GFS36          12.222222   99  #754200          WRF2GFS36*
WRF2GFS12          12.545455   99  #754200          WRF2GFS12*
WRF2GFS81          11.606061   99  #00FFFF          WRF2GFS81*
WRF2GFS27          10.191919   99  #00FFFF          WRF2GFS27*
WRF2GFS9           11.141414   99  #00FFFF           WRF2GFS9*
MPAS25g1           10.010101   99  #a1a1a1           MPAS25g1*
MPAS25g2            9.929293   99  #a1a1a1           MPAS25g2*
ENS (short range)   9.494949   99  #000000  ENS (short range)*
ENS (low-res)       9.373737   99  #000000      ENS (low-res)*
ENS (long range)    9.282828   99  #000000   ENS (long range)*
