Performing WEEKLY calculation for 23092900 to 23100500
Now on.. MM5_g2   SFCTC_KF
   **Skipping MM5g2, no data yet**
Now on.. MM5_g3   SFCTC_KF
   **Skipping MM5g3, no data yet**
Now on.. MM5_g4   SFCTC_KF
   **Skipping MM5g4, no data yet**
Now on.. MM5G_g2   SFCTC_KF
   **Skipping MM5Gg2, no data yet**
Now on.. MM5G_g3   SFCTC_KF
   **Skipping MM5Gg3, no data yet**
Now on.. MM5G_g4   SFCTC_KF
   **Skipping MM5Gg4, no data yet**
Now on.. MM5G_g5   SFCTC_KF
   **Skipping MM5Gg5, no data yet**
Now on.. WRF3GEM_g2   SFCTC_KF
   **Skipping WRF3GEMg2, no data yet**
Now on.. WRF3GEM_g3   SFCTC_KF
   **Skipping WRF3GEMg3, no data yet**
Now on.. WRF3GEM_g4   SFCTC_KF
   **Skipping WRF3GEMg4, no data yet**
Now on.. WRF3NAM_g2   SFCTC_KF
   **Skipping WRF3NAMg2, no data yet**
Now on.. WRF3NAM_g3   SFCTC_KF
   **Skipping WRF3NAMg3, no data yet**
Now on.. WRF3NAM_g4   SFCTC_KF
   **Skipping WRF3NAMg4, no data yet**
Now on.. WRF3GFS_g2   SFCTC_KF
   **Skipping WRF3GFSg2, no data yet**
Now on.. WRF3GFS_g3   SFCTC_KF
   **Skipping WRF3GFSg3, no data yet**
Now on.. WRF3GFS_g4   SFCTC_KF
   **Skipping WRF3GFSg4, no data yet**
Now on.. WRF3GFS_g5   SFCTC_KF
   **Skipping WRF3GFSg5, no data yet**
Now on.. WRF3NAVGEM_g2   SFCTC_KF
   **Skipping WRF3NAVGEMg2, no data yet**
Now on.. WRF3NAVGEM_g3   SFCTC_KF
   **Skipping WRF3NAVGEMg3, no data yet**
Now on.. WRF3NAVGEM_g4   SFCTC_KF
   **Skipping WRF3NAVGEMg4, no data yet**
Now on.. WRF3GFSgc01_g2   SFCTC_KF
   **Skipping WRF3GFSgc01g2, no data yet**
Now on.. WRF3GFSgc01_g3   SFCTC_KF
   **Skipping WRF3GFSgc01g3, no data yet**
Now on.. WRF3ARPEGE_g2   SFCTC_KF
   **Skipping WRF3ARPEGEg2, no data yet**
Now on.. WRF3ARPEGE_g3   SFCTC_KF
   **Skipping WRF3ARPEGEg3, no data yet**
Now on.. WRF4ICON_g2   SFCTC_KF
   **Skipping WRF4ICONg2, no data yet**
Now on.. WRF4ICON_g3   SFCTC_KF
   **Skipping WRF4ICONg3, no data yet**
Now on.. WRF4NAM_g2   SFCTC_KF
   **Skipping WRF4NAMg2, no data yet**
Now on.. WRF4NAM_g3   SFCTC_KF
   **Skipping WRF4NAMg3, no data yet**
Now on.. WRF4NAM_g4   SFCTC_KF
   **Skipping WRF4NAMg4, no data yet**
Now on.. NMM3NAM_g2   SFCTC_KF
   **Skipping NMM3NAMg2, no data yet**
Now on.. NMM3NAM_g3   SFCTC_KF
   **Skipping NMM3NAMg3, no data yet**
Now on.. NMM3NAM_g4   SFCTC_KF
   **Skipping NMM3NAMg4, no data yet**
Now on.. NMM3GFS_g2   SFCTC_KF
   **Skipping NMM3GFSg2, no data yet**
Now on.. NMM3GFS_g3   SFCTC_KF
   **Skipping NMM3GFSg3, no data yet**
Now on.. WRF2NAM_g1   SFCTC_KF
   **Skipping WRF2NAMg1, no data yet**
Now on.. WRF2NAM_g2   SFCTC_KF
   **Skipping WRF2NAMg2, no data yet**
Now on.. WRF2NAM_g3   SFCTC_KF
   **Skipping WRF2NAMg3, no data yet**
Now on.. WRF2NAM81_g1   SFCTC_KF
   **Skipping WRF2NAM81g1, no data yet**
Now on.. WRF2NAM81_g2   SFCTC_KF
   **Skipping WRF2NAM81g2, no data yet**
Now on.. WRF2NAM81_g3   SFCTC_KF
   **Skipping WRF2NAM81g3, no data yet**
Now on.. WRF2GFS_g1   SFCTC_KF
   **Skipping WRF2GFSg1, no data yet**
Now on.. WRF2GFS_g2   SFCTC_KF
   **Skipping WRF2GFSg2, no data yet**
Now on.. WRF2GFS_g3   SFCTC_KF
   **Skipping WRF2GFSg3, no data yet**
Now on.. WRF2GFS81_g1   SFCTC_KF
   **Skipping WRF2GFS81g1, no data yet**
Now on.. WRF2GFS81_g2   SFCTC_KF
   **Skipping WRF2GFS81g2, no data yet**
Now on.. WRF2GFS81_g3   SFCTC_KF
   **Skipping WRF2GFS81g3, no data yet**
Now on.. WRF4RDPS_g3   SFCTC_KF
   **Skipping WRF4RDPSg3, no data yet**
Now on.. WRF4RDPS_g4   SFCTC_KF
   **Skipping WRF4RDPSg4, no data yet**
Now on.. WRF4RDPS_g5   SFCTC_KF
   **Skipping WRF4RDPSg5, no data yet**
Now on.. MPAS25_g1   SFCTC_KF
   **Skipping MPAS25g1, no data yet**
Now on.. MPAS25_g2   SFCTC_KF
   **Skipping MPAS25g2, no data yet**
Now on.. ENS   SFCTC_KF
   **Skipping ENS/, no data yet**
Now on.. ENS_lr   SFCTC_KF
   **Skipping ENS_lr/, no data yet**
Now on.. ENS_hr   SFCTC_KF
   **Skipping ENS_hr/, no data yet**
Now on.. ENS_LR   SFCTC_KF
   **Skipping ENS_LR/, no data yet**
SFCTC_KF
[]
[]
