Performing WEEKLY calculation for 23081200 to 23081800
Now on.. MM5_g2   SFCTC_KF
Now on.. MM5_g3   SFCTC_KF
Now on.. MM5_g4   SFCTC_KF
Now on.. MM5G_g2   SFCTC_KF
Now on.. MM5G_g3   SFCTC_KF
Now on.. MM5G_g4   SFCTC_KF
Now on.. MM5G_g5   SFCTC_KF
Now on.. WRF3GEM_g2   SFCTC_KF
Now on.. WRF3GEM_g3   SFCTC_KF
Now on.. WRF3GEM_g4   SFCTC_KF
Now on.. WRF3NAM_g2   SFCTC_KF
Now on.. WRF3NAM_g3   SFCTC_KF
Now on.. WRF3NAM_g4   SFCTC_KF
Now on.. WRF3GFS_g2   SFCTC_KF
Now on.. WRF3GFS_g3   SFCTC_KF
Now on.. WRF3GFS_g4   SFCTC_KF
Now on.. WRF3GFS_g5   SFCTC_KF
Now on.. WRF3NAVGEM_g2   SFCTC_KF
Now on.. WRF3NAVGEM_g3   SFCTC_KF
Now on.. WRF3NAVGEM_g4   SFCTC_KF
Now on.. WRF3GFSgc01_g2   SFCTC_KF
Now on.. WRF3GFSgc01_g3   SFCTC_KF
Now on.. WRF3ARPEGE_g2   SFCTC_KF
Now on.. WRF3ARPEGE_g3   SFCTC_KF
Now on.. WRF4ICON_g2   SFCTC_KF
Now on.. WRF4ICON_g3   SFCTC_KF
Now on.. WRF4NAM_g2   SFCTC_KF
Now on.. WRF4NAM_g3   SFCTC_KF
Now on.. WRF4NAM_g4   SFCTC_KF
Now on.. NMM3NAM_g2   SFCTC_KF
Now on.. NMM3NAM_g3   SFCTC_KF
Now on.. NMM3NAM_g4   SFCTC_KF
Now on.. NMM3GFS_g2   SFCTC_KF
Now on.. NMM3GFS_g3   SFCTC_KF
Now on.. WRF2NAM_g1   SFCTC_KF
Now on.. WRF2NAM_g2   SFCTC_KF
Now on.. WRF2NAM_g3   SFCTC_KF
Now on.. WRF2NAM81_g1   SFCTC_KF
Now on.. WRF2NAM81_g2   SFCTC_KF
Now on.. WRF2NAM81_g3   SFCTC_KF
Now on.. WRF2GFS_g1   SFCTC_KF
Now on.. WRF2GFS_g2   SFCTC_KF
Now on.. WRF2GFS_g3   SFCTC_KF
Now on.. WRF2GFS81_g1   SFCTC_KF
Now on.. WRF2GFS81_g2   SFCTC_KF
Now on.. WRF2GFS81_g3   SFCTC_KF
Now on.. WRF4RDPS_g3   SFCTC_KF
Now on.. WRF4RDPS_g4   SFCTC_KF
Now on.. WRF4RDPS_g5   SFCTC_KF
Now on.. MPAS25_g1   SFCTC_KF
Now on.. MPAS25_g2   SFCTC_KF
Now on.. ENS   SFCTC_KF
Now on.. ENS_lr   SFCTC_KF
Now on.. ENS_hr   SFCTC_KF
Now on.. ENS_LR   SFCTC_KF
SFCTC_KF
[2.363, 2.367, 2.377, 2.533, 2.638, 2.72, 2.765, 1.97, 2.155, 2.383, 2.07, 2.075, 2.065, 2.11, 3.493, 4.418, 5.308, 1.902, 1.925, 2.612, 2.58, 3.955, 2.757, 2.763, 2.353, 3.658, 2.233, 2.203, 2.195, 2.495, 2.508, 2.31, 2.697, 2.727, 2.232, 2.207, 2.555, 2.352, 2.308, 2.333, 2.633, 2.643, 2.663, 2.658, 2.618, 2.633, 2.373, 3.783, 4.612, 2.653, 2.642, 2.403, 2.43, 2.308, 2.573]
['MM5NAM36^', 'MM5NAM12^', 'MM5NAM4^', 'MM5GFS36^', 'MM5GFS12^', 'MM5GFS4^', 'MM5GFS1.3^', 'WRF3GEM36^', 'WRF3GEM12^', 'WRF3GEM4^', 'WRF3NAM36^', 'WRF3NAM12^', 'WRF3NAM4^', 'WRF3GFS36^', 'WRF3GFS12^', 'WRF3GFS4^', 'WRF3GFS1.3^', 'WRF3NAVGEM36^', 'WRF3NAVGEM12^', 'WRF3NAVGEM4^', 'WRF3GFSgc27^', 'WRF3GFSgc9^', 'WRF3ARPEGE27^', 'WRF3ARPEGE9^', 'WRF4ICON27^', 'WRF4ICON9^', 'WRF4NAM36^', 'WRF4NAM12^', 'WRF4NAM4^', 'NMM3NAM36^', 'NMM3NAM12^', 'NMM3NAM4^', 'NMM3GFS36^', 'NMM3GFS12^', 'WRF2NAM108^', 'WRF2NAM36^', 'WRF2NAM12^', 'WRF2NAM81^', 'WRF2NAM27^', 'WRF2NAM9^', 'WRF2GFS108^', 'WRF2GFS36^', 'WRF2GFS12^', 'WRF2GFS81^', 'WRF2GFS27^', 'WRF2GFS9^', 'WRF4RDPS9^', 'WRF4RDPS3^', 'WRF4RDPS1^', 'MPAS25g1^', 'MPAS25g2^', 'ENS (short range)^', 'ENS (low-res)^', 'ENS (high-res)^', 'ENS (long range)^']
Now on.. MM5_g2   SFCTC_KF
Now on.. MM5_g3   SFCTC_KF
Now on.. MM5_g4   SFCTC_KF
Now on.. MM5G_g2   SFCTC_KF
Now on.. MM5G_g3   SFCTC_KF
Now on.. MM5G_g4   SFCTC_KF
Now on.. MM5G_g5   SFCTC_KF
Now on.. WRF3GEM_g2   SFCTC_KF
Now on.. WRF3GEM_g3   SFCTC_KF
Now on.. WRF3GEM_g4   SFCTC_KF
Now on.. WRF3NAM_g2   SFCTC_KF
Now on.. WRF3NAM_g3   SFCTC_KF
Now on.. WRF3NAM_g4   SFCTC_KF
Now on.. WRF3GFS_g2   SFCTC_KF
Now on.. WRF3GFS_g3   SFCTC_KF
Now on.. WRF3GFS_g4   SFCTC_KF
Now on.. WRF3GFS_g5   SFCTC_KF
Now on.. WRF3NAVGEM_g2   SFCTC_KF
Now on.. WRF3NAVGEM_g3   SFCTC_KF
Now on.. WRF3NAVGEM_g4   SFCTC_KF
Now on.. WRF3GFSgc01_g2   SFCTC_KF
Now on.. WRF3GFSgc01_g3   SFCTC_KF
Now on.. WRF3ARPEGE_g2   SFCTC_KF
Now on.. WRF3ARPEGE_g3   SFCTC_KF
Now on.. WRF4ICON_g2   SFCTC_KF
Now on.. WRF4ICON_g3   SFCTC_KF
Now on.. WRF4NAM_g2   SFCTC_KF
Now on.. WRF4NAM_g3   SFCTC_KF
Now on.. WRF4NAM_g4   SFCTC_KF
Now on.. NMM3NAM_g2   SFCTC_KF
Now on.. NMM3NAM_g3   SFCTC_KF
Now on.. NMM3NAM_g4   SFCTC_KF
Now on.. NMM3GFS_g2   SFCTC_KF
Now on.. NMM3GFS_g3   SFCTC_KF
Now on.. WRF2NAM_g1   SFCTC_KF
Now on.. WRF2NAM_g2   SFCTC_KF
Now on.. WRF2NAM_g3   SFCTC_KF
Now on.. WRF2NAM81_g1   SFCTC_KF
Now on.. WRF2NAM81_g2   SFCTC_KF
Now on.. WRF2NAM81_g3   SFCTC_KF
Now on.. WRF2GFS_g1   SFCTC_KF
Now on.. WRF2GFS_g2   SFCTC_KF
Now on.. WRF2GFS_g3   SFCTC_KF
Now on.. WRF2GFS81_g1   SFCTC_KF
Now on.. WRF2GFS81_g2   SFCTC_KF
Now on.. WRF2GFS81_g3   SFCTC_KF
Now on.. WRF4RDPS_g3   SFCTC_KF
Now on.. WRF4RDPS_g4   SFCTC_KF
Now on.. WRF4RDPS_g5   SFCTC_KF
Now on.. MPAS25_g1   SFCTC_KF
Now on.. MPAS25_g2   SFCTC_KF
Now on.. ENS   SFCTC_KF
Now on.. ENS_lr   SFCTC_KF
Now on.. ENS_hr   SFCTC_KF
Now on.. ENS_LR   SFCTC_KF
SFCTC_KF
[3.469, 3.537, 3.577, 3.599, 2.044, 2.695, 3.611, 2.492, 2.515, 2.633, 3.957, 3.911, 5.6, 2.179, 2.181, 2.2, 3.126, 4.299, 3.305, 3.307, 3.123, 4.195, 2.677, 2.656, 2.97, 2.986, 2.787, 3.315, 3.375, 2.705, 2.696, 3.011, 2.83, 2.81, 2.821, 3.219, 3.243, 3.264, 3.149, 3.136, 3.14, 2.982, 4.11, 3.21, 3.214, 2.949, 2.967, 2.887, 3.12]
['MM5GFS36^', 'MM5GFS12^', 'MM5GFS4^', 'MM5GFS1.3^', 'WRF3GEM36^', 'WRF3GEM12^', 'WRF3GEM4^', 'WRF3NAM36^', 'WRF3NAM12^', 'WRF3GFS36^', 'WRF3GFS12^', 'WRF3GFS4^', 'WRF3GFS1.3^', 'WRF3NAVGEM36^', 'WRF3NAVGEM12^', 'WRF3NAVGEM4^', 'WRF3GFSgc27^', 'WRF3GFSgc9^', 'WRF3ARPEGE27^', 'WRF3ARPEGE9^', 'WRF4ICON27^', 'WRF4ICON9^', 'WRF4NAM36^', 'WRF4NAM12^', 'NMM3NAM36^', 'NMM3NAM12^', 'NMM3NAM4^', 'NMM3GFS36^', 'NMM3GFS12^', 'WRF2NAM108^', 'WRF2NAM36^', 'WRF2NAM12^', 'WRF2NAM81^', 'WRF2NAM27^', 'WRF2NAM9^', 'WRF2GFS108^', 'WRF2GFS36^', 'WRF2GFS12^', 'WRF2GFS81^', 'WRF2GFS27^', 'WRF2GFS9^', 'WRF4RDPS9^', 'WRF4RDPS3^', 'MPAS25g1^', 'MPAS25g2^', 'ENS (short range)^', 'ENS (low-res)^', 'ENS (high-res)^', 'ENS (long range)^']
Now on.. MM5_g2   SFCTC_KF
Now on.. MM5_g3   SFCTC_KF
Now on.. MM5_g4   SFCTC_KF
Now on.. MM5G_g2   SFCTC_KF
Now on.. MM5G_g3   SFCTC_KF
Now on.. MM5G_g4   SFCTC_KF
Now on.. MM5G_g5   SFCTC_KF
Now on.. WRF3GEM_g2   SFCTC_KF
Now on.. WRF3GEM_g3   SFCTC_KF
Now on.. WRF3GEM_g4   SFCTC_KF
Now on.. WRF3NAM_g2   SFCTC_KF
Now on.. WRF3NAM_g3   SFCTC_KF
Now on.. WRF3NAM_g4   SFCTC_KF
Now on.. WRF3GFS_g2   SFCTC_KF
Now on.. WRF3GFS_g3   SFCTC_KF
Now on.. WRF3GFS_g4   SFCTC_KF
Now on.. WRF3GFS_g5   SFCTC_KF
Now on.. WRF3NAVGEM_g2   SFCTC_KF
Now on.. WRF3NAVGEM_g3   SFCTC_KF
Now on.. WRF3NAVGEM_g4   SFCTC_KF
Now on.. WRF3GFSgc01_g2   SFCTC_KF
Now on.. WRF3GFSgc01_g3   SFCTC_KF
Now on.. WRF3ARPEGE_g2   SFCTC_KF
Now on.. WRF3ARPEGE_g3   SFCTC_KF
Now on.. WRF4ICON_g2   SFCTC_KF
Now on.. WRF4ICON_g3   SFCTC_KF
Now on.. WRF4NAM_g2   SFCTC_KF
Now on.. WRF4NAM_g3   SFCTC_KF
Now on.. WRF4NAM_g4   SFCTC_KF
Now on.. NMM3NAM_g2   SFCTC_KF
Now on.. NMM3NAM_g3   SFCTC_KF
Now on.. NMM3NAM_g4   SFCTC_KF
Now on.. NMM3GFS_g2   SFCTC_KF
Now on.. NMM3GFS_g3   SFCTC_KF
Now on.. WRF2NAM_g1   SFCTC_KF
Now on.. WRF2NAM_g2   SFCTC_KF
Now on.. WRF2NAM_g3   SFCTC_KF
Now on.. WRF2NAM81_g1   SFCTC_KF
Now on.. WRF2NAM81_g2   SFCTC_KF
Now on.. WRF2NAM81_g3   SFCTC_KF
Now on.. WRF2GFS_g1   SFCTC_KF
Now on.. WRF2GFS_g2   SFCTC_KF
Now on.. WRF2GFS_g3   SFCTC_KF
Now on.. WRF2GFS81_g1   SFCTC_KF
Now on.. WRF2GFS81_g2   SFCTC_KF
Now on.. WRF2GFS81_g3   SFCTC_KF
Now on.. WRF4RDPS_g3   SFCTC_KF
Now on.. WRF4RDPS_g4   SFCTC_KF
Now on.. WRF4RDPS_g5   SFCTC_KF
Now on.. MPAS25_g1   SFCTC_KF
Now on.. MPAS25_g2   SFCTC_KF
Now on.. ENS   SFCTC_KF
Now on.. ENS_lr   SFCTC_KF
Now on.. ENS_hr   SFCTC_KF
Now on.. ENS_LR   SFCTC_KF
SFCTC_KF
[2.033, 2.352, 2.972, 3.989, 1.893, 1.893, 3.419, 4.372, 3.714, 4.39, 4.045, 4.104, 3.429, 3.447, 3.466, 3.4, 3.37, 3.378, 3.526, 3.521, 3.256, 3.268, 3.376]
['WRF3GEM36^', 'WRF3GEM12^', 'WRF3GFS36^', 'WRF3GFS12^', 'WRF3NAVGEM36^', 'WRF3NAVGEM12^', 'WRF3GFSgc27^', 'WRF3GFSgc9^', 'WRF4ICON27^', 'WRF4ICON9^', 'NMM3GFS36^', 'NMM3GFS12^', 'WRF2GFS108^', 'WRF2GFS36^', 'WRF2GFS12^', 'WRF2GFS81^', 'WRF2GFS27^', 'WRF2GFS9^', 'MPAS25g1^', 'MPAS25g2^', 'ENS (short range)^', 'ENS (low-res)^', 'ENS (long range)^']
Now on.. MM5_g2   SFCTC_KF
Now on.. MM5_g3   SFCTC_KF
Now on.. MM5_g4   SFCTC_KF
Now on.. MM5G_g2   SFCTC_KF
Now on.. MM5G_g3   SFCTC_KF
Now on.. MM5G_g4   SFCTC_KF
Now on.. MM5G_g5   SFCTC_KF
Now on.. WRF3GEM_g2   SFCTC_KF
Now on.. WRF3GEM_g3   SFCTC_KF
Now on.. WRF3GEM_g4   SFCTC_KF
Now on.. WRF3NAM_g2   SFCTC_KF
Now on.. WRF3NAM_g3   SFCTC_KF
Now on.. WRF3NAM_g4   SFCTC_KF
Now on.. WRF3GFS_g2   SFCTC_KF
Now on.. WRF3GFS_g3   SFCTC_KF
Now on.. WRF3GFS_g4   SFCTC_KF
Now on.. WRF3GFS_g5   SFCTC_KF
Now on.. WRF3NAVGEM_g2   SFCTC_KF
Now on.. WRF3NAVGEM_g3   SFCTC_KF
Now on.. WRF3NAVGEM_g4   SFCTC_KF
Now on.. WRF3GFSgc01_g2   SFCTC_KF
Now on.. WRF3GFSgc01_g3   SFCTC_KF
Now on.. WRF3ARPEGE_g2   SFCTC_KF
Now on.. WRF3ARPEGE_g3   SFCTC_KF
Now on.. WRF4ICON_g2   SFCTC_KF
Now on.. WRF4ICON_g3   SFCTC_KF
Now on.. WRF4NAM_g2   SFCTC_KF
Now on.. WRF4NAM_g3   SFCTC_KF
Now on.. WRF4NAM_g4   SFCTC_KF
Now on.. NMM3NAM_g2   SFCTC_KF
Now on.. NMM3NAM_g3   SFCTC_KF
Now on.. NMM3NAM_g4   SFCTC_KF
Now on.. NMM3GFS_g2   SFCTC_KF
Now on.. NMM3GFS_g3   SFCTC_KF
Now on.. WRF2NAM_g1   SFCTC_KF
Now on.. WRF2NAM_g2   SFCTC_KF
Now on.. WRF2NAM_g3   SFCTC_KF
Now on.. WRF2NAM81_g1   SFCTC_KF
Now on.. WRF2NAM81_g2   SFCTC_KF
Now on.. WRF2NAM81_g3   SFCTC_KF
Now on.. WRF2GFS_g1   SFCTC_KF
Now on.. WRF2GFS_g2   SFCTC_KF
Now on.. WRF2GFS_g3   SFCTC_KF
Now on.. WRF2GFS81_g1   SFCTC_KF
Now on.. WRF2GFS81_g2   SFCTC_KF
Now on.. WRF2GFS81_g3   SFCTC_KF
Now on.. WRF4RDPS_g3   SFCTC_KF
Now on.. WRF4RDPS_g4   SFCTC_KF
Now on.. WRF4RDPS_g5   SFCTC_KF
Now on.. MPAS25_g1   SFCTC_KF
Now on.. MPAS25_g2   SFCTC_KF
Now on.. ENS   SFCTC_KF
Now on.. ENS_lr   SFCTC_KF
Now on.. ENS_hr   SFCTC_KF
Now on.. ENS_LR   SFCTC_KF
SFCTC_KF
[3.441, 4.261, 3.085, 4.173, 3.402, 4.28, 4.744, 4.802, 3.192, 3.194, 3.211, 3.105, 3.079, 3.089, 3.012, 3.021, 3.092]
['WRF3GFS36^', 'WRF3GFS12^', 'WRF3GFSgc27^', 'WRF3GFSgc9^', 'WRF4ICON27^', 'WRF4ICON9^', 'NMM3GFS36^', 'NMM3GFS12^', 'WRF2GFS108^', 'WRF2GFS36^', 'WRF2GFS12^', 'WRF2GFS81^', 'WRF2GFS27^', 'WRF2GFS9^', 'ENS (short range)^', 'ENS (low-res)^', 'ENS (long range)^']
Now on.. MM5_g2   SFCTC_KF
Now on.. MM5_g3   SFCTC_KF
Now on.. MM5_g4   SFCTC_KF
Now on.. MM5G_g2   SFCTC_KF
Now on.. MM5G_g3   SFCTC_KF
Now on.. MM5G_g4   SFCTC_KF
Now on.. MM5G_g5   SFCTC_KF
Now on.. WRF3GEM_g2   SFCTC_KF
Now on.. WRF3GEM_g3   SFCTC_KF
Now on.. WRF3GEM_g4   SFCTC_KF
Now on.. WRF3NAM_g2   SFCTC_KF
Now on.. WRF3NAM_g3   SFCTC_KF
Now on.. WRF3NAM_g4   SFCTC_KF
Now on.. WRF3GFS_g2   SFCTC_KF
Now on.. WRF3GFS_g3   SFCTC_KF
Now on.. WRF3GFS_g4   SFCTC_KF
Now on.. WRF3GFS_g5   SFCTC_KF
Now on.. WRF3NAVGEM_g2   SFCTC_KF
Now on.. WRF3NAVGEM_g3   SFCTC_KF
Now on.. WRF3NAVGEM_g4   SFCTC_KF
Now on.. WRF3GFSgc01_g2   SFCTC_KF
Now on.. WRF3GFSgc01_g3   SFCTC_KF
Now on.. WRF3ARPEGE_g2   SFCTC_KF
Now on.. WRF3ARPEGE_g3   SFCTC_KF
Now on.. WRF4ICON_g2   SFCTC_KF
Now on.. WRF4ICON_g3   SFCTC_KF
Now on.. WRF4NAM_g2   SFCTC_KF
Now on.. WRF4NAM_g3   SFCTC_KF
Now on.. WRF4NAM_g4   SFCTC_KF
Now on.. NMM3NAM_g2   SFCTC_KF
Now on.. NMM3NAM_g3   SFCTC_KF
Now on.. NMM3NAM_g4   SFCTC_KF
Now on.. NMM3GFS_g2   SFCTC_KF
Now on.. NMM3GFS_g3   SFCTC_KF
Now on.. WRF2NAM_g1   SFCTC_KF
Now on.. WRF2NAM_g2   SFCTC_KF
Now on.. WRF2NAM_g3   SFCTC_KF
Now on.. WRF2NAM81_g1   SFCTC_KF
Now on.. WRF2NAM81_g2   SFCTC_KF
Now on.. WRF2NAM81_g3   SFCTC_KF
Now on.. WRF2GFS_g1   SFCTC_KF
Now on.. WRF2GFS_g2   SFCTC_KF
Now on.. WRF2GFS_g3   SFCTC_KF
Now on.. WRF2GFS81_g1   SFCTC_KF
Now on.. WRF2GFS81_g2   SFCTC_KF
Now on.. WRF2GFS81_g3   SFCTC_KF
Now on.. WRF4RDPS_g3   SFCTC_KF
Now on.. WRF4RDPS_g4   SFCTC_KF
Now on.. WRF4RDPS_g5   SFCTC_KF
Now on.. MPAS25_g1   SFCTC_KF
Now on.. MPAS25_g2   SFCTC_KF
Now on.. ENS   SFCTC_KF
Now on.. ENS_lr   SFCTC_KF
Now on.. ENS_hr   SFCTC_KF
Now on.. ENS_LR   SFCTC_KF
SFCTC_KF
[0.854, 0.85, 0.854, 0.854, 0.858, 0.862, 0.871, 0.525, 0.612, 0.621, 0.908, 0.896, 0.892, 1.017, 2.671, 3.904, 4.654, 0.746, 0.808, 0.825, 1.062, 2.954, 1.158, 1.158, 0.588, 2.204, 0.942, 0.925, 0.9, 1.017, 1.079, 0.95, 1.071, 1.15, 1.037, 1.012, 1.467, 1.004, 0.967, 0.996, 1.092, 1.062, 1.063, 1.092, 1.033, 1.05, 0.833, 2.75, 4.054, 0.921, 0.971, 0.904, 0.937, 0.812, 0.975]
['MM5NAM36^', 'MM5NAM12^', 'MM5NAM4^', 'MM5GFS36^', 'MM5GFS12^', 'MM5GFS4^', 'MM5GFS1.3^', 'WRF3GEM36^', 'WRF3GEM12^', 'WRF3GEM4^', 'WRF3NAM36^', 'WRF3NAM12^', 'WRF3NAM4^', 'WRF3GFS36^', 'WRF3GFS12^', 'WRF3GFS4^', 'WRF3GFS1.3^', 'WRF3NAVGEM36^', 'WRF3NAVGEM12^', 'WRF3NAVGEM4^', 'WRF3GFSgc27^', 'WRF3GFSgc9^', 'WRF3ARPEGE27^', 'WRF3ARPEGE9^', 'WRF4ICON27^', 'WRF4ICON9^', 'WRF4NAM36^', 'WRF4NAM12^', 'WRF4NAM4^', 'NMM3NAM36^', 'NMM3NAM12^', 'NMM3NAM4^', 'NMM3GFS36^', 'NMM3GFS12^', 'WRF2NAM108^', 'WRF2NAM36^', 'WRF2NAM12^', 'WRF2NAM81^', 'WRF2NAM27^', 'WRF2NAM9^', 'WRF2GFS108^', 'WRF2GFS36^', 'WRF2GFS12^', 'WRF2GFS81^', 'WRF2GFS27^', 'WRF2GFS9^', 'WRF4RDPS9^', 'WRF4RDPS3^', 'WRF4RDPS1^', 'MPAS25g1^', 'MPAS25g2^', 'ENS (short range)^', 'ENS (low-res)^', 'ENS (high-res)^', 'ENS (long range)^']
Now on.. MM5_g2   SFCTC_KF
Now on.. MM5_g3   SFCTC_KF
Now on.. MM5_g4   SFCTC_KF
Now on.. MM5G_g2   SFCTC_KF
Now on.. MM5G_g3   SFCTC_KF
Now on.. MM5G_g4   SFCTC_KF
Now on.. MM5G_g5   SFCTC_KF
Now on.. WRF3GEM_g2   SFCTC_KF
Now on.. WRF3GEM_g3   SFCTC_KF
Now on.. WRF3GEM_g4   SFCTC_KF
Now on.. WRF3NAM_g2   SFCTC_KF
Now on.. WRF3NAM_g3   SFCTC_KF
Now on.. WRF3NAM_g4   SFCTC_KF
Now on.. WRF3GFS_g2   SFCTC_KF
Now on.. WRF3GFS_g3   SFCTC_KF
Now on.. WRF3GFS_g4   SFCTC_KF
Now on.. WRF3GFS_g5   SFCTC_KF
Now on.. WRF3NAVGEM_g2   SFCTC_KF
Now on.. WRF3NAVGEM_g3   SFCTC_KF
Now on.. WRF3NAVGEM_g4   SFCTC_KF
Now on.. WRF3GFSgc01_g2   SFCTC_KF
Now on.. WRF3GFSgc01_g3   SFCTC_KF
Now on.. WRF3ARPEGE_g2   SFCTC_KF
Now on.. WRF3ARPEGE_g3   SFCTC_KF
Now on.. WRF4ICON_g2   SFCTC_KF
Now on.. WRF4ICON_g3   SFCTC_KF
Now on.. WRF4NAM_g2   SFCTC_KF
Now on.. WRF4NAM_g3   SFCTC_KF
Now on.. WRF4NAM_g4   SFCTC_KF
Now on.. NMM3NAM_g2   SFCTC_KF
Now on.. NMM3NAM_g3   SFCTC_KF
Now on.. NMM3NAM_g4   SFCTC_KF
Now on.. NMM3GFS_g2   SFCTC_KF
Now on.. NMM3GFS_g3   SFCTC_KF
Now on.. WRF2NAM_g1   SFCTC_KF
Now on.. WRF2NAM_g2   SFCTC_KF
Now on.. WRF2NAM_g3   SFCTC_KF
Now on.. WRF2NAM81_g1   SFCTC_KF
Now on.. WRF2NAM81_g2   SFCTC_KF
Now on.. WRF2NAM81_g3   SFCTC_KF
Now on.. WRF2GFS_g1   SFCTC_KF
Now on.. WRF2GFS_g2   SFCTC_KF
Now on.. WRF2GFS_g3   SFCTC_KF
Now on.. WRF2GFS81_g1   SFCTC_KF
Now on.. WRF2GFS81_g2   SFCTC_KF
Now on.. WRF2GFS81_g3   SFCTC_KF
Now on.. WRF4RDPS_g3   SFCTC_KF
Now on.. WRF4RDPS_g4   SFCTC_KF
Now on.. WRF4RDPS_g5   SFCTC_KF
Now on.. MPAS25_g1   SFCTC_KF
Now on.. MPAS25_g2   SFCTC_KF
Now on.. ENS   SFCTC_KF
Now on.. ENS_lr   SFCTC_KF
Now on.. ENS_hr   SFCTC_KF
Now on.. ENS_LR   SFCTC_KF
SFCTC_KF
[2.592, 2.579, 2.587, 2.938, 3.142, 3.296, 3.388, 2.879, 2.887, 3.446, 2.154, 2.146, 2.121, 2.163, 3.358, 4.817, 5.504, 2.425, 2.454, 3.742, 2.758, 3.667, 3.083, 3.1, 2.596, 3.646, 2.458, 2.413, 2.417, 2.692, 2.629, 2.404, 3.033, 3.058, 2.346, 2.317, 2.475, 2.546, 2.483, 2.496, 2.808, 2.871, 2.904, 3.021, 2.987, 3.012, 2.633, 3.592, 4.908, 3.008, 2.946, 2.637, 2.667, 2.521, 2.892]
['MM5NAM36^', 'MM5NAM12^', 'MM5NAM4^', 'MM5GFS36^', 'MM5GFS12^', 'MM5GFS4^', 'MM5GFS1.3^', 'WRF3GEM36^', 'WRF3GEM12^', 'WRF3GEM4^', 'WRF3NAM36^', 'WRF3NAM12^', 'WRF3NAM4^', 'WRF3GFS36^', 'WRF3GFS12^', 'WRF3GFS4^', 'WRF3GFS1.3^', 'WRF3NAVGEM36^', 'WRF3NAVGEM12^', 'WRF3NAVGEM4^', 'WRF3GFSgc27^', 'WRF3GFSgc9^', 'WRF3ARPEGE27^', 'WRF3ARPEGE9^', 'WRF4ICON27^', 'WRF4ICON9^', 'WRF4NAM36^', 'WRF4NAM12^', 'WRF4NAM4^', 'NMM3NAM36^', 'NMM3NAM12^', 'NMM3NAM4^', 'NMM3GFS36^', 'NMM3GFS12^', 'WRF2NAM108^', 'WRF2NAM36^', 'WRF2NAM12^', 'WRF2NAM81^', 'WRF2NAM27^', 'WRF2NAM9^', 'WRF2GFS108^', 'WRF2GFS36^', 'WRF2GFS12^', 'WRF2GFS81^', 'WRF2GFS27^', 'WRF2GFS9^', 'WRF4RDPS9^', 'WRF4RDPS3^', 'WRF4RDPS1^', 'MPAS25g1^', 'MPAS25g2^', 'ENS (short range)^', 'ENS (low-res)^', 'ENS (high-res)^', 'ENS (long range)^']
Now on.. MM5_g2   SFCTC_KF
Now on.. MM5_g3   SFCTC_KF
Now on.. MM5_g4   SFCTC_KF
Now on.. MM5G_g2   SFCTC_KF
Now on.. MM5G_g3   SFCTC_KF
Now on.. MM5G_g4   SFCTC_KF
Now on.. MM5G_g5   SFCTC_KF
Now on.. WRF3GEM_g2   SFCTC_KF
Now on.. WRF3GEM_g3   SFCTC_KF
Now on.. WRF3GEM_g4   SFCTC_KF
Now on.. WRF3NAM_g2   SFCTC_KF
Now on.. WRF3NAM_g3   SFCTC_KF
Now on.. WRF3NAM_g4   SFCTC_KF
Now on.. WRF3GFS_g2   SFCTC_KF
Now on.. WRF3GFS_g3   SFCTC_KF
Now on.. WRF3GFS_g4   SFCTC_KF
Now on.. WRF3GFS_g5   SFCTC_KF
Now on.. WRF3NAVGEM_g2   SFCTC_KF
Now on.. WRF3NAVGEM_g3   SFCTC_KF
Now on.. WRF3NAVGEM_g4   SFCTC_KF
Now on.. WRF3GFSgc01_g2   SFCTC_KF
Now on.. WRF3GFSgc01_g3   SFCTC_KF
Now on.. WRF3ARPEGE_g2   SFCTC_KF
Now on.. WRF3ARPEGE_g3   SFCTC_KF
Now on.. WRF4ICON_g2   SFCTC_KF
Now on.. WRF4ICON_g3   SFCTC_KF
Now on.. WRF4NAM_g2   SFCTC_KF
Now on.. WRF4NAM_g3   SFCTC_KF
Now on.. WRF4NAM_g4   SFCTC_KF
Now on.. NMM3NAM_g2   SFCTC_KF
Now on.. NMM3NAM_g3   SFCTC_KF
Now on.. NMM3NAM_g4   SFCTC_KF
Now on.. NMM3GFS_g2   SFCTC_KF
Now on.. NMM3GFS_g3   SFCTC_KF
Now on.. WRF2NAM_g1   SFCTC_KF
Now on.. WRF2NAM_g2   SFCTC_KF
Now on.. WRF2NAM_g3   SFCTC_KF
Now on.. WRF2NAM81_g1   SFCTC_KF
Now on.. WRF2NAM81_g2   SFCTC_KF
Now on.. WRF2NAM81_g3   SFCTC_KF
Now on.. WRF2GFS_g1   SFCTC_KF
Now on.. WRF2GFS_g2   SFCTC_KF
Now on.. WRF2GFS_g3   SFCTC_KF
Now on.. WRF2GFS81_g1   SFCTC_KF
Now on.. WRF2GFS81_g2   SFCTC_KF
Now on.. WRF2GFS81_g3   SFCTC_KF
Now on.. WRF4RDPS_g3   SFCTC_KF
Now on.. WRF4RDPS_g4   SFCTC_KF
Now on.. WRF4RDPS_g5   SFCTC_KF
Now on.. MPAS25_g1   SFCTC_KF
Now on.. MPAS25_g2   SFCTC_KF
Now on.. ENS   SFCTC_KF
Now on.. ENS_lr   SFCTC_KF
Now on.. ENS_hr   SFCTC_KF
Now on.. ENS_LR   SFCTC_KF
SFCTC_KF
[5.267, 5.325, 5.371, 5.383, 2.192, 4.138, 5.587, 3.288, 3.367, 3.488, 4.55, 3.196, 6.446, 2.9, 2.829, 2.637, 4.3, 5.013, 4.6, 4.604, 4.692, 5.254, 3.396, 3.379, 3.913, 3.958, 3.754, 4.708, 4.738, 3.517, 3.55, 3.692, 3.746, 3.8, 3.817, 4.529, 4.563, 4.588, 4.192, 4.229, 4.221, 4.167, 4.8, 4.5, 4.521, 4.108, 4.1, 4.125, 4.333]
['MM5GFS36^', 'MM5GFS12^', 'MM5GFS4^', 'MM5GFS1.3^', 'WRF3GEM36^', 'WRF3GEM12^', 'WRF3GEM4^', 'WRF3NAM36^', 'WRF3NAM12^', 'WRF3GFS36^', 'WRF3GFS12^', 'WRF3GFS4^', 'WRF3GFS1.3^', 'WRF3NAVGEM36^', 'WRF3NAVGEM12^', 'WRF3NAVGEM4^', 'WRF3GFSgc27^', 'WRF3GFSgc9^', 'WRF3ARPEGE27^', 'WRF3ARPEGE9^', 'WRF4ICON27^', 'WRF4ICON9^', 'WRF4NAM36^', 'WRF4NAM12^', 'NMM3NAM36^', 'NMM3NAM12^', 'NMM3NAM4^', 'NMM3GFS36^', 'NMM3GFS12^', 'WRF2NAM108^', 'WRF2NAM36^', 'WRF2NAM12^', 'WRF2NAM81^', 'WRF2NAM27^', 'WRF2NAM9^', 'WRF2GFS108^', 'WRF2GFS36^', 'WRF2GFS12^', 'WRF2GFS81^', 'WRF2GFS27^', 'WRF2GFS9^', 'WRF4RDPS9^', 'WRF4RDPS3^', 'MPAS25g1^', 'MPAS25g2^', 'ENS (short range)^', 'ENS (low-res)^', 'ENS (high-res)^', 'ENS (long range)^']
Now on.. MM5_g2   SFCTC_KF
Now on.. MM5_g3   SFCTC_KF
Now on.. MM5_g4   SFCTC_KF
Now on.. MM5G_g2   SFCTC_KF
Now on.. MM5G_g3   SFCTC_KF
Now on.. MM5G_g4   SFCTC_KF
Now on.. MM5G_g5   SFCTC_KF
Now on.. WRF3GEM_g2   SFCTC_KF
Now on.. WRF3GEM_g3   SFCTC_KF
Now on.. WRF3GEM_g4   SFCTC_KF
Now on.. WRF3NAM_g2   SFCTC_KF
Now on.. WRF3NAM_g3   SFCTC_KF
Now on.. WRF3NAM_g4   SFCTC_KF
Now on.. WRF3GFS_g2   SFCTC_KF
Now on.. WRF3GFS_g3   SFCTC_KF
Now on.. WRF3GFS_g4   SFCTC_KF
Now on.. WRF3GFS_g5   SFCTC_KF
Now on.. WRF3NAVGEM_g2   SFCTC_KF
Now on.. WRF3NAVGEM_g3   SFCTC_KF
Now on.. WRF3NAVGEM_g4   SFCTC_KF
Now on.. WRF3GFSgc01_g2   SFCTC_KF
Now on.. WRF3GFSgc01_g3   SFCTC_KF
Now on.. WRF3ARPEGE_g2   SFCTC_KF
Now on.. WRF3ARPEGE_g3   SFCTC_KF
Now on.. WRF4ICON_g2   SFCTC_KF
Now on.. WRF4ICON_g3   SFCTC_KF
Now on.. WRF4NAM_g2   SFCTC_KF
Now on.. WRF4NAM_g3   SFCTC_KF
Now on.. WRF4NAM_g4   SFCTC_KF
Now on.. NMM3NAM_g2   SFCTC_KF
Now on.. NMM3NAM_g3   SFCTC_KF
Now on.. NMM3NAM_g4   SFCTC_KF
Now on.. NMM3GFS_g2   SFCTC_KF
Now on.. NMM3GFS_g3   SFCTC_KF
Now on.. WRF2NAM_g1   SFCTC_KF
Now on.. WRF2NAM_g2   SFCTC_KF
Now on.. WRF2NAM_g3   SFCTC_KF
Now on.. WRF2NAM81_g1   SFCTC_KF
Now on.. WRF2NAM81_g2   SFCTC_KF
Now on.. WRF2NAM81_g3   SFCTC_KF
Now on.. WRF2GFS_g1   SFCTC_KF
Now on.. WRF2GFS_g2   SFCTC_KF
Now on.. WRF2GFS_g3   SFCTC_KF
Now on.. WRF2GFS81_g1   SFCTC_KF
Now on.. WRF2GFS81_g2   SFCTC_KF
Now on.. WRF2GFS81_g3   SFCTC_KF
Now on.. WRF4RDPS_g3   SFCTC_KF
Now on.. WRF4RDPS_g4   SFCTC_KF
Now on.. WRF4RDPS_g5   SFCTC_KF
Now on.. MPAS25_g1   SFCTC_KF
Now on.. MPAS25_g2   SFCTC_KF
Now on.. ENS   SFCTC_KF
Now on.. ENS_lr   SFCTC_KF
Now on.. ENS_hr   SFCTC_KF
Now on.. ENS_LR   SFCTC_KF
SFCTC_KF
[2.283, 2.538, 4.521, 4.908, 2.367, 2.358, 4.379, 5.279, 4.917, 4.867, 5.45, 5.554, 5.446, 5.558, 4.587, 4.654, 4.679, 4.358, 4.392, 4.379, 5.317, 5.3, 4.596, 4.604, 4.646]
['WRF3GEM36^', 'WRF3GEM12^', 'WRF3GFS36^', 'WRF3GFS12^', 'WRF3NAVGEM36^', 'WRF3NAVGEM12^', 'WRF3GFSgc27^', 'WRF3GFSgc9^', 'WRF3ARPEGE27^', 'WRF3ARPEGE9^', 'WRF4ICON27^', 'WRF4ICON9^', 'NMM3GFS36^', 'NMM3GFS12^', 'WRF2GFS108^', 'WRF2GFS36^', 'WRF2GFS12^', 'WRF2GFS81^', 'WRF2GFS27^', 'WRF2GFS9^', 'MPAS25g1^', 'MPAS25g2^', 'ENS (short range)^', 'ENS (low-res)^', 'ENS (long range)^']
Now on.. MM5_g2   SFCTC_KF
Now on.. MM5_g3   SFCTC_KF
Now on.. MM5_g4   SFCTC_KF
Now on.. MM5G_g2   SFCTC_KF
Now on.. MM5G_g3   SFCTC_KF
Now on.. MM5G_g4   SFCTC_KF
Now on.. MM5G_g5   SFCTC_KF
Now on.. WRF3GEM_g2   SFCTC_KF
Now on.. WRF3GEM_g3   SFCTC_KF
Now on.. WRF3GEM_g4   SFCTC_KF
Now on.. WRF3NAM_g2   SFCTC_KF
Now on.. WRF3NAM_g3   SFCTC_KF
Now on.. WRF3NAM_g4   SFCTC_KF
Now on.. WRF3GFS_g2   SFCTC_KF
Now on.. WRF3GFS_g3   SFCTC_KF
Now on.. WRF3GFS_g4   SFCTC_KF
Now on.. WRF3GFS_g5   SFCTC_KF
Now on.. WRF3NAVGEM_g2   SFCTC_KF
Now on.. WRF3NAVGEM_g3   SFCTC_KF
Now on.. WRF3NAVGEM_g4   SFCTC_KF
Now on.. WRF3GFSgc01_g2   SFCTC_KF
Now on.. WRF3GFSgc01_g3   SFCTC_KF
Now on.. WRF3ARPEGE_g2   SFCTC_KF
Now on.. WRF3ARPEGE_g3   SFCTC_KF
Now on.. WRF4ICON_g2   SFCTC_KF
Now on.. WRF4ICON_g3   SFCTC_KF
Now on.. WRF4NAM_g2   SFCTC_KF
Now on.. WRF4NAM_g3   SFCTC_KF
Now on.. WRF4NAM_g4   SFCTC_KF
Now on.. NMM3NAM_g2   SFCTC_KF
Now on.. NMM3NAM_g3   SFCTC_KF
Now on.. NMM3NAM_g4   SFCTC_KF
Now on.. NMM3GFS_g2   SFCTC_KF
Now on.. NMM3GFS_g3   SFCTC_KF
Now on.. WRF2NAM_g1   SFCTC_KF
Now on.. WRF2NAM_g2   SFCTC_KF
Now on.. WRF2NAM_g3   SFCTC_KF
Now on.. WRF2NAM81_g1   SFCTC_KF
Now on.. WRF2NAM81_g2   SFCTC_KF
Now on.. WRF2NAM81_g3   SFCTC_KF
Now on.. WRF2GFS_g1   SFCTC_KF
Now on.. WRF2GFS_g2   SFCTC_KF
Now on.. WRF2GFS_g3   SFCTC_KF
Now on.. WRF2GFS81_g1   SFCTC_KF
Now on.. WRF2GFS81_g2   SFCTC_KF
Now on.. WRF2GFS81_g3   SFCTC_KF
Now on.. WRF4RDPS_g3   SFCTC_KF
Now on.. WRF4RDPS_g4   SFCTC_KF
Now on.. WRF4RDPS_g5   SFCTC_KF
Now on.. MPAS25_g1   SFCTC_KF
Now on.. MPAS25_g2   SFCTC_KF
Now on.. ENS   SFCTC_KF
Now on.. ENS_lr   SFCTC_KF
Now on.. ENS_hr   SFCTC_KF
Now on.. ENS_LR   SFCTC_KF
SFCTC_KF
[2.288, 1.583, 3.675, 4.458, 1.029, 1.013, 4.596, 4.95, 5.246, 5.292, 5.967, 6.017, 4.129, 4.087, 4.096, 4.337, 4.208, 4.225, 3.883, 3.867, 4.033, 4.033, 4.033]
['WRF3GEM36^', 'WRF3GEM12^', 'WRF3GFS36^', 'WRF3GFS12^', 'WRF3NAVGEM36^', 'WRF3NAVGEM12^', 'WRF3GFSgc27^', 'WRF3GFSgc9^', 'WRF4ICON27^', 'WRF4ICON9^', 'NMM3GFS36^', 'NMM3GFS12^', 'WRF2GFS108^', 'WRF2GFS36^', 'WRF2GFS12^', 'WRF2GFS81^', 'WRF2GFS27^', 'WRF2GFS9^', 'MPAS25g1^', 'MPAS25g2^', 'ENS (short range)^', 'ENS (low-res)^', 'ENS (long range)^']
Now on.. MM5_g2   SFCTC_KF
Now on.. MM5_g3   SFCTC_KF
Now on.. MM5_g4   SFCTC_KF
Now on.. MM5G_g2   SFCTC_KF
Now on.. MM5G_g3   SFCTC_KF
Now on.. MM5G_g4   SFCTC_KF
Now on.. MM5G_g5   SFCTC_KF
Now on.. WRF3GEM_g2   SFCTC_KF
Now on.. WRF3GEM_g3   SFCTC_KF
Now on.. WRF3GEM_g4   SFCTC_KF
Now on.. WRF3NAM_g2   SFCTC_KF
Now on.. WRF3NAM_g3   SFCTC_KF
Now on.. WRF3NAM_g4   SFCTC_KF
Now on.. WRF3GFS_g2   SFCTC_KF
Now on.. WRF3GFS_g3   SFCTC_KF
Now on.. WRF3GFS_g4   SFCTC_KF
Now on.. WRF3GFS_g5   SFCTC_KF
Now on.. WRF3NAVGEM_g2   SFCTC_KF
Now on.. WRF3NAVGEM_g3   SFCTC_KF
Now on.. WRF3NAVGEM_g4   SFCTC_KF
Now on.. WRF3GFSgc01_g2   SFCTC_KF
Now on.. WRF3GFSgc01_g3   SFCTC_KF
Now on.. WRF3ARPEGE_g2   SFCTC_KF
Now on.. WRF3ARPEGE_g3   SFCTC_KF
Now on.. WRF4ICON_g2   SFCTC_KF
Now on.. WRF4ICON_g3   SFCTC_KF
Now on.. WRF4NAM_g2   SFCTC_KF
Now on.. WRF4NAM_g3   SFCTC_KF
Now on.. WRF4NAM_g4   SFCTC_KF
Now on.. NMM3NAM_g2   SFCTC_KF
Now on.. NMM3NAM_g3   SFCTC_KF
Now on.. NMM3NAM_g4   SFCTC_KF
Now on.. NMM3GFS_g2   SFCTC_KF
Now on.. NMM3GFS_g3   SFCTC_KF
Now on.. WRF2NAM_g1   SFCTC_KF
Now on.. WRF2NAM_g2   SFCTC_KF
Now on.. WRF2NAM_g3   SFCTC_KF
Now on.. WRF2NAM81_g1   SFCTC_KF
Now on.. WRF2NAM81_g2   SFCTC_KF
Now on.. WRF2NAM81_g3   SFCTC_KF
Now on.. WRF2GFS_g1   SFCTC_KF
Now on.. WRF2GFS_g2   SFCTC_KF
Now on.. WRF2GFS_g3   SFCTC_KF
Now on.. WRF2GFS81_g1   SFCTC_KF
Now on.. WRF2GFS81_g2   SFCTC_KF
Now on.. WRF2GFS81_g3   SFCTC_KF
Now on.. WRF4RDPS_g3   SFCTC_KF
Now on.. WRF4RDPS_g4   SFCTC_KF
Now on.. WRF4RDPS_g5   SFCTC_KF
Now on.. MPAS25_g1   SFCTC_KF
Now on.. MPAS25_g2   SFCTC_KF
Now on.. ENS   SFCTC_KF
Now on.. ENS_lr   SFCTC_KF
Now on.. ENS_hr   SFCTC_KF
Now on.. ENS_LR   SFCTC_KF
SFCTC_KF
[2.158, 1.592, 3.225, 4.096, 3.667, 4.004, 2.925, 4.188, 5.683, 5.746, 3.867, 3.721, 3.746, 3.225, 3.1, 3.117, 3.317, 3.317, 3.317]
['WRF3GEM36^', 'WRF3GEM12^', 'WRF3GFS36^', 'WRF3GFS12^', 'WRF3GFSgc27^', 'WRF3GFSgc9^', 'WRF4ICON27^', 'WRF4ICON9^', 'NMM3GFS36^', 'NMM3GFS12^', 'WRF2GFS108^', 'WRF2GFS36^', 'WRF2GFS12^', 'WRF2GFS81^', 'WRF2GFS27^', 'WRF2GFS9^', 'ENS (short range)^', 'ENS (low-res)^', 'ENS (long range)^']
Now on.. MM5_g2   SFCTC_KF
Now on.. MM5_g3   SFCTC_KF
Now on.. MM5_g4   SFCTC_KF
Now on.. MM5G_g2   SFCTC_KF
Now on.. MM5G_g3   SFCTC_KF
Now on.. MM5G_g4   SFCTC_KF
Now on.. MM5G_g5   SFCTC_KF
Now on.. WRF3GEM_g2   SFCTC_KF
Now on.. WRF3GEM_g3   SFCTC_KF
Now on.. WRF3GEM_g4   SFCTC_KF
Now on.. WRF3NAM_g2   SFCTC_KF
Now on.. WRF3NAM_g3   SFCTC_KF
Now on.. WRF3NAM_g4   SFCTC_KF
Now on.. WRF3GFS_g2   SFCTC_KF
Now on.. WRF3GFS_g3   SFCTC_KF
Now on.. WRF3GFS_g4   SFCTC_KF
Now on.. WRF3GFS_g5   SFCTC_KF
Now on.. WRF3NAVGEM_g2   SFCTC_KF
Now on.. WRF3NAVGEM_g3   SFCTC_KF
Now on.. WRF3NAVGEM_g4   SFCTC_KF
Now on.. WRF3GFSgc01_g2   SFCTC_KF
Now on.. WRF3GFSgc01_g3   SFCTC_KF
Now on.. WRF3ARPEGE_g2   SFCTC_KF
Now on.. WRF3ARPEGE_g3   SFCTC_KF
Now on.. WRF4ICON_g2   SFCTC_KF
Now on.. WRF4ICON_g3   SFCTC_KF
Now on.. WRF4NAM_g2   SFCTC_KF
Now on.. WRF4NAM_g3   SFCTC_KF
Now on.. WRF4NAM_g4   SFCTC_KF
Now on.. NMM3NAM_g2   SFCTC_KF
Now on.. NMM3NAM_g3   SFCTC_KF
Now on.. NMM3NAM_g4   SFCTC_KF
Now on.. NMM3GFS_g2   SFCTC_KF
Now on.. NMM3GFS_g3   SFCTC_KF
Now on.. WRF2NAM_g1   SFCTC_KF
Now on.. WRF2NAM_g2   SFCTC_KF
Now on.. WRF2NAM_g3   SFCTC_KF
Now on.. WRF2NAM81_g1   SFCTC_KF
Now on.. WRF2NAM81_g2   SFCTC_KF
Now on.. WRF2NAM81_g3   SFCTC_KF
Now on.. WRF2GFS_g1   SFCTC_KF
Now on.. WRF2GFS_g2   SFCTC_KF
Now on.. WRF2GFS_g3   SFCTC_KF
Now on.. WRF2GFS81_g1   SFCTC_KF
Now on.. WRF2GFS81_g2   SFCTC_KF
Now on.. WRF2GFS81_g3   SFCTC_KF
Now on.. WRF4RDPS_g3   SFCTC_KF
Now on.. WRF4RDPS_g4   SFCTC_KF
Now on.. WRF4RDPS_g5   SFCTC_KF
Now on.. MPAS25_g1   SFCTC_KF
Now on.. MPAS25_g2   SFCTC_KF
Now on.. ENS   SFCTC_KF
Now on.. ENS_lr   SFCTC_KF
Now on.. ENS_hr   SFCTC_KF
Now on.. ENS_LR   SFCTC_KF
SFCTC_KF
[4.504, 2.358, 3.438, 4.112, 1.992, 3.796, 2.425, 4.467, 5.787, 5.762, 2.117, 2.129, 2.121, 2.242, 2.275, 2.304, 2.204, 2.204, 2.204]
['WRF3GEM36^', 'WRF3GEM12^', 'WRF3GFS36^', 'WRF3GFS12^', 'WRF3GFSgc27^', 'WRF3GFSgc9^', 'WRF4ICON27^', 'WRF4ICON9^', 'NMM3GFS36^', 'NMM3GFS12^', 'WRF2GFS108^', 'WRF2GFS36^', 'WRF2GFS12^', 'WRF2GFS81^', 'WRF2GFS27^', 'WRF2GFS9^', 'ENS (short range)^', 'ENS (low-res)^', 'ENS (long range)^']
Now on.. MM5_g2   PCPTOT
Now on.. MM5_g3   PCPTOT
Now on.. MM5_g4   PCPTOT
Now on.. MM5G_g2   PCPTOT
Now on.. MM5G_g3   PCPTOT
Now on.. MM5G_g4   PCPTOT
Now on.. MM5G_g5   PCPTOT
Now on.. WRF3GEM_g2   PCPTOT
Now on.. WRF3GEM_g3   PCPTOT
Now on.. WRF3GEM_g4   PCPTOT
Now on.. WRF3NAM_g2   PCPTOT
Now on.. WRF3NAM_g3   PCPTOT
Now on.. WRF3NAM_g4   PCPTOT
Now on.. WRF3GFS_g2   PCPTOT
Now on.. WRF3GFS_g3   PCPTOT
Now on.. WRF3GFS_g4   PCPTOT
Now on.. WRF3GFS_g5   PCPTOT
Now on.. WRF3NAVGEM_g2   PCPTOT
Now on.. WRF3NAVGEM_g3   PCPTOT
Now on.. WRF3NAVGEM_g4   PCPTOT
Now on.. WRF3GFSgc01_g2   PCPTOT
Now on.. WRF3GFSgc01_g3   PCPTOT
Now on.. WRF3ARPEGE_g2   PCPTOT
Now on.. WRF3ARPEGE_g3   PCPTOT
Now on.. WRF4ICON_g2   PCPTOT
Now on.. WRF4ICON_g3   PCPTOT
Now on.. WRF4NAM_g2   PCPTOT
Now on.. WRF4NAM_g3   PCPTOT
Now on.. WRF4NAM_g4   PCPTOT
Now on.. NMM3NAM_g2   PCPTOT
Now on.. NMM3NAM_g3   PCPTOT
Now on.. NMM3NAM_g4   PCPTOT
Now on.. NMM3GFS_g2   PCPTOT
Now on.. NMM3GFS_g3   PCPTOT
Now on.. WRF2NAM_g1   PCPTOT
Now on.. WRF2NAM_g2   PCPTOT
Now on.. WRF2NAM_g3   PCPTOT
Now on.. WRF2NAM81_g1   PCPTOT
Now on.. WRF2NAM81_g2   PCPTOT
Now on.. WRF2NAM81_g3   PCPTOT
Now on.. WRF2GFS_g1   PCPTOT
Now on.. WRF2GFS_g2   PCPTOT
Now on.. WRF2GFS_g3   PCPTOT
Now on.. WRF2GFS81_g1   PCPTOT
Now on.. WRF2GFS81_g2   PCPTOT
Now on.. WRF2GFS81_g3   PCPTOT
Now on.. WRF4RDPS_g3   PCPTOT
Now on.. WRF4RDPS_g4   PCPTOT
Now on.. WRF4RDPS_g5   PCPTOT
Now on.. MPAS25_g1   PCPTOT
Now on.. MPAS25_g2   PCPTOT
Now on.. ENS   PCPTOT
Now on.. ENS_lr   PCPTOT
Now on.. ENS_hr   PCPTOT
Now on.. ENS_LR   PCPTOT
PCPTOT
[0.005, 0.008, 0.005, 0.0, 0.002, 0.002, 0.002, 0.023, 0.018, 0.0, 0.002, 0.003, 0.003, 0.0, 0.0, 0.0, 0.0, 0.0, 0.0, 0.0, 0.0, 0.0, 0.0, 0.002, 0.0, 0.0, 0.0, 0.0, 0.0, 0.015, 0.0, 0.0, 0.005, 0.0, 0.007, 0.005, 0.005, 0.005, 0.008, 0.008, 0.0, 0.0, 0.0, 0.0, 0.0, 0.0, 0.0, 0.0, 0.0, 0.002, 0.0, 0.002, 0.002, 0.002, 0.0]
['MM5NAM36^', 'MM5NAM12^', 'MM5NAM4^', 'MM5GFS36^', 'MM5GFS12^', 'MM5GFS4^', 'MM5GFS1.3^', 'WRF3GEM36^', 'WRF3GEM12^', 'WRF3GEM4^', 'WRF3NAM36^', 'WRF3NAM12^', 'WRF3NAM4^', 'WRF3GFS36^', 'WRF3GFS12^', 'WRF3GFS4^', 'WRF3GFS1.3^', 'WRF3NAVGEM36^', 'WRF3NAVGEM12^', 'WRF3NAVGEM4^', 'WRF3GFSgc27^', 'WRF3GFSgc9^', 'WRF3ARPEGE27^', 'WRF3ARPEGE9^', 'WRF4ICON27^', 'WRF4ICON9^', 'WRF4NAM36^', 'WRF4NAM12^', 'WRF4NAM4^', 'NMM3NAM36^', 'NMM3NAM12^', 'NMM3NAM4^', 'NMM3GFS36^', 'NMM3GFS12^', 'WRF2NAM108^', 'WRF2NAM36^', 'WRF2NAM12^', 'WRF2NAM81^', 'WRF2NAM27^', 'WRF2NAM9^', 'WRF2GFS108^', 'WRF2GFS36^', 'WRF2GFS12^', 'WRF2GFS81^', 'WRF2GFS27^', 'WRF2GFS9^', 'WRF4RDPS9^', 'WRF4RDPS3^', 'WRF4RDPS1^', 'MPAS25g1^', 'MPAS25g2^', 'ENS (short range)^', 'ENS (low-res)^', 'ENS (high-res)^', 'ENS (long range)^']
Now on.. MM5_g2   PCPTOT
Now on.. MM5_g3   PCPTOT
Now on.. MM5_g4   PCPTOT
Now on.. MM5G_g2   PCPTOT
Now on.. MM5G_g3   PCPTOT
Now on.. MM5G_g4   PCPTOT
Now on.. MM5G_g5   PCPTOT
Now on.. WRF3GEM_g2   PCPTOT
Now on.. WRF3GEM_g3   PCPTOT
Now on.. WRF3GEM_g4   PCPTOT
Now on.. WRF3NAM_g2   PCPTOT
Now on.. WRF3NAM_g3   PCPTOT
Now on.. WRF3NAM_g4   PCPTOT
Now on.. WRF3GFS_g2   PCPTOT
Now on.. WRF3GFS_g3   PCPTOT
Now on.. WRF3GFS_g4   PCPTOT
Now on.. WRF3GFS_g5   PCPTOT
Now on.. WRF3NAVGEM_g2   PCPTOT
Now on.. WRF3NAVGEM_g3   PCPTOT
Now on.. WRF3NAVGEM_g4   PCPTOT
Now on.. WRF3GFSgc01_g2   PCPTOT
Now on.. WRF3GFSgc01_g3   PCPTOT
Now on.. WRF3ARPEGE_g2   PCPTOT
Now on.. WRF3ARPEGE_g3   PCPTOT
Now on.. WRF4ICON_g2   PCPTOT
Now on.. WRF4ICON_g3   PCPTOT
Now on.. WRF4NAM_g2   PCPTOT
Now on.. WRF4NAM_g3   PCPTOT
Now on.. WRF4NAM_g4   PCPTOT
Now on.. NMM3NAM_g2   PCPTOT
Now on.. NMM3NAM_g3   PCPTOT
Now on.. NMM3NAM_g4   PCPTOT
Now on.. NMM3GFS_g2   PCPTOT
Now on.. NMM3GFS_g3   PCPTOT
Now on.. WRF2NAM_g1   PCPTOT
Now on.. WRF2NAM_g2   PCPTOT
Now on.. WRF2NAM_g3   PCPTOT
Now on.. WRF2NAM81_g1   PCPTOT
Now on.. WRF2NAM81_g2   PCPTOT
Now on.. WRF2NAM81_g3   PCPTOT
Now on.. WRF2GFS_g1   PCPTOT
Now on.. WRF2GFS_g2   PCPTOT
Now on.. WRF2GFS_g3   PCPTOT
Now on.. WRF2GFS81_g1   PCPTOT
Now on.. WRF2GFS81_g2   PCPTOT
Now on.. WRF2GFS81_g3   PCPTOT
Now on.. WRF4RDPS_g3   PCPTOT
Now on.. WRF4RDPS_g4   PCPTOT
Now on.. WRF4RDPS_g5   PCPTOT
Now on.. MPAS25_g1   PCPTOT
Now on.. MPAS25_g2   PCPTOT
Now on.. ENS   PCPTOT
Now on.. ENS_lr   PCPTOT
Now on.. ENS_hr   PCPTOT
Now on.. ENS_LR   PCPTOT
PCPTOT
[0.0, 0.005, 0.008, 0.007, 0.017, 0.013, 0.0, 0.001, 0.002, 0.0, 0.0, 0.0, 0.0, 0.0, 0.0, 0.0, 0.0, 0.0, 0.007, 0.008, 0.0, 0.0, 0.0, 0.0, 0.011, 0.0, 0.0, 0.004, 0.0, 0.005, 0.004, 0.005, 0.004, 0.006, 0.006, 0.0, 0.0, 0.0, 0.0, 0.0, 0.0, 0.0, 0.0, 0.008, 0.007, 0.001, 0.001, 0.001, 0.0]
['MM5GFS36^', 'MM5GFS12^', 'MM5GFS4^', 'MM5GFS1.3^', 'WRF3GEM36^', 'WRF3GEM12^', 'WRF3GEM4^', 'WRF3NAM36^', 'WRF3NAM12^', 'WRF3GFS36^', 'WRF3GFS12^', 'WRF3GFS4^', 'WRF3GFS1.3^', 'WRF3NAVGEM36^', 'WRF3NAVGEM12^', 'WRF3NAVGEM4^', 'WRF3GFSgc27^', 'WRF3GFSgc9^', 'WRF3ARPEGE27^', 'WRF3ARPEGE9^', 'WRF4ICON27^', 'WRF4ICON9^', 'WRF4NAM36^', 'WRF4NAM12^', 'NMM3NAM36^', 'NMM3NAM12^', 'NMM3NAM4^', 'NMM3GFS36^', 'NMM3GFS12^', 'WRF2NAM108^', 'WRF2NAM36^', 'WRF2NAM12^', 'WRF2NAM81^', 'WRF2NAM27^', 'WRF2NAM9^', 'WRF2GFS108^', 'WRF2GFS36^', 'WRF2GFS12^', 'WRF2GFS81^', 'WRF2GFS27^', 'WRF2GFS9^', 'WRF4RDPS9^', 'WRF4RDPS3^', 'MPAS25g1^', 'MPAS25g2^', 'ENS (short range)^', 'ENS (low-res)^', 'ENS (high-res)^', 'ENS (long range)^']
Now on.. MM5_g2   PCPTOT
Now on.. MM5_g3   PCPTOT
Now on.. MM5_g4   PCPTOT
Now on.. MM5G_g2   PCPTOT
Now on.. MM5G_g3   PCPTOT
Now on.. MM5G_g4   PCPTOT
Now on.. MM5G_g5   PCPTOT
Now on.. WRF3GEM_g2   PCPTOT
Now on.. WRF3GEM_g3   PCPTOT
Now on.. WRF3GEM_g4   PCPTOT
Now on.. WRF3NAM_g2   PCPTOT
Now on.. WRF3NAM_g3   PCPTOT
Now on.. WRF3NAM_g4   PCPTOT
Now on.. WRF3GFS_g2   PCPTOT
Now on.. WRF3GFS_g3   PCPTOT
Now on.. WRF3GFS_g4   PCPTOT
Now on.. WRF3GFS_g5   PCPTOT
Now on.. WRF3NAVGEM_g2   PCPTOT
Now on.. WRF3NAVGEM_g3   PCPTOT
Now on.. WRF3NAVGEM_g4   PCPTOT
Now on.. WRF3GFSgc01_g2   PCPTOT
Now on.. WRF3GFSgc01_g3   PCPTOT
Now on.. WRF3ARPEGE_g2   PCPTOT
Now on.. WRF3ARPEGE_g3   PCPTOT
Now on.. WRF4ICON_g2   PCPTOT
Now on.. WRF4ICON_g3   PCPTOT
Now on.. WRF4NAM_g2   PCPTOT
Now on.. WRF4NAM_g3   PCPTOT
Now on.. WRF4NAM_g4   PCPTOT
Now on.. NMM3NAM_g2   PCPTOT
Now on.. NMM3NAM_g3   PCPTOT
Now on.. NMM3NAM_g4   PCPTOT
Now on.. NMM3GFS_g2   PCPTOT
Now on.. NMM3GFS_g3   PCPTOT
Now on.. WRF2NAM_g1   PCPTOT
Now on.. WRF2NAM_g2   PCPTOT
Now on.. WRF2NAM_g3   PCPTOT
Now on.. WRF2NAM81_g1   PCPTOT
Now on.. WRF2NAM81_g2   PCPTOT
Now on.. WRF2NAM81_g3   PCPTOT
Now on.. WRF2GFS_g1   PCPTOT
Now on.. WRF2GFS_g2   PCPTOT
Now on.. WRF2GFS_g3   PCPTOT
Now on.. WRF2GFS81_g1   PCPTOT
Now on.. WRF2GFS81_g2   PCPTOT
Now on.. WRF2GFS81_g3   PCPTOT
Now on.. WRF4RDPS_g3   PCPTOT
Now on.. WRF4RDPS_g4   PCPTOT
Now on.. WRF4RDPS_g5   PCPTOT
Now on.. MPAS25_g1   PCPTOT
Now on.. MPAS25_g2   PCPTOT
Now on.. ENS   PCPTOT
Now on.. ENS_lr   PCPTOT
Now on.. ENS_hr   PCPTOT
Now on.. ENS_LR   PCPTOT
PCPTOT
[0.012, 0.009, 0.0, 0.0, 0.0, 0.0, 0.0, 0.0, 0.0, 0.0, 0.003, 0.0, 0.005, 0.002, 0.002, 0.0, 0.0, 0.0, 0.023, 0.018, 0.001, 0.001, 0.0]
['WRF3GEM36^', 'WRF3GEM12^', 'WRF3GFS36^', 'WRF3GFS12^', 'WRF3NAVGEM36^', 'WRF3NAVGEM12^', 'WRF3GFSgc27^', 'WRF3GFSgc9^', 'WRF4ICON27^', 'WRF4ICON9^', 'NMM3GFS36^', 'NMM3GFS12^', 'WRF2GFS108^', 'WRF2GFS36^', 'WRF2GFS12^', 'WRF2GFS81^', 'WRF2GFS27^', 'WRF2GFS9^', 'MPAS25g1^', 'MPAS25g2^', 'ENS (short range)^', 'ENS (low-res)^', 'ENS (long range)^']
Now on.. MM5_g2   PCPTOT
Now on.. MM5_g3   PCPTOT
Now on.. MM5_g4   PCPTOT
Now on.. MM5G_g2   PCPTOT
Now on.. MM5G_g3   PCPTOT
Now on.. MM5G_g4   PCPTOT
Now on.. MM5G_g5   PCPTOT
Now on.. WRF3GEM_g2   PCPTOT
Now on.. WRF3GEM_g3   PCPTOT
Now on.. WRF3GEM_g4   PCPTOT
Now on.. WRF3NAM_g2   PCPTOT
Now on.. WRF3NAM_g3   PCPTOT
Now on.. WRF3NAM_g4   PCPTOT
Now on.. WRF3GFS_g2   PCPTOT
Now on.. WRF3GFS_g3   PCPTOT
Now on.. WRF3GFS_g4   PCPTOT
Now on.. WRF3GFS_g5   PCPTOT
Now on.. WRF3NAVGEM_g2   PCPTOT
Now on.. WRF3NAVGEM_g3   PCPTOT
Now on.. WRF3NAVGEM_g4   PCPTOT
Now on.. WRF3GFSgc01_g2   PCPTOT
Now on.. WRF3GFSgc01_g3   PCPTOT
Now on.. WRF3ARPEGE_g2   PCPTOT
Now on.. WRF3ARPEGE_g3   PCPTOT
Now on.. WRF4ICON_g2   PCPTOT
Now on.. WRF4ICON_g3   PCPTOT
Now on.. WRF4NAM_g2   PCPTOT
Now on.. WRF4NAM_g3   PCPTOT
Now on.. WRF4NAM_g4   PCPTOT
Now on.. NMM3NAM_g2   PCPTOT
Now on.. NMM3NAM_g3   PCPTOT
Now on.. NMM3NAM_g4   PCPTOT
Now on.. NMM3GFS_g2   PCPTOT
Now on.. NMM3GFS_g3   PCPTOT
Now on.. WRF2NAM_g1   PCPTOT
Now on.. WRF2NAM_g2   PCPTOT
Now on.. WRF2NAM_g3   PCPTOT
Now on.. WRF2NAM81_g1   PCPTOT
Now on.. WRF2NAM81_g2   PCPTOT
Now on.. WRF2NAM81_g3   PCPTOT
Now on.. WRF2GFS_g1   PCPTOT
Now on.. WRF2GFS_g2   PCPTOT
Now on.. WRF2GFS_g3   PCPTOT
Now on.. WRF2GFS81_g1   PCPTOT
Now on.. WRF2GFS81_g2   PCPTOT
Now on.. WRF2GFS81_g3   PCPTOT
Now on.. WRF4RDPS_g3   PCPTOT
Now on.. WRF4RDPS_g4   PCPTOT
Now on.. WRF4RDPS_g5   PCPTOT
Now on.. MPAS25_g1   PCPTOT
Now on.. MPAS25_g2   PCPTOT
Now on.. ENS   PCPTOT
Now on.. ENS_lr   PCPTOT
Now on.. ENS_hr   PCPTOT
Now on.. ENS_LR   PCPTOT
PCPTOT
[0.0, 0.0, 0.0, 0.0, 0.0, 0.0, 0.002, 0.0, 0.003, 0.001, 0.001, 0.0, 0.0, 0.0, 0.001, 0.001, 0.0]
['WRF3GFS36^', 'WRF3GFS12^', 'WRF3GFSgc27^', 'WRF3GFSgc9^', 'WRF4ICON27^', 'WRF4ICON9^', 'NMM3GFS36^', 'NMM3GFS12^', 'WRF2GFS108^', 'WRF2GFS36^', 'WRF2GFS12^', 'WRF2GFS81^', 'WRF2GFS27^', 'WRF2GFS9^', 'ENS (short range)^', 'ENS (low-res)^', 'ENS (long range)^']
Now on.. MM5_g2   PCPTOT
Now on.. MM5_g3   PCPTOT
Now on.. MM5_g4   PCPTOT
Now on.. MM5G_g2   PCPTOT
Now on.. MM5G_g3   PCPTOT
Now on.. MM5G_g4   PCPTOT
Now on.. MM5G_g5   PCPTOT
Now on.. WRF3GEM_g2   PCPTOT
Now on.. WRF3GEM_g3   PCPTOT
Now on.. WRF3GEM_g4   PCPTOT
Now on.. WRF3NAM_g2   PCPTOT
Now on.. WRF3NAM_g3   PCPTOT
Now on.. WRF3NAM_g4   PCPTOT
Now on.. WRF3GFS_g2   PCPTOT
Now on.. WRF3GFS_g3   PCPTOT
Now on.. WRF3GFS_g4   PCPTOT
Now on.. WRF3GFS_g5   PCPTOT
Now on.. WRF3NAVGEM_g2   PCPTOT
Now on.. WRF3NAVGEM_g3   PCPTOT
Now on.. WRF3NAVGEM_g4   PCPTOT
Now on.. WRF3GFSgc01_g2   PCPTOT
Now on.. WRF3GFSgc01_g3   PCPTOT
Now on.. WRF3ARPEGE_g2   PCPTOT
Now on.. WRF3ARPEGE_g3   PCPTOT
Now on.. WRF4ICON_g2   PCPTOT
Now on.. WRF4ICON_g3   PCPTOT
Now on.. WRF4NAM_g2   PCPTOT
Now on.. WRF4NAM_g3   PCPTOT
Now on.. WRF4NAM_g4   PCPTOT
Now on.. NMM3NAM_g2   PCPTOT
Now on.. NMM3NAM_g3   PCPTOT
Now on.. NMM3NAM_g4   PCPTOT
Now on.. NMM3GFS_g2   PCPTOT
Now on.. NMM3GFS_g3   PCPTOT
Now on.. WRF2NAM_g1   PCPTOT
Now on.. WRF2NAM_g2   PCPTOT
Now on.. WRF2NAM_g3   PCPTOT
Now on.. WRF2NAM81_g1   PCPTOT
Now on.. WRF2NAM81_g2   PCPTOT
Now on.. WRF2NAM81_g3   PCPTOT
Now on.. WRF2GFS_g1   PCPTOT
Now on.. WRF2GFS_g2   PCPTOT
Now on.. WRF2GFS_g3   PCPTOT
Now on.. WRF2GFS81_g1   PCPTOT
Now on.. WRF2GFS81_g2   PCPTOT
Now on.. WRF2GFS81_g3   PCPTOT
Now on.. WRF4RDPS_g3   PCPTOT
Now on.. WRF4RDPS_g4   PCPTOT
Now on.. WRF4RDPS_g5   PCPTOT
Now on.. MPAS25_g1   PCPTOT
Now on.. MPAS25_g2   PCPTOT
Now on.. ENS   PCPTOT
Now on.. ENS_lr   PCPTOT
Now on.. ENS_hr   PCPTOT
Now on.. ENS_LR   PCPTOT
PCPTOT
[0.013, 0.021, 0.013, 0.0, 0.0, 0.0, 0.0, 0.0, 0.0, 0.0, 0.004, 0.008, 0.008, 0.0, 0.0, 0.0, 0.0, 0.0, 0.0, 0.0, 0.0, 0.0, 0.0, 0.0, 0.0, 0.0, 0.0, 0.0, 0.0, 0.0, 0.0, 0.0, 0.0, 0.0, 0.008, 0.004, 0.004, 0.013, 0.017, 0.017, 0.0, 0.0, 0.0, 0.0, 0.0, 0.0, 0.0, 0.0, 0.0, 0.0, 0.0, 0.004, 0.004, 0.004, 0.0]
['MM5NAM36^', 'MM5NAM12^', 'MM5NAM4^', 'MM5GFS36^', 'MM5GFS12^', 'MM5GFS4^', 'MM5GFS1.3^', 'WRF3GEM36^', 'WRF3GEM12^', 'WRF3GEM4^', 'WRF3NAM36^', 'WRF3NAM12^', 'WRF3NAM4^', 'WRF3GFS36^', 'WRF3GFS12^', 'WRF3GFS4^', 'WRF3GFS1.3^', 'WRF3NAVGEM36^', 'WRF3NAVGEM12^', 'WRF3NAVGEM4^', 'WRF3GFSgc27^', 'WRF3GFSgc9^', 'WRF3ARPEGE27^', 'WRF3ARPEGE9^', 'WRF4ICON27^', 'WRF4ICON9^', 'WRF4NAM36^', 'WRF4NAM12^', 'WRF4NAM4^', 'NMM3NAM36^', 'NMM3NAM12^', 'NMM3NAM4^', 'NMM3GFS36^', 'NMM3GFS12^', 'WRF2NAM108^', 'WRF2NAM36^', 'WRF2NAM12^', 'WRF2NAM81^', 'WRF2NAM27^', 'WRF2NAM9^', 'WRF2GFS108^', 'WRF2GFS36^', 'WRF2GFS12^', 'WRF2GFS81^', 'WRF2GFS27^', 'WRF2GFS9^', 'WRF4RDPS9^', 'WRF4RDPS3^', 'WRF4RDPS1^', 'MPAS25g1^', 'MPAS25g2^', 'ENS (short range)^', 'ENS (low-res)^', 'ENS (high-res)^', 'ENS (long range)^']
Now on.. MM5_g2   PCPTOT
Now on.. MM5_g3   PCPTOT
Now on.. MM5_g4   PCPTOT
Now on.. MM5G_g2   PCPTOT
Now on.. MM5G_g3   PCPTOT
Now on.. MM5G_g4   PCPTOT
Now on.. MM5G_g5   PCPTOT
Now on.. WRF3GEM_g2   PCPTOT
Now on.. WRF3GEM_g3   PCPTOT
Now on.. WRF3GEM_g4   PCPTOT
Now on.. WRF3NAM_g2   PCPTOT
Now on.. WRF3NAM_g3   PCPTOT
Now on.. WRF3NAM_g4   PCPTOT
Now on.. WRF3GFS_g2   PCPTOT
Now on.. WRF3GFS_g3   PCPTOT
Now on.. WRF3GFS_g4   PCPTOT
Now on.. WRF3GFS_g5   PCPTOT
Now on.. WRF3NAVGEM_g2   PCPTOT
Now on.. WRF3NAVGEM_g3   PCPTOT
Now on.. WRF3NAVGEM_g4   PCPTOT
Now on.. WRF3GFSgc01_g2   PCPTOT
Now on.. WRF3GFSgc01_g3   PCPTOT
Now on.. WRF3ARPEGE_g2   PCPTOT
Now on.. WRF3ARPEGE_g3   PCPTOT
Now on.. WRF4ICON_g2   PCPTOT
Now on.. WRF4ICON_g3   PCPTOT
Now on.. WRF4NAM_g2   PCPTOT
Now on.. WRF4NAM_g3   PCPTOT
Now on.. WRF4NAM_g4   PCPTOT
Now on.. NMM3NAM_g2   PCPTOT
Now on.. NMM3NAM_g3   PCPTOT
Now on.. NMM3NAM_g4   PCPTOT
Now on.. NMM3GFS_g2   PCPTOT
Now on.. NMM3GFS_g3   PCPTOT
Now on.. WRF2NAM_g1   PCPTOT
Now on.. WRF2NAM_g2   PCPTOT
Now on.. WRF2NAM_g3   PCPTOT
Now on.. WRF2NAM81_g1   PCPTOT
Now on.. WRF2NAM81_g2   PCPTOT
Now on.. WRF2NAM81_g3   PCPTOT
Now on.. WRF2GFS_g1   PCPTOT
Now on.. WRF2GFS_g2   PCPTOT
Now on.. WRF2GFS_g3   PCPTOT
Now on.. WRF2GFS81_g1   PCPTOT
Now on.. WRF2GFS81_g2   PCPTOT
Now on.. WRF2GFS81_g3   PCPTOT
Now on.. WRF4RDPS_g3   PCPTOT
Now on.. WRF4RDPS_g4   PCPTOT
Now on.. WRF4RDPS_g5   PCPTOT
Now on.. MPAS25_g1   PCPTOT
Now on.. MPAS25_g2   PCPTOT
Now on.. ENS   PCPTOT
Now on.. ENS_lr   PCPTOT
Now on.. ENS_hr   PCPTOT
Now on.. ENS_LR   PCPTOT
PCPTOT
[0.0, 0.0, 0.0, 0.0, 0.004, 0.004, 0.004, 0.058, 0.046, 0.0, 0.0, 0.0, 0.0, 0.0, 0.0, 0.0, 0.0, 0.0, 0.0, 0.0, 0.0, 0.0, 0.0, 0.004, 0.0, 0.0, 0.0, 0.0, 0.0, 0.037, 0.0, 0.0, 0.013, 0.0, 0.008, 0.008, 0.008, 0.0, 0.004, 0.004, 0.0, 0.0, 0.0, 0.0, 0.0, 0.0, 0.0, 0.0, 0.0, 0.004, 0.0, 0.0, 0.0, 0.0, 0.0]
['MM5NAM36^', 'MM5NAM12^', 'MM5NAM4^', 'MM5GFS36^', 'MM5GFS12^', 'MM5GFS4^', 'MM5GFS1.3^', 'WRF3GEM36^', 'WRF3GEM12^', 'WRF3GEM4^', 'WRF3NAM36^', 'WRF3NAM12^', 'WRF3NAM4^', 'WRF3GFS36^', 'WRF3GFS12^', 'WRF3GFS4^', 'WRF3GFS1.3^', 'WRF3NAVGEM36^', 'WRF3NAVGEM12^', 'WRF3NAVGEM4^', 'WRF3GFSgc27^', 'WRF3GFSgc9^', 'WRF3ARPEGE27^', 'WRF3ARPEGE9^', 'WRF4ICON27^', 'WRF4ICON9^', 'WRF4NAM36^', 'WRF4NAM12^', 'WRF4NAM4^', 'NMM3NAM36^', 'NMM3NAM12^', 'NMM3NAM4^', 'NMM3GFS36^', 'NMM3GFS12^', 'WRF2NAM108^', 'WRF2NAM36^', 'WRF2NAM12^', 'WRF2NAM81^', 'WRF2NAM27^', 'WRF2NAM9^', 'WRF2GFS108^', 'WRF2GFS36^', 'WRF2GFS12^', 'WRF2GFS81^', 'WRF2GFS27^', 'WRF2GFS9^', 'WRF4RDPS9^', 'WRF4RDPS3^', 'WRF4RDPS1^', 'MPAS25g1^', 'MPAS25g2^', 'ENS (short range)^', 'ENS (low-res)^', 'ENS (high-res)^', 'ENS (long range)^']
Now on.. MM5_g2   PCPTOT
Now on.. MM5_g3   PCPTOT
Now on.. MM5_g4   PCPTOT
Now on.. MM5G_g2   PCPTOT
Now on.. MM5G_g3   PCPTOT
Now on.. MM5G_g4   PCPTOT
Now on.. MM5G_g5   PCPTOT
Now on.. WRF3GEM_g2   PCPTOT
Now on.. WRF3GEM_g3   PCPTOT
Now on.. WRF3GEM_g4   PCPTOT
Now on.. WRF3NAM_g2   PCPTOT
Now on.. WRF3NAM_g3   PCPTOT
Now on.. WRF3NAM_g4   PCPTOT
Now on.. WRF3GFS_g2   PCPTOT
Now on.. WRF3GFS_g3   PCPTOT
Now on.. WRF3GFS_g4   PCPTOT
Now on.. WRF3GFS_g5   PCPTOT
Now on.. WRF3NAVGEM_g2   PCPTOT
Now on.. WRF3NAVGEM_g3   PCPTOT
Now on.. WRF3NAVGEM_g4   PCPTOT
Now on.. WRF3GFSgc01_g2   PCPTOT
Now on.. WRF3GFSgc01_g3   PCPTOT
Now on.. WRF3ARPEGE_g2   PCPTOT
Now on.. WRF3ARPEGE_g3   PCPTOT
Now on.. WRF4ICON_g2   PCPTOT
Now on.. WRF4ICON_g3   PCPTOT
Now on.. WRF4NAM_g2   PCPTOT
Now on.. WRF4NAM_g3   PCPTOT
Now on.. WRF4NAM_g4   PCPTOT
Now on.. NMM3NAM_g2   PCPTOT
Now on.. NMM3NAM_g3   PCPTOT
Now on.. NMM3NAM_g4   PCPTOT
Now on.. NMM3GFS_g2   PCPTOT
Now on.. NMM3GFS_g3   PCPTOT
Now on.. WRF2NAM_g1   PCPTOT
Now on.. WRF2NAM_g2   PCPTOT
Now on.. WRF2NAM_g3   PCPTOT
Now on.. WRF2NAM81_g1   PCPTOT
Now on.. WRF2NAM81_g2   PCPTOT
Now on.. WRF2NAM81_g3   PCPTOT
Now on.. WRF2GFS_g1   PCPTOT
Now on.. WRF2GFS_g2   PCPTOT
Now on.. WRF2GFS_g3   PCPTOT
Now on.. WRF2GFS81_g1   PCPTOT
Now on.. WRF2GFS81_g2   PCPTOT
Now on.. WRF2GFS81_g3   PCPTOT
Now on.. WRF4RDPS_g3   PCPTOT
Now on.. WRF4RDPS_g4   PCPTOT
Now on.. WRF4RDPS_g5   PCPTOT
Now on.. MPAS25_g1   PCPTOT
Now on.. MPAS25_g2   PCPTOT
Now on.. ENS   PCPTOT
Now on.. ENS_lr   PCPTOT
Now on.. ENS_hr   PCPTOT
Now on.. ENS_LR   PCPTOT
PCPTOT
[0.0, 0.0, 0.0, 0.0, 0.0, 0.0, 0.0, 0.0, 0.0, 0.0, 0.0, 0.0, 0.0, 0.0, 0.0, 0.0, 0.0, 0.0, 0.0, 0.0, 0.0, 0.0, 0.0, 0.0, 0.0, 0.0, 0.0, 0.0, 0.0, 0.0, 0.0, 0.0, 0.0, 0.0, 0.0, 0.0, 0.0, 0.0, 0.0, 0.0, 0.0, 0.0, 0.0, 0.0, 0.0, 0.0, 0.0, 0.0, 0.0]
['MM5GFS36^', 'MM5GFS12^', 'MM5GFS4^', 'MM5GFS1.3^', 'WRF3GEM36^', 'WRF3GEM12^', 'WRF3GEM4^', 'WRF3NAM36^', 'WRF3NAM12^', 'WRF3GFS36^', 'WRF3GFS12^', 'WRF3GFS4^', 'WRF3GFS1.3^', 'WRF3NAVGEM36^', 'WRF3NAVGEM12^', 'WRF3NAVGEM4^', 'WRF3GFSgc27^', 'WRF3GFSgc9^', 'WRF3ARPEGE27^', 'WRF3ARPEGE9^', 'WRF4ICON27^', 'WRF4ICON9^', 'WRF4NAM36^', 'WRF4NAM12^', 'NMM3NAM36^', 'NMM3NAM12^', 'NMM3NAM4^', 'NMM3GFS36^', 'NMM3GFS12^', 'WRF2NAM108^', 'WRF2NAM36^', 'WRF2NAM12^', 'WRF2NAM81^', 'WRF2NAM27^', 'WRF2NAM9^', 'WRF2GFS108^', 'WRF2GFS36^', 'WRF2GFS12^', 'WRF2GFS81^', 'WRF2GFS27^', 'WRF2GFS9^', 'WRF4RDPS9^', 'WRF4RDPS3^', 'MPAS25g1^', 'MPAS25g2^', 'ENS (short range)^', 'ENS (low-res)^', 'ENS (high-res)^', 'ENS (long range)^']
Now on.. MM5_g2   PCPTOT
Now on.. MM5_g3   PCPTOT
Now on.. MM5_g4   PCPTOT
Now on.. MM5G_g2   PCPTOT
Now on.. MM5G_g3   PCPTOT
Now on.. MM5G_g4   PCPTOT
Now on.. MM5G_g5   PCPTOT
Now on.. WRF3GEM_g2   PCPTOT
Now on.. WRF3GEM_g3   PCPTOT
Now on.. WRF3GEM_g4   PCPTOT
Now on.. WRF3NAM_g2   PCPTOT
Now on.. WRF3NAM_g3   PCPTOT
Now on.. WRF3NAM_g4   PCPTOT
Now on.. WRF3GFS_g2   PCPTOT
Now on.. WRF3GFS_g3   PCPTOT
Now on.. WRF3GFS_g4   PCPTOT
Now on.. WRF3GFS_g5   PCPTOT
Now on.. WRF3NAVGEM_g2   PCPTOT
Now on.. WRF3NAVGEM_g3   PCPTOT
Now on.. WRF3NAVGEM_g4   PCPTOT
Now on.. WRF3GFSgc01_g2   PCPTOT
Now on.. WRF3GFSgc01_g3   PCPTOT
Now on.. WRF3ARPEGE_g2   PCPTOT
Now on.. WRF3ARPEGE_g3   PCPTOT
Now on.. WRF4ICON_g2   PCPTOT
Now on.. WRF4ICON_g3   PCPTOT
Now on.. WRF4NAM_g2   PCPTOT
Now on.. WRF4NAM_g3   PCPTOT
Now on.. WRF4NAM_g4   PCPTOT
Now on.. NMM3NAM_g2   PCPTOT
Now on.. NMM3NAM_g3   PCPTOT
Now on.. NMM3NAM_g4   PCPTOT
Now on.. NMM3GFS_g2   PCPTOT
Now on.. NMM3GFS_g3   PCPTOT
Now on.. WRF2NAM_g1   PCPTOT
Now on.. WRF2NAM_g2   PCPTOT
Now on.. WRF2NAM_g3   PCPTOT
Now on.. WRF2NAM81_g1   PCPTOT
Now on.. WRF2NAM81_g2   PCPTOT
Now on.. WRF2NAM81_g3   PCPTOT
Now on.. WRF2GFS_g1   PCPTOT
Now on.. WRF2GFS_g2   PCPTOT
Now on.. WRF2GFS_g3   PCPTOT
Now on.. WRF2GFS81_g1   PCPTOT
Now on.. WRF2GFS81_g2   PCPTOT
Now on.. WRF2GFS81_g3   PCPTOT
Now on.. WRF4RDPS_g3   PCPTOT
Now on.. WRF4RDPS_g4   PCPTOT
Now on.. WRF4RDPS_g5   PCPTOT
Now on.. MPAS25_g1   PCPTOT
Now on.. MPAS25_g2   PCPTOT
Now on.. ENS   PCPTOT
Now on.. ENS_lr   PCPTOT
Now on.. ENS_hr   PCPTOT
Now on.. ENS_LR   PCPTOT
PCPTOT
[0.0, 0.0, 0.0, 0.0, 0.0, 0.0, 0.0, 0.0, 0.025, 0.029, 0.0, 0.0, 0.0, 0.0, 0.0, 0.008, 0.008, 0.0, 0.0, 0.0, 0.071, 0.067, 0.0, 0.0, 0.0]
['WRF3GEM36^', 'WRF3GEM12^', 'WRF3GFS36^', 'WRF3GFS12^', 'WRF3NAVGEM36^', 'WRF3NAVGEM12^', 'WRF3GFSgc27^', 'WRF3GFSgc9^', 'WRF3ARPEGE27^', 'WRF3ARPEGE9^', 'WRF4ICON27^', 'WRF4ICON9^', 'NMM3GFS36^', 'NMM3GFS12^', 'WRF2GFS108^', 'WRF2GFS36^', 'WRF2GFS12^', 'WRF2GFS81^', 'WRF2GFS27^', 'WRF2GFS9^', 'MPAS25g1^', 'MPAS25g2^', 'ENS (short range)^', 'ENS (low-res)^', 'ENS (long range)^']
Now on.. MM5_g2   PCPTOT
Now on.. MM5_g3   PCPTOT
Now on.. MM5_g4   PCPTOT
Now on.. MM5G_g2   PCPTOT
Now on.. MM5G_g3   PCPTOT
Now on.. MM5G_g4   PCPTOT
Now on.. MM5G_g5   PCPTOT
Now on.. WRF3GEM_g2   PCPTOT
Now on.. WRF3GEM_g3   PCPTOT
Now on.. WRF3GEM_g4   PCPTOT
Now on.. WRF3NAM_g2   PCPTOT
Now on.. WRF3NAM_g3   PCPTOT
Now on.. WRF3NAM_g4   PCPTOT
Now on.. WRF3GFS_g2   PCPTOT
Now on.. WRF3GFS_g3   PCPTOT
Now on.. WRF3GFS_g4   PCPTOT
Now on.. WRF3GFS_g5   PCPTOT
Now on.. WRF3NAVGEM_g2   PCPTOT
Now on.. WRF3NAVGEM_g3   PCPTOT
Now on.. WRF3NAVGEM_g4   PCPTOT
Now on.. WRF3GFSgc01_g2   PCPTOT
Now on.. WRF3GFSgc01_g3   PCPTOT
Now on.. WRF3ARPEGE_g2   PCPTOT
Now on.. WRF3ARPEGE_g3   PCPTOT
Now on.. WRF4ICON_g2   PCPTOT
Now on.. WRF4ICON_g3   PCPTOT
Now on.. WRF4NAM_g2   PCPTOT
Now on.. WRF4NAM_g3   PCPTOT
Now on.. WRF4NAM_g4   PCPTOT
Now on.. NMM3NAM_g2   PCPTOT
Now on.. NMM3NAM_g3   PCPTOT
Now on.. NMM3NAM_g4   PCPTOT
Now on.. NMM3GFS_g2   PCPTOT
Now on.. NMM3GFS_g3   PCPTOT
Now on.. WRF2NAM_g1   PCPTOT
Now on.. WRF2NAM_g2   PCPTOT
Now on.. WRF2NAM_g3   PCPTOT
Now on.. WRF2NAM81_g1   PCPTOT
Now on.. WRF2NAM81_g2   PCPTOT
Now on.. WRF2NAM81_g3   PCPTOT
Now on.. WRF2GFS_g1   PCPTOT
Now on.. WRF2GFS_g2   PCPTOT
Now on.. WRF2GFS_g3   PCPTOT
Now on.. WRF2GFS81_g1   PCPTOT
Now on.. WRF2GFS81_g2   PCPTOT
Now on.. WRF2GFS81_g3   PCPTOT
Now on.. WRF4RDPS_g3   PCPTOT
Now on.. WRF4RDPS_g4   PCPTOT
Now on.. WRF4RDPS_g5   PCPTOT
Now on.. MPAS25_g1   PCPTOT
Now on.. MPAS25_g2   PCPTOT
Now on.. ENS   PCPTOT
Now on.. ENS_lr   PCPTOT
Now on.. ENS_hr   PCPTOT
Now on.. ENS_LR   PCPTOT
PCPTOT
[0.0, 0.0, 0.0, 0.0, 0.0, 0.0, 0.0, 0.0, 0.0, 0.0, 0.0, 0.0, 0.025, 0.0, 0.0, 0.0, 0.0, 0.0, 0.037, 0.025, 0.0, 0.0, 0.0]
['WRF3GEM36^', 'WRF3GEM12^', 'WRF3GFS36^', 'WRF3GFS12^', 'WRF3NAVGEM36^', 'WRF3NAVGEM12^', 'WRF3GFSgc27^', 'WRF3GFSgc9^', 'WRF4ICON27^', 'WRF4ICON9^', 'NMM3GFS36^', 'NMM3GFS12^', 'WRF2GFS108^', 'WRF2GFS36^', 'WRF2GFS12^', 'WRF2GFS81^', 'WRF2GFS27^', 'WRF2GFS9^', 'MPAS25g1^', 'MPAS25g2^', 'ENS (short range)^', 'ENS (low-res)^', 'ENS (long range)^']
Now on.. MM5_g2   PCPTOT
Now on.. MM5_g3   PCPTOT
Now on.. MM5_g4   PCPTOT
Now on.. MM5G_g2   PCPTOT
Now on.. MM5G_g3   PCPTOT
Now on.. MM5G_g4   PCPTOT
Now on.. MM5G_g5   PCPTOT
Now on.. WRF3GEM_g2   PCPTOT
Now on.. WRF3GEM_g3   PCPTOT
Now on.. WRF3GEM_g4   PCPTOT
Now on.. WRF3NAM_g2   PCPTOT
Now on.. WRF3NAM_g3   PCPTOT
Now on.. WRF3NAM_g4   PCPTOT
Now on.. WRF3GFS_g2   PCPTOT
Now on.. WRF3GFS_g3   PCPTOT
Now on.. WRF3GFS_g4   PCPTOT
Now on.. WRF3GFS_g5   PCPTOT
Now on.. WRF3NAVGEM_g2   PCPTOT
Now on.. WRF3NAVGEM_g3   PCPTOT
Now on.. WRF3NAVGEM_g4   PCPTOT
Now on.. WRF3GFSgc01_g2   PCPTOT
Now on.. WRF3GFSgc01_g3   PCPTOT
Now on.. WRF3ARPEGE_g2   PCPTOT
Now on.. WRF3ARPEGE_g3   PCPTOT
Now on.. WRF4ICON_g2   PCPTOT
Now on.. WRF4ICON_g3   PCPTOT
Now on.. WRF4NAM_g2   PCPTOT
Now on.. WRF4NAM_g3   PCPTOT
Now on.. WRF4NAM_g4   PCPTOT
Now on.. NMM3NAM_g2   PCPTOT
Now on.. NMM3NAM_g3   PCPTOT
Now on.. NMM3NAM_g4   PCPTOT
Now on.. NMM3GFS_g2   PCPTOT
Now on.. NMM3GFS_g3   PCPTOT
Now on.. WRF2NAM_g1   PCPTOT
Now on.. WRF2NAM_g2   PCPTOT
Now on.. WRF2NAM_g3   PCPTOT
Now on.. WRF2NAM81_g1   PCPTOT
Now on.. WRF2NAM81_g2   PCPTOT
Now on.. WRF2NAM81_g3   PCPTOT
Now on.. WRF2GFS_g1   PCPTOT
Now on.. WRF2GFS_g2   PCPTOT
Now on.. WRF2GFS_g3   PCPTOT
Now on.. WRF2GFS81_g1   PCPTOT
Now on.. WRF2GFS81_g2   PCPTOT
Now on.. WRF2GFS81_g3   PCPTOT
Now on.. WRF4RDPS_g3   PCPTOT
Now on.. WRF4RDPS_g4   PCPTOT
Now on.. WRF4RDPS_g5   PCPTOT
Now on.. MPAS25_g1   PCPTOT
Now on.. MPAS25_g2   PCPTOT
Now on.. ENS   PCPTOT
Now on.. ENS_lr   PCPTOT
Now on.. ENS_hr   PCPTOT
Now on.. ENS_LR   PCPTOT
PCPTOT
[0.0, 0.0, 0.0, 0.0, 0.0, 0.0, 0.0, 0.0, 0.0, 0.0, 0.0, 0.0, 0.0, 0.0, 0.0, 0.0, 0.0, 0.0, 0.0]
['WRF3GEM36^', 'WRF3GEM12^', 'WRF3GFS36^', 'WRF3GFS12^', 'WRF3GFSgc27^', 'WRF3GFSgc9^', 'WRF4ICON27^', 'WRF4ICON9^', 'NMM3GFS36^', 'NMM3GFS12^', 'WRF2GFS108^', 'WRF2GFS36^', 'WRF2GFS12^', 'WRF2GFS81^', 'WRF2GFS27^', 'WRF2GFS9^', 'ENS (short range)^', 'ENS (low-res)^', 'ENS (long range)^']
Now on.. MM5_g2   PCPTOT
Now on.. MM5_g3   PCPTOT
Now on.. MM5_g4   PCPTOT
Now on.. MM5G_g2   PCPTOT
Now on.. MM5G_g3   PCPTOT
Now on.. MM5G_g4   PCPTOT
Now on.. MM5G_g5   PCPTOT
Now on.. WRF3GEM_g2   PCPTOT
Now on.. WRF3GEM_g3   PCPTOT
Now on.. WRF3GEM_g4   PCPTOT
Now on.. WRF3NAM_g2   PCPTOT
Now on.. WRF3NAM_g3   PCPTOT
Now on.. WRF3NAM_g4   PCPTOT
Now on.. WRF3GFS_g2   PCPTOT
Now on.. WRF3GFS_g3   PCPTOT
Now on.. WRF3GFS_g4   PCPTOT
Now on.. WRF3GFS_g5   PCPTOT
Now on.. WRF3NAVGEM_g2   PCPTOT
Now on.. WRF3NAVGEM_g3   PCPTOT
Now on.. WRF3NAVGEM_g4   PCPTOT
Now on.. WRF3GFSgc01_g2   PCPTOT
Now on.. WRF3GFSgc01_g3   PCPTOT
Now on.. WRF3ARPEGE_g2   PCPTOT
Now on.. WRF3ARPEGE_g3   PCPTOT
Now on.. WRF4ICON_g2   PCPTOT
Now on.. WRF4ICON_g3   PCPTOT
Now on.. WRF4NAM_g2   PCPTOT
Now on.. WRF4NAM_g3   PCPTOT
Now on.. WRF4NAM_g4   PCPTOT
Now on.. NMM3NAM_g2   PCPTOT
Now on.. NMM3NAM_g3   PCPTOT
Now on.. NMM3NAM_g4   PCPTOT
Now on.. NMM3GFS_g2   PCPTOT
Now on.. NMM3GFS_g3   PCPTOT
Now on.. WRF2NAM_g1   PCPTOT
Now on.. WRF2NAM_g2   PCPTOT
Now on.. WRF2NAM_g3   PCPTOT
Now on.. WRF2NAM81_g1   PCPTOT
Now on.. WRF2NAM81_g2   PCPTOT
Now on.. WRF2NAM81_g3   PCPTOT
Now on.. WRF2GFS_g1   PCPTOT
Now on.. WRF2GFS_g2   PCPTOT
Now on.. WRF2GFS_g3   PCPTOT
Now on.. WRF2GFS81_g1   PCPTOT
Now on.. WRF2GFS81_g2   PCPTOT
Now on.. WRF2GFS81_g3   PCPTOT
Now on.. WRF4RDPS_g3   PCPTOT
Now on.. WRF4RDPS_g4   PCPTOT
Now on.. WRF4RDPS_g5   PCPTOT
Now on.. MPAS25_g1   PCPTOT
Now on.. MPAS25_g2   PCPTOT
Now on.. ENS   PCPTOT
Now on.. ENS_lr   PCPTOT
Now on.. ENS_hr   PCPTOT
Now on.. ENS_LR   PCPTOT
PCPTOT
[0.004, 0.004, 0.0, 0.0, 0.0, 0.0, 0.0, 0.0, 0.0, 0.0, 0.0, 0.0, 0.0, 0.0, 0.0, 0.0, 0.0, 0.0, 0.0]
['WRF3GEM36^', 'WRF3GEM12^', 'WRF3GFS36^', 'WRF3GFS12^', 'WRF3GFSgc27^', 'WRF3GFSgc9^', 'WRF4ICON27^', 'WRF4ICON9^', 'NMM3GFS36^', 'NMM3GFS12^', 'WRF2GFS108^', 'WRF2GFS36^', 'WRF2GFS12^', 'WRF2GFS81^', 'WRF2GFS27^', 'WRF2GFS9^', 'ENS (short range)^', 'ENS (low-res)^', 'ENS (long range)^']
Now on.. MM5_g2   SFCWSPD_KF
Now on.. MM5_g3   SFCWSPD_KF
Now on.. MM5_g4   SFCWSPD_KF
Now on.. MM5G_g2   SFCWSPD_KF
Now on.. MM5G_g3   SFCWSPD_KF
Now on.. MM5G_g4   SFCWSPD_KF
Now on.. MM5G_g5   SFCWSPD_KF
Now on.. WRF3GEM_g2   SFCWSPD_KF
Now on.. WRF3GEM_g3   SFCWSPD_KF
Now on.. WRF3GEM_g4   SFCWSPD_KF
Now on.. WRF3NAM_g2   SFCWSPD_KF
Now on.. WRF3NAM_g3   SFCWSPD_KF
Now on.. WRF3NAM_g4   SFCWSPD_KF
Now on.. WRF3GFS_g2   SFCWSPD_KF
Now on.. WRF3GFS_g3   SFCWSPD_KF
Now on.. WRF3GFS_g4   SFCWSPD_KF
Now on.. WRF3GFS_g5   SFCWSPD_KF
Now on.. WRF3NAVGEM_g2   SFCWSPD_KF
Now on.. WRF3NAVGEM_g3   SFCWSPD_KF
Now on.. WRF3NAVGEM_g4   SFCWSPD_KF
Now on.. WRF3GFSgc01_g2   SFCWSPD_KF
Now on.. WRF3GFSgc01_g3   SFCWSPD_KF
Now on.. WRF3ARPEGE_g2   SFCWSPD_KF
Now on.. WRF3ARPEGE_g3   SFCWSPD_KF
Now on.. WRF4ICON_g2   SFCWSPD_KF
Now on.. WRF4ICON_g3   SFCWSPD_KF
Now on.. WRF4NAM_g2   SFCWSPD_KF
Now on.. WRF4NAM_g3   SFCWSPD_KF
Now on.. WRF4NAM_g4   SFCWSPD_KF
Now on.. NMM3NAM_g2   SFCWSPD_KF
Now on.. NMM3NAM_g3   SFCWSPD_KF
Now on.. NMM3NAM_g4   SFCWSPD_KF
Now on.. NMM3GFS_g2   SFCWSPD_KF
Now on.. NMM3GFS_g3   SFCWSPD_KF
Now on.. WRF2NAM_g1   SFCWSPD_KF
Now on.. WRF2NAM_g2   SFCWSPD_KF
Now on.. WRF2NAM_g3   SFCWSPD_KF
Now on.. WRF2NAM81_g1   SFCWSPD_KF
Now on.. WRF2NAM81_g2   SFCWSPD_KF
Now on.. WRF2NAM81_g3   SFCWSPD_KF
Now on.. WRF2GFS_g1   SFCWSPD_KF
Now on.. WRF2GFS_g2   SFCWSPD_KF
Now on.. WRF2GFS_g3   SFCWSPD_KF
Now on.. WRF2GFS81_g1   SFCWSPD_KF
Now on.. WRF2GFS81_g2   SFCWSPD_KF
Now on.. WRF2GFS81_g3   SFCWSPD_KF
Now on.. WRF4RDPS_g3   SFCWSPD_KF
Now on.. WRF4RDPS_g4   SFCWSPD_KF
Now on.. WRF4RDPS_g5   SFCWSPD_KF
Now on.. MPAS25_g1   SFCWSPD_KF
Now on.. MPAS25_g2   SFCWSPD_KF
Now on.. ENS   SFCWSPD_KF
Now on.. ENS_lr   SFCWSPD_KF
Now on.. ENS_hr   SFCWSPD_KF
Now on.. ENS_LR   SFCWSPD_KF
SFCWSPD_KF
[2.288, 2.347, 2.395, 2.05, 2.337, 2.497, 2.547, 1.037, 0.903, 1.64, 1.3, 1.352, 1.3, 1.823, 2.31, 2.407, 2.925, 1.782, 1.688, 3.08, 1.16, 1.775, 1.7, 1.393, 1.3, 1.79, 1.498, 1.43, 1.547, 1.33, 1.373, 1.185, 1.985, 1.883, 1.27, 1.612, 1.805, 1.523, 1.888, 1.78, 1.458, 1.965, 1.94, 1.86, 1.977, 1.948, 1.178, 1.582, 2.073, 1.362, 1.657, 1.233, 1.222, 1.268, 1.322]
['MM5NAM36^', 'MM5NAM12^', 'MM5NAM4^', 'MM5GFS36^', 'MM5GFS12^', 'MM5GFS4^', 'MM5GFS1.3^', 'WRF3GEM36^', 'WRF3GEM12^', 'WRF3GEM4^', 'WRF3NAM36^', 'WRF3NAM12^', 'WRF3NAM4^', 'WRF3GFS36^', 'WRF3GFS12^', 'WRF3GFS4^', 'WRF3GFS1.3^', 'WRF3NAVGEM36^', 'WRF3NAVGEM12^', 'WRF3NAVGEM4^', 'WRF3GFSgc27^', 'WRF3GFSgc9^', 'WRF3ARPEGE27^', 'WRF3ARPEGE9^', 'WRF4ICON27^', 'WRF4ICON9^', 'WRF4NAM36^', 'WRF4NAM12^', 'WRF4NAM4^', 'NMM3NAM36^', 'NMM3NAM12^', 'NMM3NAM4^', 'NMM3GFS36^', 'NMM3GFS12^', 'WRF2NAM108^', 'WRF2NAM36^', 'WRF2NAM12^', 'WRF2NAM81^', 'WRF2NAM27^', 'WRF2NAM9^', 'WRF2GFS108^', 'WRF2GFS36^', 'WRF2GFS12^', 'WRF2GFS81^', 'WRF2GFS27^', 'WRF2GFS9^', 'WRF4RDPS9^', 'WRF4RDPS3^', 'WRF4RDPS1^', 'MPAS25g1^', 'MPAS25g2^', 'ENS (short range)^', 'ENS (low-res)^', 'ENS (high-res)^', 'ENS (long range)^']
Now on.. MM5_g2   SFCWSPD_KF
Now on.. MM5_g3   SFCWSPD_KF
Now on.. MM5_g4   SFCWSPD_KF
Now on.. MM5G_g2   SFCWSPD_KF
Now on.. MM5G_g3   SFCWSPD_KF
Now on.. MM5G_g4   SFCWSPD_KF
Now on.. MM5G_g5   SFCWSPD_KF
Now on.. WRF3GEM_g2   SFCWSPD_KF
Now on.. WRF3GEM_g3   SFCWSPD_KF
Now on.. WRF3GEM_g4   SFCWSPD_KF
Now on.. WRF3NAM_g2   SFCWSPD_KF
Now on.. WRF3NAM_g3   SFCWSPD_KF
Now on.. WRF3NAM_g4   SFCWSPD_KF
Now on.. WRF3GFS_g2   SFCWSPD_KF
Now on.. WRF3GFS_g3   SFCWSPD_KF
Now on.. WRF3GFS_g4   SFCWSPD_KF
Now on.. WRF3GFS_g5   SFCWSPD_KF
Now on.. WRF3NAVGEM_g2   SFCWSPD_KF
Now on.. WRF3NAVGEM_g3   SFCWSPD_KF
Now on.. WRF3NAVGEM_g4   SFCWSPD_KF
Now on.. WRF3GFSgc01_g2   SFCWSPD_KF
Now on.. WRF3GFSgc01_g3   SFCWSPD_KF
Now on.. WRF3ARPEGE_g2   SFCWSPD_KF
Now on.. WRF3ARPEGE_g3   SFCWSPD_KF
Now on.. WRF4ICON_g2   SFCWSPD_KF
Now on.. WRF4ICON_g3   SFCWSPD_KF
Now on.. WRF4NAM_g2   SFCWSPD_KF
Now on.. WRF4NAM_g3   SFCWSPD_KF
Now on.. WRF4NAM_g4   SFCWSPD_KF
Now on.. NMM3NAM_g2   SFCWSPD_KF
Now on.. NMM3NAM_g3   SFCWSPD_KF
Now on.. NMM3NAM_g4   SFCWSPD_KF
Now on.. NMM3GFS_g2   SFCWSPD_KF
Now on.. NMM3GFS_g3   SFCWSPD_KF
Now on.. WRF2NAM_g1   SFCWSPD_KF
Now on.. WRF2NAM_g2   SFCWSPD_KF
Now on.. WRF2NAM_g3   SFCWSPD_KF
Now on.. WRF2NAM81_g1   SFCWSPD_KF
Now on.. WRF2NAM81_g2   SFCWSPD_KF
Now on.. WRF2NAM81_g3   SFCWSPD_KF
Now on.. WRF2GFS_g1   SFCWSPD_KF
Now on.. WRF2GFS_g2   SFCWSPD_KF
Now on.. WRF2GFS_g3   SFCWSPD_KF
Now on.. WRF2GFS81_g1   SFCWSPD_KF
Now on.. WRF2GFS81_g2   SFCWSPD_KF
Now on.. WRF2GFS81_g3   SFCWSPD_KF
Now on.. WRF4RDPS_g3   SFCWSPD_KF
Now on.. WRF4RDPS_g4   SFCWSPD_KF
Now on.. WRF4RDPS_g5   SFCWSPD_KF
Now on.. MPAS25_g1   SFCWSPD_KF
Now on.. MPAS25_g2   SFCWSPD_KF
Now on.. ENS   SFCWSPD_KF
Now on.. ENS_lr   SFCWSPD_KF
Now on.. ENS_hr   SFCWSPD_KF
Now on.. ENS_LR   SFCWSPD_KF
SFCWSPD_KF
[2.308, 2.586, 2.749, 2.821, 1.011, 1.114, 2.286, 1.682, 1.761, 2.144, 2.476, 2.414, 3.114, 1.786, 1.771, 3.883, 1.295, 2.025, 1.53, 1.337, 1.39, 1.862, 1.665, 1.631, 1.594, 1.717, 1.624, 2.332, 2.254, 1.585, 2.012, 2.212, 1.961, 2.324, 2.281, 1.695, 2.246, 2.26, 2.195, 2.451, 2.413, 1.235, 1.395, 1.374, 1.836, 1.529, 1.524, 1.536, 1.549]
['MM5GFS36^', 'MM5GFS12^', 'MM5GFS4^', 'MM5GFS1.3^', 'WRF3GEM36^', 'WRF3GEM12^', 'WRF3GEM4^', 'WRF3NAM36^', 'WRF3NAM12^', 'WRF3GFS36^', 'WRF3GFS12^', 'WRF3GFS4^', 'WRF3GFS1.3^', 'WRF3NAVGEM36^', 'WRF3NAVGEM12^', 'WRF3NAVGEM4^', 'WRF3GFSgc27^', 'WRF3GFSgc9^', 'WRF3ARPEGE27^', 'WRF3ARPEGE9^', 'WRF4ICON27^', 'WRF4ICON9^', 'WRF4NAM36^', 'WRF4NAM12^', 'NMM3NAM36^', 'NMM3NAM12^', 'NMM3NAM4^', 'NMM3GFS36^', 'NMM3GFS12^', 'WRF2NAM108^', 'WRF2NAM36^', 'WRF2NAM12^', 'WRF2NAM81^', 'WRF2NAM27^', 'WRF2NAM9^', 'WRF2GFS108^', 'WRF2GFS36^', 'WRF2GFS12^', 'WRF2GFS81^', 'WRF2GFS27^', 'WRF2GFS9^', 'WRF4RDPS9^', 'WRF4RDPS3^', 'MPAS25g1^', 'MPAS25g2^', 'ENS (short range)^', 'ENS (low-res)^', 'ENS (high-res)^', 'ENS (long range)^']
Now on.. MM5_g2   SFCWSPD_KF
Now on.. MM5_g3   SFCWSPD_KF
Now on.. MM5_g4   SFCWSPD_KF
Now on.. MM5G_g2   SFCWSPD_KF
Now on.. MM5G_g3   SFCWSPD_KF
Now on.. MM5G_g4   SFCWSPD_KF
Now on.. MM5G_g5   SFCWSPD_KF
Now on.. WRF3GEM_g2   SFCWSPD_KF
Now on.. WRF3GEM_g3   SFCWSPD_KF
Now on.. WRF3GEM_g4   SFCWSPD_KF
Now on.. WRF3NAM_g2   SFCWSPD_KF
Now on.. WRF3NAM_g3   SFCWSPD_KF
Now on.. WRF3NAM_g4   SFCWSPD_KF
Now on.. WRF3GFS_g2   SFCWSPD_KF
Now on.. WRF3GFS_g3   SFCWSPD_KF
Now on.. WRF3GFS_g4   SFCWSPD_KF
Now on.. WRF3GFS_g5   SFCWSPD_KF
Now on.. WRF3NAVGEM_g2   SFCWSPD_KF
Now on.. WRF3NAVGEM_g3   SFCWSPD_KF
Now on.. WRF3NAVGEM_g4   SFCWSPD_KF
Now on.. WRF3GFSgc01_g2   SFCWSPD_KF
Now on.. WRF3GFSgc01_g3   SFCWSPD_KF
Now on.. WRF3ARPEGE_g2   SFCWSPD_KF
Now on.. WRF3ARPEGE_g3   SFCWSPD_KF
Now on.. WRF4ICON_g2   SFCWSPD_KF
Now on.. WRF4ICON_g3   SFCWSPD_KF
Now on.. WRF4NAM_g2   SFCWSPD_KF
Now on.. WRF4NAM_g3   SFCWSPD_KF
Now on.. WRF4NAM_g4   SFCWSPD_KF
Now on.. NMM3NAM_g2   SFCWSPD_KF
Now on.. NMM3NAM_g3   SFCWSPD_KF
Now on.. NMM3NAM_g4   SFCWSPD_KF
Now on.. NMM3GFS_g2   SFCWSPD_KF
Now on.. NMM3GFS_g3   SFCWSPD_KF
Now on.. WRF2NAM_g1   SFCWSPD_KF
Now on.. WRF2NAM_g2   SFCWSPD_KF
Now on.. WRF2NAM_g3   SFCWSPD_KF
Now on.. WRF2NAM81_g1   SFCWSPD_KF
Now on.. WRF2NAM81_g2   SFCWSPD_KF
Now on.. WRF2NAM81_g3   SFCWSPD_KF
Now on.. WRF2GFS_g1   SFCWSPD_KF
Now on.. WRF2GFS_g2   SFCWSPD_KF
Now on.. WRF2GFS_g3   SFCWSPD_KF
Now on.. WRF2GFS81_g1   SFCWSPD_KF
Now on.. WRF2GFS81_g2   SFCWSPD_KF
Now on.. WRF2GFS81_g3   SFCWSPD_KF
Now on.. WRF4RDPS_g3   SFCWSPD_KF
Now on.. WRF4RDPS_g4   SFCWSPD_KF
Now on.. WRF4RDPS_g5   SFCWSPD_KF
Now on.. MPAS25_g1   SFCWSPD_KF
Now on.. MPAS25_g2   SFCWSPD_KF
Now on.. ENS   SFCWSPD_KF
Now on.. ENS_lr   SFCWSPD_KF
Now on.. ENS_hr   SFCWSPD_KF
Now on.. ENS_LR   SFCWSPD_KF
SFCWSPD_KF
[1.593, 1.417, 2.32, 2.605, 1.719, 1.721, 1.535, 2.088, 1.355, 1.756, 2.39, 2.373, 1.715, 2.22, 2.292, 2.211, 2.466, 2.484, 1.567, 1.793, 1.48, 1.477, 1.494]
['WRF3GEM36^', 'WRF3GEM12^', 'WRF3GFS36^', 'WRF3GFS12^', 'WRF3NAVGEM36^', 'WRF3NAVGEM12^', 'WRF3GFSgc27^', 'WRF3GFSgc9^', 'WRF4ICON27^', 'WRF4ICON9^', 'NMM3GFS36^', 'NMM3GFS12^', 'WRF2GFS108^', 'WRF2GFS36^', 'WRF2GFS12^', 'WRF2GFS81^', 'WRF2GFS27^', 'WRF2GFS9^', 'MPAS25g1^', 'MPAS25g2^', 'ENS (short range)^', 'ENS (low-res)^', 'ENS (long range)^']
Now on.. MM5_g2   SFCWSPD_KF
Now on.. MM5_g3   SFCWSPD_KF
Now on.. MM5_g4   SFCWSPD_KF
Now on.. MM5G_g2   SFCWSPD_KF
Now on.. MM5G_g3   SFCWSPD_KF
Now on.. MM5G_g4   SFCWSPD_KF
Now on.. MM5G_g5   SFCWSPD_KF
Now on.. WRF3GEM_g2   SFCWSPD_KF
Now on.. WRF3GEM_g3   SFCWSPD_KF
Now on.. WRF3GEM_g4   SFCWSPD_KF
Now on.. WRF3NAM_g2   SFCWSPD_KF
Now on.. WRF3NAM_g3   SFCWSPD_KF
Now on.. WRF3NAM_g4   SFCWSPD_KF
Now on.. WRF3GFS_g2   SFCWSPD_KF
Now on.. WRF3GFS_g3   SFCWSPD_KF
Now on.. WRF3GFS_g4   SFCWSPD_KF
Now on.. WRF3GFS_g5   SFCWSPD_KF
Now on.. WRF3NAVGEM_g2   SFCWSPD_KF
Now on.. WRF3NAVGEM_g3   SFCWSPD_KF
Now on.. WRF3NAVGEM_g4   SFCWSPD_KF
Now on.. WRF3GFSgc01_g2   SFCWSPD_KF
Now on.. WRF3GFSgc01_g3   SFCWSPD_KF
Now on.. WRF3ARPEGE_g2   SFCWSPD_KF
Now on.. WRF3ARPEGE_g3   SFCWSPD_KF
Now on.. WRF4ICON_g2   SFCWSPD_KF
Now on.. WRF4ICON_g3   SFCWSPD_KF
Now on.. WRF4NAM_g2   SFCWSPD_KF
Now on.. WRF4NAM_g3   SFCWSPD_KF
Now on.. WRF4NAM_g4   SFCWSPD_KF
Now on.. NMM3NAM_g2   SFCWSPD_KF
Now on.. NMM3NAM_g3   SFCWSPD_KF
Now on.. NMM3NAM_g4   SFCWSPD_KF
Now on.. NMM3GFS_g2   SFCWSPD_KF
Now on.. NMM3GFS_g3   SFCWSPD_KF
Now on.. WRF2NAM_g1   SFCWSPD_KF
Now on.. WRF2NAM_g2   SFCWSPD_KF
Now on.. WRF2NAM_g3   SFCWSPD_KF
Now on.. WRF2NAM81_g1   SFCWSPD_KF
Now on.. WRF2NAM81_g2   SFCWSPD_KF
Now on.. WRF2NAM81_g3   SFCWSPD_KF
Now on.. WRF2GFS_g1   SFCWSPD_KF
Now on.. WRF2GFS_g2   SFCWSPD_KF
Now on.. WRF2GFS_g3   SFCWSPD_KF
Now on.. WRF2GFS81_g1   SFCWSPD_KF
Now on.. WRF2GFS81_g2   SFCWSPD_KF
Now on.. WRF2GFS81_g3   SFCWSPD_KF
Now on.. WRF4RDPS_g3   SFCWSPD_KF
Now on.. WRF4RDPS_g4   SFCWSPD_KF
Now on.. WRF4RDPS_g5   SFCWSPD_KF
Now on.. MPAS25_g1   SFCWSPD_KF
Now on.. MPAS25_g2   SFCWSPD_KF
Now on.. ENS   SFCWSPD_KF
Now on.. ENS_lr   SFCWSPD_KF
Now on.. ENS_hr   SFCWSPD_KF
Now on.. ENS_LR   SFCWSPD_KF
SFCWSPD_KF
[3.257, 3.407, 2.138, 2.672, 2.039, 2.234, 3.1, 3.175, 2.292, 2.829, 2.856, 2.744, 3.064, 3.069, 2.136, 2.134, 2.146]
['WRF3GFS36^', 'WRF3GFS12^', 'WRF3GFSgc27^', 'WRF3GFSgc9^', 'WRF4ICON27^', 'WRF4ICON9^', 'NMM3GFS36^', 'NMM3GFS12^', 'WRF2GFS108^', 'WRF2GFS36^', 'WRF2GFS12^', 'WRF2GFS81^', 'WRF2GFS27^', 'WRF2GFS9^', 'ENS (short range)^', 'ENS (low-res)^', 'ENS (long range)^']
Now on.. MM5_g2   SFCWSPD_KF
Now on.. MM5_g3   SFCWSPD_KF
Now on.. MM5_g4   SFCWSPD_KF
Now on.. MM5G_g2   SFCWSPD_KF
Now on.. MM5G_g3   SFCWSPD_KF
Now on.. MM5G_g4   SFCWSPD_KF
Now on.. MM5G_g5   SFCWSPD_KF
Now on.. WRF3GEM_g2   SFCWSPD_KF
Now on.. WRF3GEM_g3   SFCWSPD_KF
Now on.. WRF3GEM_g4   SFCWSPD_KF
Now on.. WRF3NAM_g2   SFCWSPD_KF
Now on.. WRF3NAM_g3   SFCWSPD_KF
Now on.. WRF3NAM_g4   SFCWSPD_KF
Now on.. WRF3GFS_g2   SFCWSPD_KF
Now on.. WRF3GFS_g3   SFCWSPD_KF
Now on.. WRF3GFS_g4   SFCWSPD_KF
Now on.. WRF3GFS_g5   SFCWSPD_KF
Now on.. WRF3NAVGEM_g2   SFCWSPD_KF
Now on.. WRF3NAVGEM_g3   SFCWSPD_KF
Now on.. WRF3NAVGEM_g4   SFCWSPD_KF
Now on.. WRF3GFSgc01_g2   SFCWSPD_KF
Now on.. WRF3GFSgc01_g3   SFCWSPD_KF
Now on.. WRF3ARPEGE_g2   SFCWSPD_KF
Now on.. WRF3ARPEGE_g3   SFCWSPD_KF
Now on.. WRF4ICON_g2   SFCWSPD_KF
Now on.. WRF4ICON_g3   SFCWSPD_KF
Now on.. WRF4NAM_g2   SFCWSPD_KF
Now on.. WRF4NAM_g3   SFCWSPD_KF
Now on.. WRF4NAM_g4   SFCWSPD_KF
Now on.. NMM3NAM_g2   SFCWSPD_KF
Now on.. NMM3NAM_g3   SFCWSPD_KF
Now on.. NMM3NAM_g4   SFCWSPD_KF
Now on.. NMM3GFS_g2   SFCWSPD_KF
Now on.. NMM3GFS_g3   SFCWSPD_KF
Now on.. WRF2NAM_g1   SFCWSPD_KF
Now on.. WRF2NAM_g2   SFCWSPD_KF
Now on.. WRF2NAM_g3   SFCWSPD_KF
Now on.. WRF2NAM81_g1   SFCWSPD_KF
Now on.. WRF2NAM81_g2   SFCWSPD_KF
Now on.. WRF2NAM81_g3   SFCWSPD_KF
Now on.. WRF2GFS_g1   SFCWSPD_KF
Now on.. WRF2GFS_g2   SFCWSPD_KF
Now on.. WRF2GFS_g3   SFCWSPD_KF
Now on.. WRF2GFS81_g1   SFCWSPD_KF
Now on.. WRF2GFS81_g2   SFCWSPD_KF
Now on.. WRF2GFS81_g3   SFCWSPD_KF
Now on.. WRF4RDPS_g3   SFCWSPD_KF
Now on.. WRF4RDPS_g4   SFCWSPD_KF
Now on.. WRF4RDPS_g5   SFCWSPD_KF
Now on.. MPAS25_g1   SFCWSPD_KF
Now on.. MPAS25_g2   SFCWSPD_KF
Now on.. ENS   SFCWSPD_KF
Now on.. ENS_lr   SFCWSPD_KF
Now on.. ENS_hr   SFCWSPD_KF
Now on.. ENS_LR   SFCWSPD_KF
SFCWSPD_KF
[2.783, 2.867, 2.962, 2.642, 2.529, 2.579, 2.712, 0.946, 0.662, 0.587, 1.05, 1.146, 1.246, 1.596, 1.942, 2.571, 2.858, 1.704, 1.596, 1.6, 0.883, 1.462, 1.671, 1.262, 1.287, 1.35, 0.85, 0.7, 0.858, 0.758, 0.725, 0.65, 1.446, 1.104, 0.962, 1.292, 1.554, 1.15, 1.637, 1.45, 1.554, 1.9, 1.783, 1.775, 1.5, 1.433, 0.792, 1.542, 2.425, 0.846, 0.817, 1.092, 1.033, 1.246, 1.162]
['MM5NAM36^', 'MM5NAM12^', 'MM5NAM4^', 'MM5GFS36^', 'MM5GFS12^', 'MM5GFS4^', 'MM5GFS1.3^', 'WRF3GEM36^', 'WRF3GEM12^', 'WRF3GEM4^', 'WRF3NAM36^', 'WRF3NAM12^', 'WRF3NAM4^', 'WRF3GFS36^', 'WRF3GFS12^', 'WRF3GFS4^', 'WRF3GFS1.3^', 'WRF3NAVGEM36^', 'WRF3NAVGEM12^', 'WRF3NAVGEM4^', 'WRF3GFSgc27^', 'WRF3GFSgc9^', 'WRF3ARPEGE27^', 'WRF3ARPEGE9^', 'WRF4ICON27^', 'WRF4ICON9^', 'WRF4NAM36^', 'WRF4NAM12^', 'WRF4NAM4^', 'NMM3NAM36^', 'NMM3NAM12^', 'NMM3NAM4^', 'NMM3GFS36^', 'NMM3GFS12^', 'WRF2NAM108^', 'WRF2NAM36^', 'WRF2NAM12^', 'WRF2NAM81^', 'WRF2NAM27^', 'WRF2NAM9^', 'WRF2GFS108^', 'WRF2GFS36^', 'WRF2GFS12^', 'WRF2GFS81^', 'WRF2GFS27^', 'WRF2GFS9^', 'WRF4RDPS9^', 'WRF4RDPS3^', 'WRF4RDPS1^', 'MPAS25g1^', 'MPAS25g2^', 'ENS (short range)^', 'ENS (low-res)^', 'ENS (high-res)^', 'ENS (long range)^']
Now on.. MM5_g2   SFCWSPD_KF
Now on.. MM5_g3   SFCWSPD_KF
Now on.. MM5_g4   SFCWSPD_KF
Now on.. MM5G_g2   SFCWSPD_KF
Now on.. MM5G_g3   SFCWSPD_KF
Now on.. MM5G_g4   SFCWSPD_KF
Now on.. MM5G_g5   SFCWSPD_KF
Now on.. WRF3GEM_g2   SFCWSPD_KF
Now on.. WRF3GEM_g3   SFCWSPD_KF
Now on.. WRF3GEM_g4   SFCWSPD_KF
Now on.. WRF3NAM_g2   SFCWSPD_KF
Now on.. WRF3NAM_g3   SFCWSPD_KF
Now on.. WRF3NAM_g4   SFCWSPD_KF
Now on.. WRF3GFS_g2   SFCWSPD_KF
Now on.. WRF3GFS_g3   SFCWSPD_KF
Now on.. WRF3GFS_g4   SFCWSPD_KF
Now on.. WRF3GFS_g5   SFCWSPD_KF
Now on.. WRF3NAVGEM_g2   SFCWSPD_KF
Now on.. WRF3NAVGEM_g3   SFCWSPD_KF
Now on.. WRF3NAVGEM_g4   SFCWSPD_KF
Now on.. WRF3GFSgc01_g2   SFCWSPD_KF
Now on.. WRF3GFSgc01_g3   SFCWSPD_KF
Now on.. WRF3ARPEGE_g2   SFCWSPD_KF
Now on.. WRF3ARPEGE_g3   SFCWSPD_KF
Now on.. WRF4ICON_g2   SFCWSPD_KF
Now on.. WRF4ICON_g3   SFCWSPD_KF
Now on.. WRF4NAM_g2   SFCWSPD_KF
Now on.. WRF4NAM_g3   SFCWSPD_KF
Now on.. WRF4NAM_g4   SFCWSPD_KF
Now on.. NMM3NAM_g2   SFCWSPD_KF
Now on.. NMM3NAM_g3   SFCWSPD_KF
Now on.. NMM3NAM_g4   SFCWSPD_KF
Now on.. NMM3GFS_g2   SFCWSPD_KF
Now on.. NMM3GFS_g3   SFCWSPD_KF
Now on.. WRF2NAM_g1   SFCWSPD_KF
Now on.. WRF2NAM_g2   SFCWSPD_KF
Now on.. WRF2NAM_g3   SFCWSPD_KF
Now on.. WRF2NAM81_g1   SFCWSPD_KF
Now on.. WRF2NAM81_g2   SFCWSPD_KF
Now on.. WRF2NAM81_g3   SFCWSPD_KF
Now on.. WRF2GFS_g1   SFCWSPD_KF
Now on.. WRF2GFS_g2   SFCWSPD_KF
Now on.. WRF2GFS_g3   SFCWSPD_KF
Now on.. WRF2GFS81_g1   SFCWSPD_KF
Now on.. WRF2GFS81_g2   SFCWSPD_KF
Now on.. WRF2GFS81_g3   SFCWSPD_KF
Now on.. WRF4RDPS_g3   SFCWSPD_KF
Now on.. WRF4RDPS_g4   SFCWSPD_KF
Now on.. WRF4RDPS_g5   SFCWSPD_KF
Now on.. MPAS25_g1   SFCWSPD_KF
Now on.. MPAS25_g2   SFCWSPD_KF
Now on.. ENS   SFCWSPD_KF
Now on.. ENS_lr   SFCWSPD_KF
Now on.. ENS_hr   SFCWSPD_KF
Now on.. ENS_LR   SFCWSPD_KF
SFCWSPD_KF
[2.454, 2.358, 2.308, 1.362, 1.621, 1.733, 1.725, 1.071, 1.121, 2.121, 0.771, 0.862, 0.733, 1.542, 1.625, 1.821, 3.221, 1.9, 1.729, 2.729, 1.129, 1.487, 1.942, 1.421, 0.875, 1.604, 1.592, 1.425, 1.517, 1.85, 1.942, 1.267, 1.608, 1.658, 0.85, 1.142, 1.192, 0.958, 1.208, 1.15, 1.137, 1.617, 1.588, 1.533, 1.746, 1.817, 1.458, 0.967, 1.567, 1.604, 2.054, 0.867, 0.892, 0.808, 1.071]
['MM5NAM36^', 'MM5NAM12^', 'MM5NAM4^', 'MM5GFS36^', 'MM5GFS12^', 'MM5GFS4^', 'MM5GFS1.3^', 'WRF3GEM36^', 'WRF3GEM12^', 'WRF3GEM4^', 'WRF3NAM36^', 'WRF3NAM12^', 'WRF3NAM4^', 'WRF3GFS36^', 'WRF3GFS12^', 'WRF3GFS4^', 'WRF3GFS1.3^', 'WRF3NAVGEM36^', 'WRF3NAVGEM12^', 'WRF3NAVGEM4^', 'WRF3GFSgc27^', 'WRF3GFSgc9^', 'WRF3ARPEGE27^', 'WRF3ARPEGE9^', 'WRF4ICON27^', 'WRF4ICON9^', 'WRF4NAM36^', 'WRF4NAM12^', 'WRF4NAM4^', 'NMM3NAM36^', 'NMM3NAM12^', 'NMM3NAM4^', 'NMM3GFS36^', 'NMM3GFS12^', 'WRF2NAM108^', 'WRF2NAM36^', 'WRF2NAM12^', 'WRF2NAM81^', 'WRF2NAM27^', 'WRF2NAM9^', 'WRF2GFS108^', 'WRF2GFS36^', 'WRF2GFS12^', 'WRF2GFS81^', 'WRF2GFS27^', 'WRF2GFS9^', 'WRF4RDPS9^', 'WRF4RDPS3^', 'WRF4RDPS1^', 'MPAS25g1^', 'MPAS25g2^', 'ENS (short range)^', 'ENS (low-res)^', 'ENS (high-res)^', 'ENS (long range)^']
Now on.. MM5_g2   SFCWSPD_KF
Now on.. MM5_g3   SFCWSPD_KF
Now on.. MM5_g4   SFCWSPD_KF
Now on.. MM5G_g2   SFCWSPD_KF
Now on.. MM5G_g3   SFCWSPD_KF
Now on.. MM5G_g4   SFCWSPD_KF
Now on.. MM5G_g5   SFCWSPD_KF
Now on.. WRF3GEM_g2   SFCWSPD_KF
Now on.. WRF3GEM_g3   SFCWSPD_KF
Now on.. WRF3GEM_g4   SFCWSPD_KF
Now on.. WRF3NAM_g2   SFCWSPD_KF
Now on.. WRF3NAM_g3   SFCWSPD_KF
Now on.. WRF3NAM_g4   SFCWSPD_KF
Now on.. WRF3GFS_g2   SFCWSPD_KF
Now on.. WRF3GFS_g3   SFCWSPD_KF
Now on.. WRF3GFS_g4   SFCWSPD_KF
Now on.. WRF3GFS_g5   SFCWSPD_KF
Now on.. WRF3NAVGEM_g2   SFCWSPD_KF
Now on.. WRF3NAVGEM_g3   SFCWSPD_KF
Now on.. WRF3NAVGEM_g4   SFCWSPD_KF
Now on.. WRF3GFSgc01_g2   SFCWSPD_KF
Now on.. WRF3GFSgc01_g3   SFCWSPD_KF
Now on.. WRF3ARPEGE_g2   SFCWSPD_KF
Now on.. WRF3ARPEGE_g3   SFCWSPD_KF
Now on.. WRF4ICON_g2   SFCWSPD_KF
Now on.. WRF4ICON_g3   SFCWSPD_KF
Now on.. WRF4NAM_g2   SFCWSPD_KF
Now on.. WRF4NAM_g3   SFCWSPD_KF
Now on.. WRF4NAM_g4   SFCWSPD_KF
Now on.. NMM3NAM_g2   SFCWSPD_KF
Now on.. NMM3NAM_g3   SFCWSPD_KF
Now on.. NMM3NAM_g4   SFCWSPD_KF
Now on.. NMM3GFS_g2   SFCWSPD_KF
Now on.. NMM3GFS_g3   SFCWSPD_KF
Now on.. WRF2NAM_g1   SFCWSPD_KF
Now on.. WRF2NAM_g2   SFCWSPD_KF
Now on.. WRF2NAM_g3   SFCWSPD_KF
Now on.. WRF2NAM81_g1   SFCWSPD_KF
Now on.. WRF2NAM81_g2   SFCWSPD_KF
Now on.. WRF2NAM81_g3   SFCWSPD_KF
Now on.. WRF2GFS_g1   SFCWSPD_KF
Now on.. WRF2GFS_g2   SFCWSPD_KF
Now on.. WRF2GFS_g3   SFCWSPD_KF
Now on.. WRF2GFS81_g1   SFCWSPD_KF
Now on.. WRF2GFS81_g2   SFCWSPD_KF
Now on.. WRF2GFS81_g3   SFCWSPD_KF
Now on.. WRF4RDPS_g3   SFCWSPD_KF
Now on.. WRF4RDPS_g4   SFCWSPD_KF
Now on.. WRF4RDPS_g5   SFCWSPD_KF
Now on.. MPAS25_g1   SFCWSPD_KF
Now on.. MPAS25_g2   SFCWSPD_KF
Now on.. ENS   SFCWSPD_KF
Now on.. ENS_lr   SFCWSPD_KF
Now on.. ENS_hr   SFCWSPD_KF
Now on.. ENS_LR   SFCWSPD_KF
SFCWSPD_KF
[2.196, 2.817, 3.125, 3.217, 0.904, 1.471, 4.188, 2.958, 2.979, 3.308, 3.554, 3.246, 3.033, 1.967, 2.125, 5.371, 1.604, 2.383, 1.283, 1.458, 2.292, 2.467, 2.317, 2.587, 2.258, 2.512, 2.767, 3.567, 3.633, 2.433, 3.046, 3.075, 3.296, 3.658, 3.721, 2.187, 2.887, 3.071, 2.775, 3.379, 3.325, 1.733, 2.038, 2.029, 3.075, 2.4, 2.412, 2.362, 2.308]
['MM5GFS36^', 'MM5GFS12^', 'MM5GFS4^', 'MM5GFS1.3^', 'WRF3GEM36^', 'WRF3GEM12^', 'WRF3GEM4^', 'WRF3NAM36^', 'WRF3NAM12^', 'WRF3GFS36^', 'WRF3GFS12^', 'WRF3GFS4^', 'WRF3GFS1.3^', 'WRF3NAVGEM36^', 'WRF3NAVGEM12^', 'WRF3NAVGEM4^', 'WRF3GFSgc27^', 'WRF3GFSgc9^', 'WRF3ARPEGE27^', 'WRF3ARPEGE9^', 'WRF4ICON27^', 'WRF4ICON9^', 'WRF4NAM36^', 'WRF4NAM12^', 'NMM3NAM36^', 'NMM3NAM12^', 'NMM3NAM4^', 'NMM3GFS36^', 'NMM3GFS12^', 'WRF2NAM108^', 'WRF2NAM36^', 'WRF2NAM12^', 'WRF2NAM81^', 'WRF2NAM27^', 'WRF2NAM9^', 'WRF2GFS108^', 'WRF2GFS36^', 'WRF2GFS12^', 'WRF2GFS81^', 'WRF2GFS27^', 'WRF2GFS9^', 'WRF4RDPS9^', 'WRF4RDPS3^', 'MPAS25g1^', 'MPAS25g2^', 'ENS (short range)^', 'ENS (low-res)^', 'ENS (high-res)^', 'ENS (long range)^']
Now on.. MM5_g2   SFCWSPD_KF
Now on.. MM5_g3   SFCWSPD_KF
Now on.. MM5_g4   SFCWSPD_KF
Now on.. MM5G_g2   SFCWSPD_KF
Now on.. MM5G_g3   SFCWSPD_KF
Now on.. MM5G_g4   SFCWSPD_KF
Now on.. MM5G_g5   SFCWSPD_KF
Now on.. WRF3GEM_g2   SFCWSPD_KF
Now on.. WRF3GEM_g3   SFCWSPD_KF
Now on.. WRF3GEM_g4   SFCWSPD_KF
Now on.. WRF3NAM_g2   SFCWSPD_KF
Now on.. WRF3NAM_g3   SFCWSPD_KF
Now on.. WRF3NAM_g4   SFCWSPD_KF
Now on.. WRF3GFS_g2   SFCWSPD_KF
Now on.. WRF3GFS_g3   SFCWSPD_KF
Now on.. WRF3GFS_g4   SFCWSPD_KF
Now on.. WRF3GFS_g5   SFCWSPD_KF
Now on.. WRF3NAVGEM_g2   SFCWSPD_KF
Now on.. WRF3NAVGEM_g3   SFCWSPD_KF
Now on.. WRF3NAVGEM_g4   SFCWSPD_KF
Now on.. WRF3GFSgc01_g2   SFCWSPD_KF
Now on.. WRF3GFSgc01_g3   SFCWSPD_KF
Now on.. WRF3ARPEGE_g2   SFCWSPD_KF
Now on.. WRF3ARPEGE_g3   SFCWSPD_KF
Now on.. WRF4ICON_g2   SFCWSPD_KF
Now on.. WRF4ICON_g3   SFCWSPD_KF
Now on.. WRF4NAM_g2   SFCWSPD_KF
Now on.. WRF4NAM_g3   SFCWSPD_KF
Now on.. WRF4NAM_g4   SFCWSPD_KF
Now on.. NMM3NAM_g2   SFCWSPD_KF
Now on.. NMM3NAM_g3   SFCWSPD_KF
Now on.. NMM3NAM_g4   SFCWSPD_KF
Now on.. NMM3GFS_g2   SFCWSPD_KF
Now on.. NMM3GFS_g3   SFCWSPD_KF
Now on.. WRF2NAM_g1   SFCWSPD_KF
Now on.. WRF2NAM_g2   SFCWSPD_KF
Now on.. WRF2NAM_g3   SFCWSPD_KF
Now on.. WRF2NAM81_g1   SFCWSPD_KF
Now on.. WRF2NAM81_g2   SFCWSPD_KF
Now on.. WRF2NAM81_g3   SFCWSPD_KF
Now on.. WRF2GFS_g1   SFCWSPD_KF
Now on.. WRF2GFS_g2   SFCWSPD_KF
Now on.. WRF2GFS_g3   SFCWSPD_KF
Now on.. WRF2GFS81_g1   SFCWSPD_KF
Now on.. WRF2GFS81_g2   SFCWSPD_KF
Now on.. WRF2GFS81_g3   SFCWSPD_KF
Now on.. WRF4RDPS_g3   SFCWSPD_KF
Now on.. WRF4RDPS_g4   SFCWSPD_KF
Now on.. WRF4RDPS_g5   SFCWSPD_KF
Now on.. MPAS25_g1   SFCWSPD_KF
Now on.. MPAS25_g2   SFCWSPD_KF
Now on.. ENS   SFCWSPD_KF
Now on.. ENS_lr   SFCWSPD_KF
Now on.. ENS_hr   SFCWSPD_KF
Now on.. ENS_LR   SFCWSPD_KF
SFCWSPD_KF
[2.25, 1.113, 2.267, 2.413, 1.296, 1.462, 2.025, 2.625, 0.908, 0.933, 1.054, 1.592, 2.088, 2.342, 2.113, 2.658, 2.746, 2.95, 3.462, 3.379, 1.85, 1.846, 1.675, 1.679, 1.562]
['WRF3GEM36^', 'WRF3GEM12^', 'WRF3GFS36^', 'WRF3GFS12^', 'WRF3NAVGEM36^', 'WRF3NAVGEM12^', 'WRF3GFSgc27^', 'WRF3GFSgc9^', 'WRF3ARPEGE27^', 'WRF3ARPEGE9^', 'WRF4ICON27^', 'WRF4ICON9^', 'NMM3GFS36^', 'NMM3GFS12^', 'WRF2GFS108^', 'WRF2GFS36^', 'WRF2GFS12^', 'WRF2GFS81^', 'WRF2GFS27^', 'WRF2GFS9^', 'MPAS25g1^', 'MPAS25g2^', 'ENS (short range)^', 'ENS (low-res)^', 'ENS (long range)^']
Now on.. MM5_g2   SFCWSPD_KF
Now on.. MM5_g3   SFCWSPD_KF
Now on.. MM5_g4   SFCWSPD_KF
Now on.. MM5G_g2   SFCWSPD_KF
Now on.. MM5G_g3   SFCWSPD_KF
Now on.. MM5G_g4   SFCWSPD_KF
Now on.. MM5G_g5   SFCWSPD_KF
Now on.. WRF3GEM_g2   SFCWSPD_KF
Now on.. WRF3GEM_g3   SFCWSPD_KF
Now on.. WRF3GEM_g4   SFCWSPD_KF
Now on.. WRF3NAM_g2   SFCWSPD_KF
Now on.. WRF3NAM_g3   SFCWSPD_KF
Now on.. WRF3NAM_g4   SFCWSPD_KF
Now on.. WRF3GFS_g2   SFCWSPD_KF
Now on.. WRF3GFS_g3   SFCWSPD_KF
Now on.. WRF3GFS_g4   SFCWSPD_KF
Now on.. WRF3GFS_g5   SFCWSPD_KF
Now on.. WRF3NAVGEM_g2   SFCWSPD_KF
Now on.. WRF3NAVGEM_g3   SFCWSPD_KF
Now on.. WRF3NAVGEM_g4   SFCWSPD_KF
Now on.. WRF3GFSgc01_g2   SFCWSPD_KF
Now on.. WRF3GFSgc01_g3   SFCWSPD_KF
Now on.. WRF3ARPEGE_g2   SFCWSPD_KF
Now on.. WRF3ARPEGE_g3   SFCWSPD_KF
Now on.. WRF4ICON_g2   SFCWSPD_KF
Now on.. WRF4ICON_g3   SFCWSPD_KF
Now on.. WRF4NAM_g2   SFCWSPD_KF
Now on.. WRF4NAM_g3   SFCWSPD_KF
Now on.. WRF4NAM_g4   SFCWSPD_KF
Now on.. NMM3NAM_g2   SFCWSPD_KF
Now on.. NMM3NAM_g3   SFCWSPD_KF
Now on.. NMM3NAM_g4   SFCWSPD_KF
Now on.. NMM3GFS_g2   SFCWSPD_KF
Now on.. NMM3GFS_g3   SFCWSPD_KF
Now on.. WRF2NAM_g1   SFCWSPD_KF
Now on.. WRF2NAM_g2   SFCWSPD_KF
Now on.. WRF2NAM_g3   SFCWSPD_KF
Now on.. WRF2NAM81_g1   SFCWSPD_KF
Now on.. WRF2NAM81_g2   SFCWSPD_KF
Now on.. WRF2NAM81_g3   SFCWSPD_KF
Now on.. WRF2GFS_g1   SFCWSPD_KF
Now on.. WRF2GFS_g2   SFCWSPD_KF
Now on.. WRF2GFS_g3   SFCWSPD_KF
Now on.. WRF2GFS81_g1   SFCWSPD_KF
Now on.. WRF2GFS81_g2   SFCWSPD_KF
Now on.. WRF2GFS81_g3   SFCWSPD_KF
Now on.. WRF4RDPS_g3   SFCWSPD_KF
Now on.. WRF4RDPS_g4   SFCWSPD_KF
Now on.. WRF4RDPS_g5   SFCWSPD_KF
Now on.. MPAS25_g1   SFCWSPD_KF
Now on.. MPAS25_g2   SFCWSPD_KF
Now on.. ENS   SFCWSPD_KF
Now on.. ENS_lr   SFCWSPD_KF
Now on.. ENS_hr   SFCWSPD_KF
Now on.. ENS_LR   SFCWSPD_KF
SFCWSPD_KF
[2.796, 2.721, 2.887, 3.492, 1.729, 1.692, 2.033, 2.483, 1.267, 1.767, 3.242, 3.125, 1.583, 2.038, 2.275, 2.021, 2.242, 2.467, 1.504, 1.171, 1.367, 1.367, 1.367]
['WRF3GEM36^', 'WRF3GEM12^', 'WRF3GFS36^', 'WRF3GFS12^', 'WRF3NAVGEM36^', 'WRF3NAVGEM12^', 'WRF3GFSgc27^', 'WRF3GFSgc9^', 'WRF4ICON27^', 'WRF4ICON9^', 'NMM3GFS36^', 'NMM3GFS12^', 'WRF2GFS108^', 'WRF2GFS36^', 'WRF2GFS12^', 'WRF2GFS81^', 'WRF2GFS27^', 'WRF2GFS9^', 'MPAS25g1^', 'MPAS25g2^', 'ENS (short range)^', 'ENS (low-res)^', 'ENS (long range)^']
Now on.. MM5_g2   SFCWSPD_KF
Now on.. MM5_g3   SFCWSPD_KF
Now on.. MM5_g4   SFCWSPD_KF
Now on.. MM5G_g2   SFCWSPD_KF
Now on.. MM5G_g3   SFCWSPD_KF
Now on.. MM5G_g4   SFCWSPD_KF
Now on.. MM5G_g5   SFCWSPD_KF
Now on.. WRF3GEM_g2   SFCWSPD_KF
Now on.. WRF3GEM_g3   SFCWSPD_KF
Now on.. WRF3GEM_g4   SFCWSPD_KF
Now on.. WRF3NAM_g2   SFCWSPD_KF
Now on.. WRF3NAM_g3   SFCWSPD_KF
Now on.. WRF3NAM_g4   SFCWSPD_KF
Now on.. WRF3GFS_g2   SFCWSPD_KF
Now on.. WRF3GFS_g3   SFCWSPD_KF
Now on.. WRF3GFS_g4   SFCWSPD_KF
Now on.. WRF3GFS_g5   SFCWSPD_KF
Now on.. WRF3NAVGEM_g2   SFCWSPD_KF
Now on.. WRF3NAVGEM_g3   SFCWSPD_KF
Now on.. WRF3NAVGEM_g4   SFCWSPD_KF
Now on.. WRF3GFSgc01_g2   SFCWSPD_KF
Now on.. WRF3GFSgc01_g3   SFCWSPD_KF
Now on.. WRF3ARPEGE_g2   SFCWSPD_KF
Now on.. WRF3ARPEGE_g3   SFCWSPD_KF
Now on.. WRF4ICON_g2   SFCWSPD_KF
Now on.. WRF4ICON_g3   SFCWSPD_KF
Now on.. WRF4NAM_g2   SFCWSPD_KF
Now on.. WRF4NAM_g3   SFCWSPD_KF
Now on.. WRF4NAM_g4   SFCWSPD_KF
Now on.. NMM3NAM_g2   SFCWSPD_KF
Now on.. NMM3NAM_g3   SFCWSPD_KF
Now on.. NMM3NAM_g4   SFCWSPD_KF
Now on.. NMM3GFS_g2   SFCWSPD_KF
Now on.. NMM3GFS_g3   SFCWSPD_KF
Now on.. WRF2NAM_g1   SFCWSPD_KF
Now on.. WRF2NAM_g2   SFCWSPD_KF
Now on.. WRF2NAM_g3   SFCWSPD_KF
Now on.. WRF2NAM81_g1   SFCWSPD_KF
Now on.. WRF2NAM81_g2   SFCWSPD_KF
Now on.. WRF2NAM81_g3   SFCWSPD_KF
Now on.. WRF2GFS_g1   SFCWSPD_KF
Now on.. WRF2GFS_g2   SFCWSPD_KF
Now on.. WRF2GFS_g3   SFCWSPD_KF
Now on.. WRF2GFS81_g1   SFCWSPD_KF
Now on.. WRF2GFS81_g2   SFCWSPD_KF
Now on.. WRF2GFS81_g3   SFCWSPD_KF
Now on.. WRF4RDPS_g3   SFCWSPD_KF
Now on.. WRF4RDPS_g4   SFCWSPD_KF
Now on.. WRF4RDPS_g5   SFCWSPD_KF
Now on.. MPAS25_g1   SFCWSPD_KF
Now on.. MPAS25_g2   SFCWSPD_KF
Now on.. ENS   SFCWSPD_KF
Now on.. ENS_lr   SFCWSPD_KF
Now on.. ENS_hr   SFCWSPD_KF
Now on.. ENS_LR   SFCWSPD_KF
SFCWSPD_KF
[5.267, 1.412, 1.354, 2.408, 1.208, 2.192, 1.829, 1.583, 4.117, 3.858, 1.054, 1.454, 1.333, 1.204, 1.579, 1.596, 1.075, 1.075, 1.075]
['WRF3GEM36^', 'WRF3GEM12^', 'WRF3GFS36^', 'WRF3GFS12^', 'WRF3GFSgc27^', 'WRF3GFSgc9^', 'WRF4ICON27^', 'WRF4ICON9^', 'NMM3GFS36^', 'NMM3GFS12^', 'WRF2GFS108^', 'WRF2GFS36^', 'WRF2GFS12^', 'WRF2GFS81^', 'WRF2GFS27^', 'WRF2GFS9^', 'ENS (short range)^', 'ENS (low-res)^', 'ENS (long range)^']
Now on.. MM5_g2   SFCWSPD_KF
Now on.. MM5_g3   SFCWSPD_KF
Now on.. MM5_g4   SFCWSPD_KF
Now on.. MM5G_g2   SFCWSPD_KF
Now on.. MM5G_g3   SFCWSPD_KF
Now on.. MM5G_g4   SFCWSPD_KF
Now on.. MM5G_g5   SFCWSPD_KF
Now on.. WRF3GEM_g2   SFCWSPD_KF
Now on.. WRF3GEM_g3   SFCWSPD_KF
Now on.. WRF3GEM_g4   SFCWSPD_KF
Now on.. WRF3NAM_g2   SFCWSPD_KF
Now on.. WRF3NAM_g3   SFCWSPD_KF
Now on.. WRF3NAM_g4   SFCWSPD_KF
Now on.. WRF3GFS_g2   SFCWSPD_KF
Now on.. WRF3GFS_g3   SFCWSPD_KF
Now on.. WRF3GFS_g4   SFCWSPD_KF
Now on.. WRF3GFS_g5   SFCWSPD_KF
Now on.. WRF3NAVGEM_g2   SFCWSPD_KF
Now on.. WRF3NAVGEM_g3   SFCWSPD_KF
Now on.. WRF3NAVGEM_g4   SFCWSPD_KF
Now on.. WRF3GFSgc01_g2   SFCWSPD_KF
Now on.. WRF3GFSgc01_g3   SFCWSPD_KF
Now on.. WRF3ARPEGE_g2   SFCWSPD_KF
Now on.. WRF3ARPEGE_g3   SFCWSPD_KF
Now on.. WRF4ICON_g2   SFCWSPD_KF
Now on.. WRF4ICON_g3   SFCWSPD_KF
Now on.. WRF4NAM_g2   SFCWSPD_KF
Now on.. WRF4NAM_g3   SFCWSPD_KF
Now on.. WRF4NAM_g4   SFCWSPD_KF
Now on.. NMM3NAM_g2   SFCWSPD_KF
Now on.. NMM3NAM_g3   SFCWSPD_KF
Now on.. NMM3NAM_g4   SFCWSPD_KF
Now on.. NMM3GFS_g2   SFCWSPD_KF
Now on.. NMM3GFS_g3   SFCWSPD_KF
Now on.. WRF2NAM_g1   SFCWSPD_KF
Now on.. WRF2NAM_g2   SFCWSPD_KF
Now on.. WRF2NAM_g3   SFCWSPD_KF
Now on.. WRF2NAM81_g1   SFCWSPD_KF
Now on.. WRF2NAM81_g2   SFCWSPD_KF
Now on.. WRF2NAM81_g3   SFCWSPD_KF
Now on.. WRF2GFS_g1   SFCWSPD_KF
Now on.. WRF2GFS_g2   SFCWSPD_KF
Now on.. WRF2GFS_g3   SFCWSPD_KF
Now on.. WRF2GFS81_g1   SFCWSPD_KF
Now on.. WRF2GFS81_g2   SFCWSPD_KF
Now on.. WRF2GFS81_g3   SFCWSPD_KF
Now on.. WRF4RDPS_g3   SFCWSPD_KF
Now on.. WRF4RDPS_g4   SFCWSPD_KF
Now on.. WRF4RDPS_g5   SFCWSPD_KF
Now on.. MPAS25_g1   SFCWSPD_KF
Now on.. MPAS25_g2   SFCWSPD_KF
Now on.. ENS   SFCWSPD_KF
Now on.. ENS_lr   SFCWSPD_KF
Now on.. ENS_hr   SFCWSPD_KF
Now on.. ENS_LR   SFCWSPD_KF
SFCWSPD_KF
[2.183, 7.379, 7.804, 7.562, 6.683, 6.788, 5.942, 5.179, 4.554, 5.625, 7.258, 8.05, 8.033, 7.621, 8.212, 8.229, 7.113, 7.113, 7.113]
['WRF3GEM36^', 'WRF3GEM12^', 'WRF3GFS36^', 'WRF3GFS12^', 'WRF3GFSgc27^', 'WRF3GFSgc9^', 'WRF4ICON27^', 'WRF4ICON9^', 'NMM3GFS36^', 'NMM3GFS12^', 'WRF2GFS108^', 'WRF2GFS36^', 'WRF2GFS12^', 'WRF2GFS81^', 'WRF2GFS27^', 'WRF2GFS9^', 'ENS (short range)^', 'ENS (low-res)^', 'ENS (long range)^']
Now on.. MM5_g2   PCPT6
   **Skipping MM5g2, no data yet**
Now on.. MM5_g3   PCPT6
   **Skipping MM5g3, no data yet**
Now on.. MM5_g4   PCPT6
   **Skipping MM5g4, no data yet**
Now on.. MM5G_g2   PCPT6
   **Skipping MM5Gg2, no data yet**
Now on.. MM5G_g3   PCPT6
   **Skipping MM5Gg3, no data yet**
Now on.. MM5G_g4   PCPT6
   **Skipping MM5Gg4, no data yet**
Now on.. MM5G_g5   PCPT6
   **Skipping MM5Gg5, no data yet**
Now on.. WRF3GEM_g2   PCPT6
   **Skipping WRF3GEMg2, no data yet**
Now on.. WRF3GEM_g3   PCPT6
   **Skipping WRF3GEMg3, no data yet**
Now on.. WRF3GEM_g4   PCPT6
   **Skipping WRF3GEMg4, no data yet**
Now on.. WRF3NAM_g2   PCPT6
   **Skipping WRF3NAMg2, no data yet**
Now on.. WRF3NAM_g3   PCPT6
   **Skipping WRF3NAMg3, no data yet**
Now on.. WRF3NAM_g4   PCPT6
   **Skipping WRF3NAMg4, no data yet**
Now on.. WRF3GFS_g2   PCPT6
   **Skipping WRF3GFSg2, no data yet**
Now on.. WRF3GFS_g3   PCPT6
   **Skipping WRF3GFSg3, no data yet**
Now on.. WRF3GFS_g4   PCPT6
   **Skipping WRF3GFSg4, no data yet**
Now on.. WRF3GFS_g5   PCPT6
   **Skipping WRF3GFSg5, no data yet**
Now on.. WRF3NAVGEM_g2   PCPT6
   **Skipping WRF3NAVGEMg2, no data yet**
Now on.. WRF3NAVGEM_g3   PCPT6
   **Skipping WRF3NAVGEMg3, no data yet**
Now on.. WRF3NAVGEM_g4   PCPT6
   **Skipping WRF3NAVGEMg4, no data yet**
Now on.. WRF3GFSgc01_g2   PCPT6
   **Skipping WRF3GFSgc01g2, no data yet**
Now on.. WRF3GFSgc01_g3   PCPT6
   **Skipping WRF3GFSgc01g3, no data yet**
Now on.. WRF3ARPEGE_g2   PCPT6
   **Skipping WRF3ARPEGEg2, no data yet**
Now on.. WRF3ARPEGE_g3   PCPT6
   **Skipping WRF3ARPEGEg3, no data yet**
Now on.. WRF4ICON_g2   PCPT6
   **Skipping WRF4ICONg2, no data yet**
Now on.. WRF4ICON_g3   PCPT6
   **Skipping WRF4ICONg3, no data yet**
Now on.. WRF4NAM_g2   PCPT6
   **Skipping WRF4NAMg2, no data yet**
Now on.. WRF4NAM_g3   PCPT6
   **Skipping WRF4NAMg3, no data yet**
Now on.. WRF4NAM_g4   PCPT6
   **Skipping WRF4NAMg4, no data yet**
Now on.. NMM3NAM_g2   PCPT6
   **Skipping NMM3NAMg2, no data yet**
Now on.. NMM3NAM_g3   PCPT6
   **Skipping NMM3NAMg3, no data yet**
Now on.. NMM3NAM_g4   PCPT6
   **Skipping NMM3NAMg4, no data yet**
Now on.. NMM3GFS_g2   PCPT6
   **Skipping NMM3GFSg2, no data yet**
Now on.. NMM3GFS_g3   PCPT6
   **Skipping NMM3GFSg3, no data yet**
Now on.. WRF2NAM_g1   PCPT6
   **Skipping WRF2NAMg1, no data yet**
Now on.. WRF2NAM_g2   PCPT6
   **Skipping WRF2NAMg2, no data yet**
Now on.. WRF2NAM_g3   PCPT6
   **Skipping WRF2NAMg3, no data yet**
Now on.. WRF2NAM81_g1   PCPT6
   **Skipping WRF2NAM81g1, no data yet**
Now on.. WRF2NAM81_g2   PCPT6
   **Skipping WRF2NAM81g2, no data yet**
Now on.. WRF2NAM81_g3   PCPT6
   **Skipping WRF2NAM81g3, no data yet**
Now on.. WRF2GFS_g1   PCPT6
   **Skipping WRF2GFSg1, no data yet**
Now on.. WRF2GFS_g2   PCPT6
   **Skipping WRF2GFSg2, no data yet**
Now on.. WRF2GFS_g3   PCPT6
   **Skipping WRF2GFSg3, no data yet**
Now on.. WRF2GFS81_g1   PCPT6
   **Skipping WRF2GFS81g1, no data yet**
Now on.. WRF2GFS81_g2   PCPT6
   **Skipping WRF2GFS81g2, no data yet**
Now on.. WRF2GFS81_g3   PCPT6
   **Skipping WRF2GFS81g3, no data yet**
Now on.. WRF4RDPS_g3   PCPT6
   **Skipping WRF4RDPSg3, no data yet**
Now on.. WRF4RDPS_g4   PCPT6
   **Skipping WRF4RDPSg4, no data yet**
Now on.. WRF4RDPS_g5   PCPT6
   **Skipping WRF4RDPSg5, no data yet**
Now on.. MPAS25_g1   PCPT6
   **Skipping MPAS25g1, no data yet**
Now on.. MPAS25_g2   PCPT6
   **Skipping MPAS25g2, no data yet**
Now on.. ENS   PCPT6
   **Skipping ENS/, no data yet**
Now on.. ENS_lr   PCPT6
   **Skipping ENS_lr/, no data yet**
Now on.. ENS_hr   PCPT6
   **Skipping ENS_hr/, no data yet**
Now on.. ENS_LR   PCPT6
   **Skipping ENS_LR/, no data yet**
PCPT6
[]
[]
