Now on STATION: 3510
/verification/Observations/SFCTC_KF/3510.sqlite
[  1   2   3   4   5   6   7   8   9  10  11  12  13  14  15  16  17  18
  19  20  21  22  23  24  25  26  27  28  29  30  31  32  33  34  35  36
  37  38  39  40  41  42  43  44  45  46  47  48  49  50  51  52  53  54
  55  56  57  58  59  60  61  62  63  64  65  66  67  68  69  70  71  72
  73  74  75  76  77  78  79  80  81  82  83  84  85  86  87  88  89  90
  91  92  93  94  95  96  97  98  99 100 101 102 103 104 105 106 107 108
 109 110 111 112 113 114 115 116 117 118 119 120 121 122 123 124 125 126
 127 128 129 130 131 132 133 134 135 136 137 138 139 140 141 142 143 144
 145 146 147 148 149 150 151 152 153 154 155 156 157 158 159 160 161 162
 163 164 165 166 167 168]
[16.6 17.4 17.6 18.3 18.6 18.4 17.4 18.1 16.7 15.8 15.1 14.5 14.3 14.1
 13.7 13.8 13.9 14.1 14.3 14.7 15.  15.2 15.8 16.3 15.9 16.2 17.2 16.8
 16.3 16.8 15.9 14.9 14.4 14.1 14.1 13.9 14.5 14.  13.7 13.8 14.4 14.8
 15.2 16.4 17.1 18.5 19.3 21.2 20.6 20.9 20.5 19.9 18.9 18.7 17.7 17.
 16.5 15.9 14.9 14.2 13.8 13.2 13.  13.7 15.4 17.1 17.5 17.7 18.2 17.4
 18.8 18.1 19.4 18.6 18.3 18.  17.3 17.2 17.  16.3 15.7 15.8 15.4 14.9
 14.4 14.1 14.3 14.7 15.4 16.1 16.2 17.4 18.5 17.9 18.1 18.9 17.8 17.8
 17.3 16.9 16.9 16.8 16.6 16.4 16.3 15.5 14.9 14.5 14.2 14.1 13.9 14.4
 15.2 15.6 15.4 15.4 16.2 16.9 17.6 18.6 18.8 19.7 18.9 18.3 18.2 17.8
 17.6 17.7 18.3 17.5 18.8 19.2 20.4 19.2 17.2 17.8 17.6 17.8 21.7 18.8
 21.8 23.1 23.1 22.4 22.1 20.9 20.3 20.2 19.8 19.7 21.3 20.1 20.4 19.2
 19.1 19.  18.7 17.5 17.9 18.2 18.4 19.6 20.9 21.2 21.9 21.8 22.8 23.5]
/verification/Forecasts/ENS/SFCTC/fcst.LR.KF_MH.t/3510.sqlite
Skipping MM5 (No data for SFCTC_KF at station: 3510)
/verification/Forecasts/ENS/SFCTC/fcst.LR.KF_MH.t/3510.sqlite
Skipping MM5 (No data for SFCTC_KF at station: 3510)
/verification/Forecasts/ENS/SFCTC/fcst.LR.KF_MH.t/3510.sqlite
Skipping MM5 (No data for SFCTC_KF at station: 3510)
/verification/Forecasts/ENS/SFCTC/fcst.LR.KF_MH.t/3510.sqlite
Skipping MM5G (No data for SFCTC_KF at station: 3510)
/verification/Forecasts/ENS/SFCTC/fcst.LR.KF_MH.t/3510.sqlite
Skipping MM5G (No data for SFCTC_KF at station: 3510)
/verification/Forecasts/ENS/SFCTC/fcst.LR.KF_MH.t/3510.sqlite
Skipping MM5G (No data for SFCTC_KF at station: 3510)
/verification/Forecasts/ENS/SFCTC/fcst.LR.KF_MH.t/3510.sqlite
Skipping MM5G (No data for SFCTC_KF at station: 3510)
/verification/Forecasts/ENS/SFCTC/fcst.LR.KF_MH.t/3510.sqlite
Skipping WRF3GEM (No data for SFCTC_KF at station: 3510)
/verification/Forecasts/ENS/SFCTC/fcst.LR.KF_MH.t/3510.sqlite
Skipping WRF3GEM (No data for SFCTC_KF at station: 3510)
/verification/Forecasts/ENS/SFCTC/fcst.LR.KF_MH.t/3510.sqlite
Skipping WRF3GEM (No data for SFCTC_KF at station: 3510)
/verification/Forecasts/ENS/SFCTC/fcst.LR.KF_MH.t/3510.sqlite
Skipping WRF3NAM (No data for SFCTC_KF at station: 3510)
/verification/Forecasts/ENS/SFCTC/fcst.LR.KF_MH.t/3510.sqlite
Skipping WRF3NAM (No data for SFCTC_KF at station: 3510)
/verification/Forecasts/ENS/SFCTC/fcst.LR.KF_MH.t/3510.sqlite
Skipping WRF3NAM (No data for SFCTC_KF at station: 3510)
/verification/Forecasts/ENS/SFCTC/fcst.LR.KF_MH.t/3510.sqlite
Skipping WRF3GFS (No data for SFCTC_KF at station: 3510)
/verification/Forecasts/ENS/SFCTC/fcst.LR.KF_MH.t/3510.sqlite
Skipping WRF3GFS (No data for SFCTC_KF at station: 3510)
/verification/Forecasts/ENS/SFCTC/fcst.LR.KF_MH.t/3510.sqlite
Skipping WRF3GFS (No data for SFCTC_KF at station: 3510)
/verification/Forecasts/ENS/SFCTC/fcst.LR.KF_MH.t/3510.sqlite
Skipping WRF3GFS (No data for SFCTC_KF at station: 3510)
/verification/Forecasts/ENS/SFCTC/fcst.LR.KF_MH.t/3510.sqlite
Skipping WRF3NAVGEM (No data for SFCTC_KF at station: 3510)
/verification/Forecasts/ENS/SFCTC/fcst.LR.KF_MH.t/3510.sqlite
Skipping WRF3NAVGEM (No data for SFCTC_KF at station: 3510)
/verification/Forecasts/ENS/SFCTC/fcst.LR.KF_MH.t/3510.sqlite
Skipping WRF3NAVGEM (No data for SFCTC_KF at station: 3510)
/verification/Forecasts/ENS/SFCTC/fcst.LR.KF_MH.t/3510.sqlite
Skipping WRF3GFSgc01 (No data for SFCTC_KF at station: 3510)
/verification/Forecasts/ENS/SFCTC/fcst.LR.KF_MH.t/3510.sqlite
Skipping WRF3GFSgc01 (No data for SFCTC_KF at station: 3510)
/verification/Forecasts/ENS/SFCTC/fcst.LR.KF_MH.t/3510.sqlite
Skipping WRF3ARPEGE (No data for SFCTC_KF at station: 3510)
/verification/Forecasts/ENS/SFCTC/fcst.LR.KF_MH.t/3510.sqlite
Skipping WRF3ARPEGE (No data for SFCTC_KF at station: 3510)
/verification/Forecasts/ENS/SFCTC/fcst.LR.KF_MH.t/3510.sqlite
Skipping WRF4ICON (No data for SFCTC_KF at station: 3510)
/verification/Forecasts/ENS/SFCTC/fcst.LR.KF_MH.t/3510.sqlite
Skipping WRF4ICON (No data for SFCTC_KF at station: 3510)
/verification/Forecasts/ENS/SFCTC/fcst.LR.KF_MH.t/3510.sqlite
Skipping WRF4NAM (No data for SFCTC_KF at station: 3510)
/verification/Forecasts/ENS/SFCTC/fcst.LR.KF_MH.t/3510.sqlite
Skipping WRF4NAM (No data for SFCTC_KF at station: 3510)
/verification/Forecasts/ENS/SFCTC/fcst.LR.KF_MH.t/3510.sqlite
Skipping WRF4NAM (No data for SFCTC_KF at station: 3510)
/verification/Forecasts/ENS/SFCTC/fcst.LR.KF_MH.t/3510.sqlite
Skipping NMM3NAM (No data for SFCTC_KF at station: 3510)
/verification/Forecasts/ENS/SFCTC/fcst.LR.KF_MH.t/3510.sqlite
Skipping NMM3NAM (No data for SFCTC_KF at station: 3510)
/verification/Forecasts/ENS/SFCTC/fcst.LR.KF_MH.t/3510.sqlite
Skipping NMM3NAM (No data for SFCTC_KF at station: 3510)
/verification/Forecasts/ENS/SFCTC/fcst.LR.KF_MH.t/3510.sqlite
Skipping NMM3GFS (No data for SFCTC_KF at station: 3510)
/verification/Forecasts/ENS/SFCTC/fcst.LR.KF_MH.t/3510.sqlite
Skipping NMM3GFS (No data for SFCTC_KF at station: 3510)
/verification/Forecasts/ENS/SFCTC/fcst.LR.KF_MH.t/3510.sqlite
Skipping WRF2NAM (No data for SFCTC_KF at station: 3510)
/verification/Forecasts/ENS/SFCTC/fcst.LR.KF_MH.t/3510.sqlite
Skipping WRF2NAM (No data for SFCTC_KF at station: 3510)
/verification/Forecasts/ENS/SFCTC/fcst.LR.KF_MH.t/3510.sqlite
Skipping WRF2NAM (No data for SFCTC_KF at station: 3510)
/verification/Forecasts/ENS/SFCTC/fcst.LR.KF_MH.t/3510.sqlite
Skipping WRF2NAM81 (No data for SFCTC_KF at station: 3510)
/verification/Forecasts/ENS/SFCTC/fcst.LR.KF_MH.t/3510.sqlite
Skipping WRF2NAM81 (No data for SFCTC_KF at station: 3510)
/verification/Forecasts/ENS/SFCTC/fcst.LR.KF_MH.t/3510.sqlite
Skipping WRF2NAM81 (No data for SFCTC_KF at station: 3510)
/verification/Forecasts/ENS/SFCTC/fcst.LR.KF_MH.t/3510.sqlite
Skipping WRF2GFS (No data for SFCTC_KF at station: 3510)
/verification/Forecasts/ENS/SFCTC/fcst.LR.KF_MH.t/3510.sqlite
Skipping WRF2GFS (No data for SFCTC_KF at station: 3510)
/verification/Forecasts/ENS/SFCTC/fcst.LR.KF_MH.t/3510.sqlite
Skipping WRF2GFS (No data for SFCTC_KF at station: 3510)
/verification/Forecasts/ENS/SFCTC/fcst.LR.KF_MH.t/3510.sqlite
Skipping WRF2GFS81 (No data for SFCTC_KF at station: 3510)
/verification/Forecasts/ENS/SFCTC/fcst.LR.KF_MH.t/3510.sqlite
Skipping WRF2GFS81 (No data for SFCTC_KF at station: 3510)
/verification/Forecasts/ENS/SFCTC/fcst.LR.KF_MH.t/3510.sqlite
Skipping WRF2GFS81 (No data for SFCTC_KF at station: 3510)
/verification/Forecasts/ENS/SFCTC/fcst.LR.KF_MH.t/3510.sqlite
Skipping WRF4RDPS (No data for SFCTC_KF at station: 3510)
/verification/Forecasts/ENS/SFCTC/fcst.LR.KF_MH.t/3510.sqlite
Skipping WRF4RDPS (No data for SFCTC_KF at station: 3510)
/verification/Forecasts/ENS/SFCTC/fcst.LR.KF_MH.t/3510.sqlite
Skipping WRF4RDPS (No data for SFCTC_KF at station: 3510)
/verification/Forecasts/ENS/SFCTC/fcst.LR.KF_MH.t/3510.sqlite
Skipping MPAS25 (No data for SFCTC_KF at station: 3510)
/verification/Forecasts/ENS/SFCTC/fcst.LR.KF_MH.t/3510.sqlite
Skipping MPAS25 (No data for SFCTC_KF at station: 3510)
/verification/Forecasts/ENS/SFCTC/fcst.LR.KF_MH.t/3510.sqlite
Skipping ENS (No data for SFCTC_KF at station: 3510)
/verification/Forecasts/ENS/SFCTC/fcst.LR.KF_MH.t/3510.sqlite
Skipping ENS_lr (No data for SFCTC_KF at station: 3510)
/verification/Forecasts/ENS/SFCTC/fcst.LR.KF_MH.t/3510.sqlite
Skipping ENS_hr (No data for SFCTC_KF at station: 3510)
/verification/Forecasts/ENS/SFCTC/fcst.LR.KF_MH.t/3510.sqlite
Skipping ENS_LR (No data for SFCTC_KF at station: 3510)
/verification/Observations/SFCTC/3510.sqlite
[  1   2   3   4   5   6   7   8   9  10  11  12  13  14  15  16  17  18
  19  20  21  22  23  24  25  26  27  28  29  30  31  32  33  34  35  36
  37  38  39  40  41  42  43  44  45  46  47  48  49  50  51  52  53  54
  55  56  57  58  59  60  61  62  63  64  65  66  67  68  69  70  71  72
  73  74  75  76  77  78  79  80  81  82  83  84  85  86  87  88  89  90
  91  92  93  94  95  96  97  98  99 100 101 102 103 104 105 106 107 108
 109 110 111 112 113 114 115 116 117 118 119 120 121 122 123 124 125 126
 127 128 129 130 131 132 133 134 135 136 137 138 139 140 141 142 143 144
 145 146 147 148 149 150 151 152 153 154 155 156 157 158 159 160 161 162
 163 164 165 166 167 168]
[16.6 17.4 17.6 18.3 18.6 18.4 17.4 18.1 16.7 15.8 15.1 14.5 14.3 14.1
 13.7 13.8 13.9 14.1 14.3 14.7 15.  15.2 15.8 16.3 15.9 16.2 17.2 16.8
 16.3 16.8 15.9 14.9 14.4 14.1 14.1 13.9 14.5 14.  13.7 13.8 14.4 14.8
 15.2 16.4 17.1 18.5 19.3 21.2 20.6 20.9 20.5 19.9 18.9 18.7 17.7 17.
 16.5 15.9 14.9 14.2 13.8 13.2 13.  13.7 15.4 17.1 17.5 17.7 18.2 17.4
 18.8 18.1 19.4 18.6 18.3 18.  17.3 17.2 17.  16.3 15.7 15.8 15.4 14.9
 14.4 14.1 14.3 14.7 15.4 16.1 16.2 17.4 18.5 17.9 18.1 18.9 17.8 17.8
 17.3 16.9 16.9 16.8 16.6 16.4 16.3 15.5 14.9 14.5 14.2 14.1 13.9 14.4
 15.2 15.6 15.4 15.4 16.2 16.9 17.6 18.6 18.8 19.7 18.9 18.3 18.2 17.8
 17.6 17.7 18.3 17.5 18.8 19.2 20.4 19.2 17.2 17.8 17.6 17.8 21.7 18.8
 21.8 23.1 23.1 22.4 22.1 20.9 20.3 20.2 19.8 19.7 21.3 20.1 20.4 19.2
 19.1 19.  18.7 17.5 17.9 18.2 18.4 19.6 20.9 21.2 21.9 21.8 22.8 23.5]
/verification/Forecasts/ENS/SFCTC/fcst.LR.t/3510.sqlite
Skipping MM5 (No data for SFCTC at station: 3510)
/verification/Forecasts/ENS/SFCTC/fcst.LR.t/3510.sqlite
Skipping MM5 (No data for SFCTC at station: 3510)
/verification/Forecasts/ENS/SFCTC/fcst.LR.t/3510.sqlite
Skipping MM5 (No data for SFCTC at station: 3510)
/verification/Forecasts/ENS/SFCTC/fcst.LR.t/3510.sqlite
Skipping MM5G (No data for SFCTC at station: 3510)
/verification/Forecasts/ENS/SFCTC/fcst.LR.t/3510.sqlite
Skipping MM5G (No data for SFCTC at station: 3510)
/verification/Forecasts/ENS/SFCTC/fcst.LR.t/3510.sqlite
Skipping MM5G (No data for SFCTC at station: 3510)
/verification/Forecasts/ENS/SFCTC/fcst.LR.t/3510.sqlite
Skipping MM5G (No data for SFCTC at station: 3510)
/verification/Forecasts/ENS/SFCTC/fcst.LR.t/3510.sqlite
Skipping WRF3GEM (No data for SFCTC at station: 3510)
/verification/Forecasts/ENS/SFCTC/fcst.LR.t/3510.sqlite
Skipping WRF3GEM (No data for SFCTC at station: 3510)
/verification/Forecasts/ENS/SFCTC/fcst.LR.t/3510.sqlite
Skipping WRF3GEM (No data for SFCTC at station: 3510)
/verification/Forecasts/ENS/SFCTC/fcst.LR.t/3510.sqlite
Skipping WRF3NAM (No data for SFCTC at station: 3510)
/verification/Forecasts/ENS/SFCTC/fcst.LR.t/3510.sqlite
Skipping WRF3NAM (No data for SFCTC at station: 3510)
/verification/Forecasts/ENS/SFCTC/fcst.LR.t/3510.sqlite
Skipping WRF3NAM (No data for SFCTC at station: 3510)
/verification/Forecasts/ENS/SFCTC/fcst.LR.t/3510.sqlite
Skipping WRF3GFS (No data for SFCTC at station: 3510)
/verification/Forecasts/ENS/SFCTC/fcst.LR.t/3510.sqlite
Skipping WRF3GFS (No data for SFCTC at station: 3510)
/verification/Forecasts/ENS/SFCTC/fcst.LR.t/3510.sqlite
Skipping WRF3GFS (No data for SFCTC at station: 3510)
/verification/Forecasts/ENS/SFCTC/fcst.LR.t/3510.sqlite
Skipping WRF3GFS (No data for SFCTC at station: 3510)
/verification/Forecasts/ENS/SFCTC/fcst.LR.t/3510.sqlite
Skipping WRF3NAVGEM (No data for SFCTC at station: 3510)
/verification/Forecasts/ENS/SFCTC/fcst.LR.t/3510.sqlite
Skipping WRF3NAVGEM (No data for SFCTC at station: 3510)
/verification/Forecasts/ENS/SFCTC/fcst.LR.t/3510.sqlite
Skipping WRF3NAVGEM (No data for SFCTC at station: 3510)
/verification/Forecasts/ENS/SFCTC/fcst.LR.t/3510.sqlite
Skipping WRF3GFSgc01 (No data for SFCTC at station: 3510)
/verification/Forecasts/ENS/SFCTC/fcst.LR.t/3510.sqlite
Skipping WRF3GFSgc01 (No data for SFCTC at station: 3510)
/verification/Forecasts/ENS/SFCTC/fcst.LR.t/3510.sqlite
Skipping WRF3ARPEGE (No data for SFCTC at station: 3510)
/verification/Forecasts/ENS/SFCTC/fcst.LR.t/3510.sqlite
Skipping WRF3ARPEGE (No data for SFCTC at station: 3510)
/verification/Forecasts/ENS/SFCTC/fcst.LR.t/3510.sqlite
Skipping WRF4ICON (No data for SFCTC at station: 3510)
/verification/Forecasts/ENS/SFCTC/fcst.LR.t/3510.sqlite
Skipping WRF4ICON (No data for SFCTC at station: 3510)
/verification/Forecasts/ENS/SFCTC/fcst.LR.t/3510.sqlite
Skipping WRF4NAM (No data for SFCTC at station: 3510)
/verification/Forecasts/ENS/SFCTC/fcst.LR.t/3510.sqlite
Skipping WRF4NAM (No data for SFCTC at station: 3510)
/verification/Forecasts/ENS/SFCTC/fcst.LR.t/3510.sqlite
Skipping WRF4NAM (No data for SFCTC at station: 3510)
/verification/Forecasts/ENS/SFCTC/fcst.LR.t/3510.sqlite
Skipping NMM3NAM (No data for SFCTC at station: 3510)
/verification/Forecasts/ENS/SFCTC/fcst.LR.t/3510.sqlite
Skipping NMM3NAM (No data for SFCTC at station: 3510)
/verification/Forecasts/ENS/SFCTC/fcst.LR.t/3510.sqlite
Skipping NMM3NAM (No data for SFCTC at station: 3510)
/verification/Forecasts/ENS/SFCTC/fcst.LR.t/3510.sqlite
Skipping NMM3GFS (No data for SFCTC at station: 3510)
/verification/Forecasts/ENS/SFCTC/fcst.LR.t/3510.sqlite
Skipping NMM3GFS (No data for SFCTC at station: 3510)
/verification/Forecasts/ENS/SFCTC/fcst.LR.t/3510.sqlite
Skipping WRF2NAM (No data for SFCTC at station: 3510)
/verification/Forecasts/ENS/SFCTC/fcst.LR.t/3510.sqlite
Skipping WRF2NAM (No data for SFCTC at station: 3510)
/verification/Forecasts/ENS/SFCTC/fcst.LR.t/3510.sqlite
Skipping WRF2NAM (No data for SFCTC at station: 3510)
/verification/Forecasts/ENS/SFCTC/fcst.LR.t/3510.sqlite
Skipping WRF2NAM81 (No data for SFCTC at station: 3510)
/verification/Forecasts/ENS/SFCTC/fcst.LR.t/3510.sqlite
Skipping WRF2NAM81 (No data for SFCTC at station: 3510)
/verification/Forecasts/ENS/SFCTC/fcst.LR.t/3510.sqlite
Skipping WRF2NAM81 (No data for SFCTC at station: 3510)
/verification/Forecasts/ENS/SFCTC/fcst.LR.t/3510.sqlite
Skipping WRF2GFS (No data for SFCTC at station: 3510)
/verification/Forecasts/ENS/SFCTC/fcst.LR.t/3510.sqlite
Skipping WRF2GFS (No data for SFCTC at station: 3510)
/verification/Forecasts/ENS/SFCTC/fcst.LR.t/3510.sqlite
Skipping WRF2GFS (No data for SFCTC at station: 3510)
/verification/Forecasts/ENS/SFCTC/fcst.LR.t/3510.sqlite
Skipping WRF2GFS81 (No data for SFCTC at station: 3510)
/verification/Forecasts/ENS/SFCTC/fcst.LR.t/3510.sqlite
Skipping WRF2GFS81 (No data for SFCTC at station: 3510)
/verification/Forecasts/ENS/SFCTC/fcst.LR.t/3510.sqlite
Skipping WRF2GFS81 (No data for SFCTC at station: 3510)
/verification/Forecasts/ENS/SFCTC/fcst.LR.t/3510.sqlite
Skipping WRF4RDPS (No data for SFCTC at station: 3510)
/verification/Forecasts/ENS/SFCTC/fcst.LR.t/3510.sqlite
Skipping WRF4RDPS (No data for SFCTC at station: 3510)
/verification/Forecasts/ENS/SFCTC/fcst.LR.t/3510.sqlite
Skipping WRF4RDPS (No data for SFCTC at station: 3510)
/verification/Forecasts/ENS/SFCTC/fcst.LR.t/3510.sqlite
Skipping MPAS25 (No data for SFCTC at station: 3510)
/verification/Forecasts/ENS/SFCTC/fcst.LR.t/3510.sqlite
Skipping MPAS25 (No data for SFCTC at station: 3510)
/verification/Forecasts/ENS/SFCTC/fcst.LR.t/3510.sqlite
Skipping ENS (No data for SFCTC at station: 3510)
/verification/Forecasts/ENS/SFCTC/fcst.LR.t/3510.sqlite
Skipping ENS_lr (No data for SFCTC at station: 3510)
/verification/Forecasts/ENS/SFCTC/fcst.LR.t/3510.sqlite
Skipping ENS_hr (No data for SFCTC at station: 3510)
/verification/Forecasts/ENS/SFCTC/fcst.LR.t/3510.sqlite
Skipping ENS_LR (No data for SFCTC at station: 3510)
/verification/Observations/PCPTOT/3510.sqlite
[  1   2   3   4   5   6   7   8   9  10  11  12  13  14  15  16  17  18
  19  20  21  22  23  24  25  26  27  28  29  30  31  32  33  34  35  36
  37  38  39  40  41  42  43  44  45  46  47  48  49  50  51  52  53  54
  55  56  57  58  59  60  61  62  63  64  65  66  67  68  69  70  71  72
  73  74  75  76  77  78  79  80  81  82  83  84  85  86  87  88  89  90
  91  92  93  94  95  96  97  98  99 100 101 102 103 104 105 106 107 108
 109 110 111 112 113 114 115 116 117 118 119 120 121 122 123 124 125 126
 127 128 129 130 131 132 133 134 135 136 137 138 139 140 141 142 143 144
 145 146 147 148 149 150 151 152 153 154 155 156 157 158 159 160 161 162
 163 164 165 166 167 168]
[0. 0. 0. 0. 0. 0. 0. 0. 0. 0. 0. 0. 0. 0. 0. 0. 0. 0. 0. 0. 0. 0. 0. 0.
 0. 0. 0. 0. 0. 0. 0. 0. 0. 0. 0. 0. 0. 0. 0. 0. 0. 0. 0. 0. 0. 0. 0. 0.
 0. 0. 0. 0. 0. 0. 0. 0. 0. 0. 0. 0. 0. 0. 0. 0. 0. 0. 0. 0. 0. 0. 0. 0.
 0. 0. 0. 0. 0. 0. 0. 0. 0. 0. 0. 0. 0. 0. 0. 0. 0. 0. 0. 0. 0. 0. 0. 0.
 0. 0. 0. 0. 0. 0. 0. 0. 0. 0. 0. 0. 0. 0. 0. 0. 0. 0. 0. 0. 0. 0. 0. 0.
 0. 0. 0. 0. 0. 0. 0. 0. 0. 0. 0. 0. 0. 0. 0. 0. 0. 0. 0. 0. 0. 0. 0. 0.
 0. 0. 0. 0. 0. 0. 0. 0. 0. 0. 0. 0. 0. 0. 0. 0. 0. 0. 0. 0. 0. 0. 0. 0.]
/verification/Forecasts/ENS/PCPTOT/fcst.LR.t/3510.sqlite
Skipping MM5 (No data for PCPTOT at station: 3510)
/verification/Forecasts/ENS/PCPTOT/fcst.LR.t/3510.sqlite
Skipping MM5 (No data for PCPTOT at station: 3510)
/verification/Forecasts/ENS/PCPTOT/fcst.LR.t/3510.sqlite
Skipping MM5 (No data for PCPTOT at station: 3510)
/verification/Forecasts/ENS/PCPTOT/fcst.LR.t/3510.sqlite
Skipping MM5G (No data for PCPTOT at station: 3510)
/verification/Forecasts/ENS/PCPTOT/fcst.LR.t/3510.sqlite
Skipping MM5G (No data for PCPTOT at station: 3510)
/verification/Forecasts/ENS/PCPTOT/fcst.LR.t/3510.sqlite
Skipping MM5G (No data for PCPTOT at station: 3510)
/verification/Forecasts/ENS/PCPTOT/fcst.LR.t/3510.sqlite
Skipping MM5G (No data for PCPTOT at station: 3510)
/verification/Forecasts/ENS/PCPTOT/fcst.LR.t/3510.sqlite
Skipping WRF3GEM (No data for PCPTOT at station: 3510)
/verification/Forecasts/ENS/PCPTOT/fcst.LR.t/3510.sqlite
Skipping WRF3GEM (No data for PCPTOT at station: 3510)
/verification/Forecasts/ENS/PCPTOT/fcst.LR.t/3510.sqlite
Skipping WRF3GEM (No data for PCPTOT at station: 3510)
/verification/Forecasts/ENS/PCPTOT/fcst.LR.t/3510.sqlite
Skipping WRF3NAM (No data for PCPTOT at station: 3510)
/verification/Forecasts/ENS/PCPTOT/fcst.LR.t/3510.sqlite
Skipping WRF3NAM (No data for PCPTOT at station: 3510)
/verification/Forecasts/ENS/PCPTOT/fcst.LR.t/3510.sqlite
Skipping WRF3NAM (No data for PCPTOT at station: 3510)
/verification/Forecasts/ENS/PCPTOT/fcst.LR.t/3510.sqlite
Skipping WRF3GFS (No data for PCPTOT at station: 3510)
/verification/Forecasts/ENS/PCPTOT/fcst.LR.t/3510.sqlite
Skipping WRF3GFS (No data for PCPTOT at station: 3510)
/verification/Forecasts/ENS/PCPTOT/fcst.LR.t/3510.sqlite
Skipping WRF3GFS (No data for PCPTOT at station: 3510)
/verification/Forecasts/ENS/PCPTOT/fcst.LR.t/3510.sqlite
Skipping WRF3GFS (No data for PCPTOT at station: 3510)
/verification/Forecasts/ENS/PCPTOT/fcst.LR.t/3510.sqlite
Skipping WRF3NAVGEM (No data for PCPTOT at station: 3510)
/verification/Forecasts/ENS/PCPTOT/fcst.LR.t/3510.sqlite
Skipping WRF3NAVGEM (No data for PCPTOT at station: 3510)
/verification/Forecasts/ENS/PCPTOT/fcst.LR.t/3510.sqlite
Skipping WRF3NAVGEM (No data for PCPTOT at station: 3510)
/verification/Forecasts/ENS/PCPTOT/fcst.LR.t/3510.sqlite
Skipping WRF3GFSgc01 (No data for PCPTOT at station: 3510)
/verification/Forecasts/ENS/PCPTOT/fcst.LR.t/3510.sqlite
Skipping WRF3GFSgc01 (No data for PCPTOT at station: 3510)
/verification/Forecasts/ENS/PCPTOT/fcst.LR.t/3510.sqlite
Skipping WRF3ARPEGE (No data for PCPTOT at station: 3510)
/verification/Forecasts/ENS/PCPTOT/fcst.LR.t/3510.sqlite
Skipping WRF3ARPEGE (No data for PCPTOT at station: 3510)
/verification/Forecasts/ENS/PCPTOT/fcst.LR.t/3510.sqlite
Skipping WRF4ICON (No data for PCPTOT at station: 3510)
/verification/Forecasts/ENS/PCPTOT/fcst.LR.t/3510.sqlite
Skipping WRF4ICON (No data for PCPTOT at station: 3510)
/verification/Forecasts/ENS/PCPTOT/fcst.LR.t/3510.sqlite
Skipping WRF4NAM (No data for PCPTOT at station: 3510)
/verification/Forecasts/ENS/PCPTOT/fcst.LR.t/3510.sqlite
Skipping WRF4NAM (No data for PCPTOT at station: 3510)
/verification/Forecasts/ENS/PCPTOT/fcst.LR.t/3510.sqlite
Skipping WRF4NAM (No data for PCPTOT at station: 3510)
/verification/Forecasts/ENS/PCPTOT/fcst.LR.t/3510.sqlite
Skipping NMM3NAM (No data for PCPTOT at station: 3510)
/verification/Forecasts/ENS/PCPTOT/fcst.LR.t/3510.sqlite
Skipping NMM3NAM (No data for PCPTOT at station: 3510)
/verification/Forecasts/ENS/PCPTOT/fcst.LR.t/3510.sqlite
Skipping NMM3NAM (No data for PCPTOT at station: 3510)
/verification/Forecasts/ENS/PCPTOT/fcst.LR.t/3510.sqlite
Skipping NMM3GFS (No data for PCPTOT at station: 3510)
/verification/Forecasts/ENS/PCPTOT/fcst.LR.t/3510.sqlite
Skipping NMM3GFS (No data for PCPTOT at station: 3510)
/verification/Forecasts/ENS/PCPTOT/fcst.LR.t/3510.sqlite
Skipping WRF2NAM (No data for PCPTOT at station: 3510)
/verification/Forecasts/ENS/PCPTOT/fcst.LR.t/3510.sqlite
Skipping WRF2NAM (No data for PCPTOT at station: 3510)
/verification/Forecasts/ENS/PCPTOT/fcst.LR.t/3510.sqlite
Skipping WRF2NAM (No data for PCPTOT at station: 3510)
/verification/Forecasts/ENS/PCPTOT/fcst.LR.t/3510.sqlite
Skipping WRF2NAM81 (No data for PCPTOT at station: 3510)
/verification/Forecasts/ENS/PCPTOT/fcst.LR.t/3510.sqlite
Skipping WRF2NAM81 (No data for PCPTOT at station: 3510)
/verification/Forecasts/ENS/PCPTOT/fcst.LR.t/3510.sqlite
Skipping WRF2NAM81 (No data for PCPTOT at station: 3510)
/verification/Forecasts/ENS/PCPTOT/fcst.LR.t/3510.sqlite
Skipping WRF2GFS (No data for PCPTOT at station: 3510)
/verification/Forecasts/ENS/PCPTOT/fcst.LR.t/3510.sqlite
Skipping WRF2GFS (No data for PCPTOT at station: 3510)
/verification/Forecasts/ENS/PCPTOT/fcst.LR.t/3510.sqlite
Skipping WRF2GFS (No data for PCPTOT at station: 3510)
/verification/Forecasts/ENS/PCPTOT/fcst.LR.t/3510.sqlite
Skipping WRF2GFS81 (No data for PCPTOT at station: 3510)
/verification/Forecasts/ENS/PCPTOT/fcst.LR.t/3510.sqlite
Skipping WRF2GFS81 (No data for PCPTOT at station: 3510)
/verification/Forecasts/ENS/PCPTOT/fcst.LR.t/3510.sqlite
Skipping WRF2GFS81 (No data for PCPTOT at station: 3510)
/verification/Forecasts/ENS/PCPTOT/fcst.LR.t/3510.sqlite
Skipping WRF4RDPS (No data for PCPTOT at station: 3510)
/verification/Forecasts/ENS/PCPTOT/fcst.LR.t/3510.sqlite
Skipping WRF4RDPS (No data for PCPTOT at station: 3510)
/verification/Forecasts/ENS/PCPTOT/fcst.LR.t/3510.sqlite
Skipping WRF4RDPS (No data for PCPTOT at station: 3510)
/verification/Forecasts/ENS/PCPTOT/fcst.LR.t/3510.sqlite
Skipping MPAS25 (No data for PCPTOT at station: 3510)
/verification/Forecasts/ENS/PCPTOT/fcst.LR.t/3510.sqlite
Skipping MPAS25 (No data for PCPTOT at station: 3510)
/verification/Forecasts/ENS/PCPTOT/fcst.LR.t/3510.sqlite
Skipping ENS (No data for PCPTOT at station: 3510)
/verification/Forecasts/ENS/PCPTOT/fcst.LR.t/3510.sqlite
Skipping ENS_lr (No data for PCPTOT at station: 3510)
/verification/Forecasts/ENS/PCPTOT/fcst.LR.t/3510.sqlite
Skipping ENS_hr (No data for PCPTOT at station: 3510)
/verification/Forecasts/ENS/PCPTOT/fcst.LR.t/3510.sqlite
Skipping ENS_LR (No data for PCPTOT at station: 3510)
/verification/Observations/PCPT6/3510.sqlite
[  1   2   3   4   5   6   7   8   9  10  11  12  13  14  15  16  17  18
  19  20  21  22  23  24  25  26  27  28  29  30  31  32  33  34  35  36
  37  38  39  40  41  42  43  44  45  46  47  48  49  50  51  52  53  54
  55  56  57  58  59  60  61  62  63  64  65  66  67  68  69  70  71  72
  73  74  75  76  77  78  79  80  81  82  83  84  85  86  87  88  89  90
  91  92  93  94  95  96  97  98  99 100 101 102 103 104 105 106 107 108
 109 110 111 112 113 114 115 116 117 118 119 120 121 122 123 124 125 126
 127 128 129 130 131 132 133 134 135 136 137 138 139 140 141 142 143 144
 145 146 147 148 149 150 151 152 153 154 155 156 157 158 159 160 161 162
 163 164 165 166 167 168]
[0. 0. 0. 0. 0. 0. 0. 0. 0. 0. 0. 0. 0. 0. 0. 0. 0. 0. 0. 0. 0. 0. 0. 0.
 0. 0. 0. 0. 0. 0. 0. 0. 0. 0. 0. 0. 0. 0. 0. 0. 0. 0. 0. 0. 0. 0. 0. 0.
 0. 0. 0. 0. 0. 0. 0. 0. 0. 0. 0. 0. 0. 0. 0. 0. 0. 0. 0. 0. 0. 0. 0. 0.
 0. 0. 0. 0. 0. 0. 0. 0. 0. 0. 0. 0. 0. 0. 0. 0. 0. 0. 0. 0. 0. 0. 0. 0.
 0. 0. 0. 0. 0. 0. 0. 0. 0. 0. 0. 0. 0. 0. 0. 0. 0. 0. 0. 0. 0. 0. 0. 0.
 0. 0. 0. 0. 0. 0. 0. 0. 0. 0. 0. 0. 0. 0. 0. 0. 0. 0. 0. 0. 0. 0. 0. 0.
 0. 0. 0. 0. 0. 0. 0. 0. 0. 0. 0. 0. 0. 0. 0. 0. 0. 0. 0. 0. 0. 0. 0. 0.]
/verification/Forecasts/ENS/PCPT6/fcst.LR.t/3510.sqlite
Skipping MM5 (No data for PCPT6 at station: 3510)
/verification/Forecasts/ENS/PCPT6/fcst.LR.t/3510.sqlite
Skipping MM5 (No data for PCPT6 at station: 3510)
/verification/Forecasts/ENS/PCPT6/fcst.LR.t/3510.sqlite
Skipping MM5 (No data for PCPT6 at station: 3510)
/verification/Forecasts/ENS/PCPT6/fcst.LR.t/3510.sqlite
Skipping MM5G (No data for PCPT6 at station: 3510)
/verification/Forecasts/ENS/PCPT6/fcst.LR.t/3510.sqlite
Skipping MM5G (No data for PCPT6 at station: 3510)
/verification/Forecasts/ENS/PCPT6/fcst.LR.t/3510.sqlite
Skipping MM5G (No data for PCPT6 at station: 3510)
/verification/Forecasts/ENS/PCPT6/fcst.LR.t/3510.sqlite
Skipping MM5G (No data for PCPT6 at station: 3510)
/verification/Forecasts/ENS/PCPT6/fcst.LR.t/3510.sqlite
Skipping WRF3GEM (No data for PCPT6 at station: 3510)
/verification/Forecasts/ENS/PCPT6/fcst.LR.t/3510.sqlite
Skipping WRF3GEM (No data for PCPT6 at station: 3510)
/verification/Forecasts/ENS/PCPT6/fcst.LR.t/3510.sqlite
Skipping WRF3GEM (No data for PCPT6 at station: 3510)
/verification/Forecasts/ENS/PCPT6/fcst.LR.t/3510.sqlite
Skipping WRF3NAM (No data for PCPT6 at station: 3510)
/verification/Forecasts/ENS/PCPT6/fcst.LR.t/3510.sqlite
Skipping WRF3NAM (No data for PCPT6 at station: 3510)
/verification/Forecasts/ENS/PCPT6/fcst.LR.t/3510.sqlite
Skipping WRF3NAM (No data for PCPT6 at station: 3510)
/verification/Forecasts/ENS/PCPT6/fcst.LR.t/3510.sqlite
Skipping WRF3GFS (No data for PCPT6 at station: 3510)
/verification/Forecasts/ENS/PCPT6/fcst.LR.t/3510.sqlite
Skipping WRF3GFS (No data for PCPT6 at station: 3510)
/verification/Forecasts/ENS/PCPT6/fcst.LR.t/3510.sqlite
Skipping WRF3GFS (No data for PCPT6 at station: 3510)
/verification/Forecasts/ENS/PCPT6/fcst.LR.t/3510.sqlite
Skipping WRF3GFS (No data for PCPT6 at station: 3510)
/verification/Forecasts/ENS/PCPT6/fcst.LR.t/3510.sqlite
Skipping WRF3NAVGEM (No data for PCPT6 at station: 3510)
/verification/Forecasts/ENS/PCPT6/fcst.LR.t/3510.sqlite
Skipping WRF3NAVGEM (No data for PCPT6 at station: 3510)
/verification/Forecasts/ENS/PCPT6/fcst.LR.t/3510.sqlite
Skipping WRF3NAVGEM (No data for PCPT6 at station: 3510)
/verification/Forecasts/ENS/PCPT6/fcst.LR.t/3510.sqlite
Skipping WRF3GFSgc01 (No data for PCPT6 at station: 3510)
/verification/Forecasts/ENS/PCPT6/fcst.LR.t/3510.sqlite
Skipping WRF3GFSgc01 (No data for PCPT6 at station: 3510)
/verification/Forecasts/ENS/PCPT6/fcst.LR.t/3510.sqlite
Skipping WRF3ARPEGE (No data for PCPT6 at station: 3510)
/verification/Forecasts/ENS/PCPT6/fcst.LR.t/3510.sqlite
Skipping WRF3ARPEGE (No data for PCPT6 at station: 3510)
/verification/Forecasts/ENS/PCPT6/fcst.LR.t/3510.sqlite
Skipping WRF4ICON (No data for PCPT6 at station: 3510)
/verification/Forecasts/ENS/PCPT6/fcst.LR.t/3510.sqlite
Skipping WRF4ICON (No data for PCPT6 at station: 3510)
/verification/Forecasts/ENS/PCPT6/fcst.LR.t/3510.sqlite
Skipping WRF4NAM (No data for PCPT6 at station: 3510)
/verification/Forecasts/ENS/PCPT6/fcst.LR.t/3510.sqlite
Skipping WRF4NAM (No data for PCPT6 at station: 3510)
/verification/Forecasts/ENS/PCPT6/fcst.LR.t/3510.sqlite
Skipping WRF4NAM (No data for PCPT6 at station: 3510)
/verification/Forecasts/ENS/PCPT6/fcst.LR.t/3510.sqlite
Skipping NMM3NAM (No data for PCPT6 at station: 3510)
/verification/Forecasts/ENS/PCPT6/fcst.LR.t/3510.sqlite
Skipping NMM3NAM (No data for PCPT6 at station: 3510)
/verification/Forecasts/ENS/PCPT6/fcst.LR.t/3510.sqlite
Skipping NMM3NAM (No data for PCPT6 at station: 3510)
/verification/Forecasts/ENS/PCPT6/fcst.LR.t/3510.sqlite
Skipping NMM3GFS (No data for PCPT6 at station: 3510)
/verification/Forecasts/ENS/PCPT6/fcst.LR.t/3510.sqlite
Skipping NMM3GFS (No data for PCPT6 at station: 3510)
/verification/Forecasts/ENS/PCPT6/fcst.LR.t/3510.sqlite
Skipping WRF2NAM (No data for PCPT6 at station: 3510)
/verification/Forecasts/ENS/PCPT6/fcst.LR.t/3510.sqlite
Skipping WRF2NAM (No data for PCPT6 at station: 3510)
/verification/Forecasts/ENS/PCPT6/fcst.LR.t/3510.sqlite
Skipping WRF2NAM (No data for PCPT6 at station: 3510)
/verification/Forecasts/ENS/PCPT6/fcst.LR.t/3510.sqlite
Skipping WRF2NAM81 (No data for PCPT6 at station: 3510)
/verification/Forecasts/ENS/PCPT6/fcst.LR.t/3510.sqlite
Skipping WRF2NAM81 (No data for PCPT6 at station: 3510)
/verification/Forecasts/ENS/PCPT6/fcst.LR.t/3510.sqlite
Skipping WRF2NAM81 (No data for PCPT6 at station: 3510)
/verification/Forecasts/ENS/PCPT6/fcst.LR.t/3510.sqlite
Skipping WRF2GFS (No data for PCPT6 at station: 3510)
/verification/Forecasts/ENS/PCPT6/fcst.LR.t/3510.sqlite
Skipping WRF2GFS (No data for PCPT6 at station: 3510)
/verification/Forecasts/ENS/PCPT6/fcst.LR.t/3510.sqlite
Skipping WRF2GFS (No data for PCPT6 at station: 3510)
/verification/Forecasts/ENS/PCPT6/fcst.LR.t/3510.sqlite
Skipping WRF2GFS81 (No data for PCPT6 at station: 3510)
/verification/Forecasts/ENS/PCPT6/fcst.LR.t/3510.sqlite
Skipping WRF2GFS81 (No data for PCPT6 at station: 3510)
/verification/Forecasts/ENS/PCPT6/fcst.LR.t/3510.sqlite
Skipping WRF2GFS81 (No data for PCPT6 at station: 3510)
/verification/Forecasts/ENS/PCPT6/fcst.LR.t/3510.sqlite
Skipping WRF4RDPS (No data for PCPT6 at station: 3510)
/verification/Forecasts/ENS/PCPT6/fcst.LR.t/3510.sqlite
Skipping WRF4RDPS (No data for PCPT6 at station: 3510)
/verification/Forecasts/ENS/PCPT6/fcst.LR.t/3510.sqlite
Skipping WRF4RDPS (No data for PCPT6 at station: 3510)
/verification/Forecasts/ENS/PCPT6/fcst.LR.t/3510.sqlite
Skipping MPAS25 (No data for PCPT6 at station: 3510)
/verification/Forecasts/ENS/PCPT6/fcst.LR.t/3510.sqlite
Skipping MPAS25 (No data for PCPT6 at station: 3510)
/verification/Forecasts/ENS/PCPT6/fcst.LR.t/3510.sqlite
Skipping ENS (No data for PCPT6 at station: 3510)
/verification/Forecasts/ENS/PCPT6/fcst.LR.t/3510.sqlite
Skipping ENS_lr (No data for PCPT6 at station: 3510)
/verification/Forecasts/ENS/PCPT6/fcst.LR.t/3510.sqlite
Skipping ENS_hr (No data for PCPT6 at station: 3510)
/verification/Forecasts/ENS/PCPT6/fcst.LR.t/3510.sqlite
Skipping ENS_LR (No data for PCPT6 at station: 3510)
/verification/Observations/SFCWSPD_KF/3510.sqlite
[  1   2   3   4   5   6   7   8   9  10  11  12  13  14  15  16  17  18
  19  20  21  22  23  24  25  26  27  28  29  30  31  32  33  34  35  36
  37  38  39  40  41  42  43  44  45  46  47  48  49  50  51  52  53  54
  55  56  57  58  59  60  61  62  63  64  65  66  67  68  69  70  71  72
  73  74  75  76  77  78  79  80  81  82  83  84  85  86  87  88  89  90
  91  92  93  94  95  96  97  98  99 100 101 102 103 104 105 106 107 108
 109 110 111 112 113 114 115 116 117 118 119 120 121 122 123 124 125 126
 127 128 129 130 131 132 133 134 135 136 137 138 139 140 141 142 143 144
 145 146 147 148 149 150 151 152 153 154 155 156 157 158 159 160 161 162
 163 164 165 166 167 168]
[ 7.92  9.72  7.92 14.4   3.24  0.    1.44 12.96 12.96 14.4  17.64 11.16
  4.68  9.72  9.72  7.92 11.16 12.96 12.96 12.96 11.16  9.72 16.2  16.2
 11.16 12.96 12.96  7.92  9.72  3.24  4.68  0.    3.24  1.44  0.    0.
  0.    0.    0.    0.    1.44  1.44  1.44  3.24  4.68  1.44  1.44  1.44
  1.44  1.44  6.48  1.44  1.44  3.24  3.24  1.44  3.24  3.24  6.48  6.48
  4.68  1.44  1.44  4.68  4.68  3.24  6.48  9.72  3.24  4.68  3.24  6.48
  1.44  3.24  3.24  0.    0.    0.    0.    0.    0.    0.    0.    4.68
  0.    3.24  1.44  4.68  3.24  3.24  3.24  0.    0.    0.    1.44  0.
  1.44  0.    0.    0.    0.    0.    0.    0.    0.    0.    0.    0.
  0.    0.    0.    4.68  4.68  4.68  9.72 14.4   6.48 12.96  6.48  7.92
  6.48  9.72 12.96  0.    0.    1.44  1.44  4.68  1.44  3.24  0.    0.
  1.44  0.    1.44  4.68  3.24  3.24  0.    0.    0.    1.44  0.    0.
  0.    0.    0.    0.    0.    0.    0.    0.    0.    0.    0.    0.
  0.    0.    0.    4.68  0.    1.44  4.68  6.48  6.48  9.72  9.72 14.4 ]
/verification/Forecasts/ENS/SFCWSPD/fcst.LR.KF_MH.t/3510.sqlite
Skipping MM5 (No data for SFCWSPD_KF at station: 3510)
/verification/Forecasts/ENS/SFCWSPD/fcst.LR.KF_MH.t/3510.sqlite
Skipping MM5 (No data for SFCWSPD_KF at station: 3510)
/verification/Forecasts/ENS/SFCWSPD/fcst.LR.KF_MH.t/3510.sqlite
Skipping MM5 (No data for SFCWSPD_KF at station: 3510)
/verification/Forecasts/ENS/SFCWSPD/fcst.LR.KF_MH.t/3510.sqlite
Skipping MM5G (No data for SFCWSPD_KF at station: 3510)
/verification/Forecasts/ENS/SFCWSPD/fcst.LR.KF_MH.t/3510.sqlite
Skipping MM5G (No data for SFCWSPD_KF at station: 3510)
/verification/Forecasts/ENS/SFCWSPD/fcst.LR.KF_MH.t/3510.sqlite
Skipping MM5G (No data for SFCWSPD_KF at station: 3510)
/verification/Forecasts/ENS/SFCWSPD/fcst.LR.KF_MH.t/3510.sqlite
Skipping MM5G (No data for SFCWSPD_KF at station: 3510)
/verification/Forecasts/ENS/SFCWSPD/fcst.LR.KF_MH.t/3510.sqlite
Skipping WRF3GEM (No data for SFCWSPD_KF at station: 3510)
/verification/Forecasts/ENS/SFCWSPD/fcst.LR.KF_MH.t/3510.sqlite
Skipping WRF3GEM (No data for SFCWSPD_KF at station: 3510)
/verification/Forecasts/ENS/SFCWSPD/fcst.LR.KF_MH.t/3510.sqlite
Skipping WRF3GEM (No data for SFCWSPD_KF at station: 3510)
/verification/Forecasts/ENS/SFCWSPD/fcst.LR.KF_MH.t/3510.sqlite
Skipping WRF3NAM (No data for SFCWSPD_KF at station: 3510)
/verification/Forecasts/ENS/SFCWSPD/fcst.LR.KF_MH.t/3510.sqlite
Skipping WRF3NAM (No data for SFCWSPD_KF at station: 3510)
/verification/Forecasts/ENS/SFCWSPD/fcst.LR.KF_MH.t/3510.sqlite
Skipping WRF3NAM (No data for SFCWSPD_KF at station: 3510)
/verification/Forecasts/ENS/SFCWSPD/fcst.LR.KF_MH.t/3510.sqlite
Skipping WRF3GFS (No data for SFCWSPD_KF at station: 3510)
/verification/Forecasts/ENS/SFCWSPD/fcst.LR.KF_MH.t/3510.sqlite
Skipping WRF3GFS (No data for SFCWSPD_KF at station: 3510)
/verification/Forecasts/ENS/SFCWSPD/fcst.LR.KF_MH.t/3510.sqlite
Skipping WRF3GFS (No data for SFCWSPD_KF at station: 3510)
/verification/Forecasts/ENS/SFCWSPD/fcst.LR.KF_MH.t/3510.sqlite
Skipping WRF3GFS (No data for SFCWSPD_KF at station: 3510)
/verification/Forecasts/ENS/SFCWSPD/fcst.LR.KF_MH.t/3510.sqlite
Skipping WRF3NAVGEM (No data for SFCWSPD_KF at station: 3510)
/verification/Forecasts/ENS/SFCWSPD/fcst.LR.KF_MH.t/3510.sqlite
Skipping WRF3NAVGEM (No data for SFCWSPD_KF at station: 3510)
/verification/Forecasts/ENS/SFCWSPD/fcst.LR.KF_MH.t/3510.sqlite
Skipping WRF3NAVGEM (No data for SFCWSPD_KF at station: 3510)
/verification/Forecasts/ENS/SFCWSPD/fcst.LR.KF_MH.t/3510.sqlite
Skipping WRF3GFSgc01 (No data for SFCWSPD_KF at station: 3510)
/verification/Forecasts/ENS/SFCWSPD/fcst.LR.KF_MH.t/3510.sqlite
Skipping WRF3GFSgc01 (No data for SFCWSPD_KF at station: 3510)
/verification/Forecasts/ENS/SFCWSPD/fcst.LR.KF_MH.t/3510.sqlite
Skipping WRF3ARPEGE (No data for SFCWSPD_KF at station: 3510)
/verification/Forecasts/ENS/SFCWSPD/fcst.LR.KF_MH.t/3510.sqlite
Skipping WRF3ARPEGE (No data for SFCWSPD_KF at station: 3510)
/verification/Forecasts/ENS/SFCWSPD/fcst.LR.KF_MH.t/3510.sqlite
Skipping WRF4ICON (No data for SFCWSPD_KF at station: 3510)
/verification/Forecasts/ENS/SFCWSPD/fcst.LR.KF_MH.t/3510.sqlite
Skipping WRF4ICON (No data for SFCWSPD_KF at station: 3510)
/verification/Forecasts/ENS/SFCWSPD/fcst.LR.KF_MH.t/3510.sqlite
Skipping WRF4NAM (No data for SFCWSPD_KF at station: 3510)
/verification/Forecasts/ENS/SFCWSPD/fcst.LR.KF_MH.t/3510.sqlite
Skipping WRF4NAM (No data for SFCWSPD_KF at station: 3510)
/verification/Forecasts/ENS/SFCWSPD/fcst.LR.KF_MH.t/3510.sqlite
Skipping WRF4NAM (No data for SFCWSPD_KF at station: 3510)
/verification/Forecasts/ENS/SFCWSPD/fcst.LR.KF_MH.t/3510.sqlite
Skipping NMM3NAM (No data for SFCWSPD_KF at station: 3510)
/verification/Forecasts/ENS/SFCWSPD/fcst.LR.KF_MH.t/3510.sqlite
Skipping NMM3NAM (No data for SFCWSPD_KF at station: 3510)
/verification/Forecasts/ENS/SFCWSPD/fcst.LR.KF_MH.t/3510.sqlite
Skipping NMM3NAM (No data for SFCWSPD_KF at station: 3510)
/verification/Forecasts/ENS/SFCWSPD/fcst.LR.KF_MH.t/3510.sqlite
Skipping NMM3GFS (No data for SFCWSPD_KF at station: 3510)
/verification/Forecasts/ENS/SFCWSPD/fcst.LR.KF_MH.t/3510.sqlite
Skipping NMM3GFS (No data for SFCWSPD_KF at station: 3510)
/verification/Forecasts/ENS/SFCWSPD/fcst.LR.KF_MH.t/3510.sqlite
Skipping WRF2NAM (No data for SFCWSPD_KF at station: 3510)
/verification/Forecasts/ENS/SFCWSPD/fcst.LR.KF_MH.t/3510.sqlite
Skipping WRF2NAM (No data for SFCWSPD_KF at station: 3510)
/verification/Forecasts/ENS/SFCWSPD/fcst.LR.KF_MH.t/3510.sqlite
Skipping WRF2NAM (No data for SFCWSPD_KF at station: 3510)
/verification/Forecasts/ENS/SFCWSPD/fcst.LR.KF_MH.t/3510.sqlite
Skipping WRF2NAM81 (No data for SFCWSPD_KF at station: 3510)
/verification/Forecasts/ENS/SFCWSPD/fcst.LR.KF_MH.t/3510.sqlite
Skipping WRF2NAM81 (No data for SFCWSPD_KF at station: 3510)
/verification/Forecasts/ENS/SFCWSPD/fcst.LR.KF_MH.t/3510.sqlite
Skipping WRF2NAM81 (No data for SFCWSPD_KF at station: 3510)
/verification/Forecasts/ENS/SFCWSPD/fcst.LR.KF_MH.t/3510.sqlite
Skipping WRF2GFS (No data for SFCWSPD_KF at station: 3510)
/verification/Forecasts/ENS/SFCWSPD/fcst.LR.KF_MH.t/3510.sqlite
Skipping WRF2GFS (No data for SFCWSPD_KF at station: 3510)
/verification/Forecasts/ENS/SFCWSPD/fcst.LR.KF_MH.t/3510.sqlite
Skipping WRF2GFS (No data for SFCWSPD_KF at station: 3510)
/verification/Forecasts/ENS/SFCWSPD/fcst.LR.KF_MH.t/3510.sqlite
Skipping WRF2GFS81 (No data for SFCWSPD_KF at station: 3510)
/verification/Forecasts/ENS/SFCWSPD/fcst.LR.KF_MH.t/3510.sqlite
Skipping WRF2GFS81 (No data for SFCWSPD_KF at station: 3510)
/verification/Forecasts/ENS/SFCWSPD/fcst.LR.KF_MH.t/3510.sqlite
Skipping WRF2GFS81 (No data for SFCWSPD_KF at station: 3510)
/verification/Forecasts/ENS/SFCWSPD/fcst.LR.KF_MH.t/3510.sqlite
Skipping WRF4RDPS (No data for SFCWSPD_KF at station: 3510)
/verification/Forecasts/ENS/SFCWSPD/fcst.LR.KF_MH.t/3510.sqlite
Skipping WRF4RDPS (No data for SFCWSPD_KF at station: 3510)
/verification/Forecasts/ENS/SFCWSPD/fcst.LR.KF_MH.t/3510.sqlite
Skipping WRF4RDPS (No data for SFCWSPD_KF at station: 3510)
/verification/Forecasts/ENS/SFCWSPD/fcst.LR.KF_MH.t/3510.sqlite
Skipping MPAS25 (No data for SFCWSPD_KF at station: 3510)
/verification/Forecasts/ENS/SFCWSPD/fcst.LR.KF_MH.t/3510.sqlite
Skipping MPAS25 (No data for SFCWSPD_KF at station: 3510)
/verification/Forecasts/ENS/SFCWSPD/fcst.LR.KF_MH.t/3510.sqlite
Skipping ENS (No data for SFCWSPD_KF at station: 3510)
/verification/Forecasts/ENS/SFCWSPD/fcst.LR.KF_MH.t/3510.sqlite
Skipping ENS_lr (No data for SFCWSPD_KF at station: 3510)
/verification/Forecasts/ENS/SFCWSPD/fcst.LR.KF_MH.t/3510.sqlite
Skipping ENS_hr (No data for SFCWSPD_KF at station: 3510)
/verification/Forecasts/ENS/SFCWSPD/fcst.LR.KF_MH.t/3510.sqlite
Skipping ENS_LR (No data for SFCWSPD_KF at station: 3510)
/verification/Observations/SFCWSPD/3510.sqlite
[  1   2   3   4   5   6   7   8   9  10  11  12  13  14  15  16  17  18
  19  20  21  22  23  24  25  26  27  28  29  30  31  32  33  34  35  36
  37  38  39  40  41  42  43  44  45  46  47  48  49  50  51  52  53  54
  55  56  57  58  59  60  61  62  63  64  65  66  67  68  69  70  71  72
  73  74  75  76  77  78  79  80  81  82  83  84  85  86  87  88  89  90
  91  92  93  94  95  96  97  98  99 100 101 102 103 104 105 106 107 108
 109 110 111 112 113 114 115 116 117 118 119 120 121 122 123 124 125 126
 127 128 129 130 131 132 133 134 135 136 137 138 139 140 141 142 143 144
 145 146 147 148 149 150 151 152 153 154 155 156 157 158 159 160 161 162
 163 164 165 166 167 168]
[ 7.92  9.72  7.92 14.4   3.24  0.    1.44 12.96 12.96 14.4  17.64 11.16
  4.68  9.72  9.72  7.92 11.16 12.96 12.96 12.96 11.16  9.72 16.2  16.2
 11.16 12.96 12.96  7.92  9.72  3.24  4.68  0.    3.24  1.44  0.    0.
  0.    0.    0.    0.    1.44  1.44  1.44  3.24  4.68  1.44  1.44  1.44
  1.44  1.44  6.48  1.44  1.44  3.24  3.24  1.44  3.24  3.24  6.48  6.48
  4.68  1.44  1.44  4.68  4.68  3.24  6.48  9.72  3.24  4.68  3.24  6.48
  1.44  3.24  3.24  0.    0.    0.    0.    0.    0.    0.    0.    4.68
  0.    3.24  1.44  4.68  3.24  3.24  3.24  0.    0.    0.    1.44  0.
  1.44  0.    0.    0.    0.    0.    0.    0.    0.    0.    0.    0.
  0.    0.    0.    4.68  4.68  4.68  9.72 14.4   6.48 12.96  6.48  7.92
  6.48  9.72 12.96  0.    0.    1.44  1.44  4.68  1.44  3.24  0.    0.
  1.44  0.    1.44  4.68  3.24  3.24  0.    0.    0.    1.44  0.    0.
  0.    0.    0.    0.    0.    0.    0.    0.    0.    0.    0.    0.
  0.    0.    0.    4.68  0.    1.44  4.68  6.48  6.48  9.72  9.72 14.4 ]
/verification/Forecasts/ENS/SFCWSPD/fcst.LR.t/3510.sqlite
Skipping MM5 (No data for SFCWSPD at station: 3510)
/verification/Forecasts/ENS/SFCWSPD/fcst.LR.t/3510.sqlite
Skipping MM5 (No data for SFCWSPD at station: 3510)
/verification/Forecasts/ENS/SFCWSPD/fcst.LR.t/3510.sqlite
Skipping MM5 (No data for SFCWSPD at station: 3510)
/verification/Forecasts/ENS/SFCWSPD/fcst.LR.t/3510.sqlite
Skipping MM5G (No data for SFCWSPD at station: 3510)
/verification/Forecasts/ENS/SFCWSPD/fcst.LR.t/3510.sqlite
Skipping MM5G (No data for SFCWSPD at station: 3510)
/verification/Forecasts/ENS/SFCWSPD/fcst.LR.t/3510.sqlite
Skipping MM5G (No data for SFCWSPD at station: 3510)
/verification/Forecasts/ENS/SFCWSPD/fcst.LR.t/3510.sqlite
Skipping MM5G (No data for SFCWSPD at station: 3510)
/verification/Forecasts/ENS/SFCWSPD/fcst.LR.t/3510.sqlite
Skipping WRF3GEM (No data for SFCWSPD at station: 3510)
/verification/Forecasts/ENS/SFCWSPD/fcst.LR.t/3510.sqlite
Skipping WRF3GEM (No data for SFCWSPD at station: 3510)
/verification/Forecasts/ENS/SFCWSPD/fcst.LR.t/3510.sqlite
Skipping WRF3GEM (No data for SFCWSPD at station: 3510)
/verification/Forecasts/ENS/SFCWSPD/fcst.LR.t/3510.sqlite
Skipping WRF3NAM (No data for SFCWSPD at station: 3510)
/verification/Forecasts/ENS/SFCWSPD/fcst.LR.t/3510.sqlite
Skipping WRF3NAM (No data for SFCWSPD at station: 3510)
/verification/Forecasts/ENS/SFCWSPD/fcst.LR.t/3510.sqlite
Skipping WRF3NAM (No data for SFCWSPD at station: 3510)
/verification/Forecasts/ENS/SFCWSPD/fcst.LR.t/3510.sqlite
Skipping WRF3GFS (No data for SFCWSPD at station: 3510)
/verification/Forecasts/ENS/SFCWSPD/fcst.LR.t/3510.sqlite
Skipping WRF3GFS (No data for SFCWSPD at station: 3510)
/verification/Forecasts/ENS/SFCWSPD/fcst.LR.t/3510.sqlite
Skipping WRF3GFS (No data for SFCWSPD at station: 3510)
/verification/Forecasts/ENS/SFCWSPD/fcst.LR.t/3510.sqlite
Skipping WRF3GFS (No data for SFCWSPD at station: 3510)
/verification/Forecasts/ENS/SFCWSPD/fcst.LR.t/3510.sqlite
Skipping WRF3NAVGEM (No data for SFCWSPD at station: 3510)
/verification/Forecasts/ENS/SFCWSPD/fcst.LR.t/3510.sqlite
Skipping WRF3NAVGEM (No data for SFCWSPD at station: 3510)
/verification/Forecasts/ENS/SFCWSPD/fcst.LR.t/3510.sqlite
Skipping WRF3NAVGEM (No data for SFCWSPD at station: 3510)
/verification/Forecasts/ENS/SFCWSPD/fcst.LR.t/3510.sqlite
Skipping WRF3GFSgc01 (No data for SFCWSPD at station: 3510)
/verification/Forecasts/ENS/SFCWSPD/fcst.LR.t/3510.sqlite
Skipping WRF3GFSgc01 (No data for SFCWSPD at station: 3510)
/verification/Forecasts/ENS/SFCWSPD/fcst.LR.t/3510.sqlite
Skipping WRF3ARPEGE (No data for SFCWSPD at station: 3510)
/verification/Forecasts/ENS/SFCWSPD/fcst.LR.t/3510.sqlite
Skipping WRF3ARPEGE (No data for SFCWSPD at station: 3510)
/verification/Forecasts/ENS/SFCWSPD/fcst.LR.t/3510.sqlite
Skipping WRF4ICON (No data for SFCWSPD at station: 3510)
/verification/Forecasts/ENS/SFCWSPD/fcst.LR.t/3510.sqlite
Skipping WRF4ICON (No data for SFCWSPD at station: 3510)
/verification/Forecasts/ENS/SFCWSPD/fcst.LR.t/3510.sqlite
Skipping WRF4NAM (No data for SFCWSPD at station: 3510)
/verification/Forecasts/ENS/SFCWSPD/fcst.LR.t/3510.sqlite
Skipping WRF4NAM (No data for SFCWSPD at station: 3510)
/verification/Forecasts/ENS/SFCWSPD/fcst.LR.t/3510.sqlite
Skipping WRF4NAM (No data for SFCWSPD at station: 3510)
/verification/Forecasts/ENS/SFCWSPD/fcst.LR.t/3510.sqlite
Skipping NMM3NAM (No data for SFCWSPD at station: 3510)
/verification/Forecasts/ENS/SFCWSPD/fcst.LR.t/3510.sqlite
Skipping NMM3NAM (No data for SFCWSPD at station: 3510)
/verification/Forecasts/ENS/SFCWSPD/fcst.LR.t/3510.sqlite
Skipping NMM3NAM (No data for SFCWSPD at station: 3510)
/verification/Forecasts/ENS/SFCWSPD/fcst.LR.t/3510.sqlite
Skipping NMM3GFS (No data for SFCWSPD at station: 3510)
/verification/Forecasts/ENS/SFCWSPD/fcst.LR.t/3510.sqlite
Skipping NMM3GFS (No data for SFCWSPD at station: 3510)
/verification/Forecasts/ENS/SFCWSPD/fcst.LR.t/3510.sqlite
Skipping WRF2NAM (No data for SFCWSPD at station: 3510)
/verification/Forecasts/ENS/SFCWSPD/fcst.LR.t/3510.sqlite
Skipping WRF2NAM (No data for SFCWSPD at station: 3510)
/verification/Forecasts/ENS/SFCWSPD/fcst.LR.t/3510.sqlite
Skipping WRF2NAM (No data for SFCWSPD at station: 3510)
/verification/Forecasts/ENS/SFCWSPD/fcst.LR.t/3510.sqlite
Skipping WRF2NAM81 (No data for SFCWSPD at station: 3510)
/verification/Forecasts/ENS/SFCWSPD/fcst.LR.t/3510.sqlite
Skipping WRF2NAM81 (No data for SFCWSPD at station: 3510)
/verification/Forecasts/ENS/SFCWSPD/fcst.LR.t/3510.sqlite
Skipping WRF2NAM81 (No data for SFCWSPD at station: 3510)
/verification/Forecasts/ENS/SFCWSPD/fcst.LR.t/3510.sqlite
Skipping WRF2GFS (No data for SFCWSPD at station: 3510)
/verification/Forecasts/ENS/SFCWSPD/fcst.LR.t/3510.sqlite
Skipping WRF2GFS (No data for SFCWSPD at station: 3510)
/verification/Forecasts/ENS/SFCWSPD/fcst.LR.t/3510.sqlite
Skipping WRF2GFS (No data for SFCWSPD at station: 3510)
/verification/Forecasts/ENS/SFCWSPD/fcst.LR.t/3510.sqlite
Skipping WRF2GFS81 (No data for SFCWSPD at station: 3510)
/verification/Forecasts/ENS/SFCWSPD/fcst.LR.t/3510.sqlite
Skipping WRF2GFS81 (No data for SFCWSPD at station: 3510)
/verification/Forecasts/ENS/SFCWSPD/fcst.LR.t/3510.sqlite
Skipping WRF2GFS81 (No data for SFCWSPD at station: 3510)
/verification/Forecasts/ENS/SFCWSPD/fcst.LR.t/3510.sqlite
Skipping WRF4RDPS (No data for SFCWSPD at station: 3510)
/verification/Forecasts/ENS/SFCWSPD/fcst.LR.t/3510.sqlite
Skipping WRF4RDPS (No data for SFCWSPD at station: 3510)
/verification/Forecasts/ENS/SFCWSPD/fcst.LR.t/3510.sqlite
Skipping WRF4RDPS (No data for SFCWSPD at station: 3510)
/verification/Forecasts/ENS/SFCWSPD/fcst.LR.t/3510.sqlite
Skipping MPAS25 (No data for SFCWSPD at station: 3510)
/verification/Forecasts/ENS/SFCWSPD/fcst.LR.t/3510.sqlite
Skipping MPAS25 (No data for SFCWSPD at station: 3510)
/verification/Forecasts/ENS/SFCWSPD/fcst.LR.t/3510.sqlite
Skipping ENS (No data for SFCWSPD at station: 3510)
/verification/Forecasts/ENS/SFCWSPD/fcst.LR.t/3510.sqlite
Skipping ENS_lr (No data for SFCWSPD at station: 3510)
/verification/Forecasts/ENS/SFCWSPD/fcst.LR.t/3510.sqlite
Skipping ENS_hr (No data for SFCWSPD at station: 3510)
/verification/Forecasts/ENS/SFCWSPD/fcst.LR.t/3510.sqlite
Skipping ENS_LR (No data for SFCWSPD at station: 3510)
6.085923671722412
It took 0 minutes to run
