Traceback (most recent call last):
  File "accum_error_alldays.py", line 12, in <module>
    import pandas as pd
ModuleNotFoundError: No module named 'pandas'
Traceback (most recent call last):
  File "accum_error_alldays.py", line 654, in <module>
    main(sys.argv)
  File "accum_error_alldays.py", line 641, in main
    plot(station, var, yaxis_labels[var_i], station_names[stations_i],obs,fcst,int(day),index_start)
  File "accum_error_alldays.py", line 476, in plot
    if check_data_exists(filepath, station, variable) == False:
NameError: name 'check_data_exists' is not defined
MM5
MM5
MM5
MM5G
MM5G
MM5G
MM5G
WRF3GEM
WRF3GEM
WRF3GEM
WRF3NAM
WRF3NAM
WRF3NAM
WRF3GFS
WRF3GFS
WRF3GFS
WRF3GFS
WRF3NAVGEM
WRF3NAVGEM
WRF3NAVGEM
WRF3GFSgc01
WRF3GFSgc01
WRF3ARPEGE
WRF3ARPEGE
WRF4ICON
WRF4ICON
WRF4NAM
WRF4NAM
WRF4NAM
NMM3NAM
NMM3NAM
NMM3NAM
NMM3GFS
NMM3GFS
WRF2NAM
WRF2NAM
WRF2NAM
WRF2NAM81
WRF2NAM81
WRF2NAM81
WRF2GFS
WRF2GFS
WRF2GFS
WRF2GFS81
WRF2GFS81
WRF2GFS81
WRF4RDPS
WRF4RDPS
WRF4RDPS
MPAS25
MPAS25
ENS
ENS_lr
ENS_hr
ENS_LR
Traceback (most recent call last):
  File "time_series.py", line 12, in <module>
    import matplotlib.pyplot as plt
ModuleNotFoundError: No module named 'matplotlib'
/nfs/neltharion/oper_users/verif/verif-post-process/src/utl/sig_funcs.py:244: SettingWithCopyWarning: 
A value is trying to be set on a copy of a slice from a DataFrame

See the caveats in the documentation: https://pandas.pydata.org/pandas-docs/stable/user_guide/indexing.html#returning-a-view-versus-a-copy
  obs_all[i] = np.nan
/nfs/neltharion/oper_users/verif/verif-post-process/src/utl/sig_funcs.py:246: SettingWithCopyWarning: 
A value is trying to be set on a copy of a slice from a DataFrame

See the caveats in the documentation: https://pandas.pydata.org/pandas-docs/stable/user_guide/indexing.html#returning-a-view-versus-a-copy
  obs_all[i] = np.nan
Performing YEARLY calculation for 211001 to 221001
Reading observational dataframe for SFCTC.. 
    Now on station 2162
    Now on station 1972
    Now on station 2155
    Now on station 1975
    Now on station 2339
    Now on station 2197
    Now on station 2011
    Now on station 1991
    Now on station 2265
    Now on station 1986
    Now on station 2113
    Now on station 2799
    Now on station 2019
    Now on station 2775
    Now on station 3004
    Now on station 2962
    Now on station 2964
    Now on station 2967
    Now on station 2969
    Now on station 2791
    Now on station 2979
    Now on station 2983
    Now on station 2992
    Now on station 1995
    Now on station 2209
    Now on station 2210
    Now on station 2214
    Now on station 2027
    Now on station 2156
    Now on station 2274
    Now on station 2177
    Now on station 2286
    Now on station 2266
    Now on station 2058
    Now on station 2066
    Now on station 2282
    Now on station 2252
    Now on station 2332
    Now on station 2116
    Now on station 2088
    Now on station 2269
    Now on station 2576
    Now on station 2278
    Now on station 2110
    Now on station 2008
    Now on station 2352
    Now on station 1971
    Now on station 2032
    Now on station 2139
    Now on station 2949
    Now on station 2954
    Now on station 2956
    Now on station 2958
    Now on station 2961
    Now on station 2968
    Now on station 3320
    Now on station 604
    Now on station 679
    Now on station 1969
    Now on station 414
    Now on station 3544
    Now on station 624
    Now on station 3582
    Now on station 3546
    Now on station 580
    Now on station 2899
    Now on station 3316
    Now on station 584
    Now on station 658
    Now on station 675
    Now on station 402
    Now on station 397
    Now on station 404
    Now on station 400
    Now on station 648
    Now on station 2102
    Now on station 3547
    Now on station 2900
    Now on station 581
    Now on station 403
    Now on station 583
    Now on station 640
    Now on station 413
    Now on station 585
    Now on station 395
    Now on station 3549
    Now on station 3584
    Now on station 3543
    Now on station 424
    Now on station 442
    Now on station 594
    Now on station 415
    Now on station 416
    Now on station 3570
    Now on station 600
    Now on station 631
    Now on station 444
    Now on station 3548
    Now on station 680
    Now on station 2795
    Now on station 2007
    Now on station 2793
    Now on station 2106
    Now on station 2114
    Now on station 2746
    Now on station 426
    Now on station 587
    Now on station 3583
    Now on station 636
    Now on station 2065
    Now on station 3545
    Now on station 3591
    Now on station 3599
    Now on station 617
    Now on station 412
    Now on station 445
    Now on station 446
    Now on station 2631
    Now on station 447
    Now on station 2094
    Now on station 645
    Now on station 2629
    Now on station 683
    Now on station 606
    Now on station 3550
    Now on station 3551
    Now on station 601
    Now on station 496
    Now on station 417
    Now on station 3552
    Now on station 588
    Now on station 410
    Now on station 2630
    Now on station 497
    Now on station 2033
    Now on station 639
    Now on station 629
    Now on station 3562
    Now on station 409
    Now on station 589
    Now on station 498
    Now on station 3341
    Now on station 2014
    Now on station 590
    Now on station 3581
    Now on station 591
    Now on station 3553
    Now on station 392
    Now on station 651
    Now on station 3522
    Now on station 437
    Now on station 632
    Now on station 407
    Now on station 634
    Now on station 637
    Now on station 567
    Now on station 3554
    Now on station 3575
    Now on station 611
    Now on station 3577
    Now on station 406
    Now on station 635
    Now on station 2061
    Now on station 3579
    Now on station 3585
    Now on station 502
    Now on station 401
    Now on station 3555
    Now on station 2104
    Now on station 643
    Now on station 582
    Now on station 642
    Now on station 3558
    Now on station 396
    Now on station 439
    Now on station 2074
    Now on station 3566
    Now on station 678
    Now on station 3317
    Now on station 615
    Now on station 3578
    Now on station 625
    Now on station 607
    Now on station 513
    Now on station 641
    Now on station 654
    Now on station 649
    Now on station 610
    Now on station 3557
    Now on station 3559
    Now on station 593
    Now on station 3571
    Now on station 602
    Now on station 3563
    Now on station 592
    Now on station 586
    Now on station 646
    Now on station 647
    Now on station 3560
    Now on station 3564
    Now on station 595
    Now on station 650
    Now on station 3565
    Now on station 596
    Now on station 399
    Now on station 652
    Now on station 656
    Now on station 671
    Now on station 3574
    Now on station 609
    Now on station 622
    Now on station 3568
    Now on station 2632
    Now on station 2172
    Now on station 3561
    Now on station 657
    Now on station 626
    Now on station 3573
    Now on station 605
    Now on station 653
    Now on station 627
    Now on station 571
    Now on station 655
    Now on station 419
    Now on station 420
    Now on station 612
    Now on station 460
    Now on station 670
    Now on station 398
    Now on station 684
    Now on station 603
    Now on station 579
    Now on station 2738
    Now on station 4014
    Now on station 3510
    Now on station 428
    Now on station 628
    Now on station 411
    Now on station 597
    Now on station 3569
    Now on station 633
    Now on station 2157
    Now on station 638
    Now on station 598
    Now on station 608
    Now on station 676
    Now on station 421
    Now on station 685
    Now on station 3580
    Now on station 673
    Now on station 3572
    Now on station 674
    Now on station 599
    Now on station 463
    Now on station 519
    Now on station 677
    Now on station 3011
    Now on station 1725
    Now on station 2174
    Now on station 714
    Now on station 721
    Now on station 2358
    Now on station 2069
    Now on station 2235
    Now on station 2215
    Now on station 2322
    Now on station 2782
    Now on station 2801
    Now on station 2220
    Now on station 2303
    Now on station 440
    Now on station 693
    Now on station 688
    Now on station 705
    Now on station 2946
    Now on station 3003
    Now on station 2972
    Now on station 2974
    Now on station 2745
    Now on station 3001
    Now on station 2990
    Now on station 701
    Now on station 696
    Now on station 703
    Now on station 698
    Now on station 699
    Now on station 700
    Now on station 686
    Now on station 689
    Now on station 706
    Now on station 702
    Now on station 692
    Now on station 695
    Now on station 704
    Now on station 691
    Now on station 694
Now on.. MM5_g2 for SFCTC
Traceback (most recent call last):
  File "sig_test.py", line 201, in <module>
    main(sys.argv)
  File "sig_test.py", line 198, in main
    get_rankings(filepath, delta, input_domain, date_entry1, date_entry2, savetype, all_stations, station_df, input_variable, date_list, model, grid, maxhour, gridname, filehours, obs_df_60hr,obs_df_84hr,obs_df_120hr,obs_df_180hr,obs_df_day1,obs_df_day2,obs_df_day3,obs_df_day4,obs_df_day5,obs_df_day6,obs_df_day7, stations_with_SFCTC, stations_with_SFCWSPD, stations_with_PCPTOT, stations_with_PCPT6)
  File "/nfs/neltharion/oper_users/verif/verif-post-process/src/utl/sig_funcs.py", line 616, in get_rankings
    get_statistics(delta,model,grid, input_domain, savetype, date_entry1, date_entry2,maxhour,60,60,fcst_allstations_60hr,obs_allstations_60hr,num_stations,totalstations,'60hr',variable,filepath)
  File "/nfs/neltharion/oper_users/verif/verif-post-process/src/utl/sig_funcs.py", line 424, in get_statistics
    make_textfile(model, grid, input_domain, savetype, date_entry1, date_entry2, time_domain, variable, filepath, t_test, len_fcst, numstations)
  File "/nfs/neltharion/oper_users/verif/verif-post-process/src/utl/sig_funcs.py", line 334, in make_textfile
    f1 = open(textfile_folder + modelpath + input_domain + '/' + variable + '/' + "t_test_" + savetype + "_" + variable + "_" + time_domain + "_" + input_domain + ".txt",wm+"+")       
FileNotFoundError: [Errno 2] No such file or directory: '/verification/Statistics/t_test/MM5/g2/small/SFCTC/t_test_weekly_SFCTC_60hr_small.txt'
